==========================================
Job ID: 281299
Job Name: train_convnet_rwpe
Node: xgpi17
Start Time: Thu Nov 13 08:45:00 AM +08 2025
GPU Information:
Thu Nov 13 08:45:00 2025       
+-----------------------------------------------------------------------------------------+
| NVIDIA-SMI 575.57.08              Driver Version: 575.57.08      CUDA Version: 12.9     |
|-----------------------------------------+------------------------+----------------------+
| GPU  Name                 Persistence-M | Bus-Id          Disp.A | Volatile Uncorr. ECC |
| Fan  Temp   Perf          Pwr:Usage/Cap |           Memory-Usage | GPU-Util  Compute M. |
|                                         |                        |               MIG M. |
|=========================================+========================+======================|
|   0  NVIDIA H100 NVL                On  |   00000000:E3:00.0 Off |                   On |
| N/A   59C    P0             72W /  400W |      87MiB /  95830MiB |     N/A      Default |
|                                         |                        |              Enabled |
+-----------------------------------------+------------------------+----------------------+

+-----------------------------------------------------------------------------------------+
| MIG devices:                                                                            |
+------------------+----------------------------------+-----------+-----------------------+
| GPU  GI  CI  MIG |                     Memory-Usage |        Vol|        Shared         |
|      ID  ID  Dev |                       BAR1-Usage | SM     Unc| CE ENC  DEC  OFA  JPG |
|                  |                                  |        ECC|                       |
|==================+==================================+===========+=======================|
|  0    1   0   0  |              44MiB / 47488MiB    | 60      0 |  3   0    3    0    3 |
|                  |                 0MiB / 65535MiB  |           |                       |
+------------------+----------------------------------+-----------+-----------------------+
                                                                                         
+-----------------------------------------------------------------------------------------+
| Processes:                                                                              |
|  GPU   GI   CI              PID   Type   Process name                        GPU Memory |
|        ID   ID                                                               Usage      |
|=========================================================================================|
|  No running processes found                                                             |
+-----------------------------------------------------------------------------------------+
==========================================
Conda environment 'aml_project_new' already exists. Activating it...
Working directory: /home/l/linchieh/AML-GNN-project/classifier_src_soc
==========================================
Starting fine-tuning...
Output directory: ./saved_models/
Epochs: 100
Learning rate: 1e-4
==========================================
Warning: Looks like you're using an outdated `kagglehub` version, please consider updating (latest version: 0.3.13)
Path to dataset files: /home/l/linchieh/.cache/kagglehub/datasets/ealtman2019/ibm-transactions-for-anti-money-laundering-aml/versions/8
Loading HI-Small...


Loading transactions from: /home/l/linchieh/.cache/kagglehub/datasets/ealtman2019/ibm-transactions-for-anti-money-laundering-aml/versions/8/HI-Small_Trans.csv
File size: 453.6 MB

Loaded 5,078,345 transactions
Date range: 2022-09-01 00:00:00 to 2022-09-18 16:18:00
Laundering transactions: 5,177 (0.102%)
============================================================
TEMPORAL TRAIN/TEST SPLIT
============================================================

Train Set:
  Date range: 2022-09-01 00:00:00 to 2022-09-08 16:12:00
  Transactions: 4,062,676
  Laundering: 3,380 (0.083%)

Test Set:
  Date range: 2022-09-08 16:12:00 to 2022-09-18 16:18:00
  Transactions: 1,015,669
  Laundering: 1,797 (0.177%)
============================================================
Number of nodes: 515080
Number of edges: 4062676
Adding RWPE feats
cpu
soc_convnet_rwpe.py:96: UserWarning: Sparse CSR tensor support is in beta state. If you miss a functionality in the sparse tensor support, please submit a feature request to https://github.com/pytorch/pytorch/issues. (Triggered internally at /opt/conda/conda-bld/pytorch_1702400400184/work/aten/src/ATen/SparseCsrTensorImpl.cpp:53.)
  P = torch.sparse.mm(D_inv, A)
Added RWPE feats
Number of nodes: 515080
Number of edges: 1015669
Adding RWPE feats
cpu
Added RWPE feats
Class weights: tensor([ 1., 30.], device='cuda:0')

============================================================
TRAINING
============================================================

Epoch   0 | Loss: 0.7087 | Acc: 0.3421
  Class 1 - P: 0.0009, R: 0.6896, F1: 0.0017
  Predicting class 1: 65.82137%
  Saved best model (F1: 0.0017)

Epoch   1 | Loss: 0.6970 | Acc: 0.7326
  Class 1 - P: 0.0014, R: 0.4553, F1: 0.0028
  Predicting class 1: 26.73588%
  Saved best model (F1: 0.0028)

Epoch   2 | Loss: 0.6854 | Acc: 0.9200
  Class 1 - P: 0.0019, R: 0.1837, F1: 0.0038
  Predicting class 1: 7.95047%
  Saved best model (F1: 0.0038)

Epoch   3 | Loss: 0.6761 | Acc: 0.9579
  Class 1 - P: 0.0020, R: 0.0973, F1: 0.0038
  Predicting class 1: 4.14508%
  Saved best model (F1: 0.0038)

Epoch   4 | Loss: 0.6673 | Acc: 0.9793
  Class 1 - P: 0.0019, R: 0.0444, F1: 0.0036
  Predicting class 1: 1.99300%

Epoch   5 | Loss: 0.6636 | Acc: 0.9898
  Class 1 - P: 0.0024, R: 0.0266, F1: 0.0043
  Predicting class 1: 0.94096%
  Saved best model (F1: 0.0043)

Epoch   6 | Loss: 0.6540 | Acc: 0.9958
  Class 1 - P: 0.0025, R: 0.0104, F1: 0.0041
  Predicting class 1: 0.34027%

Epoch   7 | Loss: 0.6483 | Acc: 0.9983
  Class 1 - P: 0.0029, R: 0.0030, F1: 0.0030
  Predicting class 1: 0.08344%

Epoch   8 | Loss: 0.6452 | Acc: 0.9990
  Class 1 - P: 0.0054, R: 0.0012, F1: 0.0019
  Predicting class 1: 0.01834%

Epoch   9 | Loss: 0.6401 | Acc: 0.9991
  Class 1 - P: 0.0000, R: 0.0000, F1: 0.0000
  Predicting class 1: 0.00352%

Epoch  10 | Loss: 0.6383 | Acc: 0.9992
  Class 1 - P: 0.0000, R: 0.0000, F1: 0.0000
  Predicting class 1: 0.00101%

Epoch  11 | Loss: 0.6384 | Acc: 0.9992
  Class 1 - P: 0.0000, R: 0.0000, F1: 0.0000
  Predicting class 1: 0.00017%

Epoch  12 | Loss: 0.6279 | Acc: 0.9992
  Class 1 - P: 0.0000, R: 0.0000, F1: 0.0000
  Predicting class 1: 0.00005%

Epoch  13 | Loss: 0.6283 | Acc: 0.9992
  Class 1 - P: 0.0000, R: 0.0000, F1: 0.0000
  Predicting class 1: 0.00000%

Epoch  14 | Loss: 0.6306 | Acc: 0.9992
  Class 1 - P: 0.0000, R: 0.0000, F1: 0.0000
  Predicting class 1: 0.00000%

Epoch  15 | Loss: 0.6251 | Acc: 0.9992
  Class 1 - P: 0.0000, R: 0.0000, F1: 0.0000
  Predicting class 1: 0.00000%

Epoch  16 | Loss: 0.6207 | Acc: 0.9992
  Class 1 - P: 0.0000, R: 0.0000, F1: 0.0000
  Predicting class 1: 0.00000%

Epoch  17 | Loss: 0.6192 | Acc: 0.9992
  Class 1 - P: 0.0000, R: 0.0000, F1: 0.0000
  Predicting class 1: 0.00000%

Epoch  18 | Loss: 0.6148 | Acc: 0.9992
  Class 1 - P: 0.0000, R: 0.0000, F1: 0.0000
  Predicting class 1: 0.00000%

Epoch  19 | Loss: 0.6152 | Acc: 0.9992
  Class 1 - P: 0.0000, R: 0.0000, F1: 0.0000
  Predicting class 1: 0.00000%

Epoch  20 | Loss: 0.6132 | Acc: 0.9992
  Class 1 - P: 0.0000, R: 0.0000, F1: 0.0000
  Predicting class 1: 0.00000%

Epoch  21 | Loss: 0.6127 | Acc: 0.9992
  Class 1 - P: 0.0000, R: 0.0000, F1: 0.0000
  Predicting class 1: 0.00000%

Epoch  22 | Loss: 0.6077 | Acc: 0.9992
  Class 1 - P: 0.0000, R: 0.0000, F1: 0.0000
  Predicting class 1: 0.00000%

Epoch  23 | Loss: 0.6082 | Acc: 0.9992
  Class 1 - P: 0.0000, R: 0.0000, F1: 0.0000
  Predicting class 1: 0.00000%

Epoch  24 | Loss: 0.6102 | Acc: 0.9976
  Class 1 - P: 0.0012, R: 0.0024, F1: 0.0016
  Predicting class 1: 0.15795%

Epoch  25 | Loss: 0.6031 | Acc: 0.9734
  Class 1 - P: 0.0014, R: 0.0432, F1: 0.0027
  Predicting class 1: 2.58332%

Epoch  26 | Loss: 0.6035 | Acc: 0.9552
  Class 1 - P: 0.0015, R: 0.0799, F1: 0.0030
  Predicting class 1: 4.40978%

Epoch  27 | Loss: 0.6013 | Acc: 0.9498
  Class 1 - P: 0.0015, R: 0.0891, F1: 0.0029
  Predicting class 1: 4.94790%

Epoch  28 | Loss: 0.6025 | Acc: 0.9473
  Class 1 - P: 0.0015, R: 0.0926, F1: 0.0029
  Predicting class 1: 5.20622%

Epoch  29 | Loss: 0.6000 | Acc: 0.9463
  Class 1 - P: 0.0015, R: 0.0941, F1: 0.0029
  Predicting class 1: 5.30165%

Epoch  30 | Loss: 0.5991 | Acc: 0.9456
  Class 1 - P: 0.0015, R: 0.0941, F1: 0.0029
  Predicting class 1: 5.37107%

Epoch  31 | Loss: 0.5996 | Acc: 0.9451
  Class 1 - P: 0.0015, R: 0.0956, F1: 0.0029
  Predicting class 1: 5.42005%

Epoch  32 | Loss: 0.6005 | Acc: 0.9448
  Class 1 - P: 0.0015, R: 0.0964, F1: 0.0029
  Predicting class 1: 5.45350%

Epoch  33 | Loss: 0.5982 | Acc: 0.9446
  Class 1 - P: 0.0015, R: 0.0967, F1: 0.0029
  Predicting class 1: 5.47570%

Epoch  34 | Loss: 0.5996 | Acc: 0.9445
  Class 1 - P: 0.0015, R: 0.0967, F1: 0.0029
  Predicting class 1: 5.47880%

Epoch  35 | Loss: 0.5937 | Acc: 0.9445
  Class 1 - P: 0.0015, R: 0.0967, F1: 0.0029
  Predicting class 1: 5.48373%

Epoch  36 | Loss: 0.5943 | Acc: 0.9446
  Class 1 - P: 0.0015, R: 0.0967, F1: 0.0029
  Predicting class 1: 5.47708%

Epoch  37 | Loss: 0.5953 | Acc: 0.9447
  Class 1 - P: 0.0015, R: 0.0964, F1: 0.0029
  Predicting class 1: 5.45936%

Epoch  38 | Loss: 0.6006 | Acc: 0.9451
  Class 1 - P: 0.0015, R: 0.0962, F1: 0.0029
  Predicting class 1: 5.42549%

Epoch  39 | Loss: 0.5941 | Acc: 0.9454
  Class 1 - P: 0.0015, R: 0.0953, F1: 0.0029
  Predicting class 1: 5.39472%

Epoch  40 | Loss: 0.5899 | Acc: 0.9457
  Class 1 - P: 0.0015, R: 0.0944, F1: 0.0029
  Predicting class 1: 5.35795%

Epoch  41 | Loss: 0.5895 | Acc: 0.9461
  Class 1 - P: 0.0015, R: 0.0947, F1: 0.0029
  Predicting class 1: 5.32703%

Epoch  42 | Loss: 0.5871 | Acc: 0.9464
  Class 1 - P: 0.0015, R: 0.0947, F1: 0.0029
  Predicting class 1: 5.29648%

Epoch  43 | Loss: 0.5860 | Acc: 0.9466
  Class 1 - P: 0.0015, R: 0.0959, F1: 0.0030
  Predicting class 1: 5.26936%

Epoch  44 | Loss: 0.5846 | Acc: 0.9470
  Class 1 - P: 0.0015, R: 0.0950, F1: 0.0030
  Predicting class 1: 5.23628%

Epoch  45 | Loss: 0.5862 | Acc: 0.9474
  Class 1 - P: 0.0015, R: 0.0964, F1: 0.0030
  Predicting class 1: 5.19606%

Epoch  46 | Loss: 0.5833 | Acc: 0.9477
  Class 1 - P: 0.0016, R: 0.0991, F1: 0.0031
  Predicting class 1: 5.16056%

Epoch  47 | Loss: 0.5831 | Acc: 0.9482
  Class 1 - P: 0.0017, R: 0.1015, F1: 0.0032
  Predicting class 1: 5.11476%

Epoch  48 | Loss: 0.5815 | Acc: 0.9488
  Class 1 - P: 0.0018, R: 0.1104, F1: 0.0036
  Predicting class 1: 5.05979%

Epoch  49 | Loss: 0.5814 | Acc: 0.9490
  Class 1 - P: 0.0019, R: 0.1160, F1: 0.0038
  Predicting class 1: 5.03254%

Epoch  50 | Loss: 0.5778 | Acc: 0.9495
  Class 1 - P: 0.0021, R: 0.1254, F1: 0.0041
  Predicting class 1: 4.98541%

Epoch  51 | Loss: 0.5783 | Acc: 0.9498
  Class 1 - P: 0.0023, R: 0.1352, F1: 0.0045
  Predicting class 1: 4.95590%
  Saved best model (F1: 0.0045)

Epoch  52 | Loss: 0.5750 | Acc: 0.9498
  Class 1 - P: 0.0024, R: 0.1459, F1: 0.0048
  Predicting class 1: 4.96385%
  Saved best model (F1: 0.0048)

Epoch  53 | Loss: 0.5754 | Acc: 0.9496
  Class 1 - P: 0.0027, R: 0.1589, F1: 0.0052
  Predicting class 1: 4.98440%
  Saved best model (F1: 0.0052)

Epoch  54 | Loss: 0.5728 | Acc: 0.9495
  Class 1 - P: 0.0029, R: 0.1716, F1: 0.0056
  Predicting class 1: 4.99277%
  Saved best model (F1: 0.0056)

Epoch  55 | Loss: 0.5721 | Acc: 0.9493
  Class 1 - P: 0.0030, R: 0.1820, F1: 0.0059
  Predicting class 1: 5.01396%
  Saved best model (F1: 0.0059)

Epoch  56 | Loss: 0.5677 | Acc: 0.9487
  Class 1 - P: 0.0031, R: 0.1888, F1: 0.0061
  Predicting class 1: 5.07552%
  Saved best model (F1: 0.0061)

Epoch  57 | Loss: 0.5687 | Acc: 0.9476
  Class 1 - P: 0.0032, R: 0.1976, F1: 0.0062
  Predicting class 1: 5.18523%
  Saved best model (F1: 0.0062)

Epoch  58 | Loss: 0.5693 | Acc: 0.9468
  Class 1 - P: 0.0033, R: 0.2074, F1: 0.0064
  Predicting class 1: 5.26894%
  Saved best model (F1: 0.0064)

Epoch  59 | Loss: 0.5670 | Acc: 0.9455
  Class 1 - P: 0.0034, R: 0.2186, F1: 0.0066
  Predicting class 1: 5.40247%
  Saved best model (F1: 0.0066)

Epoch  60 | Loss: 0.5640 | Acc: 0.9443
  Class 1 - P: 0.0034, R: 0.2278, F1: 0.0068
  Predicting class 1: 5.52966%
  Saved best model (F1: 0.0068)

Epoch  61 | Loss: 0.5622 | Acc: 0.9431
  Class 1 - P: 0.0035, R: 0.2399, F1: 0.0070
  Predicting class 1: 5.64416%
  Saved best model (F1: 0.0070)

Epoch  62 | Loss: 0.5621 | Acc: 0.9422
  Class 1 - P: 0.0036, R: 0.2462, F1: 0.0070
  Predicting class 1: 5.73935%
  Saved best model (F1: 0.0070)

Epoch  63 | Loss: 0.5608 | Acc: 0.9416
  Class 1 - P: 0.0036, R: 0.2538, F1: 0.0072
  Predicting class 1: 5.79414%
  Saved best model (F1: 0.0072)

Epoch  64 | Loss: 0.5597 | Acc: 0.9412
  Class 1 - P: 0.0037, R: 0.2598, F1: 0.0073
  Predicting class 1: 5.84169%
  Saved best model (F1: 0.0073)

Epoch  65 | Loss: 0.5556 | Acc: 0.9406
  Class 1 - P: 0.0038, R: 0.2689, F1: 0.0075
  Predicting class 1: 5.90433%
  Saved best model (F1: 0.0075)

Epoch  66 | Loss: 0.5544 | Acc: 0.9399
  Class 1 - P: 0.0039, R: 0.2763, F1: 0.0076
  Predicting class 1: 5.96882%
  Saved best model (F1: 0.0076)

Epoch  67 | Loss: 0.5528 | Acc: 0.9393
  Class 1 - P: 0.0039, R: 0.2861, F1: 0.0078
  Predicting class 1: 6.03484%
  Saved best model (F1: 0.0078)

Epoch  68 | Loss: 0.5526 | Acc: 0.9384
  Class 1 - P: 0.0040, R: 0.2941, F1: 0.0079
  Predicting class 1: 6.12584%
  Saved best model (F1: 0.0079)

Epoch  69 | Loss: 0.5485 | Acc: 0.9371
  Class 1 - P: 0.0041, R: 0.3071, F1: 0.0081
  Predicting class 1: 6.25418%
  Saved best model (F1: 0.0081)

Epoch  70 | Loss: 0.5457 | Acc: 0.9365
  Class 1 - P: 0.0042, R: 0.3189, F1: 0.0083
  Predicting class 1: 6.31525%
  Saved best model (F1: 0.0083)

Epoch  71 | Loss: 0.5435 | Acc: 0.9355
  Class 1 - P: 0.0043, R: 0.3305, F1: 0.0085
  Predicting class 1: 6.41816%
  Saved best model (F1: 0.0085)

Epoch  72 | Loss: 0.5420 | Acc: 0.9352
  Class 1 - P: 0.0044, R: 0.3423, F1: 0.0087
  Predicting class 1: 6.44937%
  Saved best model (F1: 0.0087)

Epoch  73 | Loss: 0.5405 | Acc: 0.9324
  Class 1 - P: 0.0045, R: 0.3645, F1: 0.0089
  Predicting class 1: 6.73893%
  Saved best model (F1: 0.0089)

Epoch  74 | Loss: 0.5368 | Acc: 0.9298
  Class 1 - P: 0.0045, R: 0.3766, F1: 0.0088
  Predicting class 1: 7.00031%

Epoch  75 | Loss: 0.5343 | Acc: 0.9279
  Class 1 - P: 0.0045, R: 0.3923, F1: 0.0090
  Predicting class 1: 7.19043%
  Saved best model (F1: 0.0090)

Epoch  76 | Loss: 0.5320 | Acc: 0.9264
  Class 1 - P: 0.0046, R: 0.4050, F1: 0.0091
  Predicting class 1: 7.34910%
  Saved best model (F1: 0.0091)

Epoch  77 | Loss: 0.5336 | Acc: 0.9280
  Class 1 - P: 0.0047, R: 0.4089, F1: 0.0094
  Predicting class 1: 7.18526%
  Saved best model (F1: 0.0094)

Epoch  78 | Loss: 0.5314 | Acc: 0.9330
  Class 1 - P: 0.0051, R: 0.4080, F1: 0.0100
  Predicting class 1: 6.67976%
  Saved best model (F1: 0.0100)

Epoch  79 | Loss: 0.5279 | Acc: 0.9342
  Class 1 - P: 0.0052, R: 0.4130, F1: 0.0103
  Predicting class 1: 6.56567%
  Saved best model (F1: 0.0103)

Epoch  80 | Loss: 0.5274 | Acc: 0.9349
  Class 1 - P: 0.0054, R: 0.4237, F1: 0.0107
  Predicting class 1: 6.50160%
  Saved best model (F1: 0.0107)

Epoch  81 | Loss: 0.5261 | Acc: 0.9332
  Class 1 - P: 0.0055, R: 0.4396, F1: 0.0108
  Predicting class 1: 6.66664%
  Saved best model (F1: 0.0108)

Epoch  82 | Loss: 0.5240 | Acc: 0.9306
  Class 1 - P: 0.0054, R: 0.4533, F1: 0.0108
  Predicting class 1: 6.92987%

Epoch  83 | Loss: 0.5265 | Acc: 0.9310
  Class 1 - P: 0.0056, R: 0.4601, F1: 0.0110
  Predicting class 1: 6.89270%
  Saved best model (F1: 0.0110)

Epoch  84 | Loss: 0.5179 | Acc: 0.9261
  Class 1 - P: 0.0054, R: 0.4811, F1: 0.0107
  Predicting class 1: 7.38870%

Epoch  85 | Loss: 0.5167 | Acc: 0.9230
  Class 1 - P: 0.0053, R: 0.4920, F1: 0.0105
  Predicting class 1: 7.69840%

Epoch  86 | Loss: 0.5134 | Acc: 0.9248
  Class 1 - P: 0.0054, R: 0.4926, F1: 0.0108
  Predicting class 1: 7.52179%

Epoch  87 | Loss: 0.5122 | Acc: 0.9265
  Class 1 - P: 0.0055, R: 0.4902, F1: 0.0110
  Predicting class 1: 7.35148%

Epoch  88 | Loss: 0.5163 | Acc: 0.9249
  Class 1 - P: 0.0055, R: 0.4935, F1: 0.0108
  Predicting class 1: 7.50796%

Epoch  89 | Loss: 0.5117 | Acc: 0.9217
  Class 1 - P: 0.0053, R: 0.5027, F1: 0.0106
  Predicting class 1: 7.83139%

Epoch  90 | Loss: 0.5185 | Acc: 0.9129
  Class 1 - P: 0.0051, R: 0.5296, F1: 0.0100
  Predicting class 1: 8.71627%

Epoch  91 | Loss: 0.5075 | Acc: 0.8984
  Class 1 - P: 0.0046, R: 0.5595, F1: 0.0091
  Predicting class 1: 10.16574%

Epoch  92 | Loss: 0.5095 | Acc: 0.8914
  Class 1 - P: 0.0044, R: 0.5760, F1: 0.0087
  Predicting class 1: 10.87094%

Epoch  93 | Loss: 0.5091 | Acc: 0.8959
  Class 1 - P: 0.0045, R: 0.5692, F1: 0.0090
  Predicting class 1: 10.42451%

Epoch  94 | Loss: 0.5018 | Acc: 0.9006
  Class 1 - P: 0.0047, R: 0.5615, F1: 0.0093
  Predicting class 1: 9.94561%

Epoch  95 | Loss: 0.5048 | Acc: 0.9020
  Class 1 - P: 0.0048, R: 0.5636, F1: 0.0095
  Predicting class 1: 9.81075%

Epoch  96 | Loss: 0.4979 | Acc: 0.9015
  Class 1 - P: 0.0048, R: 0.5686, F1: 0.0095
  Predicting class 1: 9.85759%

Epoch  97 | Loss: 0.4961 | Acc: 0.9007
  Class 1 - P: 0.0048, R: 0.5737, F1: 0.0095
  Predicting class 1: 9.94143%

Epoch  98 | Loss: 0.4969 | Acc: 0.9037
  Class 1 - P: 0.0049, R: 0.5689, F1: 0.0097
  Predicting class 1: 9.64561%

Epoch  99 | Loss: 0.4923 | Acc: 0.9055
  Class 1 - P: 0.0050, R: 0.5683, F1: 0.0099
  Predicting class 1: 9.45699%

============================================================
TRAINING COMPLETE
============================================================
Class 0: 1013872 (99.82%)
Class 1: 1797 (0.18%)

============================================================
TEST SET RESULTS
============================================================
Overall Accuracy: 0.8819
AUC-ROC: 0.6172

Confusion Matrix:
  TN:  895016  FP:  118856
  FN:    1133  TP:     664

Class 0 (Legitimate):
  Precision: 0.9987
  Recall: 0.8828

Class 1 (Laundering):
  Precision: 0.0056
  Recall: 0.3695
  F1 Score: 0.0109
============================================================

============================================================
EVALUATION COMPLETE
============================================================
==========================================
Training completed successfully!
Output saved to: ./saved_models/
==========================================
Job completed at: Thu Nov 13 08:52:29 AM +08 2025
==========================================
