==========================================
Job ID: 285098
Job Name: dgl_gnn_train
Node: xgpi10
Start Time: Sat Nov 15 03:39:45 PM +08 2025
GPU Information:
Sat Nov 15 15:39:45 2025       
+-----------------------------------------------------------------------------------------+
| NVIDIA-SMI 575.57.08              Driver Version: 575.57.08      CUDA Version: 12.9     |
|-----------------------------------------+------------------------+----------------------+
| GPU  Name                 Persistence-M | Bus-Id          Disp.A | Volatile Uncorr. ECC |
| Fan  Temp   Perf          Pwr:Usage/Cap |           Memory-Usage | GPU-Util  Compute M. |
|                                         |                        |               MIG M. |
|=========================================+========================+======================|
|   0  NVIDIA H100 NVL                On  |   00000000:E3:00.0 Off |                   On |
| N/A   41C    P0             64W /  400W |      87MiB /  95830MiB |     N/A      Default |
|                                         |                        |              Enabled |
+-----------------------------------------+------------------------+----------------------+

+-----------------------------------------------------------------------------------------+
| MIG devices:                                                                            |
+------------------+----------------------------------+-----------+-----------------------+
| GPU  GI  CI  MIG |                     Memory-Usage |        Vol|        Shared         |
|      ID  ID  Dev |                       BAR1-Usage | SM     Unc| CE ENC  DEC  OFA  JPG |
|                  |                                  |        ECC|                       |
|==================+==================================+===========+=======================|
|  0    1   0   0  |              44MiB / 47488MiB    | 60      0 |  3   0    3    0    3 |
|                  |                 0MiB / 65535MiB  |           |                       |
+------------------+----------------------------------+-----------+-----------------------+
                                                                                         
+-----------------------------------------------------------------------------------------+
| Processes:                                                                              |
|  GPU   GI   CI              PID   Type   Process name                        GPU Memory |
|        ID   ID                                                               Usage      |
|=========================================================================================|
|  No running processes found                                                             |
+-----------------------------------------------------------------------------------------+
==========================================
Conda environment 'aml_project_new' already exists. Activating it...
Working directory: /home/l/linchieh/AML-GNN-project/classifier_src_soc
==========================================
Starting fine-tuning...
Output directory: ./saved_models/
Epochs: 1000
Learning rate: 1e-4
==========================================
Preparing dataset
Warning: Looks like you're using an outdated `kagglehub` version, please consider updating (latest version: 0.3.13)
Path to dataset files: /home/l/linchieh/.cache/kagglehub/datasets/ealtman2019/ibm-transactions-for-anti-money-laundering-aml/versions/8
Begin main loop
CUDA available: True
Loading HI-Small...


Loading transactions from: /home/l/linchieh/.cache/kagglehub/datasets/ealtman2019/ibm-transactions-for-anti-money-laundering-aml/versions/8/HI-Small_Trans.csv
File size: 453.6 MB

Loaded 5,078,345 transactions
Date range: 2022-09-01 00:00:00 to 2022-09-18 16:18:00
Laundering transactions: 5,177 (0.102%)
============================================================
TEMPORAL TRAIN/TEST SPLIT
============================================================

Train Set:
  Date range: 2022-09-01 00:00:00 to 2022-09-08 16:12:00
  Transactions: 4,062,676
  Laundering: 3,380 (0.083%)

Test Set:
  Date range: 2022-09-08 16:12:00 to 2022-09-18 16:18:00
  Transactions: 1,015,669
  Laundering: 1,797 (0.177%)
============================================================
Number of nodes: 515080
Number of edges: 4062676
Number of nodes: 515080
Number of edges: 1015669
Class weights: tensor([  1., 800.], device='cuda:0')

============================================================
TRAINING
============================================================

Epoch   0 | Loss: 0.7615 | Acc: 0.0036
  Class 1 - P: 0.0008, R: 0.9964, F1: 0.0017
  Predicting class 1: 99.72759%
  Saved best model (F1: 0.0017)
Epoch   1 | Loss: 0.7581

Epoch   2 | Loss: 0.7327 | Acc: 0.0173
  Class 1 - P: 0.0008, R: 0.9891, F1: 0.0017
  Predicting class 1: 98.35529%
  Saved best model (F1: 0.0017)
Epoch   3 | Loss: 0.7268

Epoch   4 | Loss: 0.7255 | Acc: 0.0678
  Class 1 - P: 0.0009, R: 0.9598, F1: 0.0017
  Predicting class 1: 93.29658%
  Saved best model (F1: 0.0017)
Epoch   5 | Loss: 0.7159

Epoch   6 | Loss: 0.7216 | Acc: 0.1841
  Class 1 - P: 0.0009, R: 0.8882, F1: 0.0018
  Predicting class 1: 81.65190%
  Saved best model (F1: 0.0018)
Epoch   7 | Loss: 0.7143

Epoch   8 | Loss: 0.7037 | Acc: 0.3570
  Class 1 - P: 0.0010, R: 0.7778, F1: 0.0020
  Predicting class 1: 64.34278%
  Saved best model (F1: 0.0020)
Epoch   9 | Loss: 0.7105

Epoch  10 | Loss: 0.6954 | Acc: 0.5269
  Class 1 - P: 0.0011, R: 0.6533, F1: 0.0023
  Predicting class 1: 47.33579%
  Saved best model (F1: 0.0023)
Epoch  11 | Loss: 0.6964

Epoch  12 | Loss: 0.6917 | Acc: 0.6584
  Class 1 - P: 0.0013, R: 0.5521, F1: 0.0027
  Predicting class 1: 34.16511%
  Saved best model (F1: 0.0027)
Epoch  13 | Loss: 0.6885

Epoch  14 | Loss: 0.6854 | Acc: 0.7454
  Class 1 - P: 0.0015, R: 0.4547, F1: 0.0030
  Predicting class 1: 25.45595%
  Saved best model (F1: 0.0030)
Epoch  15 | Loss: 0.6881

Epoch  16 | Loss: 0.6818 | Acc: 0.8233
  Class 1 - P: 0.0015, R: 0.3204, F1: 0.0030
  Predicting class 1: 17.63672%
  Saved best model (F1: 0.0030)
Epoch  17 | Loss: 0.6813

Epoch  18 | Loss: 0.6806 | Acc: 0.8714
  Class 1 - P: 0.0014, R: 0.2204, F1: 0.0028
  Predicting class 1: 12.81008%
Epoch  19 | Loss: 0.6781

Epoch  20 | Loss: 0.6761 | Acc: 0.8925
  Class 1 - P: 0.0013, R: 0.1680, F1: 0.0026
  Predicting class 1: 10.69753%
Epoch  21 | Loss: 0.6756

Epoch  22 | Loss: 0.6777 | Acc: 0.9043
  Class 1 - P: 0.0012, R: 0.1358, F1: 0.0024
  Predicting class 1: 9.50861%
Epoch  23 | Loss: 0.6811

Epoch  24 | Loss: 0.6731 | Acc: 0.9103
  Class 1 - P: 0.0011, R: 0.1148, F1: 0.0021
  Predicting class 1: 8.90280%
Epoch  25 | Loss: 0.6777

Epoch  26 | Loss: 0.6704 | Acc: 0.9137
  Class 1 - P: 0.0010, R: 0.1047, F1: 0.0020
  Predicting class 1: 8.56701%
Epoch  27 | Loss: 0.6684

Epoch  28 | Loss: 0.6724 | Acc: 0.9157
  Class 1 - P: 0.0010, R: 0.1009, F1: 0.0020
  Predicting class 1: 8.36732%
Epoch  29 | Loss: 0.6673

Epoch  30 | Loss: 0.6771 | Acc: 0.9158
  Class 1 - P: 0.0010, R: 0.1015, F1: 0.0020
  Predicting class 1: 8.35777%
Epoch  31 | Loss: 0.6714

Epoch  32 | Loss: 0.6666 | Acc: 0.9147
  Class 1 - P: 0.0010, R: 0.1056, F1: 0.0021
  Predicting class 1: 8.46479%
Epoch  33 | Loss: 0.6699

Epoch  34 | Loss: 0.6668 | Acc: 0.9091
  Class 1 - P: 0.0011, R: 0.1192, F1: 0.0022
  Predicting class 1: 9.02413%
Epoch  35 | Loss: 0.6691

Epoch  36 | Loss: 0.6770 | Acc: 0.8815
  Class 1 - P: 0.0012, R: 0.1716, F1: 0.0024
  Predicting class 1: 11.79764%
Epoch  37 | Loss: 0.6696

Epoch  38 | Loss: 0.6654 | Acc: 0.8570
  Class 1 - P: 0.0013, R: 0.2204, F1: 0.0026
  Predicting class 1: 14.25765%
Epoch  39 | Loss: 0.6673

Epoch  40 | Loss: 0.6633 | Acc: 0.8486
  Class 1 - P: 0.0014, R: 0.2473, F1: 0.0027
  Predicting class 1: 15.09648%
Epoch  41 | Loss: 0.6614

Epoch  42 | Loss: 0.6624 | Acc: 0.8430
  Class 1 - P: 0.0014, R: 0.2707, F1: 0.0029
  Predicting class 1: 15.65690%
Epoch  43 | Loss: 0.6641

Epoch  44 | Loss: 0.6641 | Acc: 0.8387
  Class 1 - P: 0.0015, R: 0.2885, F1: 0.0030
  Predicting class 1: 16.09722%
Epoch  45 | Loss: 0.6597

Epoch  46 | Loss: 0.6592 | Acc: 0.8350
  Class 1 - P: 0.0016, R: 0.3130, F1: 0.0031
  Predicting class 1: 16.46784%
  Saved best model (F1: 0.0031)
Epoch  47 | Loss: 0.6608

Epoch  48 | Loss: 0.6610 | Acc: 0.8317
  Class 1 - P: 0.0016, R: 0.3314, F1: 0.0033
  Predicting class 1: 16.80126%
  Saved best model (F1: 0.0033)
Epoch  49 | Loss: 0.6545

Epoch  50 | Loss: 0.6557 | Acc: 0.8292
  Class 1 - P: 0.0017, R: 0.3506, F1: 0.0034
  Predicting class 1: 17.05868%
  Saved best model (F1: 0.0034)
Epoch  51 | Loss: 0.6556

Epoch  52 | Loss: 0.6575 | Acc: 0.8270
  Class 1 - P: 0.0018, R: 0.3695, F1: 0.0035
  Predicting class 1: 17.28164%
  Saved best model (F1: 0.0035)
Epoch  53 | Loss: 0.6562

Epoch  54 | Loss: 0.6542 | Acc: 0.8250
  Class 1 - P: 0.0018, R: 0.3858, F1: 0.0037
  Predicting class 1: 17.47929%
  Saved best model (F1: 0.0037)
Epoch  55 | Loss: 0.6503

Epoch  56 | Loss: 0.6560 | Acc: 0.8234
  Class 1 - P: 0.0019, R: 0.3976, F1: 0.0037
  Predicting class 1: 17.64748%
  Saved best model (F1: 0.0037)
Epoch  57 | Loss: 0.6542

Epoch  58 | Loss: 0.6497 | Acc: 0.8220
  Class 1 - P: 0.0019, R: 0.4112, F1: 0.0038
  Predicting class 1: 17.78249%
  Saved best model (F1: 0.0038)
Epoch  59 | Loss: 0.6534

Epoch  60 | Loss: 0.6560 | Acc: 0.8211
  Class 1 - P: 0.0020, R: 0.4222, F1: 0.0039
  Predicting class 1: 17.87337%
  Saved best model (F1: 0.0039)
Epoch  61 | Loss: 0.6548

Epoch  62 | Loss: 0.6487 | Acc: 0.8208
  Class 1 - P: 0.0020, R: 0.4290, F1: 0.0040
  Predicting class 1: 17.90994%
  Saved best model (F1: 0.0040)
Epoch  63 | Loss: 0.6535

Epoch  64 | Loss: 0.6489 | Acc: 0.8206
  Class 1 - P: 0.0020, R: 0.4340, F1: 0.0040
  Predicting class 1: 17.93050%
  Saved best model (F1: 0.0040)
Epoch  65 | Loss: 0.6479

Epoch  66 | Loss: 0.6486 | Acc: 0.8207
  Class 1 - P: 0.0020, R: 0.4376, F1: 0.0040
  Predicting class 1: 17.92073%
  Saved best model (F1: 0.0040)
Epoch  67 | Loss: 0.6522

Epoch  68 | Loss: 0.6473 | Acc: 0.8208
  Class 1 - P: 0.0021, R: 0.4417, F1: 0.0041
  Predicting class 1: 17.91053%
  Saved best model (F1: 0.0041)
Epoch  69 | Loss: 0.6516

Epoch  70 | Loss: 0.6484 | Acc: 0.8206
  Class 1 - P: 0.0021, R: 0.4482, F1: 0.0041
  Predicting class 1: 17.93313%
  Saved best model (F1: 0.0041)
Epoch  71 | Loss: 0.6451

Epoch  72 | Loss: 0.6465 | Acc: 0.8204
  Class 1 - P: 0.0021, R: 0.4503, F1: 0.0042
  Predicting class 1: 17.95088%
  Saved best model (F1: 0.0042)
Epoch  73 | Loss: 0.6452

Epoch  74 | Loss: 0.6436 | Acc: 0.8202
  Class 1 - P: 0.0021, R: 0.4553, F1: 0.0042
  Predicting class 1: 17.96961%
  Saved best model (F1: 0.0042)
Epoch  75 | Loss: 0.6424

Epoch  76 | Loss: 0.6448 | Acc: 0.8199
  Class 1 - P: 0.0021, R: 0.4609, F1: 0.0042
  Predicting class 1: 18.00254%
  Saved best model (F1: 0.0042)
Epoch  77 | Loss: 0.6401

Epoch  78 | Loss: 0.6413 | Acc: 0.8193
  Class 1 - P: 0.0021, R: 0.4660, F1: 0.0043
  Predicting class 1: 18.06267%
  Saved best model (F1: 0.0043)
Epoch  79 | Loss: 0.6408

Epoch  80 | Loss: 0.6392 | Acc: 0.8184
  Class 1 - P: 0.0022, R: 0.4728, F1: 0.0043
  Predicting class 1: 18.15939%
  Saved best model (F1: 0.0043)
Epoch  81 | Loss: 0.6391

Epoch  82 | Loss: 0.6392 | Acc: 0.8172
  Class 1 - P: 0.0022, R: 0.4802, F1: 0.0044
  Predicting class 1: 18.27950%
  Saved best model (F1: 0.0044)
Epoch  83 | Loss: 0.6366

Epoch  84 | Loss: 0.6352 | Acc: 0.8158
  Class 1 - P: 0.0022, R: 0.4873, F1: 0.0044
  Predicting class 1: 18.41540%
  Saved best model (F1: 0.0044)
Epoch  85 | Loss: 0.6377

Epoch  86 | Loss: 0.6346 | Acc: 0.8145
  Class 1 - P: 0.0022, R: 0.4970, F1: 0.0044
  Predicting class 1: 18.54864%
  Saved best model (F1: 0.0044)
Epoch  87 | Loss: 0.6334

Epoch  88 | Loss: 0.6368 | Acc: 0.8131
  Class 1 - P: 0.0023, R: 0.5062, F1: 0.0045
  Predicting class 1: 18.68719%
  Saved best model (F1: 0.0045)
Epoch  89 | Loss: 0.6358

Epoch  90 | Loss: 0.6291 | Acc: 0.8119
  Class 1 - P: 0.0023, R: 0.5118, F1: 0.0045
  Predicting class 1: 18.80846%
  Saved best model (F1: 0.0045)
Epoch  91 | Loss: 0.6338

Epoch  92 | Loss: 0.6337 | Acc: 0.8108
  Class 1 - P: 0.0023, R: 0.5207, F1: 0.0046
  Predicting class 1: 18.92204%
  Saved best model (F1: 0.0046)
Epoch  93 | Loss: 0.6305

Epoch  94 | Loss: 0.6302 | Acc: 0.8098
  Class 1 - P: 0.0023, R: 0.5290, F1: 0.0046
  Predicting class 1: 19.02642%
  Saved best model (F1: 0.0046)
Epoch  95 | Loss: 0.6283

Epoch  96 | Loss: 0.6292 | Acc: 0.8092
  Class 1 - P: 0.0023, R: 0.5328, F1: 0.0046
  Predicting class 1: 19.08471%
  Saved best model (F1: 0.0046)
Epoch  97 | Loss: 0.6257

Epoch  98 | Loss: 0.6299 | Acc: 0.8087
  Class 1 - P: 0.0023, R: 0.5379, F1: 0.0047
  Predicting class 1: 19.13687%
  Saved best model (F1: 0.0047)
Epoch  99 | Loss: 0.6266

Epoch 100 | Loss: 0.6277 | Acc: 0.8082
  Class 1 - P: 0.0024, R: 0.5429, F1: 0.0047
  Predicting class 1: 19.18757%
  Saved best model (F1: 0.0047)
Epoch 101 | Loss: 0.6235

Epoch 102 | Loss: 0.6256 | Acc: 0.8076
  Class 1 - P: 0.0024, R: 0.5473, F1: 0.0047
  Predicting class 1: 19.25236%
  Saved best model (F1: 0.0047)
Epoch 103 | Loss: 0.6265

Epoch 104 | Loss: 0.6270 | Acc: 0.8069
  Class 1 - P: 0.0024, R: 0.5530, F1: 0.0047
  Predicting class 1: 19.32340%
  Saved best model (F1: 0.0047)
Epoch 105 | Loss: 0.6218

Epoch 106 | Loss: 0.6217 | Acc: 0.8061
  Class 1 - P: 0.0024, R: 0.5595, F1: 0.0048
  Predicting class 1: 19.39529%
  Saved best model (F1: 0.0048)
Epoch 107 | Loss: 0.6237

Epoch 108 | Loss: 0.6228 | Acc: 0.8060
  Class 1 - P: 0.0024, R: 0.5627, F1: 0.0048
  Predicting class 1: 19.41481%
  Saved best model (F1: 0.0048)
Epoch 109 | Loss: 0.6206

Epoch 110 | Loss: 0.6186 | Acc: 0.8054
  Class 1 - P: 0.0024, R: 0.5672, F1: 0.0048
  Predicting class 1: 19.47524%
  Saved best model (F1: 0.0048)
Epoch 111 | Loss: 0.6186

Epoch 112 | Loss: 0.6165 | Acc: 0.8044
  Class 1 - P: 0.0024, R: 0.5740, F1: 0.0049
  Predicting class 1: 19.57678%
  Saved best model (F1: 0.0049)
Epoch 113 | Loss: 0.6151

Epoch 114 | Loss: 0.6149 | Acc: 0.8035
  Class 1 - P: 0.0025, R: 0.5799, F1: 0.0049
  Predicting class 1: 19.65832%
  Saved best model (F1: 0.0049)
Epoch 115 | Loss: 0.6149

Epoch 116 | Loss: 0.6130 | Acc: 0.8029
  Class 1 - P: 0.0025, R: 0.5852, F1: 0.0049
  Predicting class 1: 19.72715%
  Saved best model (F1: 0.0049)
Epoch 117 | Loss: 0.6121

Epoch 118 | Loss: 0.6126 | Acc: 0.8025
  Class 1 - P: 0.0025, R: 0.5896, F1: 0.0049
  Predicting class 1: 19.76050%
  Saved best model (F1: 0.0049)
Epoch 119 | Loss: 0.6096

Epoch 120 | Loss: 0.6108 | Acc: 0.8021
  Class 1 - P: 0.0025, R: 0.5947, F1: 0.0050
  Predicting class 1: 19.80877%
  Saved best model (F1: 0.0050)
Epoch 121 | Loss: 0.6113

Epoch 122 | Loss: 0.6069 | Acc: 0.8020
  Class 1 - P: 0.0025, R: 0.5982, F1: 0.0050
  Predicting class 1: 19.81509%
  Saved best model (F1: 0.0050)
Epoch 123 | Loss: 0.6158

Epoch 124 | Loss: 0.6044 | Acc: 0.8022
  Class 1 - P: 0.0025, R: 0.5997, F1: 0.0050
  Predicting class 1: 19.79808%
  Saved best model (F1: 0.0050)
Epoch 125 | Loss: 0.6102

Epoch 126 | Loss: 0.6027 | Acc: 0.8018
  Class 1 - P: 0.0025, R: 0.6033, F1: 0.0050
  Predicting class 1: 19.83301%
  Saved best model (F1: 0.0050)
Epoch 127 | Loss: 0.6026

Epoch 128 | Loss: 0.6017 | Acc: 0.8014
  Class 1 - P: 0.0025, R: 0.6071, F1: 0.0051
  Predicting class 1: 19.88165%
  Saved best model (F1: 0.0051)
Epoch 129 | Loss: 0.6061

Epoch 130 | Loss: 0.6002 | Acc: 0.7997
  Class 1 - P: 0.0026, R: 0.6157, F1: 0.0051
  Predicting class 1: 20.05299%
  Saved best model (F1: 0.0051)
Epoch 131 | Loss: 0.6015

Epoch 132 | Loss: 0.5997 | Acc: 0.7977
  Class 1 - P: 0.0026, R: 0.6237, F1: 0.0051
  Predicting class 1: 20.25350%
  Saved best model (F1: 0.0051)
Epoch 133 | Loss: 0.6014

Epoch 134 | Loss: 0.5986 | Acc: 0.7956
  Class 1 - P: 0.0026, R: 0.6349, F1: 0.0051
  Predicting class 1: 20.46269%
  Saved best model (F1: 0.0051)
Epoch 135 | Loss: 0.5946

Epoch 136 | Loss: 0.5925 | Acc: 0.7942
  Class 1 - P: 0.0026, R: 0.6411, F1: 0.0052
  Predicting class 1: 20.59977%
  Saved best model (F1: 0.0052)
Epoch 137 | Loss: 0.6038

Epoch 138 | Loss: 0.5892 | Acc: 0.7920
  Class 1 - P: 0.0026, R: 0.6500, F1: 0.0052
  Predicting class 1: 20.82445%
  Saved best model (F1: 0.0052)
Epoch 139 | Loss: 0.5901

Epoch 140 | Loss: 0.5891 | Acc: 0.7911
  Class 1 - P: 0.0026, R: 0.6550, F1: 0.0052
  Predicting class 1: 20.91570%
  Saved best model (F1: 0.0052)
Epoch 141 | Loss: 0.5906

Epoch 142 | Loss: 0.5909 | Acc: 0.7919
  Class 1 - P: 0.0026, R: 0.6574, F1: 0.0052
  Predicting class 1: 20.83624%
  Saved best model (F1: 0.0052)
Epoch 143 | Loss: 0.5876

Epoch 144 | Loss: 0.5850 | Acc: 0.7929
  Class 1 - P: 0.0026, R: 0.6577, F1: 0.0053
  Predicting class 1: 20.73360%
  Saved best model (F1: 0.0053)
Epoch 145 | Loss: 0.5873

Epoch 146 | Loss: 0.5851 | Acc: 0.7935
  Class 1 - P: 0.0027, R: 0.6607, F1: 0.0053
  Predicting class 1: 20.67300%
  Saved best model (F1: 0.0053)
Epoch 147 | Loss: 0.5854

Epoch 148 | Loss: 0.5793 | Acc: 0.7937
  Class 1 - P: 0.0027, R: 0.6642, F1: 0.0053
  Predicting class 1: 20.65658%
  Saved best model (F1: 0.0053)
Epoch 149 | Loss: 0.5861

Epoch 150 | Loss: 0.5808 | Acc: 0.7940
  Class 1 - P: 0.0027, R: 0.6672, F1: 0.0054
  Predicting class 1: 20.62461%
  Saved best model (F1: 0.0054)
Epoch 151 | Loss: 0.5815

Epoch 152 | Loss: 0.5806 | Acc: 0.7940
  Class 1 - P: 0.0027, R: 0.6719, F1: 0.0054
  Predicting class 1: 20.62532%
  Saved best model (F1: 0.0054)
Epoch 153 | Loss: 0.5784

Epoch 154 | Loss: 0.5774 | Acc: 0.7937
  Class 1 - P: 0.0027, R: 0.6781, F1: 0.0054
  Predicting class 1: 20.66249%
  Saved best model (F1: 0.0054)
Epoch 155 | Loss: 0.5744

Epoch 156 | Loss: 0.5811 | Acc: 0.7932
  Class 1 - P: 0.0027, R: 0.6840, F1: 0.0055
  Predicting class 1: 20.70743%
  Saved best model (F1: 0.0055)
Epoch 157 | Loss: 0.5718

Epoch 158 | Loss: 0.5691 | Acc: 0.7930
  Class 1 - P: 0.0028, R: 0.6899, F1: 0.0055
  Predicting class 1: 20.73515%
  Saved best model (F1: 0.0055)
Epoch 159 | Loss: 0.5749

Epoch 160 | Loss: 0.5716 | Acc: 0.7930
  Class 1 - P: 0.0028, R: 0.6944, F1: 0.0056
  Predicting class 1: 20.72747%
  Saved best model (F1: 0.0056)
Epoch 161 | Loss: 0.5729

Epoch 162 | Loss: 0.5688 | Acc: 0.7918
  Class 1 - P: 0.0028, R: 0.7024, F1: 0.0056
  Predicting class 1: 20.85596%
  Saved best model (F1: 0.0056)
Epoch 163 | Loss: 0.5658

Epoch 164 | Loss: 0.5691 | Acc: 0.7908
  Class 1 - P: 0.0028, R: 0.7101, F1: 0.0056
  Predicting class 1: 20.95542%
  Saved best model (F1: 0.0056)
Epoch 165 | Loss: 0.5685

Epoch 166 | Loss: 0.5572 | Acc: 0.7898
  Class 1 - P: 0.0028, R: 0.7163, F1: 0.0056
  Predicting class 1: 21.05777%
  Saved best model (F1: 0.0056)
Epoch 167 | Loss: 0.5621

Epoch 168 | Loss: 0.5608 | Acc: 0.7892
  Class 1 - P: 0.0028, R: 0.7231, F1: 0.0057
  Predicting class 1: 21.11857%
  Saved best model (F1: 0.0057)
Epoch 169 | Loss: 0.5604

Epoch 170 | Loss: 0.5633 | Acc: 0.7893
  Class 1 - P: 0.0029, R: 0.7281, F1: 0.0057
  Predicting class 1: 21.10749%
  Saved best model (F1: 0.0057)
Epoch 171 | Loss: 0.5572

Epoch 172 | Loss: 0.5567 | Acc: 0.7906
  Class 1 - P: 0.0029, R: 0.7308, F1: 0.0058
  Predicting class 1: 20.98267%
  Saved best model (F1: 0.0058)
Epoch 173 | Loss: 0.5605

Epoch 174 | Loss: 0.5589 | Acc: 0.7913
  Class 1 - P: 0.0029, R: 0.7334, F1: 0.0058
  Predicting class 1: 20.90979%
  Saved best model (F1: 0.0058)
Epoch 175 | Loss: 0.5560

Epoch 176 | Loss: 0.5534 | Acc: 0.7896
  Class 1 - P: 0.0029, R: 0.7423, F1: 0.0058
  Predicting class 1: 21.08059%
  Saved best model (F1: 0.0058)
Epoch 177 | Loss: 0.5496

Epoch 178 | Loss: 0.5498 | Acc: 0.7891
  Class 1 - P: 0.0029, R: 0.7467, F1: 0.0059
  Predicting class 1: 21.12713%
  Saved best model (F1: 0.0059)
Epoch 179 | Loss: 0.5520

Epoch 180 | Loss: 0.5537 | Acc: 0.7873
  Class 1 - P: 0.0030, R: 0.7568, F1: 0.0059
  Predicting class 1: 21.31464%
  Saved best model (F1: 0.0059)
Epoch 181 | Loss: 0.5498

Epoch 182 | Loss: 0.5454 | Acc: 0.7867
  Class 1 - P: 0.0030, R: 0.7621, F1: 0.0059
  Predicting class 1: 21.37177%
  Saved best model (F1: 0.0059)
Epoch 183 | Loss: 0.5499

Epoch 184 | Loss: 0.5493 | Acc: 0.7874
  Class 1 - P: 0.0030, R: 0.7657, F1: 0.0060
  Predicting class 1: 21.30490%
  Saved best model (F1: 0.0060)
Epoch 185 | Loss: 0.5402

Epoch 186 | Loss: 0.5404 | Acc: 0.7898
  Class 1 - P: 0.0030, R: 0.7621, F1: 0.0060
  Predicting class 1: 21.06725%
  Saved best model (F1: 0.0060)
Epoch 187 | Loss: 0.5455

Epoch 188 | Loss: 0.5444 | Acc: 0.7929
  Class 1 - P: 0.0030, R: 0.7589, F1: 0.0061
  Predicting class 1: 20.74903%
  Saved best model (F1: 0.0061)
Epoch 189 | Loss: 0.5364

Epoch 190 | Loss: 0.5421 | Acc: 0.7942
  Class 1 - P: 0.0031, R: 0.7621, F1: 0.0061
  Predicting class 1: 20.62631%
  Saved best model (F1: 0.0061)
Epoch 191 | Loss: 0.5408

Epoch 192 | Loss: 0.5358 | Acc: 0.7957
  Class 1 - P: 0.0031, R: 0.7678, F1: 0.0062
  Predicting class 1: 20.47264%
  Saved best model (F1: 0.0062)
Epoch 193 | Loss: 0.5332

Epoch 194 | Loss: 0.5371 | Acc: 0.7951
  Class 1 - P: 0.0031, R: 0.7751, F1: 0.0063
  Predicting class 1: 20.53592%
  Saved best model (F1: 0.0063)
Epoch 195 | Loss: 0.5330

Epoch 196 | Loss: 0.5341 | Acc: 0.7901
  Class 1 - P: 0.0031, R: 0.7932, F1: 0.0062
  Predicting class 1: 21.03793%
Epoch 197 | Loss: 0.5334

Epoch 198 | Loss: 0.5257 | Acc: 0.7895
  Class 1 - P: 0.0031, R: 0.7985, F1: 0.0063
  Predicting class 1: 21.09585%
  Saved best model (F1: 0.0063)
Epoch 199 | Loss: 0.5371

Epoch 200 | Loss: 0.5318 | Acc: 0.7890
  Class 1 - P: 0.0031, R: 0.8006, F1: 0.0063
  Predicting class 1: 21.14682%
  Saved best model (F1: 0.0063)
Epoch 201 | Loss: 0.5349

Epoch 202 | Loss: 0.5251 | Acc: 0.7914
  Class 1 - P: 0.0032, R: 0.7994, F1: 0.0063
  Predicting class 1: 20.91432%
  Saved best model (F1: 0.0063)
Epoch 203 | Loss: 0.5230

Epoch 204 | Loss: 0.5264 | Acc: 0.7933
  Class 1 - P: 0.0032, R: 0.7982, F1: 0.0064
  Predicting class 1: 20.71465%
  Saved best model (F1: 0.0064)
Epoch 205 | Loss: 0.5279

Epoch 206 | Loss: 0.5244 | Acc: 0.7950
  Class 1 - P: 0.0032, R: 0.7988, F1: 0.0064
  Predicting class 1: 20.55190%
  Saved best model (F1: 0.0064)
Epoch 207 | Loss: 0.5188

Epoch 208 | Loss: 0.5292 | Acc: 0.7993
  Class 1 - P: 0.0033, R: 0.7908, F1: 0.0065
  Predicting class 1: 20.12051%
  Saved best model (F1: 0.0065)
Epoch 209 | Loss: 0.5178

Epoch 210 | Loss: 0.5200 | Acc: 0.8067
  Class 1 - P: 0.0034, R: 0.7867, F1: 0.0067
  Predicting class 1: 19.37565%
  Saved best model (F1: 0.0067)
Epoch 211 | Loss: 0.5147

Epoch 212 | Loss: 0.5114 | Acc: 0.8126
  Class 1 - P: 0.0035, R: 0.7825, F1: 0.0069
  Predicting class 1: 18.78348%
  Saved best model (F1: 0.0069)
Epoch 213 | Loss: 0.5152

Epoch 214 | Loss: 0.5167 | Acc: 0.8167
  Class 1 - P: 0.0035, R: 0.7796, F1: 0.0070
  Predicting class 1: 18.38146%
  Saved best model (F1: 0.0070)
Epoch 215 | Loss: 0.5137

Epoch 216 | Loss: 0.5066 | Acc: 0.8192
  Class 1 - P: 0.0036, R: 0.7805, F1: 0.0071
  Predicting class 1: 18.12433%
  Saved best model (F1: 0.0071)
Epoch 217 | Loss: 0.5151

Epoch 218 | Loss: 0.5145 | Acc: 0.8182
  Class 1 - P: 0.0036, R: 0.7849, F1: 0.0071
  Predicting class 1: 18.22333%
  Saved best model (F1: 0.0071)
Epoch 219 | Loss: 0.5047

Epoch 220 | Loss: 0.5106 | Acc: 0.8147
  Class 1 - P: 0.0036, R: 0.7956, F1: 0.0071
  Predicting class 1: 18.58369%
Epoch 221 | Loss: 0.5046

Epoch 222 | Loss: 0.5060 | Acc: 0.8123
  Class 1 - P: 0.0035, R: 0.8006, F1: 0.0070
  Predicting class 1: 18.82048%
Epoch 223 | Loss: 0.5002

Epoch 224 | Loss: 0.4960 | Acc: 0.8126
  Class 1 - P: 0.0036, R: 0.8059, F1: 0.0071
  Predicting class 1: 18.79082%
Epoch 225 | Loss: 0.4919

Epoch 226 | Loss: 0.4964 | Acc: 0.8128
  Class 1 - P: 0.0036, R: 0.8077, F1: 0.0071
  Predicting class 1: 18.76756%
Epoch 227 | Loss: 0.5000

Epoch 228 | Loss: 0.4997 | Acc: 0.8115
  Class 1 - P: 0.0036, R: 0.8124, F1: 0.0071
  Predicting class 1: 18.89868%
Epoch 229 | Loss: 0.5110

Epoch 230 | Loss: 0.4981 | Acc: 0.8135
  Class 1 - P: 0.0036, R: 0.8121, F1: 0.0072
  Predicting class 1: 18.70607%
  Saved best model (F1: 0.0072)
Epoch 231 | Loss: 0.4929

Epoch 232 | Loss: 0.4970 | Acc: 0.8061
  Class 1 - P: 0.0036, R: 0.8302, F1: 0.0071
  Predicting class 1: 19.44137%
Epoch 233 | Loss: 0.4920

Epoch 234 | Loss: 0.4881 | Acc: 0.7980
  Class 1 - P: 0.0035, R: 0.8459, F1: 0.0069
  Predicting class 1: 20.25259%
Epoch 235 | Loss: 0.4918

Epoch 236 | Loss: 0.4928 | Acc: 0.7915
  Class 1 - P: 0.0034, R: 0.8624, F1: 0.0068
  Predicting class 1: 20.91474%
Epoch 237 | Loss: 0.4870

Epoch 238 | Loss: 0.4873 | Acc: 0.7921
  Class 1 - P: 0.0035, R: 0.8657, F1: 0.0069
  Predicting class 1: 20.84675%
Epoch 239 | Loss: 0.4851

Epoch 240 | Loss: 0.4889 | Acc: 0.7965
  Class 1 - P: 0.0035, R: 0.8607, F1: 0.0070
  Predicting class 1: 20.40926%
Epoch 241 | Loss: 0.4841

Epoch 242 | Loss: 0.4804 | Acc: 0.7991
  Class 1 - P: 0.0035, R: 0.8577, F1: 0.0071
  Predicting class 1: 20.14778%
Epoch 243 | Loss: 0.4812

Epoch 244 | Loss: 0.4751 | Acc: 0.7967
  Class 1 - P: 0.0035, R: 0.8642, F1: 0.0070
  Predicting class 1: 20.39072%
Epoch 245 | Loss: 0.4805

Epoch 246 | Loss: 0.4706 | Acc: 0.7939
  Class 1 - P: 0.0035, R: 0.8740, F1: 0.0070
  Predicting class 1: 20.67393%
Epoch 247 | Loss: 0.4744

Epoch 248 | Loss: 0.4740 | Acc: 0.7891
  Class 1 - P: 0.0035, R: 0.8822, F1: 0.0069
  Predicting class 1: 21.15426%
Epoch 249 | Loss: 0.4781

Epoch 250 | Loss: 0.4726 | Acc: 0.7873
  Class 1 - P: 0.0035, R: 0.8858, F1: 0.0069
  Predicting class 1: 21.33714%
Epoch 251 | Loss: 0.4693

Epoch 252 | Loss: 0.4740 | Acc: 0.7921
  Class 1 - P: 0.0035, R: 0.8825, F1: 0.0070
  Predicting class 1: 20.85382%
Epoch 253 | Loss: 0.4714

Epoch 254 | Loss: 0.4681 | Acc: 0.7975
  Class 1 - P: 0.0036, R: 0.8763, F1: 0.0071
  Predicting class 1: 20.31129%
Epoch 255 | Loss: 0.4686

Epoch 256 | Loss: 0.4637 | Acc: 0.7987
  Class 1 - P: 0.0036, R: 0.8787, F1: 0.0072
  Predicting class 1: 20.18871%
  Saved best model (F1: 0.0072)
Epoch 257 | Loss: 0.4723

Epoch 258 | Loss: 0.4648 | Acc: 0.7952
  Class 1 - P: 0.0036, R: 0.8840, F1: 0.0071
  Predicting class 1: 20.54016%
Epoch 259 | Loss: 0.4609

Epoch 260 | Loss: 0.4616 | Acc: 0.7894
  Class 1 - P: 0.0035, R: 0.8926, F1: 0.0070
  Predicting class 1: 21.12196%
Epoch 261 | Loss: 0.4629

Epoch 262 | Loss: 0.4638 | Acc: 0.7875
  Class 1 - P: 0.0035, R: 0.8964, F1: 0.0070
  Predicting class 1: 21.31932%
Epoch 263 | Loss: 0.4598

Epoch 264 | Loss: 0.4582 | Acc: 0.7934
  Class 1 - P: 0.0036, R: 0.8917, F1: 0.0071
  Predicting class 1: 20.72809%
Epoch 265 | Loss: 0.4528

Epoch 266 | Loss: 0.4547 | Acc: 0.7985
  Class 1 - P: 0.0037, R: 0.8873, F1: 0.0073
  Predicting class 1: 20.21215%
  Saved best model (F1: 0.0073)
Epoch 267 | Loss: 0.4597

Epoch 268 | Loss: 0.4519 | Acc: 0.7997
  Class 1 - P: 0.0037, R: 0.8864, F1: 0.0073
  Predicting class 1: 20.09018%
  Saved best model (F1: 0.0073)
Epoch 269 | Loss: 0.4581

Epoch 270 | Loss: 0.4502 | Acc: 0.7932
  Class 1 - P: 0.0036, R: 0.8985, F1: 0.0072
  Predicting class 1: 20.74923%
Epoch 271 | Loss: 0.4491

Epoch 272 | Loss: 0.4617 | Acc: 0.7879
  Class 1 - P: 0.0035, R: 0.9050, F1: 0.0071
  Predicting class 1: 21.27666%
Epoch 273 | Loss: 0.4476

Epoch 274 | Loss: 0.4481 | Acc: 0.7889
  Class 1 - P: 0.0036, R: 0.9047, F1: 0.0071
  Predicting class 1: 21.17319%
Epoch 275 | Loss: 0.4446

Epoch 276 | Loss: 0.4422 | Acc: 0.7955
  Class 1 - P: 0.0036, R: 0.8997, F1: 0.0073
  Predicting class 1: 20.51672%
Epoch 277 | Loss: 0.4424

Epoch 278 | Loss: 0.4435 | Acc: 0.8003
  Class 1 - P: 0.0037, R: 0.8950, F1: 0.0074
  Predicting class 1: 20.03224%
  Saved best model (F1: 0.0074)
Epoch 279 | Loss: 0.4467

Epoch 280 | Loss: 0.4349 | Acc: 0.7964
  Class 1 - P: 0.0037, R: 0.9009, F1: 0.0073
  Predicting class 1: 20.42545%
Epoch 281 | Loss: 0.4395

Epoch 282 | Loss: 0.4477 | Acc: 0.7883
  Class 1 - P: 0.0036, R: 0.9101, F1: 0.0071
  Predicting class 1: 21.23731%
Epoch 283 | Loss: 0.4429

Epoch 284 | Loss: 0.4407 | Acc: 0.7836
  Class 1 - P: 0.0035, R: 0.9169, F1: 0.0070
  Predicting class 1: 21.70523%
Epoch 285 | Loss: 0.4328

Epoch 286 | Loss: 0.4385 | Acc: 0.7868
  Class 1 - P: 0.0036, R: 0.9151, F1: 0.0071
  Predicting class 1: 21.39289%
Epoch 287 | Loss: 0.4331

Epoch 288 | Loss: 0.4342 | Acc: 0.7910
  Class 1 - P: 0.0036, R: 0.9121, F1: 0.0072
  Predicting class 1: 20.96438%
Epoch 289 | Loss: 0.4344

Epoch 290 | Loss: 0.4366 | Acc: 0.7937
  Class 1 - P: 0.0037, R: 0.9118, F1: 0.0073
  Predicting class 1: 20.70106%
Epoch 291 | Loss: 0.4327

Epoch 292 | Loss: 0.4271 | Acc: 0.7916
  Class 1 - P: 0.0036, R: 0.9157, F1: 0.0073
  Predicting class 1: 20.90558%
Epoch 293 | Loss: 0.4336

Epoch 294 | Loss: 0.4290 | Acc: 0.7872
  Class 1 - P: 0.0036, R: 0.9207, F1: 0.0071
  Predicting class 1: 21.35410%
Epoch 295 | Loss: 0.4307

Epoch 296 | Loss: 0.4232 | Acc: 0.7844
  Class 1 - P: 0.0036, R: 0.9257, F1: 0.0071
  Predicting class 1: 21.63505%
Epoch 297 | Loss: 0.4279

Epoch 298 | Loss: 0.4271 | Acc: 0.7842
  Class 1 - P: 0.0036, R: 0.9275, F1: 0.0071
  Predicting class 1: 21.65248%
Epoch 299 | Loss: 0.4251

Epoch 300 | Loss: 0.4228 | Acc: 0.7859
  Class 1 - P: 0.0036, R: 0.9260, F1: 0.0071
  Predicting class 1: 21.48544%
Epoch 301 | Loss: 0.4193

Epoch 302 | Loss: 0.4236 | Acc: 0.7900
  Class 1 - P: 0.0036, R: 0.9231, F1: 0.0073
  Predicting class 1: 21.06813%
Epoch 303 | Loss: 0.4223

Epoch 304 | Loss: 0.4211 | Acc: 0.7902
  Class 1 - P: 0.0036, R: 0.9228, F1: 0.0073
  Predicting class 1: 21.05351%
Epoch 305 | Loss: 0.4189

Epoch 306 | Loss: 0.4148 | Acc: 0.7885
  Class 1 - P: 0.0036, R: 0.9254, F1: 0.0072
  Predicting class 1: 21.21885%
Epoch 307 | Loss: 0.4159

Epoch 308 | Loss: 0.4161 | Acc: 0.7860
  Class 1 - P: 0.0036, R: 0.9290, F1: 0.0072
  Predicting class 1: 21.47577%
Epoch 309 | Loss: 0.4152

Epoch 310 | Loss: 0.4170 | Acc: 0.7820
  Class 1 - P: 0.0036, R: 0.9352, F1: 0.0071
  Predicting class 1: 21.87031%
Epoch 311 | Loss: 0.4219

Epoch 312 | Loss: 0.4111 | Acc: 0.7829
  Class 1 - P: 0.0036, R: 0.9361, F1: 0.0071
  Predicting class 1: 21.77867%
Epoch 313 | Loss: 0.4076

Epoch 314 | Loss: 0.4125 | Acc: 0.7872
  Class 1 - P: 0.0036, R: 0.9305, F1: 0.0072
  Predicting class 1: 21.34667%
Epoch 315 | Loss: 0.4143

Epoch 316 | Loss: 0.4076 | Acc: 0.7887
  Class 1 - P: 0.0037, R: 0.9305, F1: 0.0073
  Predicting class 1: 21.19721%
Epoch 317 | Loss: 0.4077

Epoch 318 | Loss: 0.4109 | Acc: 0.7875
  Class 1 - P: 0.0036, R: 0.9346, F1: 0.0073
  Predicting class 1: 21.31799%
Epoch 319 | Loss: 0.4090

Epoch 320 | Loss: 0.4056 | Acc: 0.7857
  Class 1 - P: 0.0036, R: 0.9388, F1: 0.0072
  Predicting class 1: 21.50602%
Epoch 321 | Loss: 0.4119

Epoch 322 | Loss: 0.4009 | Acc: 0.7816
  Class 1 - P: 0.0036, R: 0.9432, F1: 0.0071
  Predicting class 1: 21.91152%
Epoch 323 | Loss: 0.4092

Epoch 324 | Loss: 0.4138 | Acc: 0.7829
  Class 1 - P: 0.0036, R: 0.9432, F1: 0.0072
  Predicting class 1: 21.78466%
Epoch 325 | Loss: 0.4035

Epoch 326 | Loss: 0.3997 | Acc: 0.7850
  Class 1 - P: 0.0036, R: 0.9420, F1: 0.0072
  Predicting class 1: 21.57130%
Epoch 327 | Loss: 0.4004

Epoch 328 | Loss: 0.3979 | Acc: 0.7880
  Class 1 - P: 0.0037, R: 0.9396, F1: 0.0073
  Predicting class 1: 21.27398%
Epoch 329 | Loss: 0.3976

Epoch 330 | Loss: 0.4082 | Acc: 0.7869
  Class 1 - P: 0.0037, R: 0.9411, F1: 0.0073
  Predicting class 1: 21.38546%
Epoch 331 | Loss: 0.4027

Epoch 332 | Loss: 0.4030 | Acc: 0.7807
  Class 1 - P: 0.0036, R: 0.9473, F1: 0.0071
  Predicting class 1: 22.00439%
Epoch 333 | Loss: 0.3958

Epoch 334 | Loss: 0.3973 | Acc: 0.7786
  Class 1 - P: 0.0036, R: 0.9494, F1: 0.0071
  Predicting class 1: 22.21071%
Epoch 335 | Loss: 0.3925

Epoch 336 | Loss: 0.3973 | Acc: 0.7827
  Class 1 - P: 0.0036, R: 0.9479, F1: 0.0072
  Predicting class 1: 21.80122%
Epoch 337 | Loss: 0.3966

Epoch 338 | Loss: 0.3930 | Acc: 0.7874
  Class 1 - P: 0.0037, R: 0.9438, F1: 0.0073
  Predicting class 1: 21.33259%
Epoch 339 | Loss: 0.3904

Epoch 340 | Loss: 0.3867 | Acc: 0.7878
  Class 1 - P: 0.0037, R: 0.9447, F1: 0.0074
  Predicting class 1: 21.28974%
Epoch 341 | Loss: 0.3931

Epoch 342 | Loss: 0.3908 | Acc: 0.7837
  Class 1 - P: 0.0036, R: 0.9491, F1: 0.0072
  Predicting class 1: 21.70719%
Epoch 343 | Loss: 0.3939

Epoch 344 | Loss: 0.3903 | Acc: 0.7769
  Class 1 - P: 0.0035, R: 0.9544, F1: 0.0071
  Predicting class 1: 22.38126%
Epoch 345 | Loss: 0.3815

Epoch 346 | Loss: 0.3859 | Acc: 0.7789
  Class 1 - P: 0.0036, R: 0.9536, F1: 0.0071
  Predicting class 1: 22.18624%
Epoch 347 | Loss: 0.3844

Epoch 348 | Loss: 0.3846 | Acc: 0.7852
  Class 1 - P: 0.0037, R: 0.9500, F1: 0.0073
  Predicting class 1: 21.55811%
Epoch 349 | Loss: 0.3843

Epoch 350 | Loss: 0.3910 | Acc: 0.7846
  Class 1 - P: 0.0037, R: 0.9506, F1: 0.0073
  Predicting class 1: 21.61767%
Epoch 351 | Loss: 0.3825

Epoch 352 | Loss: 0.3837 | Acc: 0.7784
  Class 1 - P: 0.0036, R: 0.9553, F1: 0.0071
  Predicting class 1: 22.23266%
Epoch 353 | Loss: 0.3863

Epoch 354 | Loss: 0.3861 | Acc: 0.7749
  Class 1 - P: 0.0035, R: 0.9598, F1: 0.0070
  Predicting class 1: 22.58959%
Epoch 355 | Loss: 0.3790

Epoch 356 | Loss: 0.3758 | Acc: 0.7788
  Class 1 - P: 0.0036, R: 0.9571, F1: 0.0071
  Predicting class 1: 22.19800%
Epoch 357 | Loss: 0.3758

Epoch 358 | Loss: 0.3788 | Acc: 0.7855
  Class 1 - P: 0.0037, R: 0.9524, F1: 0.0073
  Predicting class 1: 21.52773%
Epoch 359 | Loss: 0.3815

Epoch 360 | Loss: 0.3757 | Acc: 0.7844
  Class 1 - P: 0.0037, R: 0.9541, F1: 0.0073
  Predicting class 1: 21.63810%
Epoch 361 | Loss: 0.3784

Epoch 362 | Loss: 0.3710 | Acc: 0.7806
  Class 1 - P: 0.0036, R: 0.9568, F1: 0.0072
  Predicting class 1: 22.01433%
Epoch 363 | Loss: 0.3782

Epoch 364 | Loss: 0.3748 | Acc: 0.7780
  Class 1 - P: 0.0036, R: 0.9592, F1: 0.0071
  Predicting class 1: 22.27766%
Epoch 365 | Loss: 0.3706

Epoch 366 | Loss: 0.3782 | Acc: 0.7769
  Class 1 - P: 0.0036, R: 0.9601, F1: 0.0071
  Predicting class 1: 22.38350%
Epoch 367 | Loss: 0.3787

Epoch 368 | Loss: 0.3729 | Acc: 0.7804
  Class 1 - P: 0.0036, R: 0.9586, F1: 0.0072
  Predicting class 1: 22.03710%
Epoch 369 | Loss: 0.3691

Epoch 370 | Loss: 0.3715 | Acc: 0.7843
  Class 1 - P: 0.0037, R: 0.9571, F1: 0.0073
  Predicting class 1: 21.65097%
Epoch 371 | Loss: 0.3729

Epoch 372 | Loss: 0.3649 | Acc: 0.7837
  Class 1 - P: 0.0037, R: 0.9574, F1: 0.0073
  Predicting class 1: 21.70402%
Epoch 373 | Loss: 0.3705

Epoch 374 | Loss: 0.3758 | Acc: 0.7817
  Class 1 - P: 0.0036, R: 0.9595, F1: 0.0073
  Predicting class 1: 21.90753%
Epoch 375 | Loss: 0.3724

Epoch 376 | Loss: 0.3644 | Acc: 0.7802
  Class 1 - P: 0.0036, R: 0.9607, F1: 0.0072
  Predicting class 1: 22.05856%
Epoch 377 | Loss: 0.3667

Epoch 378 | Loss: 0.3670 | Acc: 0.7782
  Class 1 - P: 0.0036, R: 0.9621, F1: 0.0072
  Predicting class 1: 22.25784%
Epoch 379 | Loss: 0.3681

Epoch 380 | Loss: 0.3638 | Acc: 0.7792
  Class 1 - P: 0.0036, R: 0.9621, F1: 0.0072
  Predicting class 1: 22.15577%
Epoch 381 | Loss: 0.3599

Epoch 382 | Loss: 0.3658 | Acc: 0.7817
  Class 1 - P: 0.0037, R: 0.9612, F1: 0.0073
  Predicting class 1: 21.90955%
Epoch 383 | Loss: 0.3566

Epoch 384 | Loss: 0.3616 | Acc: 0.7831
  Class 1 - P: 0.0037, R: 0.9607, F1: 0.0073
  Predicting class 1: 21.76723%
Epoch 385 | Loss: 0.3573

Epoch 386 | Loss: 0.3564 | Acc: 0.7830
  Class 1 - P: 0.0037, R: 0.9618, F1: 0.0073
  Predicting class 1: 21.78114%
Epoch 387 | Loss: 0.3605

Epoch 388 | Loss: 0.3583 | Acc: 0.7805
  Class 1 - P: 0.0036, R: 0.9654, F1: 0.0073
  Predicting class 1: 22.02738%
Epoch 389 | Loss: 0.3525

Epoch 390 | Loss: 0.3556 | Acc: 0.7828
  Class 1 - P: 0.0037, R: 0.9636, F1: 0.0073
  Predicting class 1: 21.80191%
Epoch 391 | Loss: 0.3577

Epoch 392 | Loss: 0.3555 | Acc: 0.7843
  Class 1 - P: 0.0037, R: 0.9630, F1: 0.0074
  Predicting class 1: 21.64709%
Epoch 393 | Loss: 0.3520

Epoch 394 | Loss: 0.3603 | Acc: 0.7828
  Class 1 - P: 0.0037, R: 0.9645, F1: 0.0073
  Predicting class 1: 21.79942%
Epoch 395 | Loss: 0.3525

Epoch 396 | Loss: 0.3582 | Acc: 0.7788
  Class 1 - P: 0.0036, R: 0.9672, F1: 0.0072
  Predicting class 1: 22.19552%
Epoch 397 | Loss: 0.3560

Epoch 398 | Loss: 0.3506 | Acc: 0.7766
  Class 1 - P: 0.0036, R: 0.9695, F1: 0.0072
  Predicting class 1: 22.41788%
Epoch 399 | Loss: 0.3499

Epoch 400 | Loss: 0.3518 | Acc: 0.7809
  Class 1 - P: 0.0037, R: 0.9666, F1: 0.0073
  Predicting class 1: 21.99028%
Epoch 401 | Loss: 0.3528

Epoch 402 | Loss: 0.3510 | Acc: 0.7849
  Class 1 - P: 0.0037, R: 0.9636, F1: 0.0074
  Predicting class 1: 21.58816%
Epoch 403 | Loss: 0.3524

Epoch 404 | Loss: 0.3530 | Acc: 0.7843
  Class 1 - P: 0.0037, R: 0.9645, F1: 0.0074
  Predicting class 1: 21.64659%
Epoch 405 | Loss: 0.3493

Epoch 406 | Loss: 0.3462 | Acc: 0.7805
  Class 1 - P: 0.0037, R: 0.9683, F1: 0.0073
  Predicting class 1: 22.03112%
Epoch 407 | Loss: 0.3492

Epoch 408 | Loss: 0.3503 | Acc: 0.7780
  Class 1 - P: 0.0036, R: 0.9710, F1: 0.0072
  Predicting class 1: 22.28149%
Epoch 409 | Loss: 0.3467

Epoch 410 | Loss: 0.3465 | Acc: 0.7801
  Class 1 - P: 0.0037, R: 0.9698, F1: 0.0073
  Predicting class 1: 22.06661%
Epoch 411 | Loss: 0.3435

Epoch 412 | Loss: 0.3433 | Acc: 0.7849
  Class 1 - P: 0.0037, R: 0.9669, F1: 0.0074
  Predicting class 1: 21.58895%
  Saved best model (F1: 0.0074)
Epoch 413 | Loss: 0.3476

Epoch 414 | Loss: 0.3514 | Acc: 0.7834
  Class 1 - P: 0.0037, R: 0.9683, F1: 0.0074
  Predicting class 1: 21.73306%
Epoch 415 | Loss: 0.3468

Epoch 416 | Loss: 0.3426 | Acc: 0.7785
  Class 1 - P: 0.0036, R: 0.9725, F1: 0.0073
  Predicting class 1: 22.22545%
Epoch 417 | Loss: 0.3443

Epoch 418 | Loss: 0.3438 | Acc: 0.7766
  Class 1 - P: 0.0036, R: 0.9737, F1: 0.0072
  Predicting class 1: 22.42313%
Epoch 419 | Loss: 0.3412

Epoch 420 | Loss: 0.3389 | Acc: 0.7801
  Class 1 - P: 0.0037, R: 0.9725, F1: 0.0073
  Predicting class 1: 22.07139%
Epoch 421 | Loss: 0.3428

Epoch 422 | Loss: 0.3417 | Acc: 0.7873
  Class 1 - P: 0.0038, R: 0.9672, F1: 0.0075
  Predicting class 1: 21.34443%
  Saved best model (F1: 0.0075)
Epoch 423 | Loss: 0.3433

Epoch 424 | Loss: 0.3392 | Acc: 0.7887
  Class 1 - P: 0.0038, R: 0.9666, F1: 0.0076
  Predicting class 1: 21.20469%
  Saved best model (F1: 0.0076)
Epoch 425 | Loss: 0.3415

Epoch 426 | Loss: 0.3354 | Acc: 0.7845
  Class 1 - P: 0.0037, R: 0.9713, F1: 0.0074
  Predicting class 1: 21.63306%
Epoch 427 | Loss: 0.3401

Epoch 428 | Loss: 0.3415 | Acc: 0.7795
  Class 1 - P: 0.0037, R: 0.9737, F1: 0.0073
  Predicting class 1: 22.12529%
Epoch 429 | Loss: 0.3347

Epoch 430 | Loss: 0.3408 | Acc: 0.7799
  Class 1 - P: 0.0037, R: 0.9737, F1: 0.0073
  Predicting class 1: 22.08571%
Epoch 431 | Loss: 0.3416

Epoch 432 | Loss: 0.3363 | Acc: 0.7823
  Class 1 - P: 0.0037, R: 0.9737, F1: 0.0074
  Predicting class 1: 21.85296%
Epoch 433 | Loss: 0.3346

Epoch 434 | Loss: 0.3384 | Acc: 0.7862
  Class 1 - P: 0.0038, R: 0.9710, F1: 0.0075
  Predicting class 1: 21.46302%
Epoch 435 | Loss: 0.3397

Epoch 436 | Loss: 0.3345 | Acc: 0.7858
  Class 1 - P: 0.0038, R: 0.9716, F1: 0.0075
  Predicting class 1: 21.49497%
Epoch 437 | Loss: 0.3364

Epoch 438 | Loss: 0.3336 | Acc: 0.7827
  Class 1 - P: 0.0037, R: 0.9734, F1: 0.0074
  Predicting class 1: 21.81045%
Epoch 439 | Loss: 0.3344

Epoch 440 | Loss: 0.3336 | Acc: 0.7804
  Class 1 - P: 0.0037, R: 0.9749, F1: 0.0073
  Predicting class 1: 22.03966%
Epoch 441 | Loss: 0.3369

Epoch 442 | Loss: 0.3342 | Acc: 0.7809
  Class 1 - P: 0.0037, R: 0.9749, F1: 0.0073
  Predicting class 1: 21.99324%
Epoch 443 | Loss: 0.3305

Epoch 444 | Loss: 0.3247 | Acc: 0.7839
  Class 1 - P: 0.0037, R: 0.9740, F1: 0.0074
  Predicting class 1: 21.68876%
Epoch 445 | Loss: 0.3301

Epoch 446 | Loss: 0.3265 | Acc: 0.7885
  Class 1 - P: 0.0038, R: 0.9713, F1: 0.0076
  Predicting class 1: 21.22941%
  Saved best model (F1: 0.0076)
Epoch 447 | Loss: 0.3321

Epoch 448 | Loss: 0.3263 | Acc: 0.7879
  Class 1 - P: 0.0038, R: 0.9719, F1: 0.0076
  Predicting class 1: 21.28988%
Epoch 449 | Loss: 0.3325

Epoch 450 | Loss: 0.3289 | Acc: 0.7836
  Class 1 - P: 0.0037, R: 0.9754, F1: 0.0074
  Predicting class 1: 21.72391%
Epoch 451 | Loss: 0.3295

Epoch 452 | Loss: 0.3288 | Acc: 0.7804
  Class 1 - P: 0.0037, R: 0.9769, F1: 0.0073
  Predicting class 1: 22.04195%
Epoch 453 | Loss: 0.3308

Epoch 454 | Loss: 0.3280 | Acc: 0.7819
  Class 1 - P: 0.0037, R: 0.9760, F1: 0.0074
  Predicting class 1: 21.89387%
Epoch 455 | Loss: 0.3294

Epoch 456 | Loss: 0.3246 | Acc: 0.7839
  Class 1 - P: 0.0037, R: 0.9754, F1: 0.0075
  Predicting class 1: 21.69001%
Epoch 457 | Loss: 0.3266

Epoch 458 | Loss: 0.3300 | Acc: 0.7862
  Class 1 - P: 0.0038, R: 0.9746, F1: 0.0075
  Predicting class 1: 21.46329%
Epoch 459 | Loss: 0.3248

Epoch 460 | Loss: 0.3251 | Acc: 0.7860
  Class 1 - P: 0.0038, R: 0.9746, F1: 0.0075
  Predicting class 1: 21.47776%
Epoch 461 | Loss: 0.3261

Epoch 462 | Loss: 0.3235 | Acc: 0.7819
  Class 1 - P: 0.0037, R: 0.9766, F1: 0.0074
  Predicting class 1: 21.88801%
Epoch 463 | Loss: 0.3197

Epoch 464 | Loss: 0.3249 | Acc: 0.7814
  Class 1 - P: 0.0037, R: 0.9781, F1: 0.0074
  Predicting class 1: 21.94128%
Epoch 465 | Loss: 0.3272

Epoch 466 | Loss: 0.3240 | Acc: 0.7826
  Class 1 - P: 0.0037, R: 0.9781, F1: 0.0074
  Predicting class 1: 21.81456%
Epoch 467 | Loss: 0.3163

Epoch 468 | Loss: 0.3233 | Acc: 0.7873
  Class 1 - P: 0.0038, R: 0.9757, F1: 0.0076
  Predicting class 1: 21.35088%
Epoch 469 | Loss: 0.3204

Epoch 470 | Loss: 0.3211 | Acc: 0.7871
  Class 1 - P: 0.0038, R: 0.9757, F1: 0.0076
  Predicting class 1: 21.37136%
Epoch 471 | Loss: 0.3186

Epoch 472 | Loss: 0.3203 | Acc: 0.7843
  Class 1 - P: 0.0038, R: 0.9778, F1: 0.0075
  Predicting class 1: 21.65184%
Epoch 473 | Loss: 0.3249

Epoch 474 | Loss: 0.3185 | Acc: 0.7828
  Class 1 - P: 0.0037, R: 0.9784, F1: 0.0074
  Predicting class 1: 21.80353%
Epoch 475 | Loss: 0.3231

Epoch 476 | Loss: 0.3162 | Acc: 0.7858
  Class 1 - P: 0.0038, R: 0.9775, F1: 0.0075
  Predicting class 1: 21.49871%
Epoch 477 | Loss: 0.3179

Epoch 478 | Loss: 0.3164 | Acc: 0.7904
  Class 1 - P: 0.0039, R: 0.9754, F1: 0.0077
  Predicting class 1: 21.04123%
  Saved best model (F1: 0.0077)
Epoch 479 | Loss: 0.3174

Epoch 480 | Loss: 0.3158 | Acc: 0.7899
  Class 1 - P: 0.0038, R: 0.9760, F1: 0.0077
  Predicting class 1: 21.09280%
Epoch 481 | Loss: 0.3179

Epoch 482 | Loss: 0.3175 | Acc: 0.7850
  Class 1 - P: 0.0038, R: 0.9781, F1: 0.0075
  Predicting class 1: 21.57583%
Epoch 483 | Loss: 0.3143

Epoch 484 | Loss: 0.3131 | Acc: 0.7822
  Class 1 - P: 0.0037, R: 0.9787, F1: 0.0074
  Predicting class 1: 21.86059%
Epoch 485 | Loss: 0.3151

Epoch 486 | Loss: 0.3167 | Acc: 0.7847
  Class 1 - P: 0.0038, R: 0.9784, F1: 0.0075
  Predicting class 1: 21.61098%
Epoch 487 | Loss: 0.3135

Epoch 488 | Loss: 0.3144 | Acc: 0.7892
  Class 1 - P: 0.0038, R: 0.9769, F1: 0.0077
  Predicting class 1: 21.15970%
Epoch 489 | Loss: 0.3144

Epoch 490 | Loss: 0.3141 | Acc: 0.7916
  Class 1 - P: 0.0039, R: 0.9766, F1: 0.0077
  Predicting class 1: 20.91835%
  Saved best model (F1: 0.0077)
Epoch 491 | Loss: 0.3219

Epoch 492 | Loss: 0.3178 | Acc: 0.7872
  Class 1 - P: 0.0038, R: 0.9772, F1: 0.0076
  Predicting class 1: 21.35538%
Epoch 493 | Loss: 0.3088

Epoch 494 | Loss: 0.3117 | Acc: 0.7836
  Class 1 - P: 0.0037, R: 0.9787, F1: 0.0075
  Predicting class 1: 21.72401%
Epoch 495 | Loss: 0.3175

Epoch 496 | Loss: 0.3144 | Acc: 0.7836
  Class 1 - P: 0.0037, R: 0.9787, F1: 0.0075
  Predicting class 1: 21.72022%
Epoch 497 | Loss: 0.3159

Epoch 498 | Loss: 0.3097 | Acc: 0.7865
  Class 1 - P: 0.0038, R: 0.9781, F1: 0.0076
  Predicting class 1: 21.43201%
Epoch 499 | Loss: 0.3126

Epoch 500 | Loss: 0.3107 | Acc: 0.7902
  Class 1 - P: 0.0039, R: 0.9775, F1: 0.0077
  Predicting class 1: 21.06043%
Epoch 501 | Loss: 0.3114

Epoch 502 | Loss: 0.3135 | Acc: 0.7906
  Class 1 - P: 0.0039, R: 0.9775, F1: 0.0077
  Predicting class 1: 21.01561%
Epoch 503 | Loss: 0.3080

Epoch 504 | Loss: 0.3110 | Acc: 0.7885
  Class 1 - P: 0.0038, R: 0.9778, F1: 0.0076
  Predicting class 1: 21.23142%
Epoch 505 | Loss: 0.3055

Epoch 506 | Loss: 0.3033 | Acc: 0.7886
  Class 1 - P: 0.0038, R: 0.9778, F1: 0.0076
  Predicting class 1: 21.21673%
Epoch 507 | Loss: 0.3125

Epoch 508 | Loss: 0.3132 | Acc: 0.7892
  Class 1 - P: 0.0038, R: 0.9778, F1: 0.0077
  Predicting class 1: 21.15706%
Epoch 509 | Loss: 0.3073

Epoch 510 | Loss: 0.3097 | Acc: 0.7884
  Class 1 - P: 0.0038, R: 0.9784, F1: 0.0076
  Predicting class 1: 21.23588%
Epoch 511 | Loss: 0.3109

Epoch 512 | Loss: 0.3097 | Acc: 0.7877
  Class 1 - P: 0.0038, R: 0.9787, F1: 0.0076
  Predicting class 1: 21.31268%
Epoch 513 | Loss: 0.3064

Epoch 514 | Loss: 0.3029 | Acc: 0.7879
  Class 1 - P: 0.0038, R: 0.9790, F1: 0.0076
  Predicting class 1: 21.29138%
Epoch 515 | Loss: 0.3011

Epoch 516 | Loss: 0.3078 | Acc: 0.7902
  Class 1 - P: 0.0039, R: 0.9784, F1: 0.0077
  Predicting class 1: 21.05526%
Epoch 517 | Loss: 0.3046

Epoch 518 | Loss: 0.3046 | Acc: 0.7914
  Class 1 - P: 0.0039, R: 0.9778, F1: 0.0077
  Predicting class 1: 20.94235%
  Saved best model (F1: 0.0077)
Epoch 519 | Loss: 0.3072

Epoch 520 | Loss: 0.3049 | Acc: 0.7907
  Class 1 - P: 0.0039, R: 0.9778, F1: 0.0077
  Predicting class 1: 21.01039%
Epoch 521 | Loss: 0.3029

Epoch 522 | Loss: 0.3016 | Acc: 0.7888
  Class 1 - P: 0.0038, R: 0.9790, F1: 0.0077
  Predicting class 1: 21.19856%
Epoch 523 | Loss: 0.2998

Epoch 524 | Loss: 0.3061 | Acc: 0.7882
  Class 1 - P: 0.0038, R: 0.9793, F1: 0.0076
  Predicting class 1: 21.25811%
Epoch 525 | Loss: 0.3027

Epoch 526 | Loss: 0.3036 | Acc: 0.7895
  Class 1 - P: 0.0039, R: 0.9784, F1: 0.0077
  Predicting class 1: 21.12536%
Epoch 527 | Loss: 0.3035

Epoch 528 | Loss: 0.3038 | Acc: 0.7897
  Class 1 - P: 0.0039, R: 0.9787, F1: 0.0077
  Predicting class 1: 21.10860%
Epoch 529 | Loss: 0.3066

Epoch 530 | Loss: 0.3051 | Acc: 0.7884
  Class 1 - P: 0.0038, R: 0.9805, F1: 0.0077
  Predicting class 1: 21.23950%
Epoch 531 | Loss: 0.3023

Epoch 532 | Loss: 0.3016 | Acc: 0.7884
  Class 1 - P: 0.0038, R: 0.9799, F1: 0.0076
  Predicting class 1: 21.23583%
Epoch 533 | Loss: 0.3019

Epoch 534 | Loss: 0.2973 | Acc: 0.7905
  Class 1 - P: 0.0039, R: 0.9790, F1: 0.0077
  Predicting class 1: 21.02599%
Epoch 535 | Loss: 0.2989

Epoch 536 | Loss: 0.2997 | Acc: 0.7928
  Class 1 - P: 0.0039, R: 0.9775, F1: 0.0078
  Predicting class 1: 20.79661%
  Saved best model (F1: 0.0078)
Epoch 537 | Loss: 0.3069

Epoch 538 | Loss: 0.3040 | Acc: 0.7905
  Class 1 - P: 0.0039, R: 0.9799, F1: 0.0077
  Predicting class 1: 21.03261%
Epoch 539 | Loss: 0.2999

Epoch 540 | Loss: 0.3038 | Acc: 0.7875
  Class 1 - P: 0.0038, R: 0.9802, F1: 0.0076
  Predicting class 1: 21.33188%
Epoch 541 | Loss: 0.2988

Epoch 542 | Loss: 0.2981 | Acc: 0.7880
  Class 1 - P: 0.0038, R: 0.9805, F1: 0.0076
  Predicting class 1: 21.27770%
Epoch 543 | Loss: 0.2970

Epoch 544 | Loss: 0.3001 | Acc: 0.7908
  Class 1 - P: 0.0039, R: 0.9802, F1: 0.0077
  Predicting class 1: 20.99567%
Epoch 545 | Loss: 0.2972

Epoch 546 | Loss: 0.2998 | Acc: 0.7926
  Class 1 - P: 0.0039, R: 0.9796, F1: 0.0078
  Predicting class 1: 20.81714%
  Saved best model (F1: 0.0078)
Epoch 547 | Loss: 0.3032

Epoch 548 | Loss: 0.3011 | Acc: 0.7902
  Class 1 - P: 0.0039, R: 0.9808, F1: 0.0077
  Predicting class 1: 21.06087%
Epoch 549 | Loss: 0.2966

Epoch 550 | Loss: 0.3042 | Acc: 0.7877
  Class 1 - P: 0.0038, R: 0.9811, F1: 0.0076
  Predicting class 1: 21.31428%
Epoch 551 | Loss: 0.3005

Epoch 552 | Loss: 0.3017 | Acc: 0.7857
  Class 1 - P: 0.0038, R: 0.9822, F1: 0.0076
  Predicting class 1: 21.50612%
Epoch 553 | Loss: 0.2978

Epoch 554 | Loss: 0.2907 | Acc: 0.7910
  Class 1 - P: 0.0039, R: 0.9805, F1: 0.0077
  Predicting class 1: 20.97984%
Epoch 555 | Loss: 0.2961

Epoch 556 | Loss: 0.2982 | Acc: 0.7958
  Class 1 - P: 0.0040, R: 0.9781, F1: 0.0079
  Predicting class 1: 20.49686%
  Saved best model (F1: 0.0079)
Epoch 557 | Loss: 0.2949

Epoch 558 | Loss: 0.2918 | Acc: 0.7973
  Class 1 - P: 0.0040, R: 0.9778, F1: 0.0080
  Predicting class 1: 20.35186%
  Saved best model (F1: 0.0080)
Epoch 559 | Loss: 0.2932

Epoch 560 | Loss: 0.2896 | Acc: 0.7964
  Class 1 - P: 0.0040, R: 0.9781, F1: 0.0079
  Predicting class 1: 20.43700%
Epoch 561 | Loss: 0.2959

Epoch 562 | Loss: 0.2926 | Acc: 0.7926
  Class 1 - P: 0.0039, R: 0.9805, F1: 0.0078
  Predicting class 1: 20.82081%
Epoch 563 | Loss: 0.2902

Epoch 564 | Loss: 0.3003 | Acc: 0.7907
  Class 1 - P: 0.0039, R: 0.9808, F1: 0.0077
  Predicting class 1: 21.00803%
Epoch 565 | Loss: 0.2930

Epoch 566 | Loss: 0.2916 | Acc: 0.7922
  Class 1 - P: 0.0039, R: 0.9805, F1: 0.0078
  Predicting class 1: 20.86081%
Epoch 567 | Loss: 0.2921

Epoch 568 | Loss: 0.2943 | Acc: 0.7953
  Class 1 - P: 0.0040, R: 0.9790, F1: 0.0079
  Predicting class 1: 20.54518%
Epoch 569 | Loss: 0.2872

Epoch 570 | Loss: 0.2879 | Acc: 0.7972
  Class 1 - P: 0.0040, R: 0.9784, F1: 0.0080
  Predicting class 1: 20.35789%
  Saved best model (F1: 0.0080)
Epoch 571 | Loss: 0.2925

Epoch 572 | Loss: 0.2913 | Acc: 0.7947
  Class 1 - P: 0.0040, R: 0.9799, F1: 0.0079
  Predicting class 1: 20.60802%
Epoch 573 | Loss: 0.2952

Epoch 574 | Loss: 0.2896 | Acc: 0.7923
  Class 1 - P: 0.0039, R: 0.9805, F1: 0.0078
  Predicting class 1: 20.85010%
Epoch 575 | Loss: 0.2922

Epoch 576 | Loss: 0.2873 | Acc: 0.7941
  Class 1 - P: 0.0039, R: 0.9799, F1: 0.0079
  Predicting class 1: 20.67344%
Epoch 577 | Loss: 0.2870

Epoch 578 | Loss: 0.2913 | Acc: 0.7974
  Class 1 - P: 0.0040, R: 0.9796, F1: 0.0080
  Predicting class 1: 20.33645%
  Saved best model (F1: 0.0080)
Epoch 579 | Loss: 0.2944

Epoch 580 | Loss: 0.2874 | Acc: 0.7970
  Class 1 - P: 0.0040, R: 0.9799, F1: 0.0080
  Predicting class 1: 20.37777%
Epoch 581 | Loss: 0.2877

Epoch 582 | Loss: 0.2923 | Acc: 0.7949
  Class 1 - P: 0.0040, R: 0.9802, F1: 0.0079
  Predicting class 1: 20.58611%
Epoch 583 | Loss: 0.2902

Epoch 584 | Loss: 0.2891 | Acc: 0.7924
  Class 1 - P: 0.0039, R: 0.9817, F1: 0.0078
  Predicting class 1: 20.84107%
Epoch 585 | Loss: 0.2947

Epoch 586 | Loss: 0.2901 | Acc: 0.7924
  Class 1 - P: 0.0039, R: 0.9817, F1: 0.0078
  Predicting class 1: 20.84006%
Epoch 587 | Loss: 0.2856

Epoch 588 | Loss: 0.2869 | Acc: 0.7959
  Class 1 - P: 0.0040, R: 0.9808, F1: 0.0079
  Predicting class 1: 20.48544%
Epoch 589 | Loss: 0.2865

Epoch 590 | Loss: 0.2875 | Acc: 0.7999
  Class 1 - P: 0.0041, R: 0.9799, F1: 0.0081
  Predicting class 1: 20.09466%
  Saved best model (F1: 0.0081)
Epoch 591 | Loss: 0.2879

Epoch 592 | Loss: 0.2832 | Acc: 0.7991
  Class 1 - P: 0.0040, R: 0.9802, F1: 0.0081
  Predicting class 1: 20.16762%
Epoch 593 | Loss: 0.2898

Epoch 594 | Loss: 0.2821 | Acc: 0.7970
  Class 1 - P: 0.0040, R: 0.9817, F1: 0.0080
  Predicting class 1: 20.37635%
Epoch 595 | Loss: 0.2870

Epoch 596 | Loss: 0.2859 | Acc: 0.7956
  Class 1 - P: 0.0040, R: 0.9822, F1: 0.0079
  Predicting class 1: 20.51950%
Epoch 597 | Loss: 0.2873

Epoch 598 | Loss: 0.2844 | Acc: 0.7960
  Class 1 - P: 0.0040, R: 0.9822, F1: 0.0079
  Predicting class 1: 20.48362%
Epoch 599 | Loss: 0.2861

Epoch 600 | Loss: 0.2863 | Acc: 0.7969
  Class 1 - P: 0.0040, R: 0.9822, F1: 0.0080
  Predicting class 1: 20.39441%
Epoch 601 | Loss: 0.2913

Epoch 602 | Loss: 0.2883 | Acc: 0.7972
  Class 1 - P: 0.0040, R: 0.9822, F1: 0.0080
  Predicting class 1: 20.36436%
Epoch 603 | Loss: 0.2826

Epoch 604 | Loss: 0.2800 | Acc: 0.8001
  Class 1 - P: 0.0041, R: 0.9811, F1: 0.0081
  Predicting class 1: 20.07066%
  Saved best model (F1: 0.0081)
Epoch 605 | Loss: 0.2824

Epoch 606 | Loss: 0.2871 | Acc: 0.7997
  Class 1 - P: 0.0041, R: 0.9817, F1: 0.0081
  Predicting class 1: 20.11361%
Epoch 607 | Loss: 0.2818

Epoch 608 | Loss: 0.2833 | Acc: 0.7965
  Class 1 - P: 0.0040, R: 0.9825, F1: 0.0080
  Predicting class 1: 20.42863%
Epoch 609 | Loss: 0.2855

Epoch 610 | Loss: 0.2799 | Acc: 0.7954
  Class 1 - P: 0.0040, R: 0.9828, F1: 0.0079
  Predicting class 1: 20.54276%
Epoch 611 | Loss: 0.2847

Epoch 612 | Loss: 0.2846 | Acc: 0.7968
  Class 1 - P: 0.0040, R: 0.9828, F1: 0.0080
  Predicting class 1: 20.39727%
Epoch 613 | Loss: 0.2815

Epoch 614 | Loss: 0.2778 | Acc: 0.8008
  Class 1 - P: 0.0041, R: 0.9820, F1: 0.0081
  Predicting class 1: 19.99805%
  Saved best model (F1: 0.0081)
Epoch 615 | Loss: 0.2841

Epoch 616 | Loss: 0.2827 | Acc: 0.8032
  Class 1 - P: 0.0041, R: 0.9802, F1: 0.0082
  Predicting class 1: 19.75882%
  Saved best model (F1: 0.0082)
Epoch 617 | Loss: 0.2868

Epoch 618 | Loss: 0.2794 | Acc: 0.7997
  Class 1 - P: 0.0041, R: 0.9822, F1: 0.0081
  Predicting class 1: 20.11423%
Epoch 619 | Loss: 0.2794

Epoch 620 | Loss: 0.2805 | Acc: 0.7963
  Class 1 - P: 0.0040, R: 0.9828, F1: 0.0080
  Predicting class 1: 20.44613%
Epoch 621 | Loss: 0.2849

Epoch 622 | Loss: 0.2795 | Acc: 0.7965
  Class 1 - P: 0.0040, R: 0.9828, F1: 0.0080
  Predicting class 1: 20.42575%
Epoch 623 | Loss: 0.2803

Epoch 624 | Loss: 0.2798 | Acc: 0.7993
  Class 1 - P: 0.0041, R: 0.9822, F1: 0.0081
  Predicting class 1: 20.14926%
Epoch 625 | Loss: 0.2837

Epoch 626 | Loss: 0.2786 | Acc: 0.8000
  Class 1 - P: 0.0041, R: 0.9822, F1: 0.0081
  Predicting class 1: 20.07748%
Epoch 627 | Loss: 0.2843

Epoch 628 | Loss: 0.2839 | Acc: 0.8002
  Class 1 - P: 0.0041, R: 0.9825, F1: 0.0081
  Predicting class 1: 20.05545%
Epoch 629 | Loss: 0.2763

Epoch 630 | Loss: 0.2757 | Acc: 0.8010
  Class 1 - P: 0.0041, R: 0.9822, F1: 0.0081
  Predicting class 1: 19.98109%
Epoch 631 | Loss: 0.2757

Epoch 632 | Loss: 0.2845 | Acc: 0.8026
  Class 1 - P: 0.0041, R: 0.9820, F1: 0.0082
  Predicting class 1: 19.82223%
Epoch 633 | Loss: 0.2781

Epoch 634 | Loss: 0.2768 | Acc: 0.8027
  Class 1 - P: 0.0041, R: 0.9820, F1: 0.0082
  Predicting class 1: 19.80692%
Epoch 635 | Loss: 0.2808

Epoch 636 | Loss: 0.2807 | Acc: 0.7999
  Class 1 - P: 0.0041, R: 0.9825, F1: 0.0081
  Predicting class 1: 20.08932%
Epoch 637 | Loss: 0.2815

Epoch 638 | Loss: 0.2741 | Acc: 0.7977
  Class 1 - P: 0.0040, R: 0.9828, F1: 0.0080
  Predicting class 1: 20.30735%
Epoch 639 | Loss: 0.2770

Epoch 640 | Loss: 0.2826 | Acc: 0.8003
  Class 1 - P: 0.0041, R: 0.9828, F1: 0.0081
  Predicting class 1: 20.04752%
Epoch 641 | Loss: 0.2752

Epoch 642 | Loss: 0.2798 | Acc: 0.8021
  Class 1 - P: 0.0041, R: 0.9822, F1: 0.0082
  Predicting class 1: 19.87222%
Epoch 643 | Loss: 0.2836

Epoch 644 | Loss: 0.2801 | Acc: 0.7999
  Class 1 - P: 0.0041, R: 0.9825, F1: 0.0081
  Predicting class 1: 20.09252%
Epoch 645 | Loss: 0.2748

Epoch 646 | Loss: 0.2752 | Acc: 0.7990
  Class 1 - P: 0.0041, R: 0.9831, F1: 0.0081
  Predicting class 1: 20.18175%
Epoch 647 | Loss: 0.2773

Epoch 648 | Loss: 0.2694 | Acc: 0.8008
  Class 1 - P: 0.0041, R: 0.9825, F1: 0.0081
  Predicting class 1: 19.99780%
Epoch 649 | Loss: 0.2773

Epoch 650 | Loss: 0.2770 | Acc: 0.8033
  Class 1 - P: 0.0041, R: 0.9822, F1: 0.0082
  Predicting class 1: 19.75200%
  Saved best model (F1: 0.0082)
Epoch 651 | Loss: 0.2746

Epoch 652 | Loss: 0.2730 | Acc: 0.8031
  Class 1 - P: 0.0041, R: 0.9822, F1: 0.0082
  Predicting class 1: 19.77421%
Epoch 653 | Loss: 0.2706

Epoch 654 | Loss: 0.2757 | Acc: 0.8026
  Class 1 - P: 0.0041, R: 0.9828, F1: 0.0082
  Predicting class 1: 19.81782%
Epoch 655 | Loss: 0.2762

Epoch 656 | Loss: 0.2737 | Acc: 0.7999
  Class 1 - P: 0.0041, R: 0.9840, F1: 0.0081
  Predicting class 1: 20.08762%
Epoch 657 | Loss: 0.2737

Epoch 658 | Loss: 0.2737 | Acc: 0.7999
  Class 1 - P: 0.0041, R: 0.9840, F1: 0.0081
  Predicting class 1: 20.09124%
Epoch 659 | Loss: 0.2705

Epoch 660 | Loss: 0.2738 | Acc: 0.8022
  Class 1 - P: 0.0041, R: 0.9837, F1: 0.0082
  Predicting class 1: 19.85839%
Epoch 661 | Loss: 0.2711

Epoch 662 | Loss: 0.2770 | Acc: 0.8037
  Class 1 - P: 0.0042, R: 0.9831, F1: 0.0083
  Predicting class 1: 19.70886%
  Saved best model (F1: 0.0083)
Epoch 663 | Loss: 0.2732

Epoch 664 | Loss: 0.2718 | Acc: 0.8033
  Class 1 - P: 0.0041, R: 0.9831, F1: 0.0082
  Predicting class 1: 19.75137%
Epoch 665 | Loss: 0.2699

Epoch 666 | Loss: 0.2717 | Acc: 0.8030
  Class 1 - P: 0.0041, R: 0.9834, F1: 0.0082
  Predicting class 1: 19.78442%
Epoch 667 | Loss: 0.2693

Epoch 668 | Loss: 0.2746 | Acc: 0.8028
  Class 1 - P: 0.0041, R: 0.9837, F1: 0.0082
  Predicting class 1: 19.80133%
Epoch 669 | Loss: 0.2727

Epoch 670 | Loss: 0.2752 | Acc: 0.8016
  Class 1 - P: 0.0041, R: 0.9843, F1: 0.0082
  Predicting class 1: 19.91914%
Epoch 671 | Loss: 0.2745

Epoch 672 | Loss: 0.2748 | Acc: 0.8007
  Class 1 - P: 0.0041, R: 0.9843, F1: 0.0082
  Predicting class 1: 20.00967%
Epoch 673 | Loss: 0.2778

Epoch 674 | Loss: 0.2715 | Acc: 0.8000
  Class 1 - P: 0.0041, R: 0.9846, F1: 0.0081
  Predicting class 1: 20.08462%
Epoch 675 | Loss: 0.2726

Epoch 676 | Loss: 0.2709 | Acc: 0.8025
  Class 1 - P: 0.0041, R: 0.9840, F1: 0.0082
  Predicting class 1: 19.83124%
Epoch 677 | Loss: 0.2730

Epoch 678 | Loss: 0.2714 | Acc: 0.8051
  Class 1 - P: 0.0042, R: 0.9834, F1: 0.0083
  Predicting class 1: 19.56728%
  Saved best model (F1: 0.0083)
Epoch 679 | Loss: 0.2697

Epoch 680 | Loss: 0.2778 | Acc: 0.8059
  Class 1 - P: 0.0042, R: 0.9831, F1: 0.0084
  Predicting class 1: 19.49375%
  Saved best model (F1: 0.0084)
Epoch 681 | Loss: 0.2678

Epoch 682 | Loss: 0.2680 | Acc: 0.8057
  Class 1 - P: 0.0042, R: 0.9834, F1: 0.0084
  Predicting class 1: 19.51042%
Epoch 683 | Loss: 0.2706

Epoch 684 | Loss: 0.2703 | Acc: 0.8036
  Class 1 - P: 0.0042, R: 0.9843, F1: 0.0083
  Predicting class 1: 19.72468%
Epoch 685 | Loss: 0.2689

Epoch 686 | Loss: 0.2699 | Acc: 0.8030
  Class 1 - P: 0.0041, R: 0.9846, F1: 0.0082
  Predicting class 1: 19.77760%
Epoch 687 | Loss: 0.2679

Epoch 688 | Loss: 0.2694 | Acc: 0.8052
  Class 1 - P: 0.0042, R: 0.9840, F1: 0.0083
  Predicting class 1: 19.55974%
Epoch 689 | Loss: 0.2667

Epoch 690 | Loss: 0.2699 | Acc: 0.8073
  Class 1 - P: 0.0042, R: 0.9834, F1: 0.0084
  Predicting class 1: 19.34762%
  Saved best model (F1: 0.0084)
Epoch 691 | Loss: 0.2695

Epoch 692 | Loss: 0.2703 | Acc: 0.8039
  Class 1 - P: 0.0042, R: 0.9843, F1: 0.0083
  Predicting class 1: 19.69027%
Epoch 693 | Loss: 0.2687

Epoch 694 | Loss: 0.2703 | Acc: 0.8013
  Class 1 - P: 0.0041, R: 0.9852, F1: 0.0082
  Predicting class 1: 19.95539%
Epoch 695 | Loss: 0.2653

Epoch 696 | Loss: 0.2705 | Acc: 0.8023
  Class 1 - P: 0.0041, R: 0.9852, F1: 0.0082
  Predicting class 1: 19.84707%
Epoch 697 | Loss: 0.2693

Epoch 698 | Loss: 0.2683 | Acc: 0.8046
  Class 1 - P: 0.0042, R: 0.9846, F1: 0.0083
  Predicting class 1: 19.62534%
Epoch 699 | Loss: 0.2693

Epoch 700 | Loss: 0.2707 | Acc: 0.8062
  Class 1 - P: 0.0042, R: 0.9843, F1: 0.0084
  Predicting class 1: 19.46001%
Epoch 701 | Loss: 0.2656

Epoch 702 | Loss: 0.2604 | Acc: 0.8065
  Class 1 - P: 0.0042, R: 0.9843, F1: 0.0084
  Predicting class 1: 19.43396%
Epoch 703 | Loss: 0.2662

Epoch 704 | Loss: 0.2643 | Acc: 0.8073
  Class 1 - P: 0.0042, R: 0.9843, F1: 0.0084
  Predicting class 1: 19.35313%
  Saved best model (F1: 0.0084)
Epoch 705 | Loss: 0.2693

Epoch 706 | Loss: 0.2672 | Acc: 0.8064
  Class 1 - P: 0.0042, R: 0.9846, F1: 0.0084
  Predicting class 1: 19.43798%
Epoch 707 | Loss: 0.2665

Epoch 708 | Loss: 0.2670 | Acc: 0.8041
  Class 1 - P: 0.0042, R: 0.9855, F1: 0.0083
  Predicting class 1: 19.66782%
Epoch 709 | Loss: 0.2664

Epoch 710 | Loss: 0.2623 | Acc: 0.8041
  Class 1 - P: 0.0042, R: 0.9852, F1: 0.0083
  Predicting class 1: 19.67445%
Epoch 711 | Loss: 0.2635

Epoch 712 | Loss: 0.2643 | Acc: 0.8068
  Class 1 - P: 0.0042, R: 0.9846, F1: 0.0084
  Predicting class 1: 19.39588%
Epoch 713 | Loss: 0.2646

Epoch 714 | Loss: 0.2645 | Acc: 0.8085
  Class 1 - P: 0.0043, R: 0.9840, F1: 0.0085
  Predicting class 1: 19.22930%
  Saved best model (F1: 0.0085)
Epoch 715 | Loss: 0.2650

Epoch 716 | Loss: 0.2660 | Acc: 0.8073
  Class 1 - P: 0.0042, R: 0.9846, F1: 0.0084
  Predicting class 1: 19.35227%
Epoch 717 | Loss: 0.2650

Epoch 718 | Loss: 0.2663 | Acc: 0.8053
  Class 1 - P: 0.0042, R: 0.9849, F1: 0.0083
  Predicting class 1: 19.55295%
Epoch 719 | Loss: 0.2641

Epoch 720 | Loss: 0.2610 | Acc: 0.8054
  Class 1 - P: 0.0042, R: 0.9849, F1: 0.0084
  Predicting class 1: 19.54276%
Epoch 721 | Loss: 0.2628

Epoch 722 | Loss: 0.2615 | Acc: 0.8081
  Class 1 - P: 0.0043, R: 0.9846, F1: 0.0085
  Predicting class 1: 19.27134%
Epoch 723 | Loss: 0.2625

Epoch 724 | Loss: 0.2712 | Acc: 0.8098
  Class 1 - P: 0.0043, R: 0.9843, F1: 0.0085
  Predicting class 1: 19.10243%
  Saved best model (F1: 0.0085)
Epoch 725 | Loss: 0.2699

Epoch 726 | Loss: 0.2623 | Acc: 0.8086
  Class 1 - P: 0.0043, R: 0.9843, F1: 0.0085
  Predicting class 1: 19.22324%
Epoch 727 | Loss: 0.2624

Epoch 728 | Loss: 0.2588 | Acc: 0.8076
  Class 1 - P: 0.0042, R: 0.9852, F1: 0.0084
  Predicting class 1: 19.31852%
Epoch 729 | Loss: 0.2641

Epoch 730 | Loss: 0.2628 | Acc: 0.8069
  Class 1 - P: 0.0042, R: 0.9852, F1: 0.0084
  Predicting class 1: 19.38796%
Epoch 731 | Loss: 0.2629

Epoch 732 | Loss: 0.2622 | Acc: 0.8060
  Class 1 - P: 0.0042, R: 0.9855, F1: 0.0084
  Predicting class 1: 19.48482%
Epoch 733 | Loss: 0.2657

Epoch 734 | Loss: 0.2612 | Acc: 0.8069
  Class 1 - P: 0.0042, R: 0.9852, F1: 0.0084
  Predicting class 1: 19.39202%
Epoch 735 | Loss: 0.2604

Epoch 736 | Loss: 0.2635 | Acc: 0.8095
  Class 1 - P: 0.0043, R: 0.9852, F1: 0.0085
  Predicting class 1: 19.12907%
Epoch 737 | Loss: 0.2635

Epoch 738 | Loss: 0.2625 | Acc: 0.8102
  Class 1 - P: 0.0043, R: 0.9852, F1: 0.0086
  Predicting class 1: 19.06571%
  Saved best model (F1: 0.0086)
Epoch 739 | Loss: 0.2623

Epoch 740 | Loss: 0.2571 | Acc: 0.8080
  Class 1 - P: 0.0043, R: 0.9855, F1: 0.0085
  Predicting class 1: 19.28150%
Epoch 741 | Loss: 0.2590

Epoch 742 | Loss: 0.2605 | Acc: 0.8065
  Class 1 - P: 0.0042, R: 0.9855, F1: 0.0084
  Predicting class 1: 19.42746%
Epoch 743 | Loss: 0.2645

Epoch 744 | Loss: 0.2587 | Acc: 0.8071
  Class 1 - P: 0.0042, R: 0.9855, F1: 0.0084
  Predicting class 1: 19.37457%
Epoch 745 | Loss: 0.2661

Epoch 746 | Loss: 0.2592 | Acc: 0.8085
  Class 1 - P: 0.0043, R: 0.9855, F1: 0.0085
  Predicting class 1: 19.23178%
Epoch 747 | Loss: 0.2602

Epoch 748 | Loss: 0.2589 | Acc: 0.8102
  Class 1 - P: 0.0043, R: 0.9852, F1: 0.0086
  Predicting class 1: 19.05763%
  Saved best model (F1: 0.0086)
Epoch 749 | Loss: 0.2615

Epoch 750 | Loss: 0.2627 | Acc: 0.8096
  Class 1 - P: 0.0043, R: 0.9852, F1: 0.0085
  Predicting class 1: 19.11673%
Epoch 751 | Loss: 0.2614

Epoch 752 | Loss: 0.2636 | Acc: 0.8078
  Class 1 - P: 0.0042, R: 0.9858, F1: 0.0085
  Predicting class 1: 19.30474%
Epoch 753 | Loss: 0.2565

Epoch 754 | Loss: 0.2570 | Acc: 0.8070
  Class 1 - P: 0.0042, R: 0.9858, F1: 0.0084
  Predicting class 1: 19.37683%
Epoch 755 | Loss: 0.2586

Epoch 756 | Loss: 0.2618 | Acc: 0.8072
  Class 1 - P: 0.0042, R: 0.9858, F1: 0.0084
  Predicting class 1: 19.35586%
Epoch 757 | Loss: 0.2575

Epoch 758 | Loss: 0.2624 | Acc: 0.8088
  Class 1 - P: 0.0043, R: 0.9852, F1: 0.0085
  Predicting class 1: 19.20005%
Epoch 759 | Loss: 0.2594

Epoch 760 | Loss: 0.2592 | Acc: 0.8103
  Class 1 - P: 0.0043, R: 0.9852, F1: 0.0086
  Predicting class 1: 19.05362%
  Saved best model (F1: 0.0086)
Epoch 761 | Loss: 0.2563

Epoch 762 | Loss: 0.2569 | Acc: 0.8107
  Class 1 - P: 0.0043, R: 0.9852, F1: 0.0086
  Predicting class 1: 19.00836%
  Saved best model (F1: 0.0086)
Epoch 763 | Loss: 0.2599

Epoch 764 | Loss: 0.2579 | Acc: 0.8103
  Class 1 - P: 0.0043, R: 0.9855, F1: 0.0086
  Predicting class 1: 19.04680%
Epoch 765 | Loss: 0.2576

Epoch 766 | Loss: 0.2574 | Acc: 0.8091
  Class 1 - P: 0.0043, R: 0.9858, F1: 0.0085
  Predicting class 1: 19.17192%
Epoch 767 | Loss: 0.2625

Epoch 768 | Loss: 0.2571 | Acc: 0.8075
  Class 1 - P: 0.0042, R: 0.9858, F1: 0.0084
  Predicting class 1: 19.33430%
Epoch 769 | Loss: 0.2592

Epoch 770 | Loss: 0.2566 | Acc: 0.8085
  Class 1 - P: 0.0043, R: 0.9858, F1: 0.0085
  Predicting class 1: 19.23119%
Epoch 771 | Loss: 0.2614

Epoch 772 | Loss: 0.2608 | Acc: 0.8097
  Class 1 - P: 0.0043, R: 0.9858, F1: 0.0085
  Predicting class 1: 19.11294%
Epoch 773 | Loss: 0.2620

Epoch 774 | Loss: 0.2589 | Acc: 0.8095
  Class 1 - P: 0.0043, R: 0.9858, F1: 0.0085
  Predicting class 1: 19.12907%
Epoch 775 | Loss: 0.2548

Epoch 776 | Loss: 0.2575 | Acc: 0.8096
  Class 1 - P: 0.0043, R: 0.9861, F1: 0.0085
  Predicting class 1: 19.12124%
Epoch 777 | Loss: 0.2553

Epoch 778 | Loss: 0.2571 | Acc: 0.8103
  Class 1 - P: 0.0043, R: 0.9861, F1: 0.0086
  Predicting class 1: 19.04735%
Epoch 779 | Loss: 0.2580

Epoch 780 | Loss: 0.2551 | Acc: 0.8117
  Class 1 - P: 0.0043, R: 0.9852, F1: 0.0086
  Predicting class 1: 18.91054%
  Saved best model (F1: 0.0086)
Epoch 781 | Loss: 0.2578

Epoch 782 | Loss: 0.2586 | Acc: 0.8119
  Class 1 - P: 0.0043, R: 0.9858, F1: 0.0086
  Predicting class 1: 18.89112%
  Saved best model (F1: 0.0086)
Epoch 783 | Loss: 0.2548

Epoch 784 | Loss: 0.2539 | Acc: 0.8128
  Class 1 - P: 0.0044, R: 0.9858, F1: 0.0087
  Predicting class 1: 18.79899%
  Saved best model (F1: 0.0087)
Epoch 785 | Loss: 0.2526

Epoch 786 | Loss: 0.2546 | Acc: 0.8143
  Class 1 - P: 0.0044, R: 0.9849, F1: 0.0087
  Predicting class 1: 18.65367%
  Saved best model (F1: 0.0087)
Epoch 787 | Loss: 0.2577

Epoch 788 | Loss: 0.2550 | Acc: 0.8139
  Class 1 - P: 0.0044, R: 0.9855, F1: 0.0087
  Predicting class 1: 18.68921%
Epoch 789 | Loss: 0.2546

Epoch 790 | Loss: 0.2552 | Acc: 0.8124
  Class 1 - P: 0.0044, R: 0.9858, F1: 0.0087
  Predicting class 1: 18.84187%
Epoch 791 | Loss: 0.2542

Epoch 792 | Loss: 0.2573 | Acc: 0.8107
  Class 1 - P: 0.0043, R: 0.9864, F1: 0.0086
  Predicting class 1: 19.00890%
Epoch 793 | Loss: 0.2536

Epoch 794 | Loss: 0.2535 | Acc: 0.8093
  Class 1 - P: 0.0043, R: 0.9864, F1: 0.0085
  Predicting class 1: 19.14750%
Epoch 795 | Loss: 0.2554

Epoch 796 | Loss: 0.2543 | Acc: 0.8106
  Class 1 - P: 0.0043, R: 0.9861, F1: 0.0086
  Predicting class 1: 19.01953%
Epoch 797 | Loss: 0.2520

Epoch 798 | Loss: 0.2519 | Acc: 0.8143
  Class 1 - P: 0.0044, R: 0.9849, F1: 0.0087
  Predicting class 1: 18.65423%
Epoch 799 | Loss: 0.2570

Epoch 800 | Loss: 0.2572 | Acc: 0.8146
  Class 1 - P: 0.0044, R: 0.9849, F1: 0.0088
  Predicting class 1: 18.62462%
  Saved best model (F1: 0.0088)
Epoch 801 | Loss: 0.2553

Epoch 802 | Loss: 0.2504 | Acc: 0.8126
  Class 1 - P: 0.0044, R: 0.9855, F1: 0.0087
  Predicting class 1: 18.82070%
Epoch 803 | Loss: 0.2544

Epoch 804 | Loss: 0.2570 | Acc: 0.8103
  Class 1 - P: 0.0043, R: 0.9861, F1: 0.0086
  Predicting class 1: 19.04821%
Epoch 805 | Loss: 0.2532

Epoch 806 | Loss: 0.2664 | Acc: 0.8103
  Class 1 - P: 0.0043, R: 0.9864, F1: 0.0086
  Predicting class 1: 19.05426%
Epoch 807 | Loss: 0.2520

Epoch 808 | Loss: 0.2528 | Acc: 0.8124
  Class 1 - P: 0.0044, R: 0.9861, F1: 0.0087
  Predicting class 1: 18.83867%
Epoch 809 | Loss: 0.2534

Epoch 810 | Loss: 0.2498 | Acc: 0.8152
  Class 1 - P: 0.0044, R: 0.9849, F1: 0.0088
  Predicting class 1: 18.56345%
  Saved best model (F1: 0.0088)
Epoch 811 | Loss: 0.2533

Epoch 812 | Loss: 0.2541 | Acc: 0.8151
  Class 1 - P: 0.0044, R: 0.9855, F1: 0.0088
  Predicting class 1: 18.57039%
  Saved best model (F1: 0.0088)
Epoch 813 | Loss: 0.2487

Epoch 814 | Loss: 0.2529 | Acc: 0.8137
  Class 1 - P: 0.0044, R: 0.9861, F1: 0.0087
  Predicting class 1: 18.70922%
Epoch 815 | Loss: 0.2523

Epoch 816 | Loss: 0.2509 | Acc: 0.8124
  Class 1 - P: 0.0044, R: 0.9864, F1: 0.0087
  Predicting class 1: 18.84007%
Epoch 817 | Loss: 0.2506

Epoch 818 | Loss: 0.2538 | Acc: 0.8129
  Class 1 - P: 0.0044, R: 0.9864, F1: 0.0087
  Predicting class 1: 18.78661%
Epoch 819 | Loss: 0.2560

Epoch 820 | Loss: 0.2502 | Acc: 0.8138
  Class 1 - P: 0.0044, R: 0.9855, F1: 0.0087
  Predicting class 1: 18.70309%
Epoch 821 | Loss: 0.2492

Epoch 822 | Loss: 0.2523 | Acc: 0.8143
  Class 1 - P: 0.0044, R: 0.9855, F1: 0.0088
  Predicting class 1: 18.64584%
Epoch 823 | Loss: 0.2487

Epoch 824 | Loss: 0.2509 | Acc: 0.8141
  Class 1 - P: 0.0044, R: 0.9858, F1: 0.0087
  Predicting class 1: 18.66674%
Epoch 825 | Loss: 0.2502

Epoch 826 | Loss: 0.2493 | Acc: 0.8143
  Class 1 - P: 0.0044, R: 0.9855, F1: 0.0088
  Predicting class 1: 18.64823%
Epoch 827 | Loss: 0.2493

Epoch 828 | Loss: 0.2461 | Acc: 0.8153
  Class 1 - P: 0.0044, R: 0.9852, F1: 0.0088
  Predicting class 1: 18.55009%
  Saved best model (F1: 0.0088)
Epoch 829 | Loss: 0.2464

Epoch 830 | Loss: 0.2489 | Acc: 0.8167
  Class 1 - P: 0.0045, R: 0.9852, F1: 0.0089
  Predicting class 1: 18.40819%
  Saved best model (F1: 0.0089)
Epoch 831 | Loss: 0.2529

Epoch 832 | Loss: 0.2488 | Acc: 0.8156
  Class 1 - P: 0.0044, R: 0.9852, F1: 0.0088
  Predicting class 1: 18.51580%
Epoch 833 | Loss: 0.2496

Epoch 834 | Loss: 0.2458 | Acc: 0.8155
  Class 1 - P: 0.0044, R: 0.9852, F1: 0.0088
  Predicting class 1: 18.53185%
Epoch 835 | Loss: 0.2557

Epoch 836 | Loss: 0.2494 | Acc: 0.8143
  Class 1 - P: 0.0044, R: 0.9855, F1: 0.0088
  Predicting class 1: 18.64734%
Epoch 837 | Loss: 0.2522

Epoch 838 | Loss: 0.2511 | Acc: 0.8136
  Class 1 - P: 0.0044, R: 0.9861, F1: 0.0087
  Predicting class 1: 18.71985%
Epoch 839 | Loss: 0.2484

Epoch 840 | Loss: 0.2485 | Acc: 0.8146
  Class 1 - P: 0.0044, R: 0.9861, F1: 0.0088
  Predicting class 1: 18.61921%
Epoch 841 | Loss: 0.2524

Epoch 842 | Loss: 0.2481 | Acc: 0.8154
  Class 1 - P: 0.0044, R: 0.9861, F1: 0.0088
  Predicting class 1: 18.53938%
Epoch 843 | Loss: 0.2478

Epoch 844 | Loss: 0.2506 | Acc: 0.8158
  Class 1 - P: 0.0044, R: 0.9861, F1: 0.0088
  Predicting class 1: 18.49599%
Epoch 845 | Loss: 0.2487

Epoch 846 | Loss: 0.2489 | Acc: 0.8154
  Class 1 - P: 0.0044, R: 0.9861, F1: 0.0088
  Predicting class 1: 18.54179%
Epoch 847 | Loss: 0.2494

Epoch 848 | Loss: 0.2443 | Acc: 0.8156
  Class 1 - P: 0.0044, R: 0.9861, F1: 0.0088
  Predicting class 1: 18.52508%
Epoch 849 | Loss: 0.2482

Epoch 850 | Loss: 0.2475 | Acc: 0.8167
  Class 1 - P: 0.0045, R: 0.9858, F1: 0.0089
  Predicting class 1: 18.41102%
  Saved best model (F1: 0.0089)
Epoch 851 | Loss: 0.2468

Epoch 852 | Loss: 0.2488 | Acc: 0.8174
  Class 1 - P: 0.0045, R: 0.9858, F1: 0.0089
  Predicting class 1: 18.33959%
  Saved best model (F1: 0.0089)
Epoch 853 | Loss: 0.2508

Epoch 854 | Loss: 0.2460 | Acc: 0.8160
  Class 1 - P: 0.0044, R: 0.9861, F1: 0.0088
  Predicting class 1: 18.48464%
Epoch 855 | Loss: 0.2464

Epoch 856 | Loss: 0.2448 | Acc: 0.8160
  Class 1 - P: 0.0044, R: 0.9861, F1: 0.0088
  Predicting class 1: 18.48063%
Epoch 857 | Loss: 0.2564

Epoch 858 | Loss: 0.2480 | Acc: 0.8180
  Class 1 - P: 0.0045, R: 0.9852, F1: 0.0089
  Predicting class 1: 18.27817%
  Saved best model (F1: 0.0089)
Epoch 859 | Loss: 0.2419

Epoch 860 | Loss: 0.2487 | Acc: 0.8194
  Class 1 - P: 0.0045, R: 0.9849, F1: 0.0090
  Predicting class 1: 18.14115%
  Saved best model (F1: 0.0090)
Epoch 861 | Loss: 0.2507

Epoch 862 | Loss: 0.2457 | Acc: 0.8170
  Class 1 - P: 0.0045, R: 0.9858, F1: 0.0089
  Predicting class 1: 18.37968%
Epoch 863 | Loss: 0.2468

Epoch 864 | Loss: 0.2478 | Acc: 0.8151
  Class 1 - P: 0.0044, R: 0.9861, F1: 0.0088
  Predicting class 1: 18.56801%
Epoch 865 | Loss: 0.2483

Epoch 866 | Loss: 0.2444 | Acc: 0.8150
  Class 1 - P: 0.0044, R: 0.9864, F1: 0.0088
  Predicting class 1: 18.58504%
Epoch 867 | Loss: 0.2441

Epoch 868 | Loss: 0.2467 | Acc: 0.8173
  Class 1 - P: 0.0045, R: 0.9858, F1: 0.0089
  Predicting class 1: 18.35138%
Epoch 869 | Loss: 0.2489

Epoch 870 | Loss: 0.2441 | Acc: 0.8187
  Class 1 - P: 0.0045, R: 0.9855, F1: 0.0090
  Predicting class 1: 18.21255%
Epoch 871 | Loss: 0.2472

Epoch 872 | Loss: 0.2468 | Acc: 0.8180
  Class 1 - P: 0.0045, R: 0.9858, F1: 0.0089
  Predicting class 1: 18.28179%
Epoch 873 | Loss: 0.2472

Epoch 874 | Loss: 0.2428 | Acc: 0.8169
  Class 1 - P: 0.0045, R: 0.9858, F1: 0.0089
  Predicting class 1: 18.38859%
Epoch 875 | Loss: 0.2488

Epoch 876 | Loss: 0.2460 | Acc: 0.8160
  Class 1 - P: 0.0044, R: 0.9858, F1: 0.0088
  Predicting class 1: 18.48540%
Epoch 877 | Loss: 0.2406

Epoch 878 | Loss: 0.2449 | Acc: 0.8173
  Class 1 - P: 0.0045, R: 0.9858, F1: 0.0089
  Predicting class 1: 18.35381%
Epoch 879 | Loss: 0.2450

Epoch 880 | Loss: 0.2431 | Acc: 0.8193
  Class 1 - P: 0.0045, R: 0.9852, F1: 0.0090
  Predicting class 1: 18.15239%
Epoch 881 | Loss: 0.2494

Epoch 882 | Loss: 0.2465 | Acc: 0.8190
  Class 1 - P: 0.0045, R: 0.9852, F1: 0.0090
  Predicting class 1: 18.18486%
Epoch 883 | Loss: 0.2487

Epoch 884 | Loss: 0.2529 | Acc: 0.8163
  Class 1 - P: 0.0044, R: 0.9858, F1: 0.0088
  Predicting class 1: 18.45421%
Epoch 885 | Loss: 0.2459

Epoch 886 | Loss: 0.2463 | Acc: 0.8152
  Class 1 - P: 0.0044, R: 0.9867, F1: 0.0088
  Predicting class 1: 18.55644%
Epoch 887 | Loss: 0.2444

Epoch 888 | Loss: 0.2444 | Acc: 0.8170
  Class 1 - P: 0.0045, R: 0.9864, F1: 0.0089
  Predicting class 1: 18.37653%
Epoch 889 | Loss: 0.2456

Epoch 890 | Loss: 0.2455 | Acc: 0.8193
  Class 1 - P: 0.0045, R: 0.9855, F1: 0.0090
  Predicting class 1: 18.15515%
Epoch 891 | Loss: 0.2436

Epoch 892 | Loss: 0.2464 | Acc: 0.8203
  Class 1 - P: 0.0045, R: 0.9849, F1: 0.0090
  Predicting class 1: 18.04751%
  Saved best model (F1: 0.0090)
Epoch 893 | Loss: 0.2438

Epoch 894 | Loss: 0.2481 | Acc: 0.8185
  Class 1 - P: 0.0045, R: 0.9858, F1: 0.0090
  Predicting class 1: 18.22808%
Epoch 895 | Loss: 0.2441

Epoch 896 | Loss: 0.2424 | Acc: 0.8159
  Class 1 - P: 0.0044, R: 0.9870, F1: 0.0088
  Predicting class 1: 18.49367%
Epoch 897 | Loss: 0.2420

Epoch 898 | Loss: 0.2450 | Acc: 0.8158
  Class 1 - P: 0.0044, R: 0.9870, F1: 0.0088
  Predicting class 1: 18.49781%
Epoch 899 | Loss: 0.2424

Epoch 900 | Loss: 0.2438 | Acc: 0.8172
  Class 1 - P: 0.0045, R: 0.9870, F1: 0.0089
  Predicting class 1: 18.35628%
Epoch 901 | Loss: 0.2423

Epoch 902 | Loss: 0.2436 | Acc: 0.8196
  Class 1 - P: 0.0045, R: 0.9861, F1: 0.0090
  Predicting class 1: 18.12372%
Epoch 903 | Loss: 0.2470

Epoch 904 | Loss: 0.2442 | Acc: 0.8197
  Class 1 - P: 0.0045, R: 0.9861, F1: 0.0090
  Predicting class 1: 18.10868%
Epoch 905 | Loss: 0.2421

Epoch 906 | Loss: 0.2424 | Acc: 0.8193
  Class 1 - P: 0.0045, R: 0.9861, F1: 0.0090
  Predicting class 1: 18.15038%
Epoch 907 | Loss: 0.2457

Epoch 908 | Loss: 0.2418 | Acc: 0.8183
  Class 1 - P: 0.0045, R: 0.9864, F1: 0.0090
  Predicting class 1: 18.25449%
Epoch 909 | Loss: 0.2421

Epoch 910 | Loss: 0.2412 | Acc: 0.8182
  Class 1 - P: 0.0045, R: 0.9864, F1: 0.0089
  Predicting class 1: 18.25974%
Epoch 911 | Loss: 0.2417

Epoch 912 | Loss: 0.2409 | Acc: 0.8190
  Class 1 - P: 0.0045, R: 0.9864, F1: 0.0090
  Predicting class 1: 18.17669%
Epoch 913 | Loss: 0.2425

Epoch 914 | Loss: 0.2393 | Acc: 0.8203
  Class 1 - P: 0.0045, R: 0.9861, F1: 0.0090
  Predicting class 1: 18.04928%
  Saved best model (F1: 0.0090)
Epoch 915 | Loss: 0.2408

Epoch 916 | Loss: 0.2411 | Acc: 0.8209
  Class 1 - P: 0.0046, R: 0.9861, F1: 0.0091
  Predicting class 1: 17.99179%
  Saved best model (F1: 0.0091)
Epoch 917 | Loss: 0.2422

Epoch 918 | Loss: 0.2399 | Acc: 0.8202
  Class 1 - P: 0.0045, R: 0.9864, F1: 0.0090
  Predicting class 1: 18.06164%
Epoch 919 | Loss: 0.2426

Epoch 920 | Loss: 0.2425 | Acc: 0.8190
  Class 1 - P: 0.0045, R: 0.9867, F1: 0.0090
  Predicting class 1: 18.17856%
Epoch 921 | Loss: 0.2417

Epoch 922 | Loss: 0.2397 | Acc: 0.8189
  Class 1 - P: 0.0045, R: 0.9870, F1: 0.0090
  Predicting class 1: 18.19124%
Epoch 923 | Loss: 0.2390

Epoch 924 | Loss: 0.2398 | Acc: 0.8208
  Class 1 - P: 0.0046, R: 0.9858, F1: 0.0091
  Predicting class 1: 17.99993%
Epoch 925 | Loss: 0.2419

Epoch 926 | Loss: 0.2378 | Acc: 0.8230
  Class 1 - P: 0.0046, R: 0.9849, F1: 0.0092
  Predicting class 1: 17.78232%
  Saved best model (F1: 0.0092)
Epoch 927 | Loss: 0.2407

Epoch 928 | Loss: 0.2447 | Acc: 0.8224
  Class 1 - P: 0.0046, R: 0.9855, F1: 0.0091
  Predicting class 1: 17.84294%
Epoch 929 | Loss: 0.2383

Epoch 930 | Loss: 0.2402 | Acc: 0.8195
  Class 1 - P: 0.0045, R: 0.9870, F1: 0.0090
  Predicting class 1: 18.13539%
Epoch 931 | Loss: 0.2394

Epoch 932 | Loss: 0.2438 | Acc: 0.8179
  Class 1 - P: 0.0045, R: 0.9870, F1: 0.0089
  Predicting class 1: 18.29134%
Epoch 933 | Loss: 0.2431

Epoch 934 | Loss: 0.2451 | Acc: 0.8171
  Class 1 - P: 0.0045, R: 0.9870, F1: 0.0089
  Predicting class 1: 18.36802%
Epoch 935 | Loss: 0.2417

Epoch 936 | Loss: 0.2377 | Acc: 0.8190
  Class 1 - P: 0.0045, R: 0.9870, F1: 0.0090
  Predicting class 1: 18.18348%
Epoch 937 | Loss: 0.2437

Epoch 938 | Loss: 0.2409 | Acc: 0.8218
  Class 1 - P: 0.0046, R: 0.9861, F1: 0.0091
  Predicting class 1: 17.90571%
Epoch 939 | Loss: 0.2420

Epoch 940 | Loss: 0.2398 | Acc: 0.8223
  Class 1 - P: 0.0046, R: 0.9861, F1: 0.0091
  Predicting class 1: 17.85156%
Epoch 941 | Loss: 0.2369

Epoch 942 | Loss: 0.2386 | Acc: 0.8218
  Class 1 - P: 0.0046, R: 0.9864, F1: 0.0091
  Predicting class 1: 17.90143%
Epoch 943 | Loss: 0.2372

Epoch 944 | Loss: 0.2412 | Acc: 0.8209
  Class 1 - P: 0.0046, R: 0.9867, F1: 0.0091
  Predicting class 1: 17.99437%
Epoch 945 | Loss: 0.2401

Epoch 946 | Loss: 0.2426 | Acc: 0.8189
  Class 1 - P: 0.0045, R: 0.9873, F1: 0.0090
  Predicting class 1: 18.19074%
Epoch 947 | Loss: 0.2429

Epoch 948 | Loss: 0.2409 | Acc: 0.8189
  Class 1 - P: 0.0045, R: 0.9873, F1: 0.0090
  Predicting class 1: 18.19439%
Epoch 949 | Loss: 0.2384

Epoch 950 | Loss: 0.2401 | Acc: 0.8215
  Class 1 - P: 0.0046, R: 0.9870, F1: 0.0091
  Predicting class 1: 17.92794%
Epoch 951 | Loss: 0.2359

Epoch 952 | Loss: 0.2410 | Acc: 0.8238
  Class 1 - P: 0.0046, R: 0.9858, F1: 0.0092
  Predicting class 1: 17.70257%
  Saved best model (F1: 0.0092)
Epoch 953 | Loss: 0.2403

Epoch 954 | Loss: 0.2377 | Acc: 0.8236
  Class 1 - P: 0.0046, R: 0.9858, F1: 0.0092
  Predicting class 1: 17.71596%
Epoch 955 | Loss: 0.2420

Epoch 956 | Loss: 0.2422 | Acc: 0.8213
  Class 1 - P: 0.0046, R: 0.9867, F1: 0.0091
  Predicting class 1: 17.95218%
Epoch 957 | Loss: 0.2364

Epoch 958 | Loss: 0.2378 | Acc: 0.8205
  Class 1 - P: 0.0046, R: 0.9873, F1: 0.0091
  Predicting class 1: 18.02804%
Epoch 959 | Loss: 0.2367

Epoch 960 | Loss: 0.2361 | Acc: 0.8223
  Class 1 - P: 0.0046, R: 0.9864, F1: 0.0092
  Predicting class 1: 17.84799%
Epoch 961 | Loss: 0.2380

Epoch 962 | Loss: 0.2386 | Acc: 0.8243
  Class 1 - P: 0.0046, R: 0.9855, F1: 0.0092
  Predicting class 1: 17.65435%
  Saved best model (F1: 0.0092)
Epoch 963 | Loss: 0.2361

Epoch 964 | Loss: 0.2343 | Acc: 0.8252
  Class 1 - P: 0.0047, R: 0.9852, F1: 0.0093
  Predicting class 1: 17.55587%
  Saved best model (F1: 0.0093)
Epoch 965 | Loss: 0.2378

Epoch 966 | Loss: 0.2354 | Acc: 0.8243
  Class 1 - P: 0.0046, R: 0.9858, F1: 0.0093
  Predicting class 1: 17.64756%
Epoch 967 | Loss: 0.2415

Epoch 968 | Loss: 0.2367 | Acc: 0.8212
  Class 1 - P: 0.0046, R: 0.9873, F1: 0.0091
  Predicting class 1: 17.96121%
Epoch 969 | Loss: 0.2343

Epoch 970 | Loss: 0.2374 | Acc: 0.8205
  Class 1 - P: 0.0046, R: 0.9873, F1: 0.0091
  Predicting class 1: 18.03412%
Epoch 971 | Loss: 0.2348

Epoch 972 | Loss: 0.2386 | Acc: 0.8226
  Class 1 - P: 0.0046, R: 0.9867, F1: 0.0092
  Predicting class 1: 17.81840%
Epoch 973 | Loss: 0.2397

Epoch 974 | Loss: 0.2375 | Acc: 0.8236
  Class 1 - P: 0.0046, R: 0.9858, F1: 0.0092
  Predicting class 1: 17.71803%
Epoch 975 | Loss: 0.2355

Epoch 976 | Loss: 0.2382 | Acc: 0.8236
  Class 1 - P: 0.0046, R: 0.9861, F1: 0.0092
  Predicting class 1: 17.72445%
Epoch 977 | Loss: 0.2378

Epoch 978 | Loss: 0.2348 | Acc: 0.8233
  Class 1 - P: 0.0046, R: 0.9864, F1: 0.0092
  Predicting class 1: 17.75539%
Epoch 979 | Loss: 0.2371

Epoch 980 | Loss: 0.2357 | Acc: 0.8227
  Class 1 - P: 0.0046, R: 0.9867, F1: 0.0092
  Predicting class 1: 17.81254%
Epoch 981 | Loss: 0.2337

Epoch 982 | Loss: 0.2382 | Acc: 0.8224
  Class 1 - P: 0.0046, R: 0.9870, F1: 0.0092
  Predicting class 1: 17.83864%
Epoch 983 | Loss: 0.2350

Epoch 984 | Loss: 0.2378 | Acc: 0.8229
  Class 1 - P: 0.0046, R: 0.9870, F1: 0.0092
  Predicting class 1: 17.79012%
Epoch 985 | Loss: 0.2372

Epoch 986 | Loss: 0.2337 | Acc: 0.8242
  Class 1 - P: 0.0046, R: 0.9861, F1: 0.0092
  Predicting class 1: 17.66090%
Epoch 987 | Loss: 0.2341

Epoch 988 | Loss: 0.2375 | Acc: 0.8239
  Class 1 - P: 0.0046, R: 0.9870, F1: 0.0092
  Predicting class 1: 17.69516%
Epoch 989 | Loss: 0.2347

Epoch 990 | Loss: 0.2350 | Acc: 0.8228
  Class 1 - P: 0.0046, R: 0.9870, F1: 0.0092
  Predicting class 1: 17.80339%
Epoch 991 | Loss: 0.2348

Epoch 992 | Loss: 0.2356 | Acc: 0.8233
  Class 1 - P: 0.0046, R: 0.9870, F1: 0.0092
  Predicting class 1: 17.74958%
Epoch 993 | Loss: 0.2397

Epoch 994 | Loss: 0.2341 | Acc: 0.8241
  Class 1 - P: 0.0046, R: 0.9870, F1: 0.0093
  Predicting class 1: 17.66936%
Epoch 995 | Loss: 0.2350

Epoch 996 | Loss: 0.2336 | Acc: 0.8250
  Class 1 - P: 0.0047, R: 0.9858, F1: 0.0093
  Predicting class 1: 17.57967%
Epoch 997 | Loss: 0.2359

Epoch 998 | Loss: 0.2340 | Acc: 0.8250
  Class 1 - P: 0.0047, R: 0.9858, F1: 0.0093
  Predicting class 1: 17.58511%
Epoch 999 | Loss: 0.2368

============================================================
TRAINING COMPLETE
============================================================
Class 0: 1013872 (99.82%)
Class 1: 1797 (0.18%)

============================================================
TEST SET RESULTS
============================================================
Overall Accuracy: 0.7562
AUC-ROC: 0.9682

Confusion Matrix:
  TN:  766240  FP:  247632
  FN:      10  TP:    1787

Class 0 (Legitimate):
  Precision: 1.0000
  Recall: 0.7558

Class 1 (Laundering):
  Precision: 0.0072
  Recall: 0.9944
  F1 Score: 0.0142
============================================================

============================================================
EVALUATION COMPLETE
============================================================
==========================================
Training completed successfully!
Output saved to: ./saved_models/
==========================================
Job completed at: Sat Nov 15 04:04:02 PM +08 2025
==========================================
