==========================================
Job ID: 283443
Job Name: train_gineconv_rwpe
Node: xgpi14
Start Time: Fri Nov 14 10:06:24 AM +08 2025
GPU Information:
Fri Nov 14 10:06:24 2025       
+-----------------------------------------------------------------------------------------+
| NVIDIA-SMI 575.57.08              Driver Version: 575.57.08      CUDA Version: 12.9     |
|-----------------------------------------+------------------------+----------------------+
| GPU  Name                 Persistence-M | Bus-Id          Disp.A | Volatile Uncorr. ECC |
| Fan  Temp   Perf          Pwr:Usage/Cap |           Memory-Usage | GPU-Util  Compute M. |
|                                         |                        |               MIG M. |
|=========================================+========================+======================|
|   0  NVIDIA H100 NVL                On  |   00000000:E3:00.0 Off |                   On |
| N/A   81C    P0            209W /  400W |   47329MiB /  95830MiB |     N/A      Default |
|                                         |                        |              Enabled |
+-----------------------------------------+------------------------+----------------------+

+-----------------------------------------------------------------------------------------+
| MIG devices:                                                                            |
+------------------+----------------------------------+-----------+-----------------------+
| GPU  GI  CI  MIG |                     Memory-Usage |        Vol|        Shared         |
|      ID  ID  Dev |                       BAR1-Usage | SM     Unc| CE ENC  DEC  OFA  JPG |
|                  |                                  |        ECC|                       |
|==================+==================================+===========+=======================|
|  0    2   0   0  |              44MiB / 47488MiB    | 60      0 |  3   0    3    0    3 |
|                  |                 0MiB / 65535MiB  |           |                       |
+------------------+----------------------------------+-----------+-----------------------+
                                                                                         
+-----------------------------------------------------------------------------------------+
| Processes:                                                                              |
|  GPU   GI   CI              PID   Type   Process name                        GPU Memory |
|        ID   ID                                                               Usage      |
|=========================================================================================|
|  No running processes found                                                             |
+-----------------------------------------------------------------------------------------+
==========================================
Conda environment 'aml_project_new' already exists. Activating it...
Working directory: /home/l/linchieh/AML-GNN-project/classifier_src_soc
==========================================
Starting fine-tuning...
Output directory: ./saved_models/
Epochs: 100
Learning rate: 1e-4
==========================================
Warning: Looks like you're using an outdated `kagglehub` version, please consider updating (latest version: 0.3.13)
Path to dataset files: /home/l/linchieh/.cache/kagglehub/datasets/ealtman2019/ibm-transactions-for-anti-money-laundering-aml/versions/8
Loading HI-Small...


Loading transactions from: /home/l/linchieh/.cache/kagglehub/datasets/ealtman2019/ibm-transactions-for-anti-money-laundering-aml/versions/8/HI-Small_Trans.csv
File size: 453.6 MB

Loaded 5,078,345 transactions
Date range: 2022-09-01 00:00:00 to 2022-09-18 16:18:00
Laundering transactions: 5,177 (0.102%)
============================================================
TEMPORAL TRAIN/TEST SPLIT
============================================================

Train Set:
  Date range: 2022-09-01 00:00:00 to 2022-09-08 16:12:00
  Transactions: 4,062,676
  Laundering: 3,380 (0.083%)

Test Set:
  Date range: 2022-09-08 16:12:00 to 2022-09-18 16:18:00
  Transactions: 1,015,669
  Laundering: 1,797 (0.177%)
============================================================
Number of nodes: 515080
Number of edges: 4062676
Adding RWPE feats
cpu
soc_gineconvnet_rwpe.py:96: UserWarning: Sparse CSR tensor support is in beta state. If you miss a functionality in the sparse tensor support, please submit a feature request to https://github.com/pytorch/pytorch/issues. (Triggered internally at /opt/conda/conda-bld/pytorch_1702400400184/work/aten/src/ATen/SparseCsrTensorImpl.cpp:53.)
  P = torch.sparse.mm(D_inv, A)
Added RWPE feats
Number of nodes: 515080
Number of edges: 1015669
Adding RWPE feats
cpu
Added RWPE feats
Class weights: tensor([  1., 800.], device='cuda:0')

============================================================
TRAINING
============================================================

Epoch   0 | Loss: 2.1638 | Acc: 0.9704
  Class 1 - P: 0.0004, R: 0.0130, F1: 0.0007
  Predicting class 1: 2.88155%
  Saved best model (F1: 0.0007)

Epoch   1 | Loss: 2.1260 | Acc: 0.9468
  Class 1 - P: 0.0005, R: 0.0337, F1: 0.0011
  Predicting class 1: 5.24076%
  Saved best model (F1: 0.0011)

Epoch   2 | Loss: 2.0193 | Acc: 0.8913
  Class 1 - P: 0.0007, R: 0.0861, F1: 0.0013
  Predicting class 1: 10.80377%
  Saved best model (F1: 0.0013)

Epoch   3 | Loss: 1.7197 | Acc: 0.7726
  Class 1 - P: 0.0007, R: 0.1899, F1: 0.0014
  Predicting class 1: 22.69159%
  Saved best model (F1: 0.0014)

Epoch   4 | Loss: 1.6187 | Acc: 0.6284
  Class 1 - P: 0.0007, R: 0.3154, F1: 0.0014
  Predicting class 1: 37.12902%
  Saved best model (F1: 0.0014)

Epoch   5 | Loss: 1.5837 | Acc: 0.5003
  Class 1 - P: 0.0007, R: 0.4257, F1: 0.0014
  Predicting class 1: 49.95306%
  Saved best model (F1: 0.0014)

Epoch   6 | Loss: 1.3314 | Acc: 0.3963
  Class 1 - P: 0.0007, R: 0.5136, F1: 0.0014
  Predicting class 1: 60.36971%

Epoch   7 | Loss: 1.4469 | Acc: 0.3088
  Class 1 - P: 0.0007, R: 0.5944, F1: 0.0014
  Predicting class 1: 69.13977%
  Saved best model (F1: 0.0014)

Epoch   8 | Loss: 1.3611 | Acc: 0.2464
  Class 1 - P: 0.0007, R: 0.6515, F1: 0.0014
  Predicting class 1: 75.38201%
  Saved best model (F1: 0.0014)

Epoch   9 | Loss: 1.3049 | Acc: 0.2005
  Class 1 - P: 0.0007, R: 0.7044, F1: 0.0015
  Predicting class 1: 79.98043%
  Saved best model (F1: 0.0015)

Epoch  10 | Loss: 1.2874 | Acc: 0.1735
  Class 1 - P: 0.0007, R: 0.7337, F1: 0.0015
  Predicting class 1: 82.68490%
  Saved best model (F1: 0.0015)

Epoch  11 | Loss: 1.2432 | Acc: 0.1567
  Class 1 - P: 0.0007, R: 0.7544, F1: 0.0015
  Predicting class 1: 84.37020%
  Saved best model (F1: 0.0015)

Epoch  12 | Loss: 1.1919 | Acc: 0.1463
  Class 1 - P: 0.0008, R: 0.7749, F1: 0.0015
  Predicting class 1: 85.42069%
  Saved best model (F1: 0.0015)

Epoch  13 | Loss: 1.2145 | Acc: 0.1425
  Class 1 - P: 0.0008, R: 0.7811, F1: 0.0015
  Predicting class 1: 85.80096%
  Saved best model (F1: 0.0015)

Epoch  14 | Loss: 1.2568 | Acc: 0.1422
  Class 1 - P: 0.0008, R: 0.7867, F1: 0.0015
  Predicting class 1: 85.82845%
  Saved best model (F1: 0.0015)

Epoch  15 | Loss: 1.1856 | Acc: 0.1465
  Class 1 - P: 0.0008, R: 0.7861, F1: 0.0015
  Predicting class 1: 85.40248%
  Saved best model (F1: 0.0015)

Epoch  16 | Loss: 1.0860 | Acc: 0.1555
  Class 1 - P: 0.0008, R: 0.7793, F1: 0.0015
  Predicting class 1: 84.49770%
  Saved best model (F1: 0.0015)

Epoch  17 | Loss: 1.0516 | Acc: 0.1705
  Class 1 - P: 0.0008, R: 0.7704, F1: 0.0015
  Predicting class 1: 82.99251%
  Saved best model (F1: 0.0015)

Epoch  18 | Loss: 1.1282 | Acc: 0.1897
  Class 1 - P: 0.0008, R: 0.7609, F1: 0.0016
  Predicting class 1: 81.07671%
  Saved best model (F1: 0.0016)

Epoch  19 | Loss: 1.0570 | Acc: 0.2134
  Class 1 - P: 0.0008, R: 0.7388, F1: 0.0016
  Predicting class 1: 78.69569%
  Saved best model (F1: 0.0016)

Epoch  20 | Loss: 1.0317 | Acc: 0.2445
  Class 1 - P: 0.0008, R: 0.7115, F1: 0.0016
  Predicting class 1: 75.58094%
  Saved best model (F1: 0.0016)

Epoch  21 | Loss: 1.0479 | Acc: 0.2803
  Class 1 - P: 0.0008, R: 0.6828, F1: 0.0016
  Predicting class 1: 72.00384%
  Saved best model (F1: 0.0016)

Epoch  22 | Loss: 1.0074 | Acc: 0.3142
  Class 1 - P: 0.0008, R: 0.6494, F1: 0.0016
  Predicting class 1: 68.59993%

Epoch  23 | Loss: 0.9950 | Acc: 0.3474
  Class 1 - P: 0.0008, R: 0.6228, F1: 0.0016
  Predicting class 1: 65.28256%
  Saved best model (F1: 0.0016)

Epoch  24 | Loss: 0.9699 | Acc: 0.3795
  Class 1 - P: 0.0008, R: 0.5964, F1: 0.0016
  Predicting class 1: 62.06136%
  Saved best model (F1: 0.0016)

Epoch  25 | Loss: 0.9842 | Acc: 0.4105
  Class 1 - P: 0.0008, R: 0.5701, F1: 0.0016
  Predicting class 1: 58.95754%
  Saved best model (F1: 0.0016)

Epoch  26 | Loss: 0.9765 | Acc: 0.4384
  Class 1 - P: 0.0008, R: 0.5521, F1: 0.0016
  Predicting class 1: 56.17042%
  Saved best model (F1: 0.0016)

Epoch  27 | Loss: 0.9670 | Acc: 0.4644
  Class 1 - P: 0.0008, R: 0.5417, F1: 0.0017
  Predicting class 1: 53.56602%
  Saved best model (F1: 0.0017)

Epoch  28 | Loss: 0.9466 | Acc: 0.4868
  Class 1 - P: 0.0009, R: 0.5322, F1: 0.0017
  Predicting class 1: 51.32135%
  Saved best model (F1: 0.0017)

Epoch  29 | Loss: 0.8704 | Acc: 0.5072
  Class 1 - P: 0.0009, R: 0.5240, F1: 0.0018
  Predicting class 1: 49.28441%
  Saved best model (F1: 0.0018)

Epoch  30 | Loss: 0.9117 | Acc: 0.5272
  Class 1 - P: 0.0009, R: 0.5127, F1: 0.0018
  Predicting class 1: 47.27896%
  Saved best model (F1: 0.0018)

Epoch  31 | Loss: 0.8825 | Acc: 0.5441
  Class 1 - P: 0.0009, R: 0.5033, F1: 0.0018
  Predicting class 1: 45.59512%
  Saved best model (F1: 0.0018)

Epoch  32 | Loss: 0.9025 | Acc: 0.5583
  Class 1 - P: 0.0009, R: 0.4994, F1: 0.0019
  Predicting class 1: 44.17423%
  Saved best model (F1: 0.0019)

Epoch  33 | Loss: 0.9137 | Acc: 0.5734
  Class 1 - P: 0.0010, R: 0.4929, F1: 0.0019
  Predicting class 1: 42.65644%
  Saved best model (F1: 0.0019)

Epoch  34 | Loss: 0.8824 | Acc: 0.5871
  Class 1 - P: 0.0010, R: 0.4867, F1: 0.0020
  Predicting class 1: 41.28355%
  Saved best model (F1: 0.0020)

Epoch  35 | Loss: 0.8604 | Acc: 0.5978
  Class 1 - P: 0.0010, R: 0.4808, F1: 0.0020
  Predicting class 1: 40.21435%
  Saved best model (F1: 0.0020)

Epoch  36 | Loss: 0.8473 | Acc: 0.6061
  Class 1 - P: 0.0010, R: 0.4781, F1: 0.0020
  Predicting class 1: 39.38316%
  Saved best model (F1: 0.0020)

Epoch  37 | Loss: 0.8947 | Acc: 0.6094
  Class 1 - P: 0.0010, R: 0.4772, F1: 0.0020
  Predicting class 1: 39.05214%
  Saved best model (F1: 0.0020)

Epoch  38 | Loss: 0.8659 | Acc: 0.6102
  Class 1 - P: 0.0010, R: 0.4834, F1: 0.0021
  Predicting class 1: 38.97643%
  Saved best model (F1: 0.0021)

Epoch  39 | Loss: 0.8514 | Acc: 0.6106
  Class 1 - P: 0.0010, R: 0.4888, F1: 0.0021
  Predicting class 1: 38.93960%
  Saved best model (F1: 0.0021)

Epoch  40 | Loss: 0.8417 | Acc: 0.6112
  Class 1 - P: 0.0011, R: 0.4967, F1: 0.0021
  Predicting class 1: 38.88092%
  Saved best model (F1: 0.0021)

Epoch  41 | Loss: 0.8108 | Acc: 0.6114
  Class 1 - P: 0.0011, R: 0.4997, F1: 0.0021
  Predicting class 1: 38.85882%
  Saved best model (F1: 0.0021)

Epoch  42 | Loss: 0.8390 | Acc: 0.6116
  Class 1 - P: 0.0011, R: 0.5024, F1: 0.0021
  Predicting class 1: 38.84356%
  Saved best model (F1: 0.0021)

Epoch  43 | Loss: 0.8351 | Acc: 0.6118
  Class 1 - P: 0.0011, R: 0.5068, F1: 0.0022
  Predicting class 1: 38.82187%
  Saved best model (F1: 0.0022)

Epoch  44 | Loss: 0.8583 | Acc: 0.6118
  Class 1 - P: 0.0011, R: 0.5109, F1: 0.0022
  Predicting class 1: 38.81961%
  Saved best model (F1: 0.0022)

Epoch  45 | Loss: 0.8160 | Acc: 0.6105
  Class 1 - P: 0.0011, R: 0.5130, F1: 0.0022
  Predicting class 1: 38.94947%
  Saved best model (F1: 0.0022)

Epoch  46 | Loss: 0.8070 | Acc: 0.6099
  Class 1 - P: 0.0011, R: 0.5186, F1: 0.0022
  Predicting class 1: 39.00985%
  Saved best model (F1: 0.0022)

Epoch  47 | Loss: 0.7847 | Acc: 0.6097
  Class 1 - P: 0.0011, R: 0.5237, F1: 0.0022
  Predicting class 1: 39.03023%
  Saved best model (F1: 0.0022)

Epoch  48 | Loss: 0.8256 | Acc: 0.6084
  Class 1 - P: 0.0011, R: 0.5302, F1: 0.0022
  Predicting class 1: 39.16771%
  Saved best model (F1: 0.0022)

Epoch  49 | Loss: 0.7936 | Acc: 0.6077
  Class 1 - P: 0.0011, R: 0.5385, F1: 0.0023
  Predicting class 1: 39.23675%
  Saved best model (F1: 0.0023)

Epoch  50 | Loss: 0.7865 | Acc: 0.6075
  Class 1 - P: 0.0012, R: 0.5441, F1: 0.0023
  Predicting class 1: 39.25565%
  Saved best model (F1: 0.0023)

Epoch  51 | Loss: 0.7820 | Acc: 0.6083
  Class 1 - P: 0.0012, R: 0.5459, F1: 0.0023
  Predicting class 1: 39.18058%
  Saved best model (F1: 0.0023)

Epoch  52 | Loss: 0.8073 | Acc: 0.6105
  Class 1 - P: 0.0012, R: 0.5491, F1: 0.0023
  Predicting class 1: 38.95898%
  Saved best model (F1: 0.0023)

Epoch  53 | Loss: 0.8205 | Acc: 0.6109
  Class 1 - P: 0.0012, R: 0.5512, F1: 0.0024
  Predicting class 1: 38.91511%
  Saved best model (F1: 0.0024)

Epoch  54 | Loss: 0.7682 | Acc: 0.6114
  Class 1 - P: 0.0012, R: 0.5538, F1: 0.0024
  Predicting class 1: 38.87041%
  Saved best model (F1: 0.0024)

Epoch  55 | Loss: 0.7677 | Acc: 0.6131
  Class 1 - P: 0.0012, R: 0.5559, F1: 0.0024
  Predicting class 1: 38.70188%
  Saved best model (F1: 0.0024)

Epoch  56 | Loss: 0.7835 | Acc: 0.6155
  Class 1 - P: 0.0012, R: 0.5618, F1: 0.0024
  Predicting class 1: 38.46356%
  Saved best model (F1: 0.0024)

Epoch  57 | Loss: 0.7825 | Acc: 0.6168
  Class 1 - P: 0.0012, R: 0.5660, F1: 0.0025
  Predicting class 1: 38.33138%
  Saved best model (F1: 0.0025)

Epoch  58 | Loss: 0.7736 | Acc: 0.6172
  Class 1 - P: 0.0012, R: 0.5695, F1: 0.0025
  Predicting class 1: 38.28698%
  Saved best model (F1: 0.0025)

Epoch  59 | Loss: 0.7679 | Acc: 0.6182
  Class 1 - P: 0.0012, R: 0.5713, F1: 0.0025
  Predicting class 1: 38.19502%
  Saved best model (F1: 0.0025)

Epoch  60 | Loss: 0.7852 | Acc: 0.6174
  Class 1 - P: 0.0012, R: 0.5746, F1: 0.0025
  Predicting class 1: 38.27157%
  Saved best model (F1: 0.0025)

Epoch  61 | Loss: 0.7710 | Acc: 0.6186
  Class 1 - P: 0.0013, R: 0.5760, F1: 0.0025
  Predicting class 1: 38.15628%
  Saved best model (F1: 0.0025)

Epoch  62 | Loss: 0.7747 | Acc: 0.6193
  Class 1 - P: 0.0013, R: 0.5781, F1: 0.0025
  Predicting class 1: 38.07916%
  Saved best model (F1: 0.0025)

Epoch  63 | Loss: 0.7421 | Acc: 0.6206
  Class 1 - P: 0.0013, R: 0.5784, F1: 0.0025
  Predicting class 1: 37.95328%
  Saved best model (F1: 0.0025)

Epoch  64 | Loss: 0.7469 | Acc: 0.6236
  Class 1 - P: 0.0013, R: 0.5740, F1: 0.0025
  Predicting class 1: 37.65227%
  Saved best model (F1: 0.0025)

Epoch  65 | Loss: 0.7813 | Acc: 0.6272
  Class 1 - P: 0.0013, R: 0.5725, F1: 0.0025
  Predicting class 1: 37.29529%
  Saved best model (F1: 0.0025)

Epoch  66 | Loss: 0.7545 | Acc: 0.6317
  Class 1 - P: 0.0013, R: 0.5707, F1: 0.0026
  Predicting class 1: 36.83890%
  Saved best model (F1: 0.0026)

Epoch  67 | Loss: 0.7398 | Acc: 0.6375
  Class 1 - P: 0.0013, R: 0.5642, F1: 0.0026
  Predicting class 1: 36.26164%
  Saved best model (F1: 0.0026)

Epoch  68 | Loss: 0.7691 | Acc: 0.6420
  Class 1 - P: 0.0013, R: 0.5607, F1: 0.0026
  Predicting class 1: 35.81115%
  Saved best model (F1: 0.0026)

Epoch  69 | Loss: 0.7352 | Acc: 0.6456
  Class 1 - P: 0.0013, R: 0.5562, F1: 0.0026
  Predicting class 1: 35.45136%
  Saved best model (F1: 0.0026)

Epoch  70 | Loss: 0.7655 | Acc: 0.6484
  Class 1 - P: 0.0013, R: 0.5536, F1: 0.0026
  Predicting class 1: 35.17258%
  Saved best model (F1: 0.0026)

Epoch  71 | Loss: 0.7649 | Acc: 0.6522
  Class 1 - P: 0.0013, R: 0.5485, F1: 0.0026
  Predicting class 1: 34.79160%
  Saved best model (F1: 0.0026)

Epoch  72 | Loss: 0.7731 | Acc: 0.6541
  Class 1 - P: 0.0013, R: 0.5500, F1: 0.0026
  Predicting class 1: 34.59537%
  Saved best model (F1: 0.0026)

Epoch  73 | Loss: 0.7783 | Acc: 0.6579
  Class 1 - P: 0.0013, R: 0.5488, F1: 0.0027
  Predicting class 1: 34.21762%
  Saved best model (F1: 0.0027)

Epoch  74 | Loss: 0.7376 | Acc: 0.6606
  Class 1 - P: 0.0013, R: 0.5473, F1: 0.0027
  Predicting class 1: 33.94371%
  Saved best model (F1: 0.0027)

Epoch  75 | Loss: 0.7311 | Acc: 0.6634
  Class 1 - P: 0.0013, R: 0.5441, F1: 0.0027
  Predicting class 1: 33.66609%
  Saved best model (F1: 0.0027)

Epoch  76 | Loss: 0.7385 | Acc: 0.6642
  Class 1 - P: 0.0014, R: 0.5456, F1: 0.0027
  Predicting class 1: 33.58917%
  Saved best model (F1: 0.0027)

Epoch  77 | Loss: 0.7467 | Acc: 0.6662
  Class 1 - P: 0.0014, R: 0.5450, F1: 0.0027
  Predicting class 1: 33.38373%
  Saved best model (F1: 0.0027)

Epoch  78 | Loss: 0.7219 | Acc: 0.6690
  Class 1 - P: 0.0014, R: 0.5438, F1: 0.0027
  Predicting class 1: 33.10495%
  Saved best model (F1: 0.0027)

Epoch  79 | Loss: 0.7246 | Acc: 0.6727
  Class 1 - P: 0.0014, R: 0.5426, F1: 0.0028
  Predicting class 1: 32.73660%
  Saved best model (F1: 0.0028)

Epoch  80 | Loss: 0.7495 | Acc: 0.6757
  Class 1 - P: 0.0014, R: 0.5414, F1: 0.0028
  Predicting class 1: 32.44179%
  Saved best model (F1: 0.0028)

Epoch  81 | Loss: 0.7305 | Acc: 0.6793
  Class 1 - P: 0.0014, R: 0.5396, F1: 0.0028
  Predicting class 1: 32.07669%
  Saved best model (F1: 0.0028)

Epoch  82 | Loss: 0.7386 | Acc: 0.6813
  Class 1 - P: 0.0014, R: 0.5391, F1: 0.0028
  Predicting class 1: 31.87852%
  Saved best model (F1: 0.0028)

Epoch  83 | Loss: 0.7207 | Acc: 0.6832
  Class 1 - P: 0.0014, R: 0.5385, F1: 0.0028
  Predicting class 1: 31.68914%
  Saved best model (F1: 0.0028)

Epoch  84 | Loss: 0.7304 | Acc: 0.6854
  Class 1 - P: 0.0014, R: 0.5370, F1: 0.0028
  Predicting class 1: 31.46141%
  Saved best model (F1: 0.0028)

Epoch  85 | Loss: 0.7168 | Acc: 0.6879
  Class 1 - P: 0.0014, R: 0.5364, F1: 0.0029
  Predicting class 1: 31.21923%
  Saved best model (F1: 0.0029)

Epoch  86 | Loss: 0.7112 | Acc: 0.6903
  Class 1 - P: 0.0014, R: 0.5355, F1: 0.0029
  Predicting class 1: 30.97862%
  Saved best model (F1: 0.0029)

Epoch  87 | Loss: 0.7521 | Acc: 0.6925
  Class 1 - P: 0.0014, R: 0.5340, F1: 0.0029
  Predicting class 1: 30.75303%
  Saved best model (F1: 0.0029)

Epoch  88 | Loss: 0.7387 | Acc: 0.6953
  Class 1 - P: 0.0015, R: 0.5320, F1: 0.0029
  Predicting class 1: 30.47132%
  Saved best model (F1: 0.0029)

Epoch  89 | Loss: 0.7203 | Acc: 0.6979
  Class 1 - P: 0.0015, R: 0.5308, F1: 0.0029
  Predicting class 1: 30.21080%
  Saved best model (F1: 0.0029)

Epoch  90 | Loss: 0.7130 | Acc: 0.7006
  Class 1 - P: 0.0015, R: 0.5281, F1: 0.0029
  Predicting class 1: 29.94529%
  Saved best model (F1: 0.0029)

Epoch  91 | Loss: 0.7277 | Acc: 0.7014
  Class 1 - P: 0.0015, R: 0.5278, F1: 0.0029
  Predicting class 1: 29.86878%
  Saved best model (F1: 0.0029)

Epoch  92 | Loss: 0.7295 | Acc: 0.7027
  Class 1 - P: 0.0015, R: 0.5290, F1: 0.0030
  Predicting class 1: 29.73700%
  Saved best model (F1: 0.0030)

Epoch  93 | Loss: 0.7104 | Acc: 0.7029
  Class 1 - P: 0.0015, R: 0.5290, F1: 0.0030
  Predicting class 1: 29.71066%
  Saved best model (F1: 0.0030)

Epoch  94 | Loss: 0.7402 | Acc: 0.7042
  Class 1 - P: 0.0015, R: 0.5281, F1: 0.0030
  Predicting class 1: 29.58860%
  Saved best model (F1: 0.0030)

Epoch  95 | Loss: 0.7040 | Acc: 0.7056
  Class 1 - P: 0.0015, R: 0.5281, F1: 0.0030
  Predicting class 1: 29.44067%
  Saved best model (F1: 0.0030)

Epoch  96 | Loss: 0.7202 | Acc: 0.7078
  Class 1 - P: 0.0015, R: 0.5257, F1: 0.0030
  Predicting class 1: 29.22295%
  Saved best model (F1: 0.0030)

Epoch  97 | Loss: 0.7212 | Acc: 0.7097
  Class 1 - P: 0.0015, R: 0.5263, F1: 0.0030
  Predicting class 1: 29.03756%
  Saved best model (F1: 0.0030)

Epoch  98 | Loss: 0.7062 | Acc: 0.7120
  Class 1 - P: 0.0015, R: 0.5240, F1: 0.0030
  Predicting class 1: 28.80274%
  Saved best model (F1: 0.0030)

Epoch  99 | Loss: 0.7185 | Acc: 0.7131
  Class 1 - P: 0.0015, R: 0.5254, F1: 0.0030
  Predicting class 1: 28.69131%
  Saved best model (F1: 0.0030)

============================================================
TRAINING COMPLETE
============================================================
Class 0: 1013872 (99.82%)
Class 1: 1797 (0.18%)

============================================================
TEST SET RESULTS
============================================================
Overall Accuracy: 0.7327
AUC-ROC: 0.6219

Confusion Matrix:
  TN:  743318  FP:  270554
  FN:     937  TP:     860

Class 0 (Legitimate):
  Precision: 0.9987
  Recall: 0.7331

Class 1 (Laundering):
  Precision: 0.0032
  Recall: 0.4786
  F1 Score: 0.0063
============================================================

============================================================
EVALUATION COMPLETE
============================================================
==========================================
Training completed successfully!
Output saved to: ./saved_models/
==========================================
Job completed at: Fri Nov 14 10:09:28 AM +08 2025
==========================================
