==========================================
Job ID: 281308
Job Name: train_gineconv_rwpe
Node: xgpi17
Start Time: Thu Nov 13 09:26:16 AM +08 2025
GPU Information:
Thu Nov 13 09:26:16 2025       
+-----------------------------------------------------------------------------------------+
| NVIDIA-SMI 575.57.08              Driver Version: 575.57.08      CUDA Version: 12.9     |
|-----------------------------------------+------------------------+----------------------+
| GPU  Name                 Persistence-M | Bus-Id          Disp.A | Volatile Uncorr. ECC |
| Fan  Temp   Perf          Pwr:Usage/Cap |           Memory-Usage | GPU-Util  Compute M. |
|                                         |                        |               MIG M. |
|=========================================+========================+======================|
|   0  NVIDIA H100 NVL                On  |   00000000:E3:00.0 Off |                   On |
| N/A   61C    P0             73W /  400W |      87MiB /  95830MiB |     N/A      Default |
|                                         |                        |              Enabled |
+-----------------------------------------+------------------------+----------------------+

+-----------------------------------------------------------------------------------------+
| MIG devices:                                                                            |
+------------------+----------------------------------+-----------+-----------------------+
| GPU  GI  CI  MIG |                     Memory-Usage |        Vol|        Shared         |
|      ID  ID  Dev |                       BAR1-Usage | SM     Unc| CE ENC  DEC  OFA  JPG |
|                  |                                  |        ECC|                       |
|==================+==================================+===========+=======================|
|  0    1   0   0  |              44MiB / 47488MiB    | 60      0 |  3   0    3    0    3 |
|                  |                 0MiB / 65535MiB  |           |                       |
+------------------+----------------------------------+-----------+-----------------------+
                                                                                         
+-----------------------------------------------------------------------------------------+
| Processes:                                                                              |
|  GPU   GI   CI              PID   Type   Process name                        GPU Memory |
|        ID   ID                                                               Usage      |
|=========================================================================================|
|  No running processes found                                                             |
+-----------------------------------------------------------------------------------------+
==========================================
Conda environment 'aml_project_new' already exists. Activating it...
Working directory: /home/l/linchieh/AML-GNN-project/classifier_src_soc
==========================================
Starting fine-tuning...
Output directory: ./saved_models/
Epochs: 100
Learning rate: 1e-4
==========================================
Warning: Looks like you're using an outdated `kagglehub` version, please consider updating (latest version: 0.3.13)
Path to dataset files: /home/l/linchieh/.cache/kagglehub/datasets/ealtman2019/ibm-transactions-for-anti-money-laundering-aml/versions/8
Loading HI-Small...


Loading transactions from: /home/l/linchieh/.cache/kagglehub/datasets/ealtman2019/ibm-transactions-for-anti-money-laundering-aml/versions/8/HI-Small_Trans.csv
File size: 453.6 MB

Loaded 5,078,345 transactions
Date range: 2022-09-01 00:00:00 to 2022-09-18 16:18:00
Laundering transactions: 5,177 (0.102%)
============================================================
TEMPORAL TRAIN/TEST SPLIT
============================================================

Train Set:
  Date range: 2022-09-01 00:00:00 to 2022-09-08 16:12:00
  Transactions: 4,062,676
  Laundering: 3,380 (0.083%)

Test Set:
  Date range: 2022-09-08 16:12:00 to 2022-09-18 16:18:00
  Transactions: 1,015,669
  Laundering: 1,797 (0.177%)
============================================================
Number of nodes: 515080
Number of edges: 4062676
Adding RWPE feats
cpu
soc_gineconvnet_rwpe.py:96: UserWarning: Sparse CSR tensor support is in beta state. If you miss a functionality in the sparse tensor support, please submit a feature request to https://github.com/pytorch/pytorch/issues. (Triggered internally at /opt/conda/conda-bld/pytorch_1702400400184/work/aten/src/ATen/SparseCsrTensorImpl.cpp:53.)
  P = torch.sparse.mm(D_inv, A)
Added RWPE feats
Number of nodes: 515080
Number of edges: 1015669
Adding RWPE feats
cpu
Added RWPE feats
Class weights: tensor([  1., 140.], device='cuda:0')

============================================================
TRAINING
============================================================

Epoch   0 | Loss: 2.2465 | Acc: 0.9737
  Class 1 - P: 0.0005, R: 0.0163, F1: 0.0010
  Predicting class 1: 2.55327%
  Saved best model (F1: 0.0010)

Epoch   1 | Loss: 2.0511 | Acc: 0.9790
  Class 1 - P: 0.0005, R: 0.0112, F1: 0.0009
  Predicting class 1: 2.01736%

Epoch   2 | Loss: 2.0661 | Acc: 0.9818
  Class 1 - P: 0.0005, R: 0.0095, F1: 0.0009
  Predicting class 1: 1.73538%

Epoch   3 | Loss: 1.9129 | Acc: 0.9830
  Class 1 - P: 0.0005, R: 0.0089, F1: 0.0009
  Predicting class 1: 1.61640%

Epoch   4 | Loss: 1.8945 | Acc: 0.9835
  Class 1 - P: 0.0005, R: 0.0086, F1: 0.0009
  Predicting class 1: 1.56668%

Epoch   5 | Loss: 1.8322 | Acc: 0.9837
  Class 1 - P: 0.0005, R: 0.0092, F1: 0.0009
  Predicting class 1: 1.54972%

Epoch   6 | Loss: 1.7542 | Acc: 0.9835
  Class 1 - P: 0.0006, R: 0.0107, F1: 0.0011
  Predicting class 1: 1.57322%
  Saved best model (F1: 0.0011)

Epoch   7 | Loss: 1.6185 | Acc: 0.9828
  Class 1 - P: 0.0006, R: 0.0121, F1: 0.0012
  Predicting class 1: 1.64273%
  Saved best model (F1: 0.0012)

Epoch   8 | Loss: 1.5514 | Acc: 0.9818
  Class 1 - P: 0.0006, R: 0.0127, F1: 0.0012
  Predicting class 1: 1.73922%

Epoch   9 | Loss: 1.4724 | Acc: 0.9799
  Class 1 - P: 0.0007, R: 0.0166, F1: 0.0014
  Predicting class 1: 1.92536%
  Saved best model (F1: 0.0014)

Epoch  10 | Loss: 1.4149 | Acc: 0.9779
  Class 1 - P: 0.0008, R: 0.0207, F1: 0.0016
  Predicting class 1: 2.13327%
  Saved best model (F1: 0.0016)

Epoch  11 | Loss: 1.3992 | Acc: 0.9761
  Class 1 - P: 0.0009, R: 0.0246, F1: 0.0017
  Predicting class 1: 2.30816%
  Saved best model (F1: 0.0017)

Epoch  12 | Loss: 1.3986 | Acc: 0.9757
  Class 1 - P: 0.0010, R: 0.0269, F1: 0.0018
  Predicting class 1: 2.34796%
  Saved best model (F1: 0.0018)

Epoch  13 | Loss: 1.3320 | Acc: 0.9763
  Class 1 - P: 0.0010, R: 0.0266, F1: 0.0019
  Predicting class 1: 2.29238%
  Saved best model (F1: 0.0019)

Epoch  14 | Loss: 1.2520 | Acc: 0.9769
  Class 1 - P: 0.0010, R: 0.0278, F1: 0.0020
  Predicting class 1: 2.23264%
  Saved best model (F1: 0.0020)

Epoch  15 | Loss: 1.2203 | Acc: 0.9774
  Class 1 - P: 0.0012, R: 0.0305, F1: 0.0022
  Predicting class 1: 2.17911%
  Saved best model (F1: 0.0022)

Epoch  16 | Loss: 1.1786 | Acc: 0.9787
  Class 1 - P: 0.0012, R: 0.0302, F1: 0.0023
  Predicting class 1: 2.05564%
  Saved best model (F1: 0.0023)

Epoch  17 | Loss: 1.2199 | Acc: 0.9796
  Class 1 - P: 0.0014, R: 0.0340, F1: 0.0028
  Predicting class 1: 1.96304%
  Saved best model (F1: 0.0028)

Epoch  18 | Loss: 1.1914 | Acc: 0.9811
  Class 1 - P: 0.0016, R: 0.0337, F1: 0.0030
  Predicting class 1: 1.80964%
  Saved best model (F1: 0.0030)

Epoch  19 | Loss: 1.1307 | Acc: 0.9822
  Class 1 - P: 0.0017, R: 0.0340, F1: 0.0032
  Predicting class 1: 1.69972%
  Saved best model (F1: 0.0032)

Epoch  20 | Loss: 1.0904 | Acc: 0.9833
  Class 1 - P: 0.0019, R: 0.0358, F1: 0.0036
  Predicting class 1: 1.58957%
  Saved best model (F1: 0.0036)

Epoch  21 | Loss: 1.0023 | Acc: 0.9844
  Class 1 - P: 0.0021, R: 0.0367, F1: 0.0039
  Predicting class 1: 1.48456%
  Saved best model (F1: 0.0039)

Epoch  22 | Loss: 1.0677 | Acc: 0.9854
  Class 1 - P: 0.0024, R: 0.0393, F1: 0.0045
  Predicting class 1: 1.38266%
  Saved best model (F1: 0.0045)

Epoch  23 | Loss: 1.0705 | Acc: 0.9862
  Class 1 - P: 0.0027, R: 0.0429, F1: 0.0051
  Predicting class 1: 1.30544%
  Saved best model (F1: 0.0051)

Epoch  24 | Loss: 0.9490 | Acc: 0.9869
  Class 1 - P: 0.0030, R: 0.0450, F1: 0.0057
  Predicting class 1: 1.23158%
  Saved best model (F1: 0.0057)

Epoch  25 | Loss: 0.9592 | Acc: 0.9876
  Class 1 - P: 0.0035, R: 0.0491, F1: 0.0065
  Predicting class 1: 1.16824%
  Saved best model (F1: 0.0065)

Epoch  26 | Loss: 0.9758 | Acc: 0.9883
  Class 1 - P: 0.0038, R: 0.0506, F1: 0.0071
  Predicting class 1: 1.09620%
  Saved best model (F1: 0.0071)

Epoch  27 | Loss: 0.9519 | Acc: 0.9889
  Class 1 - P: 0.0040, R: 0.0503, F1: 0.0075
  Predicting class 1: 1.03360%
  Saved best model (F1: 0.0075)

Epoch  28 | Loss: 0.9449 | Acc: 0.9894
  Class 1 - P: 0.0049, R: 0.0583, F1: 0.0090
  Predicting class 1: 0.98883%
  Saved best model (F1: 0.0090)

Epoch  29 | Loss: 0.9607 | Acc: 0.9898
  Class 1 - P: 0.0054, R: 0.0618, F1: 0.0100
  Predicting class 1: 0.94699%
  Saved best model (F1: 0.0100)

Epoch  30 | Loss: 0.8934 | Acc: 0.9902
  Class 1 - P: 0.0059, R: 0.0648, F1: 0.0108
  Predicting class 1: 0.91223%
  Saved best model (F1: 0.0108)

Epoch  31 | Loss: 0.9043 | Acc: 0.9902
  Class 1 - P: 0.0068, R: 0.0740, F1: 0.0124
  Predicting class 1: 0.90576%
  Saved best model (F1: 0.0124)

Epoch  32 | Loss: 0.8435 | Acc: 0.9904
  Class 1 - P: 0.0074, R: 0.0799, F1: 0.0136
  Predicting class 1: 0.89483%
  Saved best model (F1: 0.0136)

Epoch  33 | Loss: 0.8882 | Acc: 0.9906
  Class 1 - P: 0.0080, R: 0.0837, F1: 0.0146
  Predicting class 1: 0.87199%
  Saved best model (F1: 0.0146)

Epoch  34 | Loss: 0.8220 | Acc: 0.9907
  Class 1 - P: 0.0087, R: 0.0899, F1: 0.0158
  Predicting class 1: 0.86487%
  Saved best model (F1: 0.0158)

Epoch  35 | Loss: 0.8292 | Acc: 0.9909
  Class 1 - P: 0.0095, R: 0.0962, F1: 0.0172
  Predicting class 1: 0.84577%
  Saved best model (F1: 0.0172)

Epoch  36 | Loss: 0.8479 | Acc: 0.9908
  Class 1 - P: 0.0096, R: 0.0991, F1: 0.0176
  Predicting class 1: 0.85579%
  Saved best model (F1: 0.0176)

Epoch  37 | Loss: 0.8182 | Acc: 0.9891
  Class 1 - P: 0.0083, R: 0.1021, F1: 0.0153
  Predicting class 1: 1.02703%

Epoch  38 | Loss: 0.8109 | Acc: 0.9873
  Class 1 - P: 0.0074, R: 0.1074, F1: 0.0139
  Predicting class 1: 1.20366%

Epoch  39 | Loss: 0.8267 | Acc: 0.9872
  Class 1 - P: 0.0072, R: 0.1053, F1: 0.0135
  Predicting class 1: 1.21659%

Epoch  40 | Loss: 0.8034 | Acc: 0.9872
  Class 1 - P: 0.0073, R: 0.1056, F1: 0.0136
  Predicting class 1: 1.21080%

Epoch  41 | Loss: 0.7883 | Acc: 0.9871
  Class 1 - P: 0.0070, R: 0.1027, F1: 0.0131
  Predicting class 1: 1.22437%

Epoch  42 | Loss: 0.7862 | Acc: 0.9868
  Class 1 - P: 0.0066, R: 0.0997, F1: 0.0124
  Predicting class 1: 1.25009%

Epoch  43 | Loss: 0.7944 | Acc: 0.9867
  Class 1 - P: 0.0066, R: 0.1000, F1: 0.0124
  Predicting class 1: 1.26409%

Epoch  44 | Loss: 0.7652 | Acc: 0.9870
  Class 1 - P: 0.0068, R: 0.1003, F1: 0.0127
  Predicting class 1: 1.23453%

Epoch  45 | Loss: 0.7357 | Acc: 0.9878
  Class 1 - P: 0.0071, R: 0.0985, F1: 0.0132
  Predicting class 1: 1.15658%

Epoch  46 | Loss: 0.7412 | Acc: 0.9887
  Class 1 - P: 0.0074, R: 0.0944, F1: 0.0137
  Predicting class 1: 1.06432%

Epoch  47 | Loss: 0.7569 | Acc: 0.9897
  Class 1 - P: 0.0080, R: 0.0923, F1: 0.0147
  Predicting class 1: 0.96257%

Epoch  48 | Loss: 0.7426 | Acc: 0.9911
  Class 1 - P: 0.0091, R: 0.0891, F1: 0.0165
  Predicting class 1: 0.81692%

Epoch  49 | Loss: 0.7333 | Acc: 0.9925
  Class 1 - P: 0.0107, R: 0.0873, F1: 0.0190
  Predicting class 1: 0.68105%
  Saved best model (F1: 0.0190)

Epoch  50 | Loss: 0.7226 | Acc: 0.9937
  Class 1 - P: 0.0124, R: 0.0834, F1: 0.0216
  Predicting class 1: 0.55963%
  Saved best model (F1: 0.0216)

Epoch  51 | Loss: 0.7305 | Acc: 0.9944
  Class 1 - P: 0.0140, R: 0.0831, F1: 0.0240
  Predicting class 1: 0.49241%
  Saved best model (F1: 0.0240)

Epoch  52 | Loss: 0.7401 | Acc: 0.9948
  Class 1 - P: 0.0151, R: 0.0828, F1: 0.0256
  Predicting class 1: 0.45539%
  Saved best model (F1: 0.0256)

Epoch  53 | Loss: 0.7627 | Acc: 0.9949
  Class 1 - P: 0.0154, R: 0.0820, F1: 0.0260
  Predicting class 1: 0.44151%
  Saved best model (F1: 0.0260)

Epoch  54 | Loss: 0.7155 | Acc: 0.9950
  Class 1 - P: 0.0161, R: 0.0834, F1: 0.0269
  Predicting class 1: 0.43203%
  Saved best model (F1: 0.0269)

Epoch  55 | Loss: 0.7113 | Acc: 0.9951
  Class 1 - P: 0.0167, R: 0.0846, F1: 0.0279
  Predicting class 1: 0.42169%
  Saved best model (F1: 0.0279)

Epoch  56 | Loss: 0.7027 | Acc: 0.9952
  Class 1 - P: 0.0173, R: 0.0858, F1: 0.0287
  Predicting class 1: 0.41369%
  Saved best model (F1: 0.0287)

Epoch  57 | Loss: 0.7273 | Acc: 0.9952
  Class 1 - P: 0.0172, R: 0.0858, F1: 0.0286
  Predicting class 1: 0.41576%

Epoch  58 | Loss: 0.7026 | Acc: 0.9950
  Class 1 - P: 0.0172, R: 0.0885, F1: 0.0288
  Predicting class 1: 0.42814%
  Saved best model (F1: 0.0288)

Epoch  59 | Loss: 0.7046 | Acc: 0.9949
  Class 1 - P: 0.0170, R: 0.0902, F1: 0.0286
  Predicting class 1: 0.44136%

Epoch  60 | Loss: 0.6741 | Acc: 0.9948
  Class 1 - P: 0.0170, R: 0.0920, F1: 0.0286
  Predicting class 1: 0.45143%

Epoch  61 | Loss: 0.6507 | Acc: 0.9947
  Class 1 - P: 0.0170, R: 0.0935, F1: 0.0288
  Predicting class 1: 0.45753%

Epoch  62 | Loss: 0.6612 | Acc: 0.9947
  Class 1 - P: 0.0170, R: 0.0941, F1: 0.0288
  Predicting class 1: 0.46120%

Epoch  63 | Loss: 0.6855 | Acc: 0.9947
  Class 1 - P: 0.0171, R: 0.0956, F1: 0.0291
  Predicting class 1: 0.46361%
  Saved best model (F1: 0.0291)

Epoch  64 | Loss: 0.6864 | Acc: 0.9947
  Class 1 - P: 0.0175, R: 0.0970, F1: 0.0297
  Predicting class 1: 0.46044%
  Saved best model (F1: 0.0297)

Epoch  65 | Loss: 0.6758 | Acc: 0.9947
  Class 1 - P: 0.0173, R: 0.0962, F1: 0.0294
  Predicting class 1: 0.46167%

Epoch  66 | Loss: 0.6719 | Acc: 0.9947
  Class 1 - P: 0.0175, R: 0.0973, F1: 0.0296
  Predicting class 1: 0.46351%

Epoch  67 | Loss: 0.6465 | Acc: 0.9946
  Class 1 - P: 0.0175, R: 0.0988, F1: 0.0297
  Predicting class 1: 0.46949%
  Saved best model (F1: 0.0297)

Epoch  68 | Loss: 0.6528 | Acc: 0.9944
  Class 1 - P: 0.0172, R: 0.1021, F1: 0.0295
  Predicting class 1: 0.49270%

Epoch  69 | Loss: 0.6437 | Acc: 0.9939
  Class 1 - P: 0.0158, R: 0.1033, F1: 0.0274
  Predicting class 1: 0.54361%

Epoch  70 | Loss: 0.6978 | Acc: 0.9921
  Class 1 - P: 0.0120, R: 0.1050, F1: 0.0216
  Predicting class 1: 0.72612%

Epoch  71 | Loss: 0.6752 | Acc: 0.9903
  Class 1 - P: 0.0101, R: 0.1098, F1: 0.0185
  Predicting class 1: 0.90271%

Epoch  72 | Loss: 0.6718 | Acc: 0.9882
  Class 1 - P: 0.0085, R: 0.1139, F1: 0.0158
  Predicting class 1: 1.11407%

Epoch  73 | Loss: 0.6452 | Acc: 0.9855
  Class 1 - P: 0.0072, R: 0.1189, F1: 0.0135
  Predicting class 1: 1.38163%

Epoch  74 | Loss: 0.6363 | Acc: 0.9847
  Class 1 - P: 0.0068, R: 0.1195, F1: 0.0128
  Predicting class 1: 1.46987%

Epoch  75 | Loss: 0.6666 | Acc: 0.9830
  Class 1 - P: 0.0062, R: 0.1231, F1: 0.0119
  Predicting class 1: 1.64037%

Epoch  76 | Loss: 0.6334 | Acc: 0.9800
  Class 1 - P: 0.0055, R: 0.1281, F1: 0.0105
  Predicting class 1: 1.93978%

Epoch  77 | Loss: 0.6405 | Acc: 0.9760
  Class 1 - P: 0.0048, R: 0.1334, F1: 0.0092
  Predicting class 1: 2.33688%

Epoch  78 | Loss: 0.6346 | Acc: 0.9754
  Class 1 - P: 0.0046, R: 0.1337, F1: 0.0090
  Predicting class 1: 2.39835%

Epoch  79 | Loss: 0.6563 | Acc: 0.9748
  Class 1 - P: 0.0046, R: 0.1349, F1: 0.0088
  Predicting class 1: 2.45816%

Epoch  80 | Loss: 0.6355 | Acc: 0.9752
  Class 1 - P: 0.0046, R: 0.1340, F1: 0.0089
  Predicting class 1: 2.42030%

Epoch  81 | Loss: 0.6340 | Acc: 0.9752
  Class 1 - P: 0.0046, R: 0.1337, F1: 0.0089
  Predicting class 1: 2.41718%

Epoch  82 | Loss: 0.6376 | Acc: 0.9747
  Class 1 - P: 0.0046, R: 0.1367, F1: 0.0089
  Predicting class 1: 2.46554%

Epoch  83 | Loss: 0.6320 | Acc: 0.9749
  Class 1 - P: 0.0046, R: 0.1358, F1: 0.0089
  Predicting class 1: 2.44624%

Epoch  84 | Loss: 0.6240 | Acc: 0.9757
  Class 1 - P: 0.0047, R: 0.1340, F1: 0.0091
  Predicting class 1: 2.37132%

Epoch  85 | Loss: 0.6290 | Acc: 0.9781
  Class 1 - P: 0.0050, R: 0.1284, F1: 0.0097
  Predicting class 1: 2.12845%

Epoch  86 | Loss: 0.6105 | Acc: 0.9822
  Class 1 - P: 0.0059, R: 0.1225, F1: 0.0113
  Predicting class 1: 1.72066%

Epoch  87 | Loss: 0.6198 | Acc: 0.9852
  Class 1 - P: 0.0069, R: 0.1169, F1: 0.0130
  Predicting class 1: 1.41175%

Epoch  88 | Loss: 0.6326 | Acc: 0.9871
  Class 1 - P: 0.0076, R: 0.1115, F1: 0.0142
  Predicting class 1: 1.22471%

Epoch  89 | Loss: 0.6123 | Acc: 0.9894
  Class 1 - P: 0.0091, R: 0.1092, F1: 0.0168
  Predicting class 1: 0.99789%

Epoch  90 | Loss: 0.6161 | Acc: 0.9905
  Class 1 - P: 0.0102, R: 0.1086, F1: 0.0186
  Predicting class 1: 0.88865%

Epoch  91 | Loss: 0.6448 | Acc: 0.9904
  Class 1 - P: 0.0102, R: 0.1095, F1: 0.0186
  Predicting class 1: 0.89697%

Epoch  92 | Loss: 0.6040 | Acc: 0.9900
  Class 1 - P: 0.0101, R: 0.1136, F1: 0.0185
  Predicting class 1: 0.94000%

Epoch  93 | Loss: 0.6581 | Acc: 0.9898
  Class 1 - P: 0.0102, R: 0.1175, F1: 0.0187
  Predicting class 1: 0.95915%

Epoch  94 | Loss: 0.6187 | Acc: 0.9893
  Class 1 - P: 0.0100, R: 0.1210, F1: 0.0184
  Predicting class 1: 1.00941%

Epoch  95 | Loss: 0.6205 | Acc: 0.9889
  Class 1 - P: 0.0103, R: 0.1296, F1: 0.0190
  Predicting class 1: 1.04958%

Epoch  96 | Loss: 0.6081 | Acc: 0.9886
  Class 1 - P: 0.0101, R: 0.1320, F1: 0.0188
  Predicting class 1: 1.08360%

Epoch  97 | Loss: 0.6007 | Acc: 0.9884
  Class 1 - P: 0.0102, R: 0.1346, F1: 0.0190
  Predicting class 1: 1.09760%

Epoch  98 | Loss: 0.6072 | Acc: 0.9884
  Class 1 - P: 0.0103, R: 0.1355, F1: 0.0191
  Predicting class 1: 1.09590%

Epoch  99 | Loss: 0.6302 | Acc: 0.9882
  Class 1 - P: 0.0102, R: 0.1376, F1: 0.0190
  Predicting class 1: 1.11998%

============================================================
TRAINING COMPLETE
============================================================
Class 0: 1013872 (99.82%)
Class 1: 1797 (0.18%)

============================================================
TEST SET RESULTS
============================================================
Overall Accuracy: 0.9893
AUC-ROC: 0.5708

Confusion Matrix:
  TN: 1004647  FP:    9225
  FN:    1595  TP:     202

Class 0 (Legitimate):
  Precision: 0.9984
  Recall: 0.9909

Class 1 (Laundering):
  Precision: 0.0214
  Recall: 0.1124
  F1 Score: 0.0360
============================================================

============================================================
EVALUATION COMPLETE
============================================================
==========================================
Training completed successfully!
Output saved to: ./saved_models/
==========================================
Job completed at: Thu Nov 13 09:29:03 AM +08 2025
==========================================
