==========================================
Job ID: 281305
Job Name: train_gineconv_rwpe
Node: xgpi17
Start Time: Thu Nov 13 09:19:18 AM +08 2025
GPU Information:
Thu Nov 13 09:19:18 2025       
+-----------------------------------------------------------------------------------------+
| NVIDIA-SMI 575.57.08              Driver Version: 575.57.08      CUDA Version: 12.9     |
|-----------------------------------------+------------------------+----------------------+
| GPU  Name                 Persistence-M | Bus-Id          Disp.A | Volatile Uncorr. ECC |
| Fan  Temp   Perf          Pwr:Usage/Cap |           Memory-Usage | GPU-Util  Compute M. |
|                                         |                        |               MIG M. |
|=========================================+========================+======================|
|   0  NVIDIA H100 NVL                On  |   00000000:E3:00.0 Off |                   On |
| N/A   62C    P0             74W /  400W |      87MiB /  95830MiB |     N/A      Default |
|                                         |                        |              Enabled |
+-----------------------------------------+------------------------+----------------------+

+-----------------------------------------------------------------------------------------+
| MIG devices:                                                                            |
+------------------+----------------------------------+-----------+-----------------------+
| GPU  GI  CI  MIG |                     Memory-Usage |        Vol|        Shared         |
|      ID  ID  Dev |                       BAR1-Usage | SM     Unc| CE ENC  DEC  OFA  JPG |
|                  |                                  |        ECC|                       |
|==================+==================================+===========+=======================|
|  0    1   0   0  |              44MiB / 47488MiB    | 60      0 |  3   0    3    0    3 |
|                  |                 0MiB / 65535MiB  |           |                       |
+------------------+----------------------------------+-----------+-----------------------+
                                                                                         
+-----------------------------------------------------------------------------------------+
| Processes:                                                                              |
|  GPU   GI   CI              PID   Type   Process name                        GPU Memory |
|        ID   ID                                                               Usage      |
|=========================================================================================|
|  No running processes found                                                             |
+-----------------------------------------------------------------------------------------+
==========================================
Conda environment 'aml_project_new' already exists. Activating it...
Working directory: /home/l/linchieh/AML-GNN-project/classifier_src_soc
==========================================
Starting fine-tuning...
Output directory: ./saved_models/
Epochs: 100
Learning rate: 1e-4
==========================================
Warning: Looks like you're using an outdated `kagglehub` version, please consider updating (latest version: 0.3.13)
Path to dataset files: /home/l/linchieh/.cache/kagglehub/datasets/ealtman2019/ibm-transactions-for-anti-money-laundering-aml/versions/8
Loading HI-Small...


Loading transactions from: /home/l/linchieh/.cache/kagglehub/datasets/ealtman2019/ibm-transactions-for-anti-money-laundering-aml/versions/8/HI-Small_Trans.csv
File size: 453.6 MB

Loaded 5,078,345 transactions
Date range: 2022-09-01 00:00:00 to 2022-09-18 16:18:00
Laundering transactions: 5,177 (0.102%)
============================================================
TEMPORAL TRAIN/TEST SPLIT
============================================================

Train Set:
  Date range: 2022-09-01 00:00:00 to 2022-09-08 16:12:00
  Transactions: 4,062,676
  Laundering: 3,380 (0.083%)

Test Set:
  Date range: 2022-09-08 16:12:00 to 2022-09-18 16:18:00
  Transactions: 1,015,669
  Laundering: 1,797 (0.177%)
============================================================
Number of nodes: 515080
Number of edges: 4062676
Adding RWPE feats
cpu
soc_gineconvnet_rwpe.py:96: UserWarning: Sparse CSR tensor support is in beta state. If you miss a functionality in the sparse tensor support, please submit a feature request to https://github.com/pytorch/pytorch/issues. (Triggered internally at /opt/conda/conda-bld/pytorch_1702400400184/work/aten/src/ATen/SparseCsrTensorImpl.cpp:53.)
  P = torch.sparse.mm(D_inv, A)
Added RWPE feats
Number of nodes: 515080
Number of edges: 1015669
Adding RWPE feats
cpu
Added RWPE feats
Class weights: tensor([  1., 140.], device='cuda:0')

============================================================
TRAINING
============================================================

Epoch   0 | Loss: 3.7248 | Acc: 0.9590
  Class 1 - P: 0.0002, R: 0.0089, F1: 0.0004
  Predicting class 1: 4.01831%
  Saved best model (F1: 0.0004)

Epoch   1 | Loss: 2.9818 | Acc: 0.9547
  Class 1 - P: 0.0002, R: 0.0115, F1: 0.0004
  Predicting class 1: 4.44788%
  Saved best model (F1: 0.0004)

Epoch   2 | Loss: 2.9554 | Acc: 0.9503
  Class 1 - P: 0.0002, R: 0.0142, F1: 0.0005
  Predicting class 1: 4.88486%
  Saved best model (F1: 0.0005)

Epoch   3 | Loss: 2.7186 | Acc: 0.9460
  Class 1 - P: 0.0003, R: 0.0169, F1: 0.0005
  Predicting class 1: 5.31640%
  Saved best model (F1: 0.0005)

Epoch   4 | Loss: 2.1979 | Acc: 0.9421
  Class 1 - P: 0.0003, R: 0.0228, F1: 0.0007
  Predicting class 1: 5.71557%
  Saved best model (F1: 0.0007)

Epoch   5 | Loss: 2.5907 | Acc: 0.9376
  Class 1 - P: 0.0004, R: 0.0308, F1: 0.0008
  Predicting class 1: 6.16180%
  Saved best model (F1: 0.0008)

Epoch   6 | Loss: 2.1048 | Acc: 0.9310
  Class 1 - P: 0.0006, R: 0.0479, F1: 0.0012
  Predicting class 1: 6.82491%
  Saved best model (F1: 0.0012)

Epoch   7 | Loss: 1.8938 | Acc: 0.9172
  Class 1 - P: 0.0008, R: 0.0781, F1: 0.0016
  Predicting class 1: 8.20698%
  Saved best model (F1: 0.0016)

Epoch   8 | Loss: 1.8815 | Acc: 0.8805
  Class 1 - P: 0.0010, R: 0.1391, F1: 0.0019
  Predicting class 1: 11.89366%
  Saved best model (F1: 0.0019)

Epoch   9 | Loss: 1.7505 | Acc: 0.8003
  Class 1 - P: 0.0010, R: 0.2459, F1: 0.0020
  Predicting class 1: 19.92743%
  Saved best model (F1: 0.0020)

Epoch  10 | Loss: 1.5802 | Acc: 0.6799
  Class 1 - P: 0.0010, R: 0.4030, F1: 0.0021
  Predicting class 1: 31.99359%
  Saved best model (F1: 0.0021)

Epoch  11 | Loss: 1.5968 | Acc: 0.5796
  Class 1 - P: 0.0011, R: 0.5314, F1: 0.0021
  Predicting class 1: 42.04219%
  Saved best model (F1: 0.0021)

Epoch  12 | Loss: 1.5854 | Acc: 0.4971
  Class 1 - P: 0.0010, R: 0.6314, F1: 0.0021
  Predicting class 1: 50.31407%

Epoch  13 | Loss: 1.5543 | Acc: 0.4253
  Class 1 - P: 0.0010, R: 0.7086, F1: 0.0020
  Predicting class 1: 57.50205%

Epoch  14 | Loss: 1.4624 | Acc: 0.3636
  Class 1 - P: 0.0010, R: 0.7547, F1: 0.0020
  Predicting class 1: 63.67926%

Epoch  15 | Loss: 1.4382 | Acc: 0.3228
  Class 1 - P: 0.0010, R: 0.7888, F1: 0.0019
  Predicting class 1: 67.77210%

Epoch  16 | Loss: 1.6014 | Acc: 0.3013
  Class 1 - P: 0.0010, R: 0.8237, F1: 0.0020
  Predicting class 1: 69.92226%

Epoch  17 | Loss: 1.3562 | Acc: 0.2993
  Class 1 - P: 0.0010, R: 0.8393, F1: 0.0020
  Predicting class 1: 70.12265%

Epoch  18 | Loss: 1.2707 | Acc: 0.3131
  Class 1 - P: 0.0010, R: 0.8391, F1: 0.0020
  Predicting class 1: 68.74572%

Epoch  19 | Loss: 1.3328 | Acc: 0.3427
  Class 1 - P: 0.0011, R: 0.8320, F1: 0.0021
  Predicting class 1: 65.78410%
  Saved best model (F1: 0.0021)

Epoch  20 | Loss: 1.3863 | Acc: 0.3824
  Class 1 - P: 0.0011, R: 0.8163, F1: 0.0022
  Predicting class 1: 61.80938%
  Saved best model (F1: 0.0022)

Epoch  21 | Loss: 1.3135 | Acc: 0.4284
  Class 1 - P: 0.0012, R: 0.7967, F1: 0.0023
  Predicting class 1: 57.20842%
  Saved best model (F1: 0.0023)

Epoch  22 | Loss: 1.2736 | Acc: 0.4784
  Class 1 - P: 0.0012, R: 0.7627, F1: 0.0024
  Predicting class 1: 52.19948%
  Saved best model (F1: 0.0024)

Epoch  23 | Loss: 1.2320 | Acc: 0.5319
  Class 1 - P: 0.0013, R: 0.7145, F1: 0.0025
  Predicting class 1: 46.84897%
  Saved best model (F1: 0.0025)

Epoch  24 | Loss: 1.1441 | Acc: 0.5857
  Class 1 - P: 0.0014, R: 0.6731, F1: 0.0027
  Predicting class 1: 41.46055%
  Saved best model (F1: 0.0027)

Epoch  25 | Loss: 1.2318 | Acc: 0.6367
  Class 1 - P: 0.0015, R: 0.6367, F1: 0.0029
  Predicting class 1: 36.35498%
  Saved best model (F1: 0.0029)

Epoch  26 | Loss: 1.1616 | Acc: 0.6828
  Class 1 - P: 0.0015, R: 0.5888, F1: 0.0031
  Predicting class 1: 31.73317%
  Saved best model (F1: 0.0031)

Epoch  27 | Loss: 1.0063 | Acc: 0.7227
  Class 1 - P: 0.0016, R: 0.5456, F1: 0.0033
  Predicting class 1: 27.73347%
  Saved best model (F1: 0.0033)

Epoch  28 | Loss: 1.1350 | Acc: 0.7561
  Class 1 - P: 0.0017, R: 0.5071, F1: 0.0034
  Predicting class 1: 24.39094%
  Saved best model (F1: 0.0034)

Epoch  29 | Loss: 1.0370 | Acc: 0.7826
  Class 1 - P: 0.0018, R: 0.4680, F1: 0.0036
  Predicting class 1: 21.73392%
  Saved best model (F1: 0.0036)

Epoch  30 | Loss: 1.0786 | Acc: 0.8097
  Class 1 - P: 0.0019, R: 0.4296, F1: 0.0037
  Predicting class 1: 19.02032%
  Saved best model (F1: 0.0037)

Epoch  31 | Loss: 1.0269 | Acc: 0.8307
  Class 1 - P: 0.0020, R: 0.4012, F1: 0.0039
  Predicting class 1: 16.91754%
  Saved best model (F1: 0.0039)

Epoch  32 | Loss: 1.0340 | Acc: 0.8418
  Class 1 - P: 0.0020, R: 0.3828, F1: 0.0040
  Predicting class 1: 15.80431%
  Saved best model (F1: 0.0040)

Epoch  33 | Loss: 1.0109 | Acc: 0.8513
  Class 1 - P: 0.0021, R: 0.3707, F1: 0.0041
  Predicting class 1: 14.84354%
  Saved best model (F1: 0.0041)

Epoch  34 | Loss: 1.0313 | Acc: 0.8606
  Class 1 - P: 0.0021, R: 0.3595, F1: 0.0043
  Predicting class 1: 13.92026%
  Saved best model (F1: 0.0043)

Epoch  35 | Loss: 1.0504 | Acc: 0.8682
  Class 1 - P: 0.0022, R: 0.3524, F1: 0.0044
  Predicting class 1: 13.15820%
  Saved best model (F1: 0.0044)

Epoch  36 | Loss: 1.0130 | Acc: 0.8723
  Class 1 - P: 0.0023, R: 0.3503, F1: 0.0045
  Predicting class 1: 12.74332%
  Saved best model (F1: 0.0045)

Epoch  37 | Loss: 0.9585 | Acc: 0.8752
  Class 1 - P: 0.0023, R: 0.3479, F1: 0.0046
  Predicting class 1: 12.45861%
  Saved best model (F1: 0.0046)

Epoch  38 | Loss: 0.9527 | Acc: 0.8769
  Class 1 - P: 0.0024, R: 0.3473, F1: 0.0047
  Predicting class 1: 12.28168%
  Saved best model (F1: 0.0047)

Epoch  39 | Loss: 0.9155 | Acc: 0.8797
  Class 1 - P: 0.0024, R: 0.3464, F1: 0.0048
  Predicting class 1: 12.00317%
  Saved best model (F1: 0.0048)

Epoch  40 | Loss: 0.9134 | Acc: 0.8794
  Class 1 - P: 0.0024, R: 0.3512, F1: 0.0048
  Predicting class 1: 12.03328%
  Saved best model (F1: 0.0048)

Epoch  41 | Loss: 0.9254 | Acc: 0.8785
  Class 1 - P: 0.0025, R: 0.3577, F1: 0.0049
  Predicting class 1: 12.12558%
  Saved best model (F1: 0.0049)

Epoch  42 | Loss: 0.8955 | Acc: 0.8753
  Class 1 - P: 0.0024, R: 0.3663, F1: 0.0049
  Predicting class 1: 12.44916%

Epoch  43 | Loss: 0.9005 | Acc: 0.8735
  Class 1 - P: 0.0024, R: 0.3716, F1: 0.0049
  Predicting class 1: 12.63150%

Epoch  44 | Loss: 0.9469 | Acc: 0.8745
  Class 1 - P: 0.0025, R: 0.3719, F1: 0.0049
  Predicting class 1: 12.52760%
  Saved best model (F1: 0.0049)

Epoch  45 | Loss: 0.8939 | Acc: 0.8727
  Class 1 - P: 0.0025, R: 0.3784, F1: 0.0049
  Predicting class 1: 12.70480%
  Saved best model (F1: 0.0049)

Epoch  46 | Loss: 0.8726 | Acc: 0.8713
  Class 1 - P: 0.0025, R: 0.3834, F1: 0.0049
  Predicting class 1: 12.85510%
  Saved best model (F1: 0.0049)

Epoch  47 | Loss: 0.9408 | Acc: 0.8711
  Class 1 - P: 0.0025, R: 0.3905, F1: 0.0050
  Predicting class 1: 12.86856%
  Saved best model (F1: 0.0050)

Epoch  48 | Loss: 0.8943 | Acc: 0.8722
  Class 1 - P: 0.0025, R: 0.3905, F1: 0.0051
  Predicting class 1: 12.76622%
  Saved best model (F1: 0.0051)

Epoch  49 | Loss: 0.9231 | Acc: 0.8738
  Class 1 - P: 0.0026, R: 0.3926, F1: 0.0052
  Predicting class 1: 12.59950%
  Saved best model (F1: 0.0052)

Epoch  50 | Loss: 0.8195 | Acc: 0.8767
  Class 1 - P: 0.0026, R: 0.3911, F1: 0.0053
  Predicting class 1: 12.31166%
  Saved best model (F1: 0.0053)

Epoch  51 | Loss: 0.8603 | Acc: 0.8800
  Class 1 - P: 0.0027, R: 0.3879, F1: 0.0054
  Predicting class 1: 11.97797%
  Saved best model (F1: 0.0054)

Epoch  52 | Loss: 0.8271 | Acc: 0.8817
  Class 1 - P: 0.0027, R: 0.3852, F1: 0.0054
  Predicting class 1: 11.80741%
  Saved best model (F1: 0.0054)

Epoch  53 | Loss: 0.8405 | Acc: 0.8829
  Class 1 - P: 0.0028, R: 0.3864, F1: 0.0055
  Predicting class 1: 11.68880%
  Saved best model (F1: 0.0055)

Epoch  54 | Loss: 0.8757 | Acc: 0.8834
  Class 1 - P: 0.0028, R: 0.3891, F1: 0.0055
  Predicting class 1: 11.63748%
  Saved best model (F1: 0.0055)

Epoch  55 | Loss: 0.8286 | Acc: 0.8837
  Class 1 - P: 0.0028, R: 0.3905, F1: 0.0056
  Predicting class 1: 11.60868%
  Saved best model (F1: 0.0056)

Epoch  56 | Loss: 0.8300 | Acc: 0.8833
  Class 1 - P: 0.0029, R: 0.3997, F1: 0.0057
  Predicting class 1: 11.65690%
  Saved best model (F1: 0.0057)

Epoch  57 | Loss: 0.8413 | Acc: 0.8813
  Class 1 - P: 0.0029, R: 0.4101, F1: 0.0057
  Predicting class 1: 11.85576%
  Saved best model (F1: 0.0057)

Epoch  58 | Loss: 0.8399 | Acc: 0.8776
  Class 1 - P: 0.0029, R: 0.4192, F1: 0.0057
  Predicting class 1: 12.22667%

Epoch  59 | Loss: 0.7991 | Acc: 0.8778
  Class 1 - P: 0.0029, R: 0.4210, F1: 0.0057
  Predicting class 1: 12.20646%

Epoch  60 | Loss: 0.8628 | Acc: 0.8740
  Class 1 - P: 0.0029, R: 0.4337, F1: 0.0057
  Predicting class 1: 12.59298%

Epoch  61 | Loss: 0.8107 | Acc: 0.8706
  Class 1 - P: 0.0028, R: 0.4402, F1: 0.0056
  Predicting class 1: 12.92877%

Epoch  62 | Loss: 0.8051 | Acc: 0.8639
  Class 1 - P: 0.0028, R: 0.4568, F1: 0.0056
  Predicting class 1: 13.60227%

Epoch  63 | Loss: 0.8066 | Acc: 0.8614
  Class 1 - P: 0.0028, R: 0.4589, F1: 0.0055
  Predicting class 1: 13.85129%

Epoch  64 | Loss: 0.7873 | Acc: 0.8583
  Class 1 - P: 0.0027, R: 0.4651, F1: 0.0054
  Predicting class 1: 14.16830%

Epoch  65 | Loss: 0.7806 | Acc: 0.8545
  Class 1 - P: 0.0027, R: 0.4716, F1: 0.0054
  Predicting class 1: 14.54898%

Epoch  66 | Loss: 0.7680 | Acc: 0.8530
  Class 1 - P: 0.0027, R: 0.4746, F1: 0.0053
  Predicting class 1: 14.69366%

Epoch  67 | Loss: 0.7708 | Acc: 0.8542
  Class 1 - P: 0.0027, R: 0.4707, F1: 0.0053
  Predicting class 1: 14.57741%

Epoch  68 | Loss: 0.8024 | Acc: 0.8545
  Class 1 - P: 0.0027, R: 0.4710, F1: 0.0054
  Predicting class 1: 14.54189%

Epoch  69 | Loss: 0.7747 | Acc: 0.8544
  Class 1 - P: 0.0027, R: 0.4719, F1: 0.0054
  Predicting class 1: 14.55506%

Epoch  70 | Loss: 0.7938 | Acc: 0.8541
  Class 1 - P: 0.0027, R: 0.4719, F1: 0.0054
  Predicting class 1: 14.58199%

Epoch  71 | Loss: 0.7690 | Acc: 0.8548
  Class 1 - P: 0.0027, R: 0.4725, F1: 0.0054
  Predicting class 1: 14.51282%

Epoch  72 | Loss: 0.8031 | Acc: 0.8557
  Class 1 - P: 0.0027, R: 0.4675, F1: 0.0054
  Predicting class 1: 14.42921%

Epoch  73 | Loss: 0.7642 | Acc: 0.8561
  Class 1 - P: 0.0027, R: 0.4689, F1: 0.0054
  Predicting class 1: 14.38572%

Epoch  74 | Loss: 0.7877 | Acc: 0.8579
  Class 1 - P: 0.0027, R: 0.4666, F1: 0.0054
  Predicting class 1: 14.20628%

Epoch  75 | Loss: 0.7282 | Acc: 0.8602
  Class 1 - P: 0.0027, R: 0.4615, F1: 0.0055
  Predicting class 1: 13.96998%

Epoch  76 | Loss: 0.7572 | Acc: 0.8630
  Class 1 - P: 0.0028, R: 0.4538, F1: 0.0055
  Predicting class 1: 13.68992%

Epoch  77 | Loss: 0.7440 | Acc: 0.8662
  Class 1 - P: 0.0028, R: 0.4459, F1: 0.0055
  Predicting class 1: 13.36845%

Epoch  78 | Loss: 0.7674 | Acc: 0.8698
  Class 1 - P: 0.0028, R: 0.4411, F1: 0.0056
  Predicting class 1: 13.00990%

Epoch  79 | Loss: 0.7711 | Acc: 0.8730
  Class 1 - P: 0.0028, R: 0.4346, F1: 0.0057
  Predicting class 1: 12.69176%

Epoch  80 | Loss: 0.7407 | Acc: 0.8757
  Class 1 - P: 0.0029, R: 0.4322, F1: 0.0058
  Predicting class 1: 12.42157%
  Saved best model (F1: 0.0058)

Epoch  81 | Loss: 0.7398 | Acc: 0.8793
  Class 1 - P: 0.0030, R: 0.4287, F1: 0.0059
  Predicting class 1: 12.06239%
  Saved best model (F1: 0.0059)

Epoch  82 | Loss: 0.7445 | Acc: 0.8825
  Class 1 - P: 0.0030, R: 0.4231, F1: 0.0060
  Predicting class 1: 11.73384%
  Saved best model (F1: 0.0060)

Epoch  83 | Loss: 0.7175 | Acc: 0.8856
  Class 1 - P: 0.0030, R: 0.4163, F1: 0.0060
  Predicting class 1: 11.42510%
  Saved best model (F1: 0.0060)

Epoch  84 | Loss: 0.7170 | Acc: 0.8888
  Class 1 - P: 0.0031, R: 0.4133, F1: 0.0061
  Predicting class 1: 11.10406%
  Saved best model (F1: 0.0061)

Epoch  85 | Loss: 0.7466 | Acc: 0.8909
  Class 1 - P: 0.0031, R: 0.4098, F1: 0.0062
  Predicting class 1: 10.89917%
  Saved best model (F1: 0.0062)

Epoch  86 | Loss: 0.7423 | Acc: 0.8930
  Class 1 - P: 0.0032, R: 0.4059, F1: 0.0063
  Predicting class 1: 10.68919%
  Saved best model (F1: 0.0063)

Epoch  87 | Loss: 0.7353 | Acc: 0.8948
  Class 1 - P: 0.0032, R: 0.4044, F1: 0.0064
  Predicting class 1: 10.50731%
  Saved best model (F1: 0.0064)

Epoch  88 | Loss: 0.7503 | Acc: 0.8966
  Class 1 - P: 0.0032, R: 0.4015, F1: 0.0064
  Predicting class 1: 10.32100%
  Saved best model (F1: 0.0064)

Epoch  89 | Loss: 0.7088 | Acc: 0.8990
  Class 1 - P: 0.0033, R: 0.3979, F1: 0.0065
  Predicting class 1: 10.08714%
  Saved best model (F1: 0.0065)

Epoch  90 | Loss: 0.7309 | Acc: 0.9006
  Class 1 - P: 0.0033, R: 0.3956, F1: 0.0066
  Predicting class 1: 9.92688%
  Saved best model (F1: 0.0066)

Epoch  91 | Loss: 0.7255 | Acc: 0.9013
  Class 1 - P: 0.0033, R: 0.3947, F1: 0.0066
  Predicting class 1: 9.85232%
  Saved best model (F1: 0.0066)

Epoch  92 | Loss: 0.7303 | Acc: 0.9017
  Class 1 - P: 0.0033, R: 0.3944, F1: 0.0066
  Predicting class 1: 9.81668%
  Saved best model (F1: 0.0066)

Epoch  93 | Loss: 0.7153 | Acc: 0.9028
  Class 1 - P: 0.0034, R: 0.3941, F1: 0.0067
  Predicting class 1: 9.69814%
  Saved best model (F1: 0.0067)

Epoch  94 | Loss: 0.7185 | Acc: 0.9037
  Class 1 - P: 0.0034, R: 0.3935, F1: 0.0068
  Predicting class 1: 9.61578%
  Saved best model (F1: 0.0068)

Epoch  95 | Loss: 0.7105 | Acc: 0.9041
  Class 1 - P: 0.0034, R: 0.3932, F1: 0.0068
  Predicting class 1: 9.57288%
  Saved best model (F1: 0.0068)

Epoch  96 | Loss: 0.6917 | Acc: 0.9039
  Class 1 - P: 0.0034, R: 0.3944, F1: 0.0068
  Predicting class 1: 9.59077%
  Saved best model (F1: 0.0068)

Epoch  97 | Loss: 0.7422 | Acc: 0.9029
  Class 1 - P: 0.0034, R: 0.3976, F1: 0.0068
  Predicting class 1: 9.68992%

Epoch  98 | Loss: 0.7070 | Acc: 0.9018
  Class 1 - P: 0.0034, R: 0.3997, F1: 0.0067
  Predicting class 1: 9.80482%

Epoch  99 | Loss: 0.7007 | Acc: 0.9011
  Class 1 - P: 0.0034, R: 0.4012, F1: 0.0067
  Predicting class 1: 9.87137%

============================================================
TRAINING COMPLETE
============================================================
Class 0: 1013872 (99.82%)
Class 1: 1797 (0.18%)

============================================================
TEST SET RESULTS
============================================================
Overall Accuracy: 0.6203
AUC-ROC: 0.6497

Confusion Matrix:
  TN:  628831  FP:  385041
  FN:     652  TP:    1145

Class 0 (Legitimate):
  Precision: 0.9990
  Recall: 0.6202

Class 1 (Laundering):
  Precision: 0.0030
  Recall: 0.6372
  F1 Score: 0.0059
============================================================

============================================================
EVALUATION COMPLETE
============================================================
==========================================
Training completed successfully!
Output saved to: ./saved_models/
==========================================
Job completed at: Thu Nov 13 09:22:02 AM +08 2025
==========================================
