==========================================
Job ID: 285101
Job Name: dgl_gnn_train
Node: xgpi10
Start Time: Sat Nov 15 03:40:07 PM +08 2025
GPU Information:
Sat Nov 15 15:40:07 2025       
+-----------------------------------------------------------------------------------------+
| NVIDIA-SMI 575.57.08              Driver Version: 575.57.08      CUDA Version: 12.9     |
|-----------------------------------------+------------------------+----------------------+
| GPU  Name                 Persistence-M | Bus-Id          Disp.A | Volatile Uncorr. ECC |
| Fan  Temp   Perf          Pwr:Usage/Cap |           Memory-Usage | GPU-Util  Compute M. |
|                                         |                        |               MIG M. |
|=========================================+========================+======================|
|   0  NVIDIA H100 NVL                On  |   00000000:82:00.0 Off |                   On |
| N/A   42C    P0             65W /  400W |      87MiB /  95830MiB |     N/A      Default |
|                                         |                        |              Enabled |
+-----------------------------------------+------------------------+----------------------+

+-----------------------------------------------------------------------------------------+
| MIG devices:                                                                            |
+------------------+----------------------------------+-----------+-----------------------+
| GPU  GI  CI  MIG |                     Memory-Usage |        Vol|        Shared         |
|      ID  ID  Dev |                       BAR1-Usage | SM     Unc| CE ENC  DEC  OFA  JPG |
|                  |                                  |        ECC|                       |
|==================+==================================+===========+=======================|
|  0    1   0   0  |              44MiB / 47488MiB    | 60      0 |  3   0    3    0    3 |
|                  |                 0MiB / 65535MiB  |           |                       |
+------------------+----------------------------------+-----------+-----------------------+
                                                                                         
+-----------------------------------------------------------------------------------------+
| Processes:                                                                              |
|  GPU   GI   CI              PID   Type   Process name                        GPU Memory |
|        ID   ID                                                               Usage      |
|=========================================================================================|
|  No running processes found                                                             |
+-----------------------------------------------------------------------------------------+
==========================================
Conda environment 'aml_project_new' already exists. Activating it...
Working directory: /home/l/linchieh/AML-GNN-project/classifier_src_soc
==========================================
Starting fine-tuning...
Output directory: ./saved_models/
Epochs: 1000
Learning rate: 1e-4
==========================================
Warning: Looks like you're using an outdated `kagglehub` version, please consider updating (latest version: 0.3.13)
Path to dataset files: /home/l/linchieh/.cache/kagglehub/datasets/ealtman2019/ibm-transactions-for-anti-money-laundering-aml/versions/8
Loading HI-Small...


Loading transactions from: /home/l/linchieh/.cache/kagglehub/datasets/ealtman2019/ibm-transactions-for-anti-money-laundering-aml/versions/8/HI-Small_Trans.csv
File size: 453.6 MB

Loaded 5,078,345 transactions
Date range: 2022-09-01 00:00:00 to 2022-09-18 16:18:00
Laundering transactions: 5,177 (0.102%)
============================================================
TEMPORAL TRAIN/TEST SPLIT
============================================================

Train Set:
  Date range: 2022-09-01 00:00:00 to 2022-09-08 16:12:00
  Transactions: 4,062,676
  Laundering: 3,380 (0.083%)

Test Set:
  Date range: 2022-09-08 16:12:00 to 2022-09-18 16:18:00
  Transactions: 1,015,669
  Laundering: 1,797 (0.177%)
============================================================
Number of nodes: 515080
Number of edges: 4062676
Number of nodes: 515080
Number of edges: 1015669
Class weights: tensor([  1., 800.], device='cuda:0')

============================================================
TRAINING
============================================================

Epoch   0 | Loss: 2.6538 | Acc: 0.5970
  Class 1 - P: 0.0010, R: 0.4657, F1: 0.0019
  Predicting class 1: 40.29329%
  Saved best model (F1: 0.0019)
Epoch   1 | Loss: 2.4358

Epoch   2 | Loss: 2.2485 | Acc: 0.6337
  Class 1 - P: 0.0010, R: 0.4447, F1: 0.0020
  Predicting class 1: 36.62534%
  Saved best model (F1: 0.0020)
Epoch   3 | Loss: 2.0235

Epoch   4 | Loss: 2.0473 | Acc: 0.6729
  Class 1 - P: 0.0012, R: 0.4651, F1: 0.0024
  Predicting class 1: 32.70194%
  Saved best model (F1: 0.0024)
Epoch   5 | Loss: 1.9568

Epoch   6 | Loss: 1.9827 | Acc: 0.6808
  Class 1 - P: 0.0013, R: 0.4964, F1: 0.0026
  Predicting class 1: 31.91913%
  Saved best model (F1: 0.0026)
Epoch   7 | Loss: 1.7367

Epoch   8 | Loss: 1.7485 | Acc: 0.6825
  Class 1 - P: 0.0013, R: 0.5118, F1: 0.0027
  Predicting class 1: 31.75136%
  Saved best model (F1: 0.0027)
Epoch   9 | Loss: 1.7551

Epoch  10 | Loss: 1.4577 | Acc: 0.6839
  Class 1 - P: 0.0014, R: 0.5142, F1: 0.0027
  Predicting class 1: 31.61502%
  Saved best model (F1: 0.0027)
Epoch  11 | Loss: 1.5213

Epoch  12 | Loss: 1.5117 | Acc: 0.6884
  Class 1 - P: 0.0014, R: 0.5089, F1: 0.0027
  Predicting class 1: 31.15835%
  Saved best model (F1: 0.0027)
Epoch  13 | Loss: 1.4217

Epoch  14 | Loss: 1.4524 | Acc: 0.6980
  Class 1 - P: 0.0014, R: 0.5003, F1: 0.0027
  Predicting class 1: 30.20007%
  Saved best model (F1: 0.0027)
Epoch  15 | Loss: 1.3237

Epoch  16 | Loss: 1.3097 | Acc: 0.7075
  Class 1 - P: 0.0014, R: 0.4929, F1: 0.0028
  Predicting class 1: 29.25010%
  Saved best model (F1: 0.0028)
Epoch  17 | Loss: 1.3157

Epoch  18 | Loss: 1.2597 | Acc: 0.7180
  Class 1 - P: 0.0014, R: 0.4725, F1: 0.0028
  Predicting class 1: 28.19838%
Epoch  19 | Loss: 1.1797

Epoch  20 | Loss: 1.1747 | Acc: 0.7237
  Class 1 - P: 0.0014, R: 0.4707, F1: 0.0028
  Predicting class 1: 27.62760%
  Saved best model (F1: 0.0028)
Epoch  21 | Loss: 1.1631

Epoch  22 | Loss: 1.2171 | Acc: 0.7204
  Class 1 - P: 0.0014, R: 0.4817, F1: 0.0029
  Predicting class 1: 27.95542%
  Saved best model (F1: 0.0029)
Epoch  23 | Loss: 1.1877

Epoch  24 | Loss: 1.0976 | Acc: 0.7142
  Class 1 - P: 0.0014, R: 0.4911, F1: 0.0029
  Predicting class 1: 28.58160%
Epoch  25 | Loss: 1.0955

Epoch  26 | Loss: 1.0622 | Acc: 0.7091
  Class 1 - P: 0.0014, R: 0.5012, F1: 0.0029
  Predicting class 1: 29.08767%
  Saved best model (F1: 0.0029)
Epoch  27 | Loss: 1.0851

Epoch  28 | Loss: 1.0198 | Acc: 0.6982
  Class 1 - P: 0.0014, R: 0.5163, F1: 0.0028
  Predicting class 1: 30.18139%
Epoch  29 | Loss: 1.0355

Epoch  30 | Loss: 0.9521 | Acc: 0.6824
  Class 1 - P: 0.0014, R: 0.5414, F1: 0.0028
  Predicting class 1: 31.76657%
Epoch  31 | Loss: 0.9423

Epoch  32 | Loss: 0.9626 | Acc: 0.6707
  Class 1 - P: 0.0014, R: 0.5633, F1: 0.0028
  Predicting class 1: 32.93982%
Epoch  33 | Loss: 0.9560

Epoch  34 | Loss: 0.9777 | Acc: 0.6647
  Class 1 - P: 0.0014, R: 0.5754, F1: 0.0028
  Predicting class 1: 33.54690%
Epoch  35 | Loss: 0.9833

Epoch  36 | Loss: 0.9061 | Acc: 0.6587
  Class 1 - P: 0.0014, R: 0.5855, F1: 0.0028
  Predicting class 1: 34.14776%
Epoch  37 | Loss: 0.9343

Epoch  38 | Loss: 0.9565 | Acc: 0.6533
  Class 1 - P: 0.0014, R: 0.5944, F1: 0.0028
  Predicting class 1: 34.68428%
Epoch  39 | Loss: 0.9195

Epoch  40 | Loss: 0.9539 | Acc: 0.6443
  Class 1 - P: 0.0014, R: 0.6041, F1: 0.0028
  Predicting class 1: 35.58344%
Epoch  41 | Loss: 0.8965

Epoch  42 | Loss: 0.8954 | Acc: 0.6362
  Class 1 - P: 0.0014, R: 0.6133, F1: 0.0028
  Predicting class 1: 36.40300%
Epoch  43 | Loss: 0.8979

Epoch  44 | Loss: 0.8199 | Acc: 0.6305
  Class 1 - P: 0.0014, R: 0.6243, F1: 0.0028
  Predicting class 1: 36.97075%
Epoch  45 | Loss: 0.8573

Epoch  46 | Loss: 0.8363 | Acc: 0.6319
  Class 1 - P: 0.0014, R: 0.6320, F1: 0.0028
  Predicting class 1: 36.83176%
Epoch  47 | Loss: 0.8491

Epoch  48 | Loss: 0.8723 | Acc: 0.6392
  Class 1 - P: 0.0015, R: 0.6364, F1: 0.0029
  Predicting class 1: 36.10275%
  Saved best model (F1: 0.0029)
Epoch  49 | Loss: 0.8181

Epoch  50 | Loss: 0.8292 | Acc: 0.6530
  Class 1 - P: 0.0015, R: 0.6314, F1: 0.0030
  Predicting class 1: 34.71813%
  Saved best model (F1: 0.0030)
Epoch  51 | Loss: 0.8194

Epoch  52 | Loss: 0.8528 | Acc: 0.6636
  Class 1 - P: 0.0016, R: 0.6308, F1: 0.0031
  Predicting class 1: 33.66483%
  Saved best model (F1: 0.0031)
Epoch  53 | Loss: 0.8130

Epoch  54 | Loss: 0.8013 | Acc: 0.6724
  Class 1 - P: 0.0016, R: 0.6402, F1: 0.0032
  Predicting class 1: 32.78482%
  Saved best model (F1: 0.0032)
Epoch  55 | Loss: 0.8160

Epoch  56 | Loss: 0.8397 | Acc: 0.6795
  Class 1 - P: 0.0017, R: 0.6388, F1: 0.0033
  Predicting class 1: 32.07487%
  Saved best model (F1: 0.0033)
Epoch  57 | Loss: 0.7772

Epoch  58 | Loss: 0.8087 | Acc: 0.6906
  Class 1 - P: 0.0017, R: 0.6367, F1: 0.0034
  Predicting class 1: 30.96279%
  Saved best model (F1: 0.0034)
Epoch  59 | Loss: 0.7623

Epoch  60 | Loss: 0.7667 | Acc: 0.7050
  Class 1 - P: 0.0018, R: 0.6364, F1: 0.0036
  Predicting class 1: 29.52121%
  Saved best model (F1: 0.0036)
Epoch  61 | Loss: 0.8133

Epoch  62 | Loss: 0.7529 | Acc: 0.7199
  Class 1 - P: 0.0018, R: 0.6186, F1: 0.0037
  Predicting class 1: 28.03160%
  Saved best model (F1: 0.0037)
Epoch  63 | Loss: 0.7743

Epoch  64 | Loss: 0.7893 | Acc: 0.7300
  Class 1 - P: 0.0019, R: 0.6098, F1: 0.0037
  Predicting class 1: 27.02298%
  Saved best model (F1: 0.0037)
Epoch  65 | Loss: 0.7901

Epoch  66 | Loss: 0.7887 | Acc: 0.7344
  Class 1 - P: 0.0019, R: 0.6065, F1: 0.0038
  Predicting class 1: 26.57318%
  Saved best model (F1: 0.0038)
Epoch  67 | Loss: 0.7563

Epoch  68 | Loss: 0.7625 | Acc: 0.7342
  Class 1 - P: 0.0019, R: 0.6115, F1: 0.0038
  Predicting class 1: 26.60298%
  Saved best model (F1: 0.0038)
Epoch  69 | Loss: 0.7736

Epoch  70 | Loss: 0.7657 | Acc: 0.7313
  Class 1 - P: 0.0019, R: 0.6201, F1: 0.0038
  Predicting class 1: 26.88745%
  Saved best model (F1: 0.0038)
Epoch  71 | Loss: 0.7427

Epoch  72 | Loss: 0.7730 | Acc: 0.7292
  Class 1 - P: 0.0019, R: 0.6320, F1: 0.0039
  Predicting class 1: 27.10507%
  Saved best model (F1: 0.0039)
Epoch  73 | Loss: 0.7738

Epoch  74 | Loss: 0.7544 | Acc: 0.7320
  Class 1 - P: 0.0020, R: 0.6334, F1: 0.0039
  Predicting class 1: 26.82402%
  Saved best model (F1: 0.0039)
Epoch  75 | Loss: 0.7694

Epoch  76 | Loss: 0.7614 | Acc: 0.7375
  Class 1 - P: 0.0020, R: 0.6328, F1: 0.0040
  Predicting class 1: 26.27470%
  Saved best model (F1: 0.0040)
Epoch  77 | Loss: 0.7395

Epoch  78 | Loss: 0.7762 | Acc: 0.7390
  Class 1 - P: 0.0020, R: 0.6361, F1: 0.0040
  Predicting class 1: 26.12074%
  Saved best model (F1: 0.0040)
Epoch  79 | Loss: 0.7792

Epoch  80 | Loss: 0.7428 | Acc: 0.7383
  Class 1 - P: 0.0020, R: 0.6447, F1: 0.0041
  Predicting class 1: 26.19601%
  Saved best model (F1: 0.0041)
Epoch  81 | Loss: 0.7532

Epoch  82 | Loss: 0.7520 | Acc: 0.7360
  Class 1 - P: 0.0020, R: 0.6479, F1: 0.0041
  Predicting class 1: 26.42295%
Epoch  83 | Loss: 0.7535

Epoch  84 | Loss: 0.7482 | Acc: 0.7357
  Class 1 - P: 0.0020, R: 0.6512, F1: 0.0041
  Predicting class 1: 26.45136%
  Saved best model (F1: 0.0041)
Epoch  85 | Loss: 0.7345

Epoch  86 | Loss: 0.7200 | Acc: 0.7354
  Class 1 - P: 0.0021, R: 0.6562, F1: 0.0041
  Predicting class 1: 26.48469%
  Saved best model (F1: 0.0041)
Epoch  87 | Loss: 0.7209

Epoch  88 | Loss: 0.7203 | Acc: 0.7394
  Class 1 - P: 0.0021, R: 0.6559, F1: 0.0042
  Predicting class 1: 26.08396%
  Saved best model (F1: 0.0042)
Epoch  89 | Loss: 0.7390

Epoch  90 | Loss: 0.7429 | Acc: 0.7462
  Class 1 - P: 0.0021, R: 0.6494, F1: 0.0042
  Predicting class 1: 25.40744%
  Saved best model (F1: 0.0042)
Epoch  91 | Loss: 0.7289

Epoch  92 | Loss: 0.7215 | Acc: 0.7560
  Class 1 - P: 0.0022, R: 0.6373, F1: 0.0043
  Predicting class 1: 24.42641%
  Saved best model (F1: 0.0043)
Epoch  93 | Loss: 0.7586

Epoch  94 | Loss: 0.7085 | Acc: 0.7645
  Class 1 - P: 0.0022, R: 0.6278, F1: 0.0044
  Predicting class 1: 23.57552%
  Saved best model (F1: 0.0044)
Epoch  95 | Loss: 0.7027

Epoch  96 | Loss: 0.7102 | Acc: 0.7729
  Class 1 - P: 0.0023, R: 0.6207, F1: 0.0045
  Predicting class 1: 22.73487%
  Saved best model (F1: 0.0045)
Epoch  97 | Loss: 0.7392

Epoch  98 | Loss: 0.7243 | Acc: 0.7784
  Class 1 - P: 0.0023, R: 0.6145, F1: 0.0046
  Predicting class 1: 22.17738%
  Saved best model (F1: 0.0046)
Epoch  99 | Loss: 0.7043

Epoch 100 | Loss: 0.7311 | Acc: 0.7845
  Class 1 - P: 0.0023, R: 0.6047, F1: 0.0046
  Predicting class 1: 21.56852%
  Saved best model (F1: 0.0046)
Epoch 101 | Loss: 0.7096

Epoch 102 | Loss: 0.7090 | Acc: 0.7887
  Class 1 - P: 0.0024, R: 0.6006, F1: 0.0047
  Predicting class 1: 21.14493%
  Saved best model (F1: 0.0047)
Epoch 103 | Loss: 0.7486

Epoch 104 | Loss: 0.7000 | Acc: 0.7910
  Class 1 - P: 0.0024, R: 0.6041, F1: 0.0048
  Predicting class 1: 20.92202%
  Saved best model (F1: 0.0048)
Epoch 105 | Loss: 0.6997

Epoch 106 | Loss: 0.7088 | Acc: 0.7932
  Class 1 - P: 0.0024, R: 0.6044, F1: 0.0048
  Predicting class 1: 20.69486%
  Saved best model (F1: 0.0048)
Epoch 107 | Loss: 0.7224

Epoch 108 | Loss: 0.7055 | Acc: 0.7943
  Class 1 - P: 0.0024, R: 0.6056, F1: 0.0049
  Predicting class 1: 20.58633%
  Saved best model (F1: 0.0049)
Epoch 109 | Loss: 0.7176

Epoch 110 | Loss: 0.7126 | Acc: 0.7903
  Class 1 - P: 0.0024, R: 0.6062, F1: 0.0048
  Predicting class 1: 20.98380%
Epoch 111 | Loss: 0.7144

Epoch 112 | Loss: 0.6999 | Acc: 0.7859
  Class 1 - P: 0.0024, R: 0.6169, F1: 0.0048
  Predicting class 1: 21.42622%
Epoch 113 | Loss: 0.6944

Epoch 114 | Loss: 0.7079 | Acc: 0.7828
  Class 1 - P: 0.0024, R: 0.6266, F1: 0.0048
  Predicting class 1: 21.74431%
Epoch 115 | Loss: 0.6920

Epoch 116 | Loss: 0.6942 | Acc: 0.7809
  Class 1 - P: 0.0024, R: 0.6293, F1: 0.0048
  Predicting class 1: 21.93168%
Epoch 117 | Loss: 0.6888

Epoch 118 | Loss: 0.6977 | Acc: 0.7793
  Class 1 - P: 0.0024, R: 0.6376, F1: 0.0048
  Predicting class 1: 22.09406%
Epoch 119 | Loss: 0.7010

Epoch 120 | Loss: 0.7084 | Acc: 0.7776
  Class 1 - P: 0.0024, R: 0.6432, F1: 0.0048
  Predicting class 1: 22.25897%
Epoch 121 | Loss: 0.6951

Epoch 122 | Loss: 0.6886 | Acc: 0.7758
  Class 1 - P: 0.0024, R: 0.6503, F1: 0.0048
  Predicting class 1: 22.44301%
Epoch 123 | Loss: 0.6908

Epoch 124 | Loss: 0.7097 | Acc: 0.7730
  Class 1 - P: 0.0024, R: 0.6565, F1: 0.0048
  Predicting class 1: 22.73002%
Epoch 125 | Loss: 0.6944

Epoch 126 | Loss: 0.7228 | Acc: 0.7683
  Class 1 - P: 0.0024, R: 0.6672, F1: 0.0048
  Predicting class 1: 23.20234%
Epoch 127 | Loss: 0.6899

Epoch 128 | Loss: 0.6939 | Acc: 0.7648
  Class 1 - P: 0.0024, R: 0.6701, F1: 0.0047
  Predicting class 1: 23.54835%
Epoch 129 | Loss: 0.7005

Epoch 130 | Loss: 0.6897 | Acc: 0.7624
  Class 1 - P: 0.0024, R: 0.6787, F1: 0.0047
  Predicting class 1: 23.78809%
Epoch 131 | Loss: 0.6857

Epoch 132 | Loss: 0.6986 | Acc: 0.7612
  Class 1 - P: 0.0024, R: 0.6802, F1: 0.0047
  Predicting class 1: 23.91392%
Epoch 133 | Loss: 0.7025

Epoch 134 | Loss: 0.6792 | Acc: 0.7591
  Class 1 - P: 0.0024, R: 0.6843, F1: 0.0047
  Predicting class 1: 24.11866%
Epoch 135 | Loss: 0.7043

Epoch 136 | Loss: 0.6802 | Acc: 0.7575
  Class 1 - P: 0.0024, R: 0.6867, F1: 0.0047
  Predicting class 1: 24.28276%
Epoch 137 | Loss: 0.6893

Epoch 138 | Loss: 0.6783 | Acc: 0.7576
  Class 1 - P: 0.0024, R: 0.6876, F1: 0.0047
  Predicting class 1: 24.27538%
Epoch 139 | Loss: 0.6789

Epoch 140 | Loss: 0.6915 | Acc: 0.7586
  Class 1 - P: 0.0024, R: 0.6867, F1: 0.0047
  Predicting class 1: 24.16806%
Epoch 141 | Loss: 0.6934

Epoch 142 | Loss: 0.6884 | Acc: 0.7593
  Class 1 - P: 0.0024, R: 0.6926, F1: 0.0048
  Predicting class 1: 24.09934%
Epoch 143 | Loss: 0.7142

Epoch 144 | Loss: 0.6826 | Acc: 0.7585
  Class 1 - P: 0.0024, R: 0.6976, F1: 0.0048
  Predicting class 1: 24.17862%
Epoch 145 | Loss: 0.6740

Epoch 146 | Loss: 0.7099 | Acc: 0.7591
  Class 1 - P: 0.0024, R: 0.6979, F1: 0.0048
  Predicting class 1: 24.11991%
Epoch 147 | Loss: 0.6966

Epoch 148 | Loss: 0.6769 | Acc: 0.7605
  Class 1 - P: 0.0024, R: 0.6994, F1: 0.0048
  Predicting class 1: 23.98710%
Epoch 149 | Loss: 0.6890

Epoch 150 | Loss: 0.6854 | Acc: 0.7621
  Class 1 - P: 0.0024, R: 0.6997, F1: 0.0049
  Predicting class 1: 23.82041%
Epoch 151 | Loss: 0.6885

Epoch 152 | Loss: 0.6742 | Acc: 0.7637
  Class 1 - P: 0.0025, R: 0.7021, F1: 0.0049
  Predicting class 1: 23.66795%
  Saved best model (F1: 0.0049)
Epoch 153 | Loss: 0.6849

Epoch 154 | Loss: 0.6803 | Acc: 0.7637
  Class 1 - P: 0.0025, R: 0.7080, F1: 0.0050
  Predicting class 1: 23.66017%
  Saved best model (F1: 0.0050)
Epoch 155 | Loss: 0.6695

Epoch 156 | Loss: 0.6681 | Acc: 0.7641
  Class 1 - P: 0.0025, R: 0.7092, F1: 0.0050
  Predicting class 1: 23.62620%
  Saved best model (F1: 0.0050)
Epoch 157 | Loss: 0.6806

Epoch 158 | Loss: 0.6793 | Acc: 0.7644
  Class 1 - P: 0.0025, R: 0.7092, F1: 0.0050
  Predicting class 1: 23.59012%
  Saved best model (F1: 0.0050)
Epoch 159 | Loss: 0.6671

Epoch 160 | Loss: 0.6884 | Acc: 0.7654
  Class 1 - P: 0.0025, R: 0.7112, F1: 0.0050
  Predicting class 1: 23.49023%
  Saved best model (F1: 0.0050)
Epoch 161 | Loss: 0.7051

Epoch 162 | Loss: 0.6779 | Acc: 0.7689
  Class 1 - P: 0.0025, R: 0.7092, F1: 0.0051
  Predicting class 1: 23.14223%
  Saved best model (F1: 0.0051)
Epoch 163 | Loss: 0.6862

Epoch 164 | Loss: 0.6819 | Acc: 0.7723
  Class 1 - P: 0.0026, R: 0.7071, F1: 0.0051
  Predicting class 1: 22.80797%
  Saved best model (F1: 0.0051)
Epoch 165 | Loss: 0.6599

Epoch 166 | Loss: 0.6662 | Acc: 0.7771
  Class 1 - P: 0.0026, R: 0.7047, F1: 0.0052
  Predicting class 1: 22.32462%
  Saved best model (F1: 0.0052)
Epoch 167 | Loss: 0.6621

Epoch 168 | Loss: 0.6637 | Acc: 0.7837
  Class 1 - P: 0.0027, R: 0.6962, F1: 0.0053
  Predicting class 1: 21.65843%
  Saved best model (F1: 0.0053)
Epoch 169 | Loss: 0.6761

Epoch 170 | Loss: 0.6592 | Acc: 0.7911
  Class 1 - P: 0.0028, R: 0.6932, F1: 0.0055
  Predicting class 1: 20.91835%
  Saved best model (F1: 0.0055)
Epoch 171 | Loss: 0.6560

Epoch 172 | Loss: 0.6754 | Acc: 0.7981
  Class 1 - P: 0.0028, R: 0.6888, F1: 0.0056
  Predicting class 1: 20.22615%
  Saved best model (F1: 0.0056)
Epoch 173 | Loss: 0.6588

Epoch 174 | Loss: 0.6611 | Acc: 0.8047
  Class 1 - P: 0.0029, R: 0.6799, F1: 0.0058
  Predicting class 1: 19.56400%
  Saved best model (F1: 0.0058)
Epoch 175 | Loss: 0.6634

Epoch 176 | Loss: 0.6758 | Acc: 0.8105
  Class 1 - P: 0.0030, R: 0.6751, F1: 0.0059
  Predicting class 1: 18.97658%
  Saved best model (F1: 0.0059)
Epoch 177 | Loss: 0.6636

Epoch 178 | Loss: 0.6655 | Acc: 0.8134
  Class 1 - P: 0.0030, R: 0.6713, F1: 0.0060
  Predicting class 1: 18.68500%
  Saved best model (F1: 0.0060)
Epoch 179 | Loss: 0.6562

Epoch 180 | Loss: 0.6530 | Acc: 0.8144
  Class 1 - P: 0.0030, R: 0.6734, F1: 0.0060
  Predicting class 1: 18.58622%
  Saved best model (F1: 0.0060)
Epoch 181 | Loss: 0.6608

Epoch 182 | Loss: 0.6446 | Acc: 0.8144
  Class 1 - P: 0.0030, R: 0.6769, F1: 0.0060
  Predicting class 1: 18.58573%
  Saved best model (F1: 0.0060)
Epoch 183 | Loss: 0.6699

Epoch 184 | Loss: 0.6464 | Acc: 0.8144
  Class 1 - P: 0.0030, R: 0.6802, F1: 0.0061
  Predicting class 1: 18.59058%
  Saved best model (F1: 0.0061)
Epoch 185 | Loss: 0.6527

Epoch 186 | Loss: 0.6715 | Acc: 0.8132
  Class 1 - P: 0.0030, R: 0.6817, F1: 0.0060
  Predicting class 1: 18.71434%
Epoch 187 | Loss: 0.6581

Epoch 188 | Loss: 0.6839 | Acc: 0.8105
  Class 1 - P: 0.0030, R: 0.6855, F1: 0.0060
  Predicting class 1: 18.98089%
Epoch 189 | Loss: 0.6700

Epoch 190 | Loss: 0.6597 | Acc: 0.8065
  Class 1 - P: 0.0030, R: 0.6962, F1: 0.0059
  Predicting class 1: 19.38666%
Epoch 191 | Loss: 0.6488

Epoch 192 | Loss: 0.6469 | Acc: 0.8036
  Class 1 - P: 0.0030, R: 0.7021, F1: 0.0059
  Predicting class 1: 19.67686%
Epoch 193 | Loss: 0.6641

Epoch 194 | Loss: 0.6618 | Acc: 0.8007
  Class 1 - P: 0.0030, R: 0.7095, F1: 0.0059
  Predicting class 1: 19.96637%
Epoch 195 | Loss: 0.6558

Epoch 196 | Loss: 0.6501 | Acc: 0.7973
  Class 1 - P: 0.0029, R: 0.7192, F1: 0.0059
  Predicting class 1: 20.30263%
Epoch 197 | Loss: 0.6499

Epoch 198 | Loss: 0.6578 | Acc: 0.7937
  Class 1 - P: 0.0029, R: 0.7263, F1: 0.0058
  Predicting class 1: 20.67073%
Epoch 199 | Loss: 0.6538

Epoch 200 | Loss: 0.6555 | Acc: 0.7907
  Class 1 - P: 0.0029, R: 0.7314, F1: 0.0058
  Predicting class 1: 20.96985%
Epoch 201 | Loss: 0.6623

Epoch 202 | Loss: 0.6517 | Acc: 0.7862
  Class 1 - P: 0.0029, R: 0.7367, F1: 0.0057
  Predicting class 1: 21.42334%
Epoch 203 | Loss: 0.6518

Epoch 204 | Loss: 0.6572 | Acc: 0.7815
  Class 1 - P: 0.0028, R: 0.7408, F1: 0.0056
  Predicting class 1: 21.88658%
Epoch 205 | Loss: 0.6626

Epoch 206 | Loss: 0.6408 | Acc: 0.7779
  Class 1 - P: 0.0028, R: 0.7453, F1: 0.0056
  Predicting class 1: 22.25186%
Epoch 207 | Loss: 0.6534

Epoch 208 | Loss: 0.6800 | Acc: 0.7739
  Class 1 - P: 0.0027, R: 0.7485, F1: 0.0055
  Predicting class 1: 22.65339%
Epoch 209 | Loss: 0.6428

Epoch 210 | Loss: 0.6711 | Acc: 0.7716
  Class 1 - P: 0.0027, R: 0.7497, F1: 0.0054
  Predicting class 1: 22.88366%
Epoch 211 | Loss: 0.6475

Epoch 212 | Loss: 0.6490 | Acc: 0.7708
  Class 1 - P: 0.0027, R: 0.7536, F1: 0.0054
  Predicting class 1: 22.96609%
Epoch 213 | Loss: 0.6445

Epoch 214 | Loss: 0.6388 | Acc: 0.7718
  Class 1 - P: 0.0027, R: 0.7547, F1: 0.0055
  Predicting class 1: 22.86158%
Epoch 215 | Loss: 0.6429

Epoch 216 | Loss: 0.6465 | Acc: 0.7749
  Class 1 - P: 0.0028, R: 0.7533, F1: 0.0055
  Predicting class 1: 22.55294%
Epoch 217 | Loss: 0.6647

Epoch 218 | Loss: 0.6764 | Acc: 0.7761
  Class 1 - P: 0.0028, R: 0.7544, F1: 0.0056
  Predicting class 1: 22.43076%
Epoch 219 | Loss: 0.6440

Epoch 220 | Loss: 0.6453 | Acc: 0.7801
  Class 1 - P: 0.0028, R: 0.7527, F1: 0.0057
  Predicting class 1: 22.03100%
Epoch 221 | Loss: 0.6457

Epoch 222 | Loss: 0.6358 | Acc: 0.7847
  Class 1 - P: 0.0029, R: 0.7518, F1: 0.0058
  Predicting class 1: 21.57689%
Epoch 223 | Loss: 0.6337

Epoch 224 | Loss: 0.6431 | Acc: 0.7891
  Class 1 - P: 0.0030, R: 0.7497, F1: 0.0059
  Predicting class 1: 21.13211%
Epoch 225 | Loss: 0.6529

Epoch 226 | Loss: 0.6444 | Acc: 0.7938
  Class 1 - P: 0.0030, R: 0.7476, F1: 0.0060
  Predicting class 1: 20.65929%
Epoch 227 | Loss: 0.6424

Epoch 228 | Loss: 0.6327 | Acc: 0.7992
  Class 1 - P: 0.0031, R: 0.7467, F1: 0.0062
  Predicting class 1: 20.11770%
  Saved best model (F1: 0.0062)
Epoch 229 | Loss: 0.6334

Epoch 230 | Loss: 0.6394 | Acc: 0.8047
  Class 1 - P: 0.0032, R: 0.7435, F1: 0.0063
  Predicting class 1: 19.57365%
  Saved best model (F1: 0.0063)
Epoch 231 | Loss: 0.6385

Epoch 232 | Loss: 0.6277 | Acc: 0.8089
  Class 1 - P: 0.0032, R: 0.7411, F1: 0.0064
  Predicting class 1: 19.15112%
  Saved best model (F1: 0.0064)
Epoch 233 | Loss: 0.6297

Epoch 234 | Loss: 0.6523 | Acc: 0.8113
  Class 1 - P: 0.0033, R: 0.7423, F1: 0.0065
  Predicting class 1: 18.91463%
  Saved best model (F1: 0.0065)
Epoch 235 | Loss: 0.6468

Epoch 236 | Loss: 0.6360 | Acc: 0.8109
  Class 1 - P: 0.0033, R: 0.7450, F1: 0.0065
  Predicting class 1: 18.95115%
  Saved best model (F1: 0.0065)
Epoch 237 | Loss: 0.6450

Epoch 238 | Loss: 0.6557 | Acc: 0.8072
  Class 1 - P: 0.0032, R: 0.7485, F1: 0.0064
  Predicting class 1: 19.32571%
Epoch 239 | Loss: 0.6336

Epoch 240 | Loss: 0.6486 | Acc: 0.8035
  Class 1 - P: 0.0032, R: 0.7533, F1: 0.0063
  Predicting class 1: 19.69298%
Epoch 241 | Loss: 0.6249

Epoch 242 | Loss: 0.6554 | Acc: 0.7998
  Class 1 - P: 0.0032, R: 0.7607, F1: 0.0063
  Predicting class 1: 20.06160%
Epoch 243 | Loss: 0.6294

Epoch 244 | Loss: 0.6216 | Acc: 0.7977
  Class 1 - P: 0.0031, R: 0.7648, F1: 0.0062
  Predicting class 1: 20.27895%
Epoch 245 | Loss: 0.6365

Epoch 246 | Loss: 0.6298 | Acc: 0.7968
  Class 1 - P: 0.0031, R: 0.7689, F1: 0.0063
  Predicting class 1: 20.35983%
Epoch 247 | Loss: 0.6614

Epoch 248 | Loss: 0.6209 | Acc: 0.7959
  Class 1 - P: 0.0031, R: 0.7707, F1: 0.0062
  Predicting class 1: 20.45162%
Epoch 249 | Loss: 0.6470

Epoch 250 | Loss: 0.6205 | Acc: 0.7959
  Class 1 - P: 0.0031, R: 0.7728, F1: 0.0063
  Predicting class 1: 20.45216%
Epoch 251 | Loss: 0.6308

Epoch 252 | Loss: 0.6212 | Acc: 0.7973
  Class 1 - P: 0.0032, R: 0.7746, F1: 0.0063
  Predicting class 1: 20.31129%
Epoch 253 | Loss: 0.6621

Epoch 254 | Loss: 0.6338 | Acc: 0.7962
  Class 1 - P: 0.0031, R: 0.7716, F1: 0.0063
  Predicting class 1: 20.42319%
Epoch 255 | Loss: 0.6621

Epoch 256 | Loss: 0.6398 | Acc: 0.7959
  Class 1 - P: 0.0032, R: 0.7749, F1: 0.0063
  Predicting class 1: 20.45255%
Epoch 257 | Loss: 0.6426

Epoch 258 | Loss: 0.6235 | Acc: 0.7937
  Class 1 - P: 0.0031, R: 0.7814, F1: 0.0063
  Predicting class 1: 20.67908%
Epoch 259 | Loss: 0.6220

Epoch 260 | Loss: 0.6242 | Acc: 0.7930
  Class 1 - P: 0.0031, R: 0.7828, F1: 0.0063
  Predicting class 1: 20.74630%
Epoch 261 | Loss: 0.6198

Epoch 262 | Loss: 0.6340 | Acc: 0.7942
  Class 1 - P: 0.0032, R: 0.7846, F1: 0.0063
  Predicting class 1: 20.62522%
Epoch 263 | Loss: 0.6176

Epoch 264 | Loss: 0.6187 | Acc: 0.7951
  Class 1 - P: 0.0032, R: 0.7852, F1: 0.0063
  Predicting class 1: 20.54240%
Epoch 265 | Loss: 0.6218

Epoch 266 | Loss: 0.6498 | Acc: 0.7950
  Class 1 - P: 0.0032, R: 0.7855, F1: 0.0063
  Predicting class 1: 20.55158%
Epoch 267 | Loss: 0.6272

Epoch 268 | Loss: 0.6211 | Acc: 0.7927
  Class 1 - P: 0.0031, R: 0.7840, F1: 0.0063
  Predicting class 1: 20.77891%
Epoch 269 | Loss: 0.6371

Epoch 270 | Loss: 0.6126 | Acc: 0.7918
  Class 1 - P: 0.0031, R: 0.7840, F1: 0.0062
  Predicting class 1: 20.86814%
Epoch 271 | Loss: 0.6178

Epoch 272 | Loss: 0.6390 | Acc: 0.7922
  Class 1 - P: 0.0031, R: 0.7831, F1: 0.0062
  Predicting class 1: 20.82785%
Epoch 273 | Loss: 0.6143

Epoch 274 | Loss: 0.6389 | Acc: 0.7931
  Class 1 - P: 0.0031, R: 0.7834, F1: 0.0063
  Predicting class 1: 20.73636%
Epoch 275 | Loss: 0.6119

Epoch 276 | Loss: 0.6544 | Acc: 0.7933
  Class 1 - P: 0.0032, R: 0.7870, F1: 0.0063
  Predicting class 1: 20.71831%
Epoch 277 | Loss: 0.6042

Epoch 278 | Loss: 0.6073 | Acc: 0.7945
  Class 1 - P: 0.0032, R: 0.7891, F1: 0.0063
  Predicting class 1: 20.60236%
Epoch 279 | Loss: 0.6147

Epoch 280 | Loss: 0.6185 | Acc: 0.7957
  Class 1 - P: 0.0032, R: 0.7899, F1: 0.0064
  Predicting class 1: 20.48295%
Epoch 281 | Loss: 0.6096

Epoch 282 | Loss: 0.6172 | Acc: 0.7977
  Class 1 - P: 0.0032, R: 0.7908, F1: 0.0065
  Predicting class 1: 20.28190%
Epoch 283 | Loss: 0.6138

Epoch 284 | Loss: 0.6227 | Acc: 0.7992
  Class 1 - P: 0.0033, R: 0.7932, F1: 0.0065
  Predicting class 1: 20.12474%
  Saved best model (F1: 0.0065)
Epoch 285 | Loss: 0.6126

Epoch 286 | Loss: 0.6121 | Acc: 0.7996
  Class 1 - P: 0.0033, R: 0.7947, F1: 0.0066
  Predicting class 1: 20.09345%
  Saved best model (F1: 0.0066)
Epoch 287 | Loss: 0.6128

Epoch 288 | Loss: 0.6006 | Acc: 0.7988
  Class 1 - P: 0.0033, R: 0.7973, F1: 0.0065
  Predicting class 1: 20.17239%
Epoch 289 | Loss: 0.6361

Epoch 290 | Loss: 0.6207 | Acc: 0.7966
  Class 1 - P: 0.0033, R: 0.7988, F1: 0.0065
  Predicting class 1: 20.38932%
Epoch 291 | Loss: 0.6272

Epoch 292 | Loss: 0.6165 | Acc: 0.7941
  Class 1 - P: 0.0032, R: 0.7982, F1: 0.0064
  Predicting class 1: 20.63741%
Epoch 293 | Loss: 0.6076

Epoch 294 | Loss: 0.6048 | Acc: 0.7928
  Class 1 - P: 0.0032, R: 0.7982, F1: 0.0064
  Predicting class 1: 20.77205%
Epoch 295 | Loss: 0.6092

Epoch 296 | Loss: 0.6002 | Acc: 0.7923
  Class 1 - P: 0.0032, R: 0.8000, F1: 0.0064
  Predicting class 1: 20.82342%
Epoch 297 | Loss: 0.6158

Epoch 298 | Loss: 0.6063 | Acc: 0.7924
  Class 1 - P: 0.0032, R: 0.8027, F1: 0.0064
  Predicting class 1: 20.80673%
Epoch 299 | Loss: 0.6167

Epoch 300 | Loss: 0.6224 | Acc: 0.7926
  Class 1 - P: 0.0032, R: 0.8036, F1: 0.0064
  Predicting class 1: 20.79184%
Epoch 301 | Loss: 0.6177

Epoch 302 | Loss: 0.6085 | Acc: 0.7925
  Class 1 - P: 0.0032, R: 0.8053, F1: 0.0064
  Predicting class 1: 20.79829%
Epoch 303 | Loss: 0.6053

Epoch 304 | Loss: 0.6022 | Acc: 0.7936
  Class 1 - P: 0.0032, R: 0.8071, F1: 0.0065
  Predicting class 1: 20.69436%
Epoch 305 | Loss: 0.6265

Epoch 306 | Loss: 0.6082 | Acc: 0.7933
  Class 1 - P: 0.0033, R: 0.8107, F1: 0.0065
  Predicting class 1: 20.72262%
Epoch 307 | Loss: 0.6062

Epoch 308 | Loss: 0.5995 | Acc: 0.7935
  Class 1 - P: 0.0033, R: 0.8107, F1: 0.0065
  Predicting class 1: 20.70352%
Epoch 309 | Loss: 0.5946

Epoch 310 | Loss: 0.5975 | Acc: 0.7949
  Class 1 - P: 0.0033, R: 0.8101, F1: 0.0065
  Predicting class 1: 20.55670%
Epoch 311 | Loss: 0.6126

Epoch 312 | Loss: 0.5994 | Acc: 0.7966
  Class 1 - P: 0.0033, R: 0.8109, F1: 0.0066
  Predicting class 1: 20.39422%
  Saved best model (F1: 0.0066)
Epoch 313 | Loss: 0.6043

Epoch 314 | Loss: 0.6035 | Acc: 0.7998
  Class 1 - P: 0.0034, R: 0.8107, F1: 0.0067
  Predicting class 1: 20.06918%
  Saved best model (F1: 0.0067)
Epoch 315 | Loss: 0.6252

Epoch 316 | Loss: 0.6005 | Acc: 0.8009
  Class 1 - P: 0.0034, R: 0.8112, F1: 0.0067
  Predicting class 1: 19.96519%
  Saved best model (F1: 0.0067)
Epoch 317 | Loss: 0.6074

Epoch 318 | Loss: 0.6095 | Acc: 0.8017
  Class 1 - P: 0.0034, R: 0.8104, F1: 0.0068
  Predicting class 1: 19.88098%
  Saved best model (F1: 0.0068)
Epoch 319 | Loss: 0.6009

Epoch 320 | Loss: 0.5914 | Acc: 0.8026
  Class 1 - P: 0.0034, R: 0.8112, F1: 0.0068
  Predicting class 1: 19.79077%
  Saved best model (F1: 0.0068)
Epoch 321 | Loss: 0.5889

Epoch 322 | Loss: 0.5873 | Acc: 0.8033
  Class 1 - P: 0.0034, R: 0.8115, F1: 0.0068
  Predicting class 1: 19.72126%
  Saved best model (F1: 0.0068)
Epoch 323 | Loss: 0.5978

Epoch 324 | Loss: 0.5852 | Acc: 0.8041
  Class 1 - P: 0.0034, R: 0.8124, F1: 0.0069
  Predicting class 1: 19.64508%
  Saved best model (F1: 0.0069)
Epoch 325 | Loss: 0.5911

Epoch 326 | Loss: 0.5967 | Acc: 0.8034
  Class 1 - P: 0.0034, R: 0.8130, F1: 0.0068
  Predicting class 1: 19.70735%
Epoch 327 | Loss: 0.5906

Epoch 328 | Loss: 0.5885 | Acc: 0.8028
  Class 1 - P: 0.0034, R: 0.8133, F1: 0.0068
  Predicting class 1: 19.77293%
Epoch 329 | Loss: 0.5882

Epoch 330 | Loss: 0.6103 | Acc: 0.8019
  Class 1 - P: 0.0034, R: 0.8160, F1: 0.0068
  Predicting class 1: 19.86491%
Epoch 331 | Loss: 0.6009

Epoch 332 | Loss: 0.5831 | Acc: 0.8003
  Class 1 - P: 0.0034, R: 0.8172, F1: 0.0068
  Predicting class 1: 20.02296%
Epoch 333 | Loss: 0.5824

Epoch 334 | Loss: 0.5973 | Acc: 0.7978
  Class 1 - P: 0.0034, R: 0.8204, F1: 0.0067
  Predicting class 1: 20.27361%
Epoch 335 | Loss: 0.6023

Epoch 336 | Loss: 0.6023 | Acc: 0.7944
  Class 1 - P: 0.0033, R: 0.8237, F1: 0.0066
  Predicting class 1: 20.61390%
Epoch 337 | Loss: 0.5877

Epoch 338 | Loss: 0.5977 | Acc: 0.7903
  Class 1 - P: 0.0033, R: 0.8317, F1: 0.0066
  Predicting class 1: 21.03013%
Epoch 339 | Loss: 0.5862

Epoch 340 | Loss: 0.6013 | Acc: 0.7873
  Class 1 - P: 0.0033, R: 0.8352, F1: 0.0065
  Predicting class 1: 21.32730%
Epoch 341 | Loss: 0.5943

Epoch 342 | Loss: 0.5934 | Acc: 0.7858
  Class 1 - P: 0.0032, R: 0.8376, F1: 0.0065
  Predicting class 1: 21.47481%
Epoch 343 | Loss: 0.5769

Epoch 344 | Loss: 0.5745 | Acc: 0.7878
  Class 1 - P: 0.0033, R: 0.8385, F1: 0.0065
  Predicting class 1: 21.27460%
Epoch 345 | Loss: 0.5799

Epoch 346 | Loss: 0.5825 | Acc: 0.7905
  Class 1 - P: 0.0033, R: 0.8391, F1: 0.0066
  Predicting class 1: 21.00748%
Epoch 347 | Loss: 0.5719

Epoch 348 | Loss: 0.5759 | Acc: 0.7941
  Class 1 - P: 0.0034, R: 0.8340, F1: 0.0067
  Predicting class 1: 20.64526%
Epoch 349 | Loss: 0.5777

Epoch 350 | Loss: 0.5774 | Acc: 0.7989
  Class 1 - P: 0.0034, R: 0.8325, F1: 0.0068
  Predicting class 1: 20.17003%
Epoch 351 | Loss: 0.5791

Epoch 352 | Loss: 0.5794 | Acc: 0.8030
  Class 1 - P: 0.0035, R: 0.8314, F1: 0.0070
  Predicting class 1: 19.75796%
  Saved best model (F1: 0.0070)
Epoch 353 | Loss: 0.5682

Epoch 354 | Loss: 0.5786 | Acc: 0.8073
  Class 1 - P: 0.0036, R: 0.8317, F1: 0.0071
  Predicting class 1: 19.32020%
  Saved best model (F1: 0.0071)
Epoch 355 | Loss: 0.5614

Epoch 356 | Loss: 0.5697 | Acc: 0.8129
  Class 1 - P: 0.0037, R: 0.8317, F1: 0.0073
  Predicting class 1: 18.76780%
  Saved best model (F1: 0.0073)
Epoch 357 | Loss: 0.5795

Epoch 358 | Loss: 0.6103 | Acc: 0.8159
  Class 1 - P: 0.0038, R: 0.8340, F1: 0.0075
  Predicting class 1: 18.46204%
  Saved best model (F1: 0.0075)
Epoch 359 | Loss: 0.5700

Epoch 360 | Loss: 0.5698 | Acc: 0.8170
  Class 1 - P: 0.0038, R: 0.8370, F1: 0.0076
  Predicting class 1: 18.35898%
  Saved best model (F1: 0.0076)
Epoch 361 | Loss: 0.5726

Epoch 362 | Loss: 0.5708 | Acc: 0.8161
  Class 1 - P: 0.0038, R: 0.8435, F1: 0.0076
  Predicting class 1: 18.44681%
  Saved best model (F1: 0.0076)
Epoch 363 | Loss: 0.5908

Epoch 364 | Loss: 0.5735 | Acc: 0.8137
  Class 1 - P: 0.0038, R: 0.8476, F1: 0.0075
  Predicting class 1: 18.69238%
Epoch 365 | Loss: 0.6061

Epoch 366 | Loss: 0.5612 | Acc: 0.8089
  Class 1 - P: 0.0037, R: 0.8518, F1: 0.0074
  Predicting class 1: 19.16975%
Epoch 367 | Loss: 0.5640

Epoch 368 | Loss: 0.5658 | Acc: 0.8059
  Class 1 - P: 0.0037, R: 0.8550, F1: 0.0073
  Predicting class 1: 19.46569%
Epoch 369 | Loss: 0.5859

Epoch 370 | Loss: 0.5662 | Acc: 0.8029
  Class 1 - P: 0.0036, R: 0.8571, F1: 0.0072
  Predicting class 1: 19.77106%
Epoch 371 | Loss: 0.5749

Epoch 372 | Loss: 0.5559 | Acc: 0.7996
  Class 1 - P: 0.0036, R: 0.8583, F1: 0.0071
  Predicting class 1: 20.09902%
Epoch 373 | Loss: 0.5838

Epoch 374 | Loss: 0.5671 | Acc: 0.7960
  Class 1 - P: 0.0035, R: 0.8598, F1: 0.0070
  Predicting class 1: 20.45610%
Epoch 375 | Loss: 0.5613

Epoch 376 | Loss: 0.5550 | Acc: 0.7941
  Class 1 - P: 0.0035, R: 0.8595, F1: 0.0069
  Predicting class 1: 20.64489%
Epoch 377 | Loss: 0.5548

Epoch 378 | Loss: 0.5590 | Acc: 0.7938
  Class 1 - P: 0.0035, R: 0.8583, F1: 0.0069
  Predicting class 1: 20.68358%
Epoch 379 | Loss: 0.5525

Epoch 380 | Loss: 0.5490 | Acc: 0.7957
  Class 1 - P: 0.0035, R: 0.8568, F1: 0.0069
  Predicting class 1: 20.49408%
Epoch 381 | Loss: 0.5593

Epoch 382 | Loss: 0.5444 | Acc: 0.7983
  Class 1 - P: 0.0035, R: 0.8541, F1: 0.0070
  Predicting class 1: 20.22947%
Epoch 383 | Loss: 0.5992

Epoch 384 | Loss: 0.5712 | Acc: 0.8008
  Class 1 - P: 0.0036, R: 0.8538, F1: 0.0071
  Predicting class 1: 19.97851%
Epoch 385 | Loss: 0.5725

Epoch 386 | Loss: 0.5425 | Acc: 0.8017
  Class 1 - P: 0.0036, R: 0.8533, F1: 0.0071
  Predicting class 1: 19.88854%
Epoch 387 | Loss: 0.5509

Epoch 388 | Loss: 0.5449 | Acc: 0.8029
  Class 1 - P: 0.0036, R: 0.8538, F1: 0.0072
  Predicting class 1: 19.77044%
Epoch 389 | Loss: 0.5681

Epoch 390 | Loss: 0.5495 | Acc: 0.8021
  Class 1 - P: 0.0036, R: 0.8556, F1: 0.0071
  Predicting class 1: 19.85283%
Epoch 391 | Loss: 0.5440

Epoch 392 | Loss: 0.5570 | Acc: 0.8017
  Class 1 - P: 0.0036, R: 0.8571, F1: 0.0071
  Predicting class 1: 19.88997%
Epoch 393 | Loss: 0.5554

Epoch 394 | Loss: 0.5559 | Acc: 0.8014
  Class 1 - P: 0.0036, R: 0.8601, F1: 0.0072
  Predicting class 1: 19.92258%
Epoch 395 | Loss: 0.5392

Epoch 396 | Loss: 0.5491 | Acc: 0.8009
  Class 1 - P: 0.0036, R: 0.8627, F1: 0.0072
  Predicting class 1: 19.96817%
Epoch 397 | Loss: 0.5414

Epoch 398 | Loss: 0.5404 | Acc: 0.8014
  Class 1 - P: 0.0036, R: 0.8639, F1: 0.0072
  Predicting class 1: 19.92394%
Epoch 399 | Loss: 0.5342

Epoch 400 | Loss: 0.5527 | Acc: 0.8024
  Class 1 - P: 0.0036, R: 0.8639, F1: 0.0072
  Predicting class 1: 19.81777%
Epoch 401 | Loss: 0.5474

Epoch 402 | Loss: 0.5413 | Acc: 0.8025
  Class 1 - P: 0.0036, R: 0.8651, F1: 0.0072
  Predicting class 1: 19.81169%
Epoch 403 | Loss: 0.5723

Epoch 404 | Loss: 0.5540 | Acc: 0.8013
  Class 1 - P: 0.0036, R: 0.8675, F1: 0.0072
  Predicting class 1: 19.93309%
Epoch 405 | Loss: 0.5374

Epoch 406 | Loss: 0.5361 | Acc: 0.8014
  Class 1 - P: 0.0036, R: 0.8689, F1: 0.0072
  Predicting class 1: 19.92507%
Epoch 407 | Loss: 0.5330

Epoch 408 | Loss: 0.5389 | Acc: 0.8038
  Class 1 - P: 0.0037, R: 0.8701, F1: 0.0073
  Predicting class 1: 19.68053%
Epoch 409 | Loss: 0.5401

Epoch 410 | Loss: 0.5417 | Acc: 0.8048
  Class 1 - P: 0.0037, R: 0.8707, F1: 0.0074
  Predicting class 1: 19.57670%
Epoch 411 | Loss: 0.5350

Epoch 412 | Loss: 0.5439 | Acc: 0.8054
  Class 1 - P: 0.0037, R: 0.8725, F1: 0.0074
  Predicting class 1: 19.51925%
Epoch 413 | Loss: 0.5387

Epoch 414 | Loss: 0.5355 | Acc: 0.8060
  Class 1 - P: 0.0037, R: 0.8746, F1: 0.0074
  Predicting class 1: 19.45986%
Epoch 415 | Loss: 0.5366

Epoch 416 | Loss: 0.5372 | Acc: 0.8065
  Class 1 - P: 0.0038, R: 0.8757, F1: 0.0075
  Predicting class 1: 19.41661%
Epoch 417 | Loss: 0.5200

Epoch 418 | Loss: 0.5446 | Acc: 0.8077
  Class 1 - P: 0.0038, R: 0.8775, F1: 0.0075
  Predicting class 1: 19.29024%
Epoch 419 | Loss: 0.5233

Epoch 420 | Loss: 0.5213 | Acc: 0.8086
  Class 1 - P: 0.0038, R: 0.8772, F1: 0.0076
  Predicting class 1: 19.20370%
Epoch 421 | Loss: 0.5431

Epoch 422 | Loss: 0.5333 | Acc: 0.8089
  Class 1 - P: 0.0038, R: 0.8787, F1: 0.0076
  Predicting class 1: 19.17679%
  Saved best model (F1: 0.0076)
Epoch 423 | Loss: 0.5259

Epoch 424 | Loss: 0.5329 | Acc: 0.8090
  Class 1 - P: 0.0038, R: 0.8784, F1: 0.0076
  Predicting class 1: 19.16232%
  Saved best model (F1: 0.0076)
Epoch 425 | Loss: 0.5231

Epoch 426 | Loss: 0.5440 | Acc: 0.8094
  Class 1 - P: 0.0038, R: 0.8743, F1: 0.0076
  Predicting class 1: 19.11735%
Epoch 427 | Loss: 0.5437

Epoch 428 | Loss: 0.5217 | Acc: 0.8087
  Class 1 - P: 0.0038, R: 0.8757, F1: 0.0076
  Predicting class 1: 19.18991%
Epoch 429 | Loss: 0.5316

Epoch 430 | Loss: 0.5265 | Acc: 0.8076
  Class 1 - P: 0.0038, R: 0.8754, F1: 0.0075
  Predicting class 1: 19.29903%
Epoch 431 | Loss: 0.5278

Epoch 432 | Loss: 0.5277 | Acc: 0.8069
  Class 1 - P: 0.0038, R: 0.8790, F1: 0.0075
  Predicting class 1: 19.37154%
Epoch 433 | Loss: 0.5150

Epoch 434 | Loss: 0.5155 | Acc: 0.8082
  Class 1 - P: 0.0038, R: 0.8784, F1: 0.0076
  Predicting class 1: 19.23939%
Epoch 435 | Loss: 0.5200

Epoch 436 | Loss: 0.5134 | Acc: 0.8099
  Class 1 - P: 0.0038, R: 0.8766, F1: 0.0076
  Predicting class 1: 19.07258%
  Saved best model (F1: 0.0076)
Epoch 437 | Loss: 0.5077

Epoch 438 | Loss: 0.5175 | Acc: 0.8117
  Class 1 - P: 0.0039, R: 0.8754, F1: 0.0077
  Predicting class 1: 18.89213%
  Saved best model (F1: 0.0077)
Epoch 439 | Loss: 0.5239

Epoch 440 | Loss: 0.5243 | Acc: 0.8120
  Class 1 - P: 0.0039, R: 0.8754, F1: 0.0077
  Predicting class 1: 18.86178%
  Saved best model (F1: 0.0077)
Epoch 441 | Loss: 0.5212

Epoch 442 | Loss: 0.5047 | Acc: 0.8107
  Class 1 - P: 0.0038, R: 0.8772, F1: 0.0077
  Predicting class 1: 18.99430%
Epoch 443 | Loss: 0.5052

Epoch 444 | Loss: 0.5060 | Acc: 0.8101
  Class 1 - P: 0.0038, R: 0.8784, F1: 0.0076
  Predicting class 1: 19.05133%
Epoch 445 | Loss: 0.4972

Epoch 446 | Loss: 0.5196 | Acc: 0.8095
  Class 1 - P: 0.0038, R: 0.8790, F1: 0.0076
  Predicting class 1: 19.11378%
Epoch 447 | Loss: 0.4950

Epoch 448 | Loss: 0.5267 | Acc: 0.8088
  Class 1 - P: 0.0038, R: 0.8802, F1: 0.0076
  Predicting class 1: 19.18002%
Epoch 449 | Loss: 0.5249

Epoch 450 | Loss: 0.4998 | Acc: 0.8060
  Class 1 - P: 0.0038, R: 0.8808, F1: 0.0075
  Predicting class 1: 19.46010%
Epoch 451 | Loss: 0.4975

Epoch 452 | Loss: 0.4994 | Acc: 0.8058
  Class 1 - P: 0.0038, R: 0.8822, F1: 0.0075
  Predicting class 1: 19.48285%
Epoch 453 | Loss: 0.5082

Epoch 454 | Loss: 0.5279 | Acc: 0.8034
  Class 1 - P: 0.0037, R: 0.8840, F1: 0.0074
  Predicting class 1: 19.71900%
Epoch 455 | Loss: 0.4952

Epoch 456 | Loss: 0.4900 | Acc: 0.8027
  Class 1 - P: 0.0037, R: 0.8852, F1: 0.0074
  Predicting class 1: 19.79720%
Epoch 457 | Loss: 0.4996

Epoch 458 | Loss: 0.4889 | Acc: 0.8044
  Class 1 - P: 0.0038, R: 0.8858, F1: 0.0075
  Predicting class 1: 19.62854%
Epoch 459 | Loss: 0.4899

Epoch 460 | Loss: 0.4968 | Acc: 0.8075
  Class 1 - P: 0.0038, R: 0.8852, F1: 0.0076
  Predicting class 1: 19.31291%
Epoch 461 | Loss: 0.4855

Epoch 462 | Loss: 0.5083 | Acc: 0.8093
  Class 1 - P: 0.0038, R: 0.8846, F1: 0.0077
  Predicting class 1: 19.13204%
Epoch 463 | Loss: 0.4966

Epoch 464 | Loss: 0.5291 | Acc: 0.8086
  Class 1 - P: 0.0038, R: 0.8861, F1: 0.0076
  Predicting class 1: 19.20473%
Epoch 465 | Loss: 0.4880

Epoch 466 | Loss: 0.4796 | Acc: 0.8066
  Class 1 - P: 0.0038, R: 0.8902, F1: 0.0076
  Predicting class 1: 19.40908%
Epoch 467 | Loss: 0.4994

Epoch 468 | Loss: 0.4882 | Acc: 0.8061
  Class 1 - P: 0.0038, R: 0.8920, F1: 0.0076
  Predicting class 1: 19.45063%
Epoch 469 | Loss: 0.4789

Epoch 470 | Loss: 0.4861 | Acc: 0.8088
  Class 1 - P: 0.0039, R: 0.8920, F1: 0.0077
  Predicting class 1: 19.18873%
  Saved best model (F1: 0.0077)
Epoch 471 | Loss: 0.4757

Epoch 472 | Loss: 0.4869 | Acc: 0.8122
  Class 1 - P: 0.0039, R: 0.8914, F1: 0.0078
  Predicting class 1: 18.84945%
  Saved best model (F1: 0.0078)
Epoch 473 | Loss: 0.4831

Epoch 474 | Loss: 0.4781 | Acc: 0.8148
  Class 1 - P: 0.0040, R: 0.8917, F1: 0.0079
  Predicting class 1: 18.58172%
  Saved best model (F1: 0.0079)
Epoch 475 | Loss: 0.4981

Epoch 476 | Loss: 0.4715 | Acc: 0.8173
  Class 1 - P: 0.0040, R: 0.8923, F1: 0.0081
  Predicting class 1: 18.33060%
  Saved best model (F1: 0.0081)
Epoch 477 | Loss: 0.4942

Epoch 478 | Loss: 0.4767 | Acc: 0.8199
  Class 1 - P: 0.0041, R: 0.8926, F1: 0.0082
  Predicting class 1: 18.07442%
  Saved best model (F1: 0.0082)
Epoch 479 | Loss: 0.4857

Epoch 480 | Loss: 0.4726 | Acc: 0.8222
  Class 1 - P: 0.0042, R: 0.8929, F1: 0.0083
  Predicting class 1: 17.84321%
  Saved best model (F1: 0.0083)
Epoch 481 | Loss: 0.4797

Epoch 482 | Loss: 0.4810 | Acc: 0.8234
  Class 1 - P: 0.0042, R: 0.8941, F1: 0.0084
  Predicting class 1: 17.72108%
  Saved best model (F1: 0.0084)
Epoch 483 | Loss: 0.4759

Epoch 484 | Loss: 0.4656 | Acc: 0.8252
  Class 1 - P: 0.0042, R: 0.8959, F1: 0.0085
  Predicting class 1: 17.54764%
  Saved best model (F1: 0.0085)
Epoch 485 | Loss: 0.4718

Epoch 486 | Loss: 0.4728 | Acc: 0.8263
  Class 1 - P: 0.0043, R: 0.8959, F1: 0.0085
  Predicting class 1: 17.43326%
  Saved best model (F1: 0.0085)
Epoch 487 | Loss: 0.4651

Epoch 488 | Loss: 0.4691 | Acc: 0.8277
  Class 1 - P: 0.0043, R: 0.8962, F1: 0.0086
  Predicting class 1: 17.29978%
  Saved best model (F1: 0.0086)
Epoch 489 | Loss: 0.4726

Epoch 490 | Loss: 0.4558 | Acc: 0.8287
  Class 1 - P: 0.0043, R: 0.8967, F1: 0.0086
  Predicting class 1: 17.19379%
  Saved best model (F1: 0.0086)
Epoch 491 | Loss: 0.4648

Epoch 492 | Loss: 0.4550 | Acc: 0.8293
  Class 1 - P: 0.0044, R: 0.8964, F1: 0.0087
  Predicting class 1: 17.13186%
  Saved best model (F1: 0.0087)
Epoch 493 | Loss: 0.4860

Epoch 494 | Loss: 0.4783 | Acc: 0.8273
  Class 1 - P: 0.0043, R: 0.8985, F1: 0.0086
  Predicting class 1: 17.34000%
Epoch 495 | Loss: 0.4776

Epoch 496 | Loss: 0.4708 | Acc: 0.8249
  Class 1 - P: 0.0043, R: 0.9012, F1: 0.0085
  Predicting class 1: 17.57307%
Epoch 497 | Loss: 0.4691

Epoch 498 | Loss: 0.4574 | Acc: 0.8235
  Class 1 - P: 0.0042, R: 0.9012, F1: 0.0084
  Predicting class 1: 17.71340%
Epoch 499 | Loss: 0.4647

Epoch 500 | Loss: 0.4570 | Acc: 0.8245
  Class 1 - P: 0.0043, R: 0.9009, F1: 0.0085
  Predicting class 1: 17.61959%
Epoch 501 | Loss: 0.4574

Epoch 502 | Loss: 0.4650 | Acc: 0.8276
  Class 1 - P: 0.0043, R: 0.8994, F1: 0.0086
  Predicting class 1: 17.30898%
Epoch 503 | Loss: 0.4518

Epoch 504 | Loss: 0.4610 | Acc: 0.8316
  Class 1 - P: 0.0044, R: 0.8982, F1: 0.0088
  Predicting class 1: 16.90794%
  Saved best model (F1: 0.0088)
Epoch 505 | Loss: 0.4569

Epoch 506 | Loss: 0.4449 | Acc: 0.8353
  Class 1 - P: 0.0045, R: 0.8947, F1: 0.0090
  Predicting class 1: 16.53196%
  Saved best model (F1: 0.0090)
Epoch 507 | Loss: 0.4778

Epoch 508 | Loss: 0.4743 | Acc: 0.8380
  Class 1 - P: 0.0046, R: 0.8938, F1: 0.0091
  Predicting class 1: 16.26554%
  Saved best model (F1: 0.0091)
Epoch 509 | Loss: 0.4577

Epoch 510 | Loss: 0.4515 | Acc: 0.8395
  Class 1 - P: 0.0046, R: 0.8953, F1: 0.0092
  Predicting class 1: 16.11903%
  Saved best model (F1: 0.0092)
Epoch 511 | Loss: 0.4527

Epoch 512 | Loss: 0.4477 | Acc: 0.8412
  Class 1 - P: 0.0047, R: 0.8953, F1: 0.0093
  Predicting class 1: 15.94919%
  Saved best model (F1: 0.0093)
Epoch 513 | Loss: 0.4567

Epoch 514 | Loss: 0.4439 | Acc: 0.8410
  Class 1 - P: 0.0047, R: 0.8962, F1: 0.0093
  Predicting class 1: 15.96106%
  Saved best model (F1: 0.0093)
Epoch 515 | Loss: 0.4440

Epoch 516 | Loss: 0.4388 | Acc: 0.8400
  Class 1 - P: 0.0046, R: 0.8967, F1: 0.0092
  Predicting class 1: 16.06257%
Epoch 517 | Loss: 0.4516

Epoch 518 | Loss: 0.4514 | Acc: 0.8376
  Class 1 - P: 0.0046, R: 0.9003, F1: 0.0091
  Predicting class 1: 16.31097%
Epoch 519 | Loss: 0.4484

Epoch 520 | Loss: 0.4352 | Acc: 0.8355
  Class 1 - P: 0.0046, R: 0.9041, F1: 0.0091
  Predicting class 1: 16.52224%
Epoch 521 | Loss: 0.4388

Epoch 522 | Loss: 0.4617 | Acc: 0.8322
  Class 1 - P: 0.0045, R: 0.9083, F1: 0.0089
  Predicting class 1: 16.84493%
Epoch 523 | Loss: 0.4605

Epoch 524 | Loss: 0.4310 | Acc: 0.8288
  Class 1 - P: 0.0044, R: 0.9115, F1: 0.0088
  Predicting class 1: 17.19214%
Epoch 525 | Loss: 0.4271

Epoch 526 | Loss: 0.4320 | Acc: 0.8280
  Class 1 - P: 0.0044, R: 0.9121, F1: 0.0087
  Predicting class 1: 17.26576%
Epoch 527 | Loss: 0.4297

Epoch 528 | Loss: 0.4418 | Acc: 0.8284
  Class 1 - P: 0.0044, R: 0.9107, F1: 0.0088
  Predicting class 1: 17.22535%
Epoch 529 | Loss: 0.4413

Epoch 530 | Loss: 0.4220 | Acc: 0.8283
  Class 1 - P: 0.0044, R: 0.9104, F1: 0.0087
  Predicting class 1: 17.23682%
Epoch 531 | Loss: 0.4254

Epoch 532 | Loss: 0.4192 | Acc: 0.8302
  Class 1 - P: 0.0044, R: 0.9095, F1: 0.0088
  Predicting class 1: 17.04632%
Epoch 533 | Loss: 0.4226

Epoch 534 | Loss: 0.4289 | Acc: 0.8323
  Class 1 - P: 0.0045, R: 0.9098, F1: 0.0089
  Predicting class 1: 16.83691%
Epoch 535 | Loss: 0.4257

Epoch 536 | Loss: 0.4306 | Acc: 0.8334
  Class 1 - P: 0.0045, R: 0.9107, F1: 0.0090
  Predicting class 1: 16.72885%
Epoch 537 | Loss: 0.4577

Epoch 538 | Loss: 0.4414 | Acc: 0.8321
  Class 1 - P: 0.0045, R: 0.9133, F1: 0.0090
  Predicting class 1: 16.86098%
Epoch 539 | Loss: 0.4185

Epoch 540 | Loss: 0.4213 | Acc: 0.8313
  Class 1 - P: 0.0045, R: 0.9157, F1: 0.0090
  Predicting class 1: 16.93955%
Epoch 541 | Loss: 0.4193

Epoch 542 | Loss: 0.4219 | Acc: 0.8305
  Class 1 - P: 0.0045, R: 0.9163, F1: 0.0089
  Predicting class 1: 17.02334%
Epoch 543 | Loss: 0.4162

Epoch 544 | Loss: 0.4311 | Acc: 0.8314
  Class 1 - P: 0.0045, R: 0.9172, F1: 0.0090
  Predicting class 1: 16.92613%
Epoch 545 | Loss: 0.4412

Epoch 546 | Loss: 0.4284 | Acc: 0.8321
  Class 1 - P: 0.0045, R: 0.9180, F1: 0.0090
  Predicting class 1: 16.86103%
Epoch 547 | Loss: 0.4192

Epoch 548 | Loss: 0.4107 | Acc: 0.8331
  Class 1 - P: 0.0046, R: 0.9178, F1: 0.0091
  Predicting class 1: 16.75455%
Epoch 549 | Loss: 0.4118

Epoch 550 | Loss: 0.4170 | Acc: 0.8358
  Class 1 - P: 0.0046, R: 0.9163, F1: 0.0092
  Predicting class 1: 16.49270%
Epoch 551 | Loss: 0.4339

Epoch 552 | Loss: 0.4201 | Acc: 0.8381
  Class 1 - P: 0.0047, R: 0.9151, F1: 0.0093
  Predicting class 1: 16.25692%
  Saved best model (F1: 0.0093)
Epoch 553 | Loss: 0.4141

Epoch 554 | Loss: 0.4082 | Acc: 0.8398
  Class 1 - P: 0.0047, R: 0.9139, F1: 0.0094
  Predicting class 1: 16.09173%
  Saved best model (F1: 0.0094)
Epoch 555 | Loss: 0.4286

Epoch 556 | Loss: 0.4038 | Acc: 0.8394
  Class 1 - P: 0.0047, R: 0.9151, F1: 0.0094
  Predicting class 1: 16.13200%
Epoch 557 | Loss: 0.4062

Epoch 558 | Loss: 0.3996 | Acc: 0.8394
  Class 1 - P: 0.0047, R: 0.9154, F1: 0.0094
  Predicting class 1: 16.12543%
Epoch 559 | Loss: 0.4056

Epoch 560 | Loss: 0.3961 | Acc: 0.8413
  Class 1 - P: 0.0048, R: 0.9160, F1: 0.0095
  Predicting class 1: 15.94410%
  Saved best model (F1: 0.0095)
Epoch 561 | Loss: 0.4269

Epoch 562 | Loss: 0.3981 | Acc: 0.8430
  Class 1 - P: 0.0048, R: 0.9142, F1: 0.0096
  Predicting class 1: 15.76668%
  Saved best model (F1: 0.0096)
Epoch 563 | Loss: 0.3995

Epoch 564 | Loss: 0.3997 | Acc: 0.8441
  Class 1 - P: 0.0049, R: 0.9142, F1: 0.0097
  Predicting class 1: 15.65773%
  Saved best model (F1: 0.0097)
Epoch 565 | Loss: 0.3960

Epoch 566 | Loss: 0.3971 | Acc: 0.8456
  Class 1 - P: 0.0049, R: 0.9107, F1: 0.0097
  Predicting class 1: 15.50732%
  Saved best model (F1: 0.0097)
Epoch 567 | Loss: 0.3915

Epoch 568 | Loss: 0.3954 | Acc: 0.8477
  Class 1 - P: 0.0049, R: 0.9083, F1: 0.0098
  Predicting class 1: 15.29829%
  Saved best model (F1: 0.0098)
Epoch 569 | Loss: 0.4005

Epoch 570 | Loss: 0.3941 | Acc: 0.8490
  Class 1 - P: 0.0050, R: 0.9077, F1: 0.0099
  Predicting class 1: 15.16532%
  Saved best model (F1: 0.0099)
Epoch 571 | Loss: 0.4069

Epoch 572 | Loss: 0.3940 | Acc: 0.8492
  Class 1 - P: 0.0050, R: 0.9089, F1: 0.0099
  Predicting class 1: 15.14433%
  Saved best model (F1: 0.0099)
Epoch 573 | Loss: 0.3872

Epoch 574 | Loss: 0.3831 | Acc: 0.8483
  Class 1 - P: 0.0050, R: 0.9112, F1: 0.0099
  Predicting class 1: 15.24173%
Epoch 575 | Loss: 0.3914

Epoch 576 | Loss: 0.3941 | Acc: 0.8466
  Class 1 - P: 0.0050, R: 0.9183, F1: 0.0099
  Predicting class 1: 15.41043%
Epoch 577 | Loss: 0.3876

Epoch 578 | Loss: 0.3914 | Acc: 0.8438
  Class 1 - P: 0.0049, R: 0.9207, F1: 0.0097
  Predicting class 1: 15.69306%
Epoch 579 | Loss: 0.3925

Epoch 580 | Loss: 0.3856 | Acc: 0.8416
  Class 1 - P: 0.0048, R: 0.9246, F1: 0.0096
  Predicting class 1: 15.91084%
Epoch 581 | Loss: 0.3900

Epoch 582 | Loss: 0.3921 | Acc: 0.8408
  Class 1 - P: 0.0048, R: 0.9257, F1: 0.0096
  Predicting class 1: 15.98956%
Epoch 583 | Loss: 0.3868

Epoch 584 | Loss: 0.3859 | Acc: 0.8416
  Class 1 - P: 0.0048, R: 0.9254, F1: 0.0096
  Predicting class 1: 15.91466%
Epoch 585 | Loss: 0.3786

Epoch 586 | Loss: 0.3823 | Acc: 0.8431
  Class 1 - P: 0.0049, R: 0.9240, F1: 0.0097
  Predicting class 1: 15.75988%
Epoch 587 | Loss: 0.3938

Epoch 588 | Loss: 0.3753 | Acc: 0.8442
  Class 1 - P: 0.0049, R: 0.9243, F1: 0.0098
  Predicting class 1: 15.65505%
Epoch 589 | Loss: 0.3791

Epoch 590 | Loss: 0.3761 | Acc: 0.8452
  Class 1 - P: 0.0049, R: 0.9240, F1: 0.0098
  Predicting class 1: 15.55450%
Epoch 591 | Loss: 0.4148

Epoch 592 | Loss: 0.3749 | Acc: 0.8444
  Class 1 - P: 0.0049, R: 0.9249, F1: 0.0098
  Predicting class 1: 15.63383%
Epoch 593 | Loss: 0.3685

Epoch 594 | Loss: 0.3745 | Acc: 0.8457
  Class 1 - P: 0.0050, R: 0.9251, F1: 0.0099
  Predicting class 1: 15.50372%
Epoch 595 | Loss: 0.3677

Epoch 596 | Loss: 0.3754 | Acc: 0.8472
  Class 1 - P: 0.0050, R: 0.9249, F1: 0.0100
  Predicting class 1: 15.35055%
  Saved best model (F1: 0.0100)
Epoch 597 | Loss: 0.3715

Epoch 598 | Loss: 0.3674 | Acc: 0.8482
  Class 1 - P: 0.0050, R: 0.9237, F1: 0.0100
  Predicting class 1: 15.24889%
  Saved best model (F1: 0.0100)
Epoch 599 | Loss: 0.3745

Epoch 600 | Loss: 0.3625 | Acc: 0.8485
  Class 1 - P: 0.0051, R: 0.9249, F1: 0.0101
  Predicting class 1: 15.22528%
  Saved best model (F1: 0.0101)
Epoch 601 | Loss: 0.3764

Epoch 602 | Loss: 0.3722 | Acc: 0.8487
  Class 1 - P: 0.0051, R: 0.9243, F1: 0.0101
  Predicting class 1: 15.19841%
  Saved best model (F1: 0.0101)
Epoch 603 | Loss: 0.3653

Epoch 604 | Loss: 0.3580 | Acc: 0.8487
  Class 1 - P: 0.0051, R: 0.9249, F1: 0.0101
  Predicting class 1: 15.19865%
  Saved best model (F1: 0.0101)
Epoch 605 | Loss: 0.3662

Epoch 606 | Loss: 0.3629 | Acc: 0.8490
  Class 1 - P: 0.0051, R: 0.9246, F1: 0.0101
  Predicting class 1: 15.16941%
  Saved best model (F1: 0.0101)
Epoch 607 | Loss: 0.3612

Epoch 608 | Loss: 0.3767 | Acc: 0.8481
  Class 1 - P: 0.0050, R: 0.9251, F1: 0.0100
  Predicting class 1: 15.25667%
Epoch 609 | Loss: 0.3606

Epoch 610 | Loss: 0.3639 | Acc: 0.8464
  Class 1 - P: 0.0050, R: 0.9284, F1: 0.0100
  Predicting class 1: 15.43052%
Epoch 611 | Loss: 0.3603

Epoch 612 | Loss: 0.3618 | Acc: 0.8448
  Class 1 - P: 0.0050, R: 0.9299, F1: 0.0099
  Predicting class 1: 15.59381%
Epoch 613 | Loss: 0.3592

Epoch 614 | Loss: 0.3554 | Acc: 0.8434
  Class 1 - P: 0.0049, R: 0.9314, F1: 0.0098
  Predicting class 1: 15.72973%
Epoch 615 | Loss: 0.3565

Epoch 616 | Loss: 0.3770 | Acc: 0.8423
  Class 1 - P: 0.0049, R: 0.9314, F1: 0.0097
  Predicting class 1: 15.83981%
Epoch 617 | Loss: 0.3568

Epoch 618 | Loss: 0.3502 | Acc: 0.8421
  Class 1 - P: 0.0049, R: 0.9325, F1: 0.0097
  Predicting class 1: 15.86659%
Epoch 619 | Loss: 0.3583

Epoch 620 | Loss: 0.3511 | Acc: 0.8429
  Class 1 - P: 0.0049, R: 0.9322, F1: 0.0098
  Predicting class 1: 15.77817%
Epoch 621 | Loss: 0.3550

Epoch 622 | Loss: 0.3512 | Acc: 0.8445
  Class 1 - P: 0.0050, R: 0.9305, F1: 0.0099
  Predicting class 1: 15.62583%
Epoch 623 | Loss: 0.3664

Epoch 624 | Loss: 0.3702 | Acc: 0.8442
  Class 1 - P: 0.0049, R: 0.9305, F1: 0.0098
  Predicting class 1: 15.65571%
Epoch 625 | Loss: 0.3480

Epoch 626 | Loss: 0.3490 | Acc: 0.8438
  Class 1 - P: 0.0049, R: 0.9308, F1: 0.0098
  Predicting class 1: 15.69222%
Epoch 627 | Loss: 0.3444

Epoch 628 | Loss: 0.3552 | Acc: 0.8437
  Class 1 - P: 0.0049, R: 0.9314, F1: 0.0098
  Predicting class 1: 15.70332%
Epoch 629 | Loss: 0.3471

Epoch 630 | Loss: 0.3656 | Acc: 0.8438
  Class 1 - P: 0.0049, R: 0.9322, F1: 0.0098
  Predicting class 1: 15.69638%
Epoch 631 | Loss: 0.3482

Epoch 632 | Loss: 0.3575 | Acc: 0.8446
  Class 1 - P: 0.0050, R: 0.9325, F1: 0.0099
  Predicting class 1: 15.61655%
Epoch 633 | Loss: 0.3499

Epoch 634 | Loss: 0.3515 | Acc: 0.8448
  Class 1 - P: 0.0050, R: 0.9325, F1: 0.0099
  Predicting class 1: 15.59312%
Epoch 635 | Loss: 0.3472

Epoch 636 | Loss: 0.3463 | Acc: 0.8453
  Class 1 - P: 0.0050, R: 0.9325, F1: 0.0099
  Predicting class 1: 15.54050%
Epoch 637 | Loss: 0.3429

Epoch 638 | Loss: 0.3420 | Acc: 0.8463
  Class 1 - P: 0.0050, R: 0.9317, F1: 0.0100
  Predicting class 1: 15.44590%
Epoch 639 | Loss: 0.3428

Epoch 640 | Loss: 0.3526 | Acc: 0.8473
  Class 1 - P: 0.0051, R: 0.9320, F1: 0.0101
  Predicting class 1: 15.34516%
Epoch 641 | Loss: 0.3432

Epoch 642 | Loss: 0.3466 | Acc: 0.8465
  Class 1 - P: 0.0050, R: 0.9340, F1: 0.0100
  Predicting class 1: 15.42028%
Epoch 643 | Loss: 0.3393

Epoch 644 | Loss: 0.3414 | Acc: 0.8457
  Class 1 - P: 0.0050, R: 0.9337, F1: 0.0100
  Predicting class 1: 15.50205%
Epoch 645 | Loss: 0.3500

Epoch 646 | Loss: 0.3372 | Acc: 0.8451
  Class 1 - P: 0.0050, R: 0.9352, F1: 0.0099
  Predicting class 1: 15.55802%
Epoch 647 | Loss: 0.3399

Epoch 648 | Loss: 0.3397 | Acc: 0.8458
  Class 1 - P: 0.0050, R: 0.9346, F1: 0.0100
  Predicting class 1: 15.49535%
Epoch 649 | Loss: 0.3335

Epoch 650 | Loss: 0.3378 | Acc: 0.8470
  Class 1 - P: 0.0051, R: 0.9337, F1: 0.0101
  Predicting class 1: 15.37080%
Epoch 651 | Loss: 0.3317

Epoch 652 | Loss: 0.3393 | Acc: 0.8484
  Class 1 - P: 0.0051, R: 0.9320, F1: 0.0101
  Predicting class 1: 15.23259%
  Saved best model (F1: 0.0101)
Epoch 653 | Loss: 0.3463

Epoch 654 | Loss: 0.3311 | Acc: 0.8491
  Class 1 - P: 0.0051, R: 0.9317, F1: 0.0102
  Predicting class 1: 15.16279%
  Saved best model (F1: 0.0102)
Epoch 655 | Loss: 0.3820

Epoch 656 | Loss: 0.3329 | Acc: 0.8490
  Class 1 - P: 0.0051, R: 0.9337, F1: 0.0102
  Predicting class 1: 15.16914%
  Saved best model (F1: 0.0102)
Epoch 657 | Loss: 0.3383

Epoch 658 | Loss: 0.3265 | Acc: 0.8491
  Class 1 - P: 0.0051, R: 0.9343, F1: 0.0102
  Predicting class 1: 15.16491%
  Saved best model (F1: 0.0102)
Epoch 659 | Loss: 0.3396

Epoch 660 | Loss: 0.3368 | Acc: 0.8487
  Class 1 - P: 0.0051, R: 0.9355, F1: 0.0102
  Predicting class 1: 15.20015%
Epoch 661 | Loss: 0.3346

Epoch 662 | Loss: 0.3499 | Acc: 0.8477
  Class 1 - P: 0.0051, R: 0.9364, F1: 0.0101
  Predicting class 1: 15.30314%
Epoch 663 | Loss: 0.3328

Epoch 664 | Loss: 0.3280 | Acc: 0.8466
  Class 1 - P: 0.0051, R: 0.9367, F1: 0.0101
  Predicting class 1: 15.41723%
Epoch 665 | Loss: 0.3253

Epoch 666 | Loss: 0.3594 | Acc: 0.8456
  Class 1 - P: 0.0050, R: 0.9373, F1: 0.0100
  Predicting class 1: 15.51539%
Epoch 667 | Loss: 0.3307

Epoch 668 | Loss: 0.3247 | Acc: 0.8447
  Class 1 - P: 0.0050, R: 0.9388, F1: 0.0100
  Predicting class 1: 15.60454%
Epoch 669 | Loss: 0.3260

Epoch 670 | Loss: 0.3284 | Acc: 0.8451
  Class 1 - P: 0.0050, R: 0.9388, F1: 0.0100
  Predicting class 1: 15.56787%
Epoch 671 | Loss: 0.3241

Epoch 672 | Loss: 0.3682 | Acc: 0.8455
  Class 1 - P: 0.0050, R: 0.9391, F1: 0.0100
  Predicting class 1: 15.52223%
Epoch 673 | Loss: 0.3301

Epoch 674 | Loss: 0.3192 | Acc: 0.8452
  Class 1 - P: 0.0050, R: 0.9391, F1: 0.0100
  Predicting class 1: 15.55758%
Epoch 675 | Loss: 0.3177

Epoch 676 | Loss: 0.3436 | Acc: 0.8456
  Class 1 - P: 0.0050, R: 0.9391, F1: 0.0100
  Predicting class 1: 15.51716%
Epoch 677 | Loss: 0.3211

Epoch 678 | Loss: 0.3342 | Acc: 0.8461
  Class 1 - P: 0.0050, R: 0.9385, F1: 0.0100
  Predicting class 1: 15.46362%
Epoch 679 | Loss: 0.3387

Epoch 680 | Loss: 0.3185 | Acc: 0.8464
  Class 1 - P: 0.0051, R: 0.9382, F1: 0.0101
  Predicting class 1: 15.42907%
Epoch 681 | Loss: 0.3296

Epoch 682 | Loss: 0.3247 | Acc: 0.8467
  Class 1 - P: 0.0051, R: 0.9376, F1: 0.0101
  Predicting class 1: 15.40266%
Epoch 683 | Loss: 0.3179

Epoch 684 | Loss: 0.3206 | Acc: 0.8473
  Class 1 - P: 0.0051, R: 0.9379, F1: 0.0101
  Predicting class 1: 15.34749%
Epoch 685 | Loss: 0.3182

Epoch 686 | Loss: 0.3248 | Acc: 0.8478
  Class 1 - P: 0.0051, R: 0.9379, F1: 0.0101
  Predicting class 1: 15.29745%
Epoch 687 | Loss: 0.3187

Epoch 688 | Loss: 0.3166 | Acc: 0.8484
  Class 1 - P: 0.0051, R: 0.9379, F1: 0.0102
  Predicting class 1: 15.23639%
Epoch 689 | Loss: 0.3248

Epoch 690 | Loss: 0.3400 | Acc: 0.8482
  Class 1 - P: 0.0051, R: 0.9385, F1: 0.0102
  Predicting class 1: 15.25736%
Epoch 691 | Loss: 0.3253

Epoch 692 | Loss: 0.3235 | Acc: 0.8475
  Class 1 - P: 0.0051, R: 0.9396, F1: 0.0101
  Predicting class 1: 15.32143%
Epoch 693 | Loss: 0.3144

Epoch 694 | Loss: 0.3208 | Acc: 0.8473
  Class 1 - P: 0.0051, R: 0.9396, F1: 0.0101
  Predicting class 1: 15.34412%
Epoch 695 | Loss: 0.3175

Epoch 696 | Loss: 0.3133 | Acc: 0.8470
  Class 1 - P: 0.0051, R: 0.9405, F1: 0.0101
  Predicting class 1: 15.37317%
Epoch 697 | Loss: 0.3091

Epoch 698 | Loss: 0.3128 | Acc: 0.8477
  Class 1 - P: 0.0051, R: 0.9405, F1: 0.0102
  Predicting class 1: 15.30087%
Epoch 699 | Loss: 0.3116

Epoch 700 | Loss: 0.3160 | Acc: 0.8487
  Class 1 - P: 0.0051, R: 0.9408, F1: 0.0102
  Predicting class 1: 15.20828%
  Saved best model (F1: 0.0102)
Epoch 701 | Loss: 0.3075

Epoch 702 | Loss: 0.3083 | Acc: 0.8500
  Class 1 - P: 0.0052, R: 0.9391, F1: 0.0103
  Predicting class 1: 15.06842%
  Saved best model (F1: 0.0103)
Epoch 703 | Loss: 0.3258

Epoch 704 | Loss: 0.3111 | Acc: 0.8510
  Class 1 - P: 0.0052, R: 0.9385, F1: 0.0104
  Predicting class 1: 14.97075%
  Saved best model (F1: 0.0104)
Epoch 705 | Loss: 0.3143

Epoch 706 | Loss: 0.3164 | Acc: 0.8512
  Class 1 - P: 0.0052, R: 0.9388, F1: 0.0104
  Predicting class 1: 14.95411%
  Saved best model (F1: 0.0104)
Epoch 707 | Loss: 0.3182

Epoch 708 | Loss: 0.3086 | Acc: 0.8508
  Class 1 - P: 0.0052, R: 0.9393, F1: 0.0104
  Predicting class 1: 14.99076%
Epoch 709 | Loss: 0.3113

Epoch 710 | Loss: 0.3217 | Acc: 0.8496
  Class 1 - P: 0.0052, R: 0.9402, F1: 0.0103
  Predicting class 1: 15.11821%
Epoch 711 | Loss: 0.3105

Epoch 712 | Loss: 0.3067 | Acc: 0.8481
  Class 1 - P: 0.0051, R: 0.9408, F1: 0.0102
  Predicting class 1: 15.26309%
Epoch 713 | Loss: 0.3051

Epoch 714 | Loss: 0.3071 | Acc: 0.8474
  Class 1 - P: 0.0051, R: 0.9414, F1: 0.0102
  Predicting class 1: 15.33615%
Epoch 715 | Loss: 0.3065

Epoch 716 | Loss: 0.3027 | Acc: 0.8470
  Class 1 - P: 0.0051, R: 0.9417, F1: 0.0101
  Predicting class 1: 15.37258%
Epoch 717 | Loss: 0.3093

Epoch 718 | Loss: 0.3078 | Acc: 0.8468
  Class 1 - P: 0.0051, R: 0.9429, F1: 0.0101
  Predicting class 1: 15.39835%
Epoch 719 | Loss: 0.3034

Epoch 720 | Loss: 0.3110 | Acc: 0.8469
  Class 1 - P: 0.0051, R: 0.9426, F1: 0.0101
  Predicting class 1: 15.38070%
Epoch 721 | Loss: 0.3121

Epoch 722 | Loss: 0.3007 | Acc: 0.8468
  Class 1 - P: 0.0051, R: 0.9432, F1: 0.0101
  Predicting class 1: 15.38934%
Epoch 723 | Loss: 0.3030

Epoch 724 | Loss: 0.3089 | Acc: 0.8472
  Class 1 - P: 0.0051, R: 0.9429, F1: 0.0102
  Predicting class 1: 15.35621%
Epoch 725 | Loss: 0.3145

Epoch 726 | Loss: 0.3043 | Acc: 0.8479
  Class 1 - P: 0.0051, R: 0.9429, F1: 0.0102
  Predicting class 1: 15.28325%
Epoch 727 | Loss: 0.3025

Epoch 728 | Loss: 0.3033 | Acc: 0.8487
  Class 1 - P: 0.0052, R: 0.9417, F1: 0.0102
  Predicting class 1: 15.20542%
Epoch 729 | Loss: 0.3155

Epoch 730 | Loss: 0.3082 | Acc: 0.8488
  Class 1 - P: 0.0052, R: 0.9423, F1: 0.0103
  Predicting class 1: 15.19073%
Epoch 731 | Loss: 0.2987

Epoch 732 | Loss: 0.2986 | Acc: 0.8490
  Class 1 - P: 0.0052, R: 0.9429, F1: 0.0103
  Predicting class 1: 15.17064%
Epoch 733 | Loss: 0.2982

Epoch 734 | Loss: 0.3047 | Acc: 0.8490
  Class 1 - P: 0.0052, R: 0.9429, F1: 0.0103
  Predicting class 1: 15.17320%
Epoch 735 | Loss: 0.3002

Epoch 736 | Loss: 0.2961 | Acc: 0.8490
  Class 1 - P: 0.0052, R: 0.9429, F1: 0.0103
  Predicting class 1: 15.17372%
Epoch 737 | Loss: 0.2963

Epoch 738 | Loss: 0.2970 | Acc: 0.8491
  Class 1 - P: 0.0052, R: 0.9432, F1: 0.0103
  Predicting class 1: 15.16094%
Epoch 739 | Loss: 0.3069

Epoch 740 | Loss: 0.3002 | Acc: 0.8491
  Class 1 - P: 0.0052, R: 0.9426, F1: 0.0103
  Predicting class 1: 15.16387%
Epoch 741 | Loss: 0.2966

Epoch 742 | Loss: 0.3001 | Acc: 0.8488
  Class 1 - P: 0.0052, R: 0.9435, F1: 0.0103
  Predicting class 1: 15.18885%
Epoch 743 | Loss: 0.2965

Epoch 744 | Loss: 0.2934 | Acc: 0.8493
  Class 1 - P: 0.0052, R: 0.9435, F1: 0.0103
  Predicting class 1: 15.14512%
Epoch 745 | Loss: 0.3103

Epoch 746 | Loss: 0.3019 | Acc: 0.8488
  Class 1 - P: 0.0052, R: 0.9447, F1: 0.0103
  Predicting class 1: 15.19525%
Epoch 747 | Loss: 0.2985

Epoch 748 | Loss: 0.3001 | Acc: 0.8476
  Class 1 - P: 0.0051, R: 0.9453, F1: 0.0102
  Predicting class 1: 15.31426%
Epoch 749 | Loss: 0.2960

Epoch 750 | Loss: 0.2926 | Acc: 0.8463
  Class 1 - P: 0.0051, R: 0.9470, F1: 0.0101
  Predicting class 1: 15.44470%
Epoch 751 | Loss: 0.2978

Epoch 752 | Loss: 0.2885 | Acc: 0.8454
  Class 1 - P: 0.0051, R: 0.9464, F1: 0.0101
  Predicting class 1: 15.53247%
Epoch 753 | Loss: 0.2929

Epoch 754 | Loss: 0.3019 | Acc: 0.8455
  Class 1 - P: 0.0051, R: 0.9462, F1: 0.0101
  Predicting class 1: 15.52622%
Epoch 755 | Loss: 0.2905

Epoch 756 | Loss: 0.2958 | Acc: 0.8461
  Class 1 - P: 0.0051, R: 0.9459, F1: 0.0101
  Predicting class 1: 15.46648%
Epoch 757 | Loss: 0.2904

Epoch 758 | Loss: 0.3032 | Acc: 0.8470
  Class 1 - P: 0.0051, R: 0.9459, F1: 0.0102
  Predicting class 1: 15.37435%
Epoch 759 | Loss: 0.2982

Epoch 760 | Loss: 0.2928 | Acc: 0.8482
  Class 1 - P: 0.0052, R: 0.9444, F1: 0.0102
  Predicting class 1: 15.25037%
Epoch 761 | Loss: 0.2866

Epoch 762 | Loss: 0.2862 | Acc: 0.8501
  Class 1 - P: 0.0052, R: 0.9429, F1: 0.0104
  Predicting class 1: 15.06064%
Epoch 763 | Loss: 0.2903

Epoch 764 | Loss: 0.2920 | Acc: 0.8520
  Class 1 - P: 0.0053, R: 0.9423, F1: 0.0105
  Predicting class 1: 14.86914%
  Saved best model (F1: 0.0105)
Epoch 765 | Loss: 0.2867

Epoch 766 | Loss: 0.2890 | Acc: 0.8539
  Class 1 - P: 0.0053, R: 0.9405, F1: 0.0106
  Predicting class 1: 14.68628%
  Saved best model (F1: 0.0106)
Epoch 767 | Loss: 0.2908

Epoch 768 | Loss: 0.2895 | Acc: 0.8550
  Class 1 - P: 0.0054, R: 0.9382, F1: 0.0106
  Predicting class 1: 14.57756%
  Saved best model (F1: 0.0106)
Epoch 769 | Loss: 0.2870

Epoch 770 | Loss: 0.2872 | Acc: 0.8550
  Class 1 - P: 0.0054, R: 0.9385, F1: 0.0107
  Predicting class 1: 14.57182%
  Saved best model (F1: 0.0107)
Epoch 771 | Loss: 0.2845

Epoch 772 | Loss: 0.2878 | Acc: 0.8548
  Class 1 - P: 0.0054, R: 0.9396, F1: 0.0107
  Predicting class 1: 14.59004%
  Saved best model (F1: 0.0107)
Epoch 773 | Loss: 0.2948

Epoch 774 | Loss: 0.2876 | Acc: 0.8536
  Class 1 - P: 0.0053, R: 0.9408, F1: 0.0106
  Predicting class 1: 14.71304%
Epoch 775 | Loss: 0.2885

Epoch 776 | Loss: 0.2902 | Acc: 0.8525
  Class 1 - P: 0.0053, R: 0.9420, F1: 0.0105
  Predicting class 1: 14.82355%
Epoch 777 | Loss: 0.2874

Epoch 778 | Loss: 0.2854 | Acc: 0.8516
  Class 1 - P: 0.0053, R: 0.9429, F1: 0.0105
  Predicting class 1: 14.91623%
Epoch 779 | Loss: 0.2845

Epoch 780 | Loss: 0.2848 | Acc: 0.8513
  Class 1 - P: 0.0053, R: 0.9432, F1: 0.0104
  Predicting class 1: 14.94648%
Epoch 781 | Loss: 0.2821

Epoch 782 | Loss: 0.2861 | Acc: 0.8515
  Class 1 - P: 0.0053, R: 0.9432, F1: 0.0105
  Predicting class 1: 14.92373%
Epoch 783 | Loss: 0.2887

Epoch 784 | Loss: 0.2888 | Acc: 0.8517
  Class 1 - P: 0.0053, R: 0.9441, F1: 0.0105
  Predicting class 1: 14.90217%
Epoch 785 | Loss: 0.2863

Epoch 786 | Loss: 0.2857 | Acc: 0.8515
  Class 1 - P: 0.0053, R: 0.9441, F1: 0.0105
  Predicting class 1: 14.92221%
Epoch 787 | Loss: 0.2881

Epoch 788 | Loss: 0.3225 | Acc: 0.8511
  Class 1 - P: 0.0053, R: 0.9444, F1: 0.0104
  Predicting class 1: 14.95925%
Epoch 789 | Loss: 0.2819

Epoch 790 | Loss: 0.2864 | Acc: 0.8509
  Class 1 - P: 0.0052, R: 0.9447, F1: 0.0104
  Predicting class 1: 14.98699%
Epoch 791 | Loss: 0.2804

Epoch 792 | Loss: 0.2856 | Acc: 0.8511
  Class 1 - P: 0.0053, R: 0.9450, F1: 0.0104
  Predicting class 1: 14.96386%
Epoch 793 | Loss: 0.2798

Epoch 794 | Loss: 0.2830 | Acc: 0.8516
  Class 1 - P: 0.0053, R: 0.9447, F1: 0.0105
  Predicting class 1: 14.91165%
Epoch 795 | Loss: 0.2778

Epoch 796 | Loss: 0.2802 | Acc: 0.8525
  Class 1 - P: 0.0053, R: 0.9444, F1: 0.0105
  Predicting class 1: 14.82062%
Epoch 797 | Loss: 0.2759

Epoch 798 | Loss: 0.2802 | Acc: 0.8538
  Class 1 - P: 0.0053, R: 0.9432, F1: 0.0106
  Predicting class 1: 14.69128%
Epoch 799 | Loss: 0.2776

Epoch 800 | Loss: 0.2886 | Acc: 0.8547
  Class 1 - P: 0.0054, R: 0.9429, F1: 0.0107
  Predicting class 1: 14.60744%
  Saved best model (F1: 0.0107)
Epoch 801 | Loss: 0.2785

Epoch 802 | Loss: 0.2787 | Acc: 0.8548
  Class 1 - P: 0.0054, R: 0.9435, F1: 0.0107
  Predicting class 1: 14.59531%
  Saved best model (F1: 0.0107)
Epoch 803 | Loss: 0.2732

Epoch 804 | Loss: 0.2787 | Acc: 0.8547
  Class 1 - P: 0.0054, R: 0.9438, F1: 0.0107
  Predicting class 1: 14.59897%
  Saved best model (F1: 0.0107)
Epoch 805 | Loss: 0.2801

Epoch 806 | Loss: 0.2782 | Acc: 0.8541
  Class 1 - P: 0.0054, R: 0.9435, F1: 0.0106
  Predicting class 1: 14.66339%
Epoch 807 | Loss: 0.2745

Epoch 808 | Loss: 0.2765 | Acc: 0.8538
  Class 1 - P: 0.0053, R: 0.9444, F1: 0.0106
  Predicting class 1: 14.69694%
Epoch 809 | Loss: 0.2728

Epoch 810 | Loss: 0.2759 | Acc: 0.8536
  Class 1 - P: 0.0053, R: 0.9447, F1: 0.0106
  Predicting class 1: 14.70964%
Epoch 811 | Loss: 0.2783

Epoch 812 | Loss: 0.2780 | Acc: 0.8535
  Class 1 - P: 0.0053, R: 0.9441, F1: 0.0106
  Predicting class 1: 14.72096%
Epoch 813 | Loss: 0.2817

Epoch 814 | Loss: 0.2860 | Acc: 0.8529
  Class 1 - P: 0.0053, R: 0.9438, F1: 0.0106
  Predicting class 1: 14.78845%
Epoch 815 | Loss: 0.2759

Epoch 816 | Loss: 0.2712 | Acc: 0.8522
  Class 1 - P: 0.0053, R: 0.9447, F1: 0.0105
  Predicting class 1: 14.85233%
Epoch 817 | Loss: 0.2763

Epoch 818 | Loss: 0.2738 | Acc: 0.8523
  Class 1 - P: 0.0053, R: 0.9450, F1: 0.0105
  Predicting class 1: 14.84696%
Epoch 819 | Loss: 0.2727

Epoch 820 | Loss: 0.2731 | Acc: 0.8528
  Class 1 - P: 0.0053, R: 0.9450, F1: 0.0106
  Predicting class 1: 14.79362%
Epoch 821 | Loss: 0.2716

Epoch 822 | Loss: 0.2849 | Acc: 0.8533
  Class 1 - P: 0.0053, R: 0.9447, F1: 0.0106
  Predicting class 1: 14.74715%
Epoch 823 | Loss: 0.2891

Epoch 824 | Loss: 0.2689 | Acc: 0.8527
  Class 1 - P: 0.0053, R: 0.9450, F1: 0.0106
  Predicting class 1: 14.80598%
Epoch 825 | Loss: 0.2752

Epoch 826 | Loss: 0.2738 | Acc: 0.8522
  Class 1 - P: 0.0053, R: 0.9456, F1: 0.0105
  Predicting class 1: 14.84997%
Epoch 827 | Loss: 0.2759

Epoch 828 | Loss: 0.2722 | Acc: 0.8521
  Class 1 - P: 0.0053, R: 0.9456, F1: 0.0105
  Predicting class 1: 14.86259%
Epoch 829 | Loss: 0.2709

Epoch 830 | Loss: 0.2707 | Acc: 0.8524
  Class 1 - P: 0.0053, R: 0.9453, F1: 0.0105
  Predicting class 1: 14.83522%
Epoch 831 | Loss: 0.2809

Epoch 832 | Loss: 0.2783 | Acc: 0.8517
  Class 1 - P: 0.0053, R: 0.9453, F1: 0.0105
  Predicting class 1: 14.90163%
Epoch 833 | Loss: 0.2737

Epoch 834 | Loss: 0.2753 | Acc: 0.8514
  Class 1 - P: 0.0053, R: 0.9450, F1: 0.0105
  Predicting class 1: 14.93464%
Epoch 835 | Loss: 0.2710

Epoch 836 | Loss: 0.2693 | Acc: 0.8515
  Class 1 - P: 0.0053, R: 0.9459, F1: 0.0105
  Predicting class 1: 14.92388%
Epoch 837 | Loss: 0.2664

Epoch 838 | Loss: 0.2721 | Acc: 0.8521
  Class 1 - P: 0.0053, R: 0.9456, F1: 0.0105
  Predicting class 1: 14.86417%
Epoch 839 | Loss: 0.2701

Epoch 840 | Loss: 0.2709 | Acc: 0.8528
  Class 1 - P: 0.0053, R: 0.9441, F1: 0.0106
  Predicting class 1: 14.78961%
Epoch 841 | Loss: 0.2834

Epoch 842 | Loss: 0.2714 | Acc: 0.8526
  Class 1 - P: 0.0053, R: 0.9444, F1: 0.0105
  Predicting class 1: 14.81245%
Epoch 843 | Loss: 0.2747

Epoch 844 | Loss: 0.2683 | Acc: 0.8519
  Class 1 - P: 0.0053, R: 0.9447, F1: 0.0105
  Predicting class 1: 14.88246%
Epoch 845 | Loss: 0.2684

Epoch 846 | Loss: 0.2711 | Acc: 0.8519
  Class 1 - P: 0.0053, R: 0.9456, F1: 0.0105
  Predicting class 1: 14.88721%
Epoch 847 | Loss: 0.2712

Epoch 848 | Loss: 0.2701 | Acc: 0.8522
  Class 1 - P: 0.0053, R: 0.9462, F1: 0.0105
  Predicting class 1: 14.85152%
Epoch 849 | Loss: 0.2663

Epoch 850 | Loss: 0.2677 | Acc: 0.8529
  Class 1 - P: 0.0053, R: 0.9453, F1: 0.0106
  Predicting class 1: 14.78077%
Epoch 851 | Loss: 0.2774

Epoch 852 | Loss: 0.2676 | Acc: 0.8532
  Class 1 - P: 0.0053, R: 0.9447, F1: 0.0106
  Predicting class 1: 14.75818%
Epoch 853 | Loss: 0.2752

Epoch 854 | Loss: 0.2689 | Acc: 0.8533
  Class 1 - P: 0.0053, R: 0.9444, F1: 0.0106
  Predicting class 1: 14.74321%
Epoch 855 | Loss: 0.2690

Epoch 856 | Loss: 0.2684 | Acc: 0.8535
  Class 1 - P: 0.0053, R: 0.9447, F1: 0.0106
  Predicting class 1: 14.72313%
Epoch 857 | Loss: 0.2691

Epoch 858 | Loss: 0.2713 | Acc: 0.8537
  Class 1 - P: 0.0054, R: 0.9453, F1: 0.0106
  Predicting class 1: 14.69950%
Epoch 859 | Loss: 0.2680

Epoch 860 | Loss: 0.2718 | Acc: 0.8536
  Class 1 - P: 0.0053, R: 0.9459, F1: 0.0106
  Predicting class 1: 14.71781%
Epoch 861 | Loss: 0.2676

Epoch 862 | Loss: 0.2685 | Acc: 0.8534
  Class 1 - P: 0.0053, R: 0.9462, F1: 0.0106
  Predicting class 1: 14.73280%
Epoch 863 | Loss: 0.2665

Epoch 864 | Loss: 0.2653 | Acc: 0.8535
  Class 1 - P: 0.0053, R: 0.9464, F1: 0.0106
  Predicting class 1: 14.72463%
Epoch 865 | Loss: 0.2704

Epoch 866 | Loss: 0.2780 | Acc: 0.8534
  Class 1 - P: 0.0053, R: 0.9473, F1: 0.0106
  Predicting class 1: 14.73327%
Epoch 867 | Loss: 0.2673

Epoch 868 | Loss: 0.2744 | Acc: 0.8535
  Class 1 - P: 0.0053, R: 0.9470, F1: 0.0106
  Predicting class 1: 14.72835%
Epoch 869 | Loss: 0.2673

Epoch 870 | Loss: 0.2743 | Acc: 0.8535
  Class 1 - P: 0.0054, R: 0.9473, F1: 0.0106
  Predicting class 1: 14.72849%
Epoch 871 | Loss: 0.2683

Epoch 872 | Loss: 0.2666 | Acc: 0.8533
  Class 1 - P: 0.0053, R: 0.9473, F1: 0.0106
  Predicting class 1: 14.74725%
Epoch 873 | Loss: 0.2634

Epoch 874 | Loss: 0.2629 | Acc: 0.8531
  Class 1 - P: 0.0053, R: 0.9479, F1: 0.0106
  Predicting class 1: 14.76054%
Epoch 875 | Loss: 0.2647

Epoch 876 | Loss: 0.2651 | Acc: 0.8530
  Class 1 - P: 0.0053, R: 0.9479, F1: 0.0106
  Predicting class 1: 14.76987%
Epoch 877 | Loss: 0.2701

Epoch 878 | Loss: 0.2684 | Acc: 0.8526
  Class 1 - P: 0.0053, R: 0.9494, F1: 0.0106
  Predicting class 1: 14.81902%
Epoch 879 | Loss: 0.2722

Epoch 880 | Loss: 0.2642 | Acc: 0.8518
  Class 1 - P: 0.0053, R: 0.9509, F1: 0.0106
  Predicting class 1: 14.89516%
Epoch 881 | Loss: 0.2654

Epoch 882 | Loss: 0.2653 | Acc: 0.8517
  Class 1 - P: 0.0053, R: 0.9512, F1: 0.0106
  Predicting class 1: 14.90446%
Epoch 883 | Loss: 0.2658

Epoch 884 | Loss: 0.2637 | Acc: 0.8523
  Class 1 - P: 0.0053, R: 0.9506, F1: 0.0106
  Predicting class 1: 14.84384%
Epoch 885 | Loss: 0.2654

Epoch 886 | Loss: 0.2597 | Acc: 0.8535
  Class 1 - P: 0.0054, R: 0.9488, F1: 0.0107
  Predicting class 1: 14.72172%
Epoch 887 | Loss: 0.2631

Epoch 888 | Loss: 0.2618 | Acc: 0.8548
  Class 1 - P: 0.0054, R: 0.9476, F1: 0.0107
  Predicting class 1: 14.58996%
  Saved best model (F1: 0.0107)
Epoch 889 | Loss: 0.2600

Epoch 890 | Loss: 0.2589 | Acc: 0.8563
  Class 1 - P: 0.0055, R: 0.9462, F1: 0.0108
  Predicting class 1: 14.44220%
  Saved best model (F1: 0.0108)
Epoch 891 | Loss: 0.2590

Epoch 892 | Loss: 0.2631 | Acc: 0.8573
  Class 1 - P: 0.0055, R: 0.9456, F1: 0.0109
  Predicting class 1: 14.34101%
  Saved best model (F1: 0.0109)
Epoch 893 | Loss: 0.2611

Epoch 894 | Loss: 0.2599 | Acc: 0.8577
  Class 1 - P: 0.0055, R: 0.9453, F1: 0.0109
  Predicting class 1: 14.30313%
  Saved best model (F1: 0.0109)
Epoch 895 | Loss: 0.2628

Epoch 896 | Loss: 0.2627 | Acc: 0.8576
  Class 1 - P: 0.0055, R: 0.9459, F1: 0.0109
  Predicting class 1: 14.31428%
Epoch 897 | Loss: 0.2711

Epoch 898 | Loss: 0.2599 | Acc: 0.8564
  Class 1 - P: 0.0055, R: 0.9470, F1: 0.0109
  Predicting class 1: 14.43930%
Epoch 899 | Loss: 0.2624

Epoch 900 | Loss: 0.2588 | Acc: 0.8549
  Class 1 - P: 0.0054, R: 0.9479, F1: 0.0108
  Predicting class 1: 14.58772%
Epoch 901 | Loss: 0.2608

Epoch 902 | Loss: 0.2585 | Acc: 0.8538
  Class 1 - P: 0.0054, R: 0.9485, F1: 0.0107
  Predicting class 1: 14.69507%
Epoch 903 | Loss: 0.2833

Epoch 904 | Loss: 0.2614 | Acc: 0.8530
  Class 1 - P: 0.0053, R: 0.9497, F1: 0.0106
  Predicting class 1: 14.77750%
Epoch 905 | Loss: 0.2616

Epoch 906 | Loss: 0.2592 | Acc: 0.8524
  Class 1 - P: 0.0053, R: 0.9497, F1: 0.0106
  Predicting class 1: 14.83182%
Epoch 907 | Loss: 0.2607

Epoch 908 | Loss: 0.2602 | Acc: 0.8523
  Class 1 - P: 0.0053, R: 0.9497, F1: 0.0106
  Predicting class 1: 14.84027%
Epoch 909 | Loss: 0.2566

Epoch 910 | Loss: 0.2677 | Acc: 0.8525
  Class 1 - P: 0.0053, R: 0.9497, F1: 0.0106
  Predicting class 1: 14.82614%
Epoch 911 | Loss: 0.2583

Epoch 912 | Loss: 0.2596 | Acc: 0.8527
  Class 1 - P: 0.0053, R: 0.9494, F1: 0.0106
  Predicting class 1: 14.80502%
Epoch 913 | Loss: 0.2620

Epoch 914 | Loss: 0.2657 | Acc: 0.8531
  Class 1 - P: 0.0054, R: 0.9494, F1: 0.0106
  Predicting class 1: 14.76177%
Epoch 915 | Loss: 0.2591

Epoch 916 | Loss: 0.2659 | Acc: 0.8534
  Class 1 - P: 0.0054, R: 0.9488, F1: 0.0107
  Predicting class 1: 14.73076%
Epoch 917 | Loss: 0.2574

Epoch 918 | Loss: 0.2584 | Acc: 0.8536
  Class 1 - P: 0.0054, R: 0.9485, F1: 0.0107
  Predicting class 1: 14.71272%
Epoch 919 | Loss: 0.2623

Epoch 920 | Loss: 0.2613 | Acc: 0.8535
  Class 1 - P: 0.0054, R: 0.9494, F1: 0.0107
  Predicting class 1: 14.72712%
Epoch 921 | Loss: 0.2576

Epoch 922 | Loss: 0.2586 | Acc: 0.8535
  Class 1 - P: 0.0054, R: 0.9494, F1: 0.0107
  Predicting class 1: 14.71985%
Epoch 923 | Loss: 0.2571

Epoch 924 | Loss: 0.2587 | Acc: 0.8539
  Class 1 - P: 0.0054, R: 0.9488, F1: 0.0107
  Predicting class 1: 14.68384%
Epoch 925 | Loss: 0.2577

Epoch 926 | Loss: 0.2577 | Acc: 0.8540
  Class 1 - P: 0.0054, R: 0.9482, F1: 0.0107
  Predicting class 1: 14.67584%
Epoch 927 | Loss: 0.2545

Epoch 928 | Loss: 0.2557 | Acc: 0.8543
  Class 1 - P: 0.0054, R: 0.9479, F1: 0.0107
  Predicting class 1: 14.64562%
Epoch 929 | Loss: 0.2585

Epoch 930 | Loss: 0.2558 | Acc: 0.8548
  Class 1 - P: 0.0054, R: 0.9473, F1: 0.0107
  Predicting class 1: 14.59348%
Epoch 931 | Loss: 0.2547

Epoch 932 | Loss: 0.2546 | Acc: 0.8555
  Class 1 - P: 0.0054, R: 0.9470, F1: 0.0108
  Predicting class 1: 14.52368%
Epoch 933 | Loss: 0.2575

Epoch 934 | Loss: 0.2568 | Acc: 0.8557
  Class 1 - P: 0.0054, R: 0.9464, F1: 0.0108
  Predicting class 1: 14.50699%
Epoch 935 | Loss: 0.2555

Epoch 936 | Loss: 0.2572 | Acc: 0.8556
  Class 1 - P: 0.0054, R: 0.9476, F1: 0.0108
  Predicting class 1: 14.51452%
Epoch 937 | Loss: 0.2533

Epoch 938 | Loss: 0.2602 | Acc: 0.8555
  Class 1 - P: 0.0054, R: 0.9482, F1: 0.0108
  Predicting class 1: 14.52134%
Epoch 939 | Loss: 0.2553

Epoch 940 | Loss: 0.2580 | Acc: 0.8553
  Class 1 - P: 0.0054, R: 0.9488, F1: 0.0108
  Predicting class 1: 14.54184%
Epoch 941 | Loss: 0.2575

Epoch 942 | Loss: 0.2553 | Acc: 0.8550
  Class 1 - P: 0.0054, R: 0.9500, F1: 0.0108
  Predicting class 1: 14.57847%
Epoch 943 | Loss: 0.2530

Epoch 944 | Loss: 0.2516 | Acc: 0.8549
  Class 1 - P: 0.0054, R: 0.9506, F1: 0.0108
  Predicting class 1: 14.58285%
Epoch 945 | Loss: 0.2519

Epoch 946 | Loss: 0.2536 | Acc: 0.8552
  Class 1 - P: 0.0054, R: 0.9506, F1: 0.0108
  Predicting class 1: 14.55989%
Epoch 947 | Loss: 0.2541

Epoch 948 | Loss: 0.2540 | Acc: 0.8555
  Class 1 - P: 0.0054, R: 0.9506, F1: 0.0108
  Predicting class 1: 14.52816%
Epoch 949 | Loss: 0.2551

Epoch 950 | Loss: 0.2510 | Acc: 0.8559
  Class 1 - P: 0.0055, R: 0.9503, F1: 0.0109
  Predicting class 1: 14.48553%
Epoch 951 | Loss: 0.2530

Epoch 952 | Loss: 0.2528 | Acc: 0.8564
  Class 1 - P: 0.0055, R: 0.9503, F1: 0.0109
  Predicting class 1: 14.43467%
Epoch 953 | Loss: 0.2517

Epoch 954 | Loss: 0.2528 | Acc: 0.8570
  Class 1 - P: 0.0055, R: 0.9506, F1: 0.0109
  Predicting class 1: 14.37501%
  Saved best model (F1: 0.0109)
Epoch 955 | Loss: 0.2531

Epoch 956 | Loss: 0.2494 | Acc: 0.8574
  Class 1 - P: 0.0055, R: 0.9500, F1: 0.0110
  Predicting class 1: 14.33375%
  Saved best model (F1: 0.0110)
Epoch 957 | Loss: 0.2550

Epoch 958 | Loss: 0.2546 | Acc: 0.8574
  Class 1 - P: 0.0055, R: 0.9500, F1: 0.0110
  Predicting class 1: 14.33951%
Epoch 959 | Loss: 0.2498

Epoch 960 | Loss: 0.2546 | Acc: 0.8572
  Class 1 - P: 0.0055, R: 0.9497, F1: 0.0109
  Predicting class 1: 14.35893%
Epoch 961 | Loss: 0.2504

Epoch 962 | Loss: 0.2532 | Acc: 0.8572
  Class 1 - P: 0.0055, R: 0.9497, F1: 0.0109
  Predicting class 1: 14.35879%
Epoch 963 | Loss: 0.2534

Epoch 964 | Loss: 0.2485 | Acc: 0.8572
  Class 1 - P: 0.0055, R: 0.9500, F1: 0.0109
  Predicting class 1: 14.35985%
Epoch 965 | Loss: 0.2506

Epoch 966 | Loss: 0.2495 | Acc: 0.8572
  Class 1 - P: 0.0055, R: 0.9494, F1: 0.0109
  Predicting class 1: 14.35879%
Epoch 967 | Loss: 0.2506

Epoch 968 | Loss: 0.2537 | Acc: 0.8568
  Class 1 - P: 0.0055, R: 0.9497, F1: 0.0109
  Predicting class 1: 14.39261%
Epoch 969 | Loss: 0.2478

Epoch 970 | Loss: 0.2487 | Acc: 0.8564
  Class 1 - P: 0.0055, R: 0.9500, F1: 0.0109
  Predicting class 1: 14.43275%
Epoch 971 | Loss: 0.2525

Epoch 972 | Loss: 0.2509 | Acc: 0.8560
  Class 1 - P: 0.0055, R: 0.9509, F1: 0.0109
  Predicting class 1: 14.47401%
Epoch 973 | Loss: 0.2506

Epoch 974 | Loss: 0.2494 | Acc: 0.8555
  Class 1 - P: 0.0054, R: 0.9512, F1: 0.0108
  Predicting class 1: 14.52506%
Epoch 975 | Loss: 0.2520

Epoch 976 | Loss: 0.2668 | Acc: 0.8546
  Class 1 - P: 0.0054, R: 0.9521, F1: 0.0108
  Predicting class 1: 14.61066%
Epoch 977 | Loss: 0.2490

Epoch 978 | Loss: 0.2507 | Acc: 0.8544
  Class 1 - P: 0.0054, R: 0.9521, F1: 0.0108
  Predicting class 1: 14.63836%
Epoch 979 | Loss: 0.2494

Epoch 980 | Loss: 0.2521 | Acc: 0.8548
  Class 1 - P: 0.0054, R: 0.9515, F1: 0.0108
  Predicting class 1: 14.59479%
Epoch 981 | Loss: 0.2497

Epoch 982 | Loss: 0.2508 | Acc: 0.8557
  Class 1 - P: 0.0055, R: 0.9509, F1: 0.0108
  Predicting class 1: 14.50994%
Epoch 983 | Loss: 0.2505

Epoch 984 | Loss: 0.2517 | Acc: 0.8565
  Class 1 - P: 0.0055, R: 0.9497, F1: 0.0109
  Predicting class 1: 14.42081%
Epoch 985 | Loss: 0.2552

Epoch 986 | Loss: 0.2508 | Acc: 0.8572
  Class 1 - P: 0.0055, R: 0.9497, F1: 0.0109
  Predicting class 1: 14.35889%
Epoch 987 | Loss: 0.2500

Epoch 988 | Loss: 0.2468 | Acc: 0.8578
  Class 1 - P: 0.0055, R: 0.9500, F1: 0.0110
  Predicting class 1: 14.29917%
  Saved best model (F1: 0.0110)
Epoch 989 | Loss: 0.2486

Epoch 990 | Loss: 0.2487 | Acc: 0.8583
  Class 1 - P: 0.0055, R: 0.9500, F1: 0.0110
  Predicting class 1: 14.24416%
  Saved best model (F1: 0.0110)
Epoch 991 | Loss: 0.2521

Epoch 992 | Loss: 0.2502 | Acc: 0.8583
  Class 1 - P: 0.0055, R: 0.9500, F1: 0.0110
  Predicting class 1: 14.24273%
  Saved best model (F1: 0.0110)
Epoch 993 | Loss: 0.2483

Epoch 994 | Loss: 0.2462 | Acc: 0.8583
  Class 1 - P: 0.0056, R: 0.9503, F1: 0.0110
  Predicting class 1: 14.24078%
  Saved best model (F1: 0.0110)
Epoch 995 | Loss: 0.2522

Epoch 996 | Loss: 0.2473 | Acc: 0.8581
  Class 1 - P: 0.0055, R: 0.9503, F1: 0.0110
  Predicting class 1: 14.26255%
Epoch 997 | Loss: 0.2486

Epoch 998 | Loss: 0.2461 | Acc: 0.8580
  Class 1 - P: 0.0055, R: 0.9506, F1: 0.0110
  Predicting class 1: 14.27347%
Epoch 999 | Loss: 0.2506

============================================================
TRAINING COMPLETE
============================================================
Class 0: 1013872 (99.82%)
Class 1: 1797 (0.18%)

============================================================
TEST SET RESULTS
============================================================
Overall Accuracy: 0.7885
AUC-ROC: 0.9474

Confusion Matrix:
  TN:  799074  FP:  214798
  FN:      62  TP:    1735

Class 0 (Legitimate):
  Precision: 0.9999
  Recall: 0.7881

Class 1 (Laundering):
  Precision: 0.0080
  Recall: 0.9655
  F1 Score: 0.0159
============================================================

============================================================
EVALUATION COMPLETE
============================================================
==========================================
Training completed successfully!
Output saved to: ./saved_models/
==========================================
Job completed at: Sat Nov 15 03:50:39 PM +08 2025
==========================================
