==========================================
Job ID: 281301
Job Name: train_gineconv_rwpe
Node: xgpi17
Start Time: Thu Nov 13 09:01:26 AM +08 2025
GPU Information:
Thu Nov 13 09:01:26 2025       
+-----------------------------------------------------------------------------------------+
| NVIDIA-SMI 575.57.08              Driver Version: 575.57.08      CUDA Version: 12.9     |
|-----------------------------------------+------------------------+----------------------+
| GPU  Name                 Persistence-M | Bus-Id          Disp.A | Volatile Uncorr. ECC |
| Fan  Temp   Perf          Pwr:Usage/Cap |           Memory-Usage | GPU-Util  Compute M. |
|                                         |                        |               MIG M. |
|=========================================+========================+======================|
|   0  NVIDIA H100 NVL                On  |   00000000:E3:00.0 Off |                   On |
| N/A   59C    P0             72W /  400W |      87MiB /  95830MiB |     N/A      Default |
|                                         |                        |              Enabled |
+-----------------------------------------+------------------------+----------------------+

+-----------------------------------------------------------------------------------------+
| MIG devices:                                                                            |
+------------------+----------------------------------+-----------+-----------------------+
| GPU  GI  CI  MIG |                     Memory-Usage |        Vol|        Shared         |
|      ID  ID  Dev |                       BAR1-Usage | SM     Unc| CE ENC  DEC  OFA  JPG |
|                  |                                  |        ECC|                       |
|==================+==================================+===========+=======================|
|  0    1   0   0  |              44MiB / 47488MiB    | 60      0 |  3   0    3    0    3 |
|                  |                 0MiB / 65535MiB  |           |                       |
+------------------+----------------------------------+-----------+-----------------------+
                                                                                         
+-----------------------------------------------------------------------------------------+
| Processes:                                                                              |
|  GPU   GI   CI              PID   Type   Process name                        GPU Memory |
|        ID   ID                                                               Usage      |
|=========================================================================================|
|  No running processes found                                                             |
+-----------------------------------------------------------------------------------------+
==========================================
Conda environment 'aml_project_new' already exists. Activating it...
Working directory: /home/l/linchieh/AML-GNN-project/classifier_src_soc
==========================================
Starting fine-tuning...
Output directory: ./saved_models/
Epochs: 100
Learning rate: 1e-4
==========================================
Warning: Looks like you're using an outdated `kagglehub` version, please consider updating (latest version: 0.3.13)
Path to dataset files: /home/l/linchieh/.cache/kagglehub/datasets/ealtman2019/ibm-transactions-for-anti-money-laundering-aml/versions/8
Loading HI-Small...


Loading transactions from: /home/l/linchieh/.cache/kagglehub/datasets/ealtman2019/ibm-transactions-for-anti-money-laundering-aml/versions/8/HI-Small_Trans.csv
File size: 453.6 MB

Loaded 5,078,345 transactions
Date range: 2022-09-01 00:00:00 to 2022-09-18 16:18:00
Laundering transactions: 5,177 (0.102%)
============================================================
TEMPORAL TRAIN/TEST SPLIT
============================================================

Train Set:
  Date range: 2022-09-01 00:00:00 to 2022-09-08 16:12:00
  Transactions: 4,062,676
  Laundering: 3,380 (0.083%)

Test Set:
  Date range: 2022-09-08 16:12:00 to 2022-09-18 16:18:00
  Transactions: 1,015,669
  Laundering: 1,797 (0.177%)
============================================================
Number of nodes: 515080
Number of edges: 4062676
Adding RWPE feats
cpu
soc_gineconvnet_rwpe.py:96: UserWarning: Sparse CSR tensor support is in beta state. If you miss a functionality in the sparse tensor support, please submit a feature request to https://github.com/pytorch/pytorch/issues. (Triggered internally at /opt/conda/conda-bld/pytorch_1702400400184/work/aten/src/ATen/SparseCsrTensorImpl.cpp:53.)
  P = torch.sparse.mm(D_inv, A)
Added RWPE feats
Number of nodes: 515080
Number of edges: 1015669
Adding RWPE feats
cpu
Added RWPE feats
Class weights: tensor([ 1., 40.], device='cuda:0')

============================================================
TRAINING
============================================================

Epoch   0 | Loss: 2.3288 | Acc: 0.2913
  Class 1 - P: 0.0007, R: 0.6139, F1: 0.0014
  Predicting class 1: 70.89366%
  Saved best model (F1: 0.0014)

Epoch   1 | Loss: 2.2796 | Acc: 0.3563
  Class 1 - P: 0.0008, R: 0.5967, F1: 0.0015
  Predicting class 1: 64.38817%
  Saved best model (F1: 0.0015)

Epoch   2 | Loss: 2.0035 | Acc: 0.4308
  Class 1 - P: 0.0008, R: 0.5651, F1: 0.0016
  Predicting class 1: 56.93452%
  Saved best model (F1: 0.0016)

Epoch   3 | Loss: 1.9646 | Acc: 0.5212
  Class 1 - P: 0.0009, R: 0.5231, F1: 0.0018
  Predicting class 1: 47.88339%
  Saved best model (F1: 0.0018)

Epoch   4 | Loss: 1.7757 | Acc: 0.6156
  Class 1 - P: 0.0010, R: 0.4441, F1: 0.0019
  Predicting class 1: 38.42699%
  Saved best model (F1: 0.0019)

Epoch   5 | Loss: 1.5725 | Acc: 0.6887
  Class 1 - P: 0.0010, R: 0.3630, F1: 0.0019
  Predicting class 1: 31.10981%
  Saved best model (F1: 0.0019)

Epoch   6 | Loss: 1.3967 | Acc: 0.7402
  Class 1 - P: 0.0010, R: 0.2970, F1: 0.0019
  Predicting class 1: 25.94130%

Epoch   7 | Loss: 1.5362 | Acc: 0.7767
  Class 1 - P: 0.0009, R: 0.2506, F1: 0.0019
  Predicting class 1: 22.29267%

Epoch   8 | Loss: 1.3005 | Acc: 0.8059
  Class 1 - P: 0.0009, R: 0.2124, F1: 0.0018
  Predicting class 1: 19.36438%

Epoch   9 | Loss: 1.2205 | Acc: 0.8339
  Class 1 - P: 0.0009, R: 0.1808, F1: 0.0018
  Predicting class 1: 16.55714%

Epoch  10 | Loss: 1.3102 | Acc: 0.8563
  Class 1 - P: 0.0008, R: 0.1429, F1: 0.0017
  Predicting class 1: 14.31468%

Epoch  11 | Loss: 1.2433 | Acc: 0.8702
  Class 1 - P: 0.0008, R: 0.1240, F1: 0.0016
  Predicting class 1: 12.91577%

Epoch  12 | Loss: 1.1136 | Acc: 0.8812
  Class 1 - P: 0.0008, R: 0.1124, F1: 0.0016
  Predicting class 1: 11.81234%

Epoch  13 | Loss: 1.1394 | Acc: 0.8880
  Class 1 - P: 0.0009, R: 0.1142, F1: 0.0017
  Predicting class 1: 11.13362%

Epoch  14 | Loss: 1.1246 | Acc: 0.8954
  Class 1 - P: 0.0009, R: 0.1136, F1: 0.0018
  Predicting class 1: 10.40066%

Epoch  15 | Loss: 1.1260 | Acc: 0.8978
  Class 1 - P: 0.0010, R: 0.1222, F1: 0.0020
  Predicting class 1: 10.15503%
  Saved best model (F1: 0.0020)

Epoch  16 | Loss: 1.0775 | Acc: 0.8981
  Class 1 - P: 0.0011, R: 0.1340, F1: 0.0022
  Predicting class 1: 10.12677%
  Saved best model (F1: 0.0022)

Epoch  17 | Loss: 1.0148 | Acc: 0.8976
  Class 1 - P: 0.0013, R: 0.1533, F1: 0.0025
  Predicting class 1: 10.18196%
  Saved best model (F1: 0.0025)

Epoch  18 | Loss: 0.9759 | Acc: 0.8960
  Class 1 - P: 0.0014, R: 0.1701, F1: 0.0027
  Predicting class 1: 10.34614%
  Saved best model (F1: 0.0027)

Epoch  19 | Loss: 1.0318 | Acc: 0.8934
  Class 1 - P: 0.0015, R: 0.1923, F1: 0.0030
  Predicting class 1: 10.60742%
  Saved best model (F1: 0.0030)

Epoch  20 | Loss: 0.9900 | Acc: 0.8901
  Class 1 - P: 0.0016, R: 0.2050, F1: 0.0031
  Predicting class 1: 10.93880%
  Saved best model (F1: 0.0031)

Epoch  21 | Loss: 1.0188 | Acc: 0.8870
  Class 1 - P: 0.0017, R: 0.2249, F1: 0.0033
  Predicting class 1: 11.25386%
  Saved best model (F1: 0.0033)

Epoch  22 | Loss: 0.9133 | Acc: 0.8849
  Class 1 - P: 0.0017, R: 0.2408, F1: 0.0035
  Predicting class 1: 11.46980%
  Saved best model (F1: 0.0035)

Epoch  23 | Loss: 0.8989 | Acc: 0.8835
  Class 1 - P: 0.0018, R: 0.2500, F1: 0.0036
  Predicting class 1: 11.60570%
  Saved best model (F1: 0.0036)

Epoch  24 | Loss: 0.8808 | Acc: 0.8829
  Class 1 - P: 0.0019, R: 0.2607, F1: 0.0037
  Predicting class 1: 11.67428%
  Saved best model (F1: 0.0037)

Epoch  25 | Loss: 0.8779 | Acc: 0.8831
  Class 1 - P: 0.0019, R: 0.2630, F1: 0.0037
  Predicting class 1: 11.65094%
  Saved best model (F1: 0.0037)

Epoch  26 | Loss: 0.8384 | Acc: 0.8841
  Class 1 - P: 0.0019, R: 0.2660, F1: 0.0038
  Predicting class 1: 11.55145%
  Saved best model (F1: 0.0038)

Epoch  27 | Loss: 0.8391 | Acc: 0.8854
  Class 1 - P: 0.0019, R: 0.2675, F1: 0.0039
  Predicting class 1: 11.42205%
  Saved best model (F1: 0.0039)

Epoch  28 | Loss: 0.8844 | Acc: 0.8871
  Class 1 - P: 0.0020, R: 0.2683, F1: 0.0039
  Predicting class 1: 11.25180%
  Saved best model (F1: 0.0039)

Epoch  29 | Loss: 0.8740 | Acc: 0.8889
  Class 1 - P: 0.0020, R: 0.2672, F1: 0.0040
  Predicting class 1: 11.07607%
  Saved best model (F1: 0.0040)

Epoch  30 | Loss: 0.8897 | Acc: 0.8913
  Class 1 - P: 0.0020, R: 0.2642, F1: 0.0040
  Predicting class 1: 10.83175%
  Saved best model (F1: 0.0040)

Epoch  31 | Loss: 0.8002 | Acc: 0.8937
  Class 1 - P: 0.0021, R: 0.2633, F1: 0.0041
  Predicting class 1: 10.58913%
  Saved best model (F1: 0.0041)

Epoch  32 | Loss: 0.8397 | Acc: 0.8951
  Class 1 - P: 0.0021, R: 0.2598, F1: 0.0041
  Predicting class 1: 10.44784%

Epoch  33 | Loss: 0.8359 | Acc: 0.8967
  Class 1 - P: 0.0021, R: 0.2559, F1: 0.0041
  Predicting class 1: 10.28930%
  Saved best model (F1: 0.0041)

Epoch  34 | Loss: 0.8302 | Acc: 0.8985
  Class 1 - P: 0.0021, R: 0.2553, F1: 0.0042
  Predicting class 1: 10.11109%
  Saved best model (F1: 0.0042)

Epoch  35 | Loss: 0.8552 | Acc: 0.8999
  Class 1 - P: 0.0021, R: 0.2562, F1: 0.0042
  Predicting class 1: 9.97050%
  Saved best model (F1: 0.0042)

Epoch  36 | Loss: 0.7879 | Acc: 0.9012
  Class 1 - P: 0.0021, R: 0.2524, F1: 0.0042
  Predicting class 1: 9.83950%

Epoch  37 | Loss: 0.7924 | Acc: 0.9031
  Class 1 - P: 0.0022, R: 0.2544, F1: 0.0044
  Predicting class 1: 9.64606%
  Saved best model (F1: 0.0044)

Epoch  38 | Loss: 0.7693 | Acc: 0.9060
  Class 1 - P: 0.0022, R: 0.2494, F1: 0.0044
  Predicting class 1: 9.35972%
  Saved best model (F1: 0.0044)

Epoch  39 | Loss: 0.7652 | Acc: 0.9093
  Class 1 - P: 0.0022, R: 0.2441, F1: 0.0045
  Predicting class 1: 9.03016%
  Saved best model (F1: 0.0045)

Epoch  40 | Loss: 0.8082 | Acc: 0.9128
  Class 1 - P: 0.0023, R: 0.2393, F1: 0.0045
  Predicting class 1: 8.67793%
  Saved best model (F1: 0.0045)

Epoch  41 | Loss: 0.7539 | Acc: 0.9165
  Class 1 - P: 0.0023, R: 0.2305, F1: 0.0046
  Predicting class 1: 8.30078%
  Saved best model (F1: 0.0046)

Epoch  42 | Loss: 0.7582 | Acc: 0.9216
  Class 1 - P: 0.0024, R: 0.2240, F1: 0.0047
  Predicting class 1: 7.79169%
  Saved best model (F1: 0.0047)

Epoch  43 | Loss: 0.7837 | Acc: 0.9258
  Class 1 - P: 0.0025, R: 0.2192, F1: 0.0049
  Predicting class 1: 7.37573%
  Saved best model (F1: 0.0049)

Epoch  44 | Loss: 0.7513 | Acc: 0.9294
  Class 1 - P: 0.0025, R: 0.2130, F1: 0.0050
  Predicting class 1: 7.01001%
  Saved best model (F1: 0.0050)

Epoch  45 | Loss: 0.7818 | Acc: 0.9324
  Class 1 - P: 0.0026, R: 0.2095, F1: 0.0051
  Predicting class 1: 6.71198%
  Saved best model (F1: 0.0051)

Epoch  46 | Loss: 0.7436 | Acc: 0.9348
  Class 1 - P: 0.0027, R: 0.2065, F1: 0.0052
  Predicting class 1: 6.46840%
  Saved best model (F1: 0.0052)

Epoch  47 | Loss: 0.7627 | Acc: 0.9375
  Class 1 - P: 0.0027, R: 0.2015, F1: 0.0053
  Predicting class 1: 6.19535%
  Saved best model (F1: 0.0053)

Epoch  48 | Loss: 0.7936 | Acc: 0.9411
  Class 1 - P: 0.0028, R: 0.1964, F1: 0.0055
  Predicting class 1: 5.84413%
  Saved best model (F1: 0.0055)

Epoch  49 | Loss: 0.7269 | Acc: 0.9431
  Class 1 - P: 0.0028, R: 0.1932, F1: 0.0056
  Predicting class 1: 5.64032%
  Saved best model (F1: 0.0056)

Epoch  50 | Loss: 0.7523 | Acc: 0.9448
  Class 1 - P: 0.0029, R: 0.1893, F1: 0.0057
  Predicting class 1: 5.46859%
  Saved best model (F1: 0.0057)

Epoch  51 | Loss: 0.7320 | Acc: 0.9464
  Class 1 - P: 0.0029, R: 0.1849, F1: 0.0057
  Predicting class 1: 5.30727%
  Saved best model (F1: 0.0057)

Epoch  52 | Loss: 0.7440 | Acc: 0.9479
  Class 1 - P: 0.0029, R: 0.1814, F1: 0.0058
  Predicting class 1: 5.15800%
  Saved best model (F1: 0.0058)

Epoch  53 | Loss: 0.7281 | Acc: 0.9489
  Class 1 - P: 0.0030, R: 0.1802, F1: 0.0058
  Predicting class 1: 5.05972%
  Saved best model (F1: 0.0058)

Epoch  54 | Loss: 0.7422 | Acc: 0.9498
  Class 1 - P: 0.0030, R: 0.1793, F1: 0.0059
  Predicting class 1: 4.96636%
  Saved best model (F1: 0.0059)

Epoch  55 | Loss: 0.7165 | Acc: 0.9507
  Class 1 - P: 0.0030, R: 0.1775, F1: 0.0060
  Predicting class 1: 4.87871%
  Saved best model (F1: 0.0060)

Epoch  56 | Loss: 0.7300 | Acc: 0.9513
  Class 1 - P: 0.0030, R: 0.1763, F1: 0.0060
  Predicting class 1: 4.81953%
  Saved best model (F1: 0.0060)

Epoch  57 | Loss: 0.7032 | Acc: 0.9521
  Class 1 - P: 0.0031, R: 0.1763, F1: 0.0061
  Predicting class 1: 4.73547%
  Saved best model (F1: 0.0061)

Epoch  58 | Loss: 0.7120 | Acc: 0.9527
  Class 1 - P: 0.0031, R: 0.1743, F1: 0.0061
  Predicting class 1: 4.67564%
  Saved best model (F1: 0.0061)

Epoch  59 | Loss: 0.6910 | Acc: 0.9533
  Class 1 - P: 0.0031, R: 0.1728, F1: 0.0061
  Predicting class 1: 4.61454%
  Saved best model (F1: 0.0061)

Epoch  60 | Loss: 0.7090 | Acc: 0.9535
  Class 1 - P: 0.0031, R: 0.1713, F1: 0.0061
  Predicting class 1: 4.59800%

Epoch  61 | Loss: 0.7174 | Acc: 0.9529
  Class 1 - P: 0.0031, R: 0.1749, F1: 0.0061
  Predicting class 1: 4.65201%
  Saved best model (F1: 0.0061)

Epoch  62 | Loss: 0.7079 | Acc: 0.9527
  Class 1 - P: 0.0031, R: 0.1769, F1: 0.0062
  Predicting class 1: 4.67310%
  Saved best model (F1: 0.0062)

Epoch  63 | Loss: 0.7139 | Acc: 0.9532
  Class 1 - P: 0.0032, R: 0.1781, F1: 0.0063
  Predicting class 1: 4.62619%
  Saved best model (F1: 0.0063)

Epoch  64 | Loss: 0.7046 | Acc: 0.9535
  Class 1 - P: 0.0032, R: 0.1790, F1: 0.0064
  Predicting class 1: 4.59579%
  Saved best model (F1: 0.0064)

Epoch  65 | Loss: 0.7174 | Acc: 0.9514
  Class 1 - P: 0.0031, R: 0.1790, F1: 0.0061
  Predicting class 1: 4.80976%

Epoch  66 | Loss: 0.7009 | Acc: 0.9481
  Class 1 - P: 0.0029, R: 0.1814, F1: 0.0058
  Predicting class 1: 5.13506%

Epoch  67 | Loss: 0.6940 | Acc: 0.9456
  Class 1 - P: 0.0028, R: 0.1840, F1: 0.0056
  Predicting class 1: 5.39130%

Epoch  68 | Loss: 0.7202 | Acc: 0.9438
  Class 1 - P: 0.0028, R: 0.1861, F1: 0.0055
  Predicting class 1: 5.56948%

Epoch  69 | Loss: 0.7225 | Acc: 0.9421
  Class 1 - P: 0.0027, R: 0.1893, F1: 0.0054
  Predicting class 1: 5.73782%

Epoch  70 | Loss: 0.6849 | Acc: 0.9411
  Class 1 - P: 0.0027, R: 0.1899, F1: 0.0053
  Predicting class 1: 5.83416%

Epoch  71 | Loss: 0.6918 | Acc: 0.9399
  Class 1 - P: 0.0027, R: 0.1932, F1: 0.0053
  Predicting class 1: 5.95930%

Epoch  72 | Loss: 0.7137 | Acc: 0.9386
  Class 1 - P: 0.0027, R: 0.1967, F1: 0.0053
  Predicting class 1: 6.08532%

Epoch  73 | Loss: 0.6786 | Acc: 0.9379
  Class 1 - P: 0.0027, R: 0.1970, F1: 0.0053
  Predicting class 1: 6.15767%

Epoch  74 | Loss: 0.6856 | Acc: 0.9377
  Class 1 - P: 0.0026, R: 0.1947, F1: 0.0052
  Predicting class 1: 6.17947%

Epoch  75 | Loss: 0.6879 | Acc: 0.9374
  Class 1 - P: 0.0026, R: 0.1959, F1: 0.0052
  Predicting class 1: 6.20520%

Epoch  76 | Loss: 0.6688 | Acc: 0.9378
  Class 1 - P: 0.0027, R: 0.1976, F1: 0.0053
  Predicting class 1: 6.17396%

Epoch  77 | Loss: 0.6880 | Acc: 0.9380
  Class 1 - P: 0.0027, R: 0.1964, F1: 0.0052
  Predicting class 1: 6.15331%

Epoch  78 | Loss: 0.6732 | Acc: 0.9387
  Class 1 - P: 0.0027, R: 0.1944, F1: 0.0052
  Predicting class 1: 6.07932%

Epoch  79 | Loss: 0.6553 | Acc: 0.9399
  Class 1 - P: 0.0026, R: 0.1876, F1: 0.0052
  Predicting class 1: 5.96250%

Epoch  80 | Loss: 0.6746 | Acc: 0.9408
  Class 1 - P: 0.0026, R: 0.1828, F1: 0.0051
  Predicting class 1: 5.86869%

Epoch  81 | Loss: 0.6724 | Acc: 0.9417
  Class 1 - P: 0.0026, R: 0.1781, F1: 0.0051
  Predicting class 1: 5.77698%

Epoch  82 | Loss: 0.7073 | Acc: 0.9423
  Class 1 - P: 0.0026, R: 0.1769, F1: 0.0051
  Predicting class 1: 5.71847%

Epoch  83 | Loss: 0.6788 | Acc: 0.9430
  Class 1 - P: 0.0026, R: 0.1737, F1: 0.0050
  Predicting class 1: 5.64874%

Epoch  84 | Loss: 0.6682 | Acc: 0.9436
  Class 1 - P: 0.0026, R: 0.1713, F1: 0.0050
  Predicting class 1: 5.58479%

Epoch  85 | Loss: 0.6677 | Acc: 0.9445
  Class 1 - P: 0.0026, R: 0.1713, F1: 0.0051
  Predicting class 1: 5.49729%

Epoch  86 | Loss: 0.6681 | Acc: 0.9457
  Class 1 - P: 0.0026, R: 0.1678, F1: 0.0051
  Predicting class 1: 5.37564%

Epoch  87 | Loss: 0.6641 | Acc: 0.9470
  Class 1 - P: 0.0026, R: 0.1657, F1: 0.0052
  Predicting class 1: 5.24750%

Epoch  88 | Loss: 0.6990 | Acc: 0.9479
  Class 1 - P: 0.0027, R: 0.1648, F1: 0.0052
  Predicting class 1: 5.15037%

Epoch  89 | Loss: 0.6349 | Acc: 0.9493
  Class 1 - P: 0.0027, R: 0.1648, F1: 0.0054
  Predicting class 1: 5.01743%

Epoch  90 | Loss: 0.6540 | Acc: 0.9510
  Class 1 - P: 0.0028, R: 0.1621, F1: 0.0055
  Predicting class 1: 4.84823%

Epoch  91 | Loss: 0.6535 | Acc: 0.9523
  Class 1 - P: 0.0028, R: 0.1609, F1: 0.0056
  Predicting class 1: 4.70941%

Epoch  92 | Loss: 0.6507 | Acc: 0.9535
  Class 1 - P: 0.0029, R: 0.1595, F1: 0.0057
  Predicting class 1: 4.59567%

Epoch  93 | Loss: 0.6484 | Acc: 0.9550
  Class 1 - P: 0.0029, R: 0.1568, F1: 0.0058
  Predicting class 1: 4.44407%

Epoch  94 | Loss: 0.6469 | Acc: 0.9564
  Class 1 - P: 0.0030, R: 0.1568, F1: 0.0059
  Predicting class 1: 4.30349%

Epoch  95 | Loss: 0.6947 | Acc: 0.9571
  Class 1 - P: 0.0031, R: 0.1556, F1: 0.0060
  Predicting class 1: 4.22963%

Epoch  96 | Loss: 0.6797 | Acc: 0.9572
  Class 1 - P: 0.0031, R: 0.1556, F1: 0.0060
  Predicting class 1: 4.21796%

Epoch  97 | Loss: 0.6360 | Acc: 0.9574
  Class 1 - P: 0.0031, R: 0.1562, F1: 0.0061
  Predicting class 1: 4.20693%

Epoch  98 | Loss: 0.6605 | Acc: 0.9577
  Class 1 - P: 0.0031, R: 0.1565, F1: 0.0061
  Predicting class 1: 4.16868%

Epoch  99 | Loss: 0.6845 | Acc: 0.9573
  Class 1 - P: 0.0032, R: 0.1601, F1: 0.0062
  Predicting class 1: 4.21217%

============================================================
TRAINING COMPLETE
============================================================
Class 0: 1013872 (99.82%)
Class 1: 1797 (0.18%)

============================================================
TEST SET RESULTS
============================================================
Overall Accuracy: 0.9278
AUC-ROC: 0.6850

Confusion Matrix:
  TN:  941869  FP:   72003
  FN:    1350  TP:     447

Class 0 (Legitimate):
  Precision: 0.9986
  Recall: 0.9290

Class 1 (Laundering):
  Precision: 0.0062
  Recall: 0.2487
  F1 Score: 0.0120
============================================================

============================================================
EVALUATION COMPLETE
============================================================
==========================================
Training completed successfully!
Output saved to: ./saved_models/
==========================================
Job completed at: Thu Nov 13 09:04:07 AM +08 2025
==========================================
