==========================================
Job ID: 283652
Job Name: dgl_gnn_train
Node: xgpi2
Start Time: Fri Nov 14 11:29:30 AM +08 2025
GPU Information:
Fri Nov 14 11:29:30 2025       
+-----------------------------------------------------------------------------------------+
| NVIDIA-SMI 575.57.08              Driver Version: 575.57.08      CUDA Version: 12.9     |
|-----------------------------------------+------------------------+----------------------+
| GPU  Name                 Persistence-M | Bus-Id          Disp.A | Volatile Uncorr. ECC |
| Fan  Temp   Perf          Pwr:Usage/Cap |           Memory-Usage | GPU-Util  Compute M. |
|                                         |                        |               MIG M. |
|=========================================+========================+======================|
|   0  NVIDIA H100 NVL                On  |   00000000:E3:00.0 Off |                    0 |
| N/A   39C    P0             68W /  400W |       0MiB /  95830MiB |      0%      Default |
|                                         |                        |             Disabled |
+-----------------------------------------+------------------------+----------------------+
                                                                                         
+-----------------------------------------------------------------------------------------+
| Processes:                                                                              |
|  GPU   GI   CI              PID   Type   Process name                        GPU Memory |
|        ID   ID                                                               Usage      |
|=========================================================================================|
|  No running processes found                                                             |
+-----------------------------------------------------------------------------------------+
==========================================
Conda environment 'aml_project_new' already exists. Activating it...
Working directory: /home/l/linchieh/AML-GNN-project/classifier_src_soc
==========================================
Starting fine-tuning...
Output directory: ./saved_models/
Epochs: 500
Learning rate: 1e-4
==========================================
Preparing dataset
Warning: Looks like you're using an outdated `kagglehub` version, please consider updating (latest version: 0.3.13)
Path to dataset files: /home/l/linchieh/.cache/kagglehub/datasets/ealtman2019/ibm-transactions-for-anti-money-laundering-aml/versions/8
Begin main loop
CUDA available: True
Loading HI-Small...


Loading transactions from: /home/l/linchieh/.cache/kagglehub/datasets/ealtman2019/ibm-transactions-for-anti-money-laundering-aml/versions/8/HI-Small_Trans.csv
File size: 453.6 MB

Loaded 5,078,345 transactions
Date range: 2022-09-01 00:00:00 to 2022-09-18 16:18:00
Laundering transactions: 5,177 (0.102%)
============================================================
TEMPORAL TRAIN/TEST SPLIT
============================================================

Train Set:
  Date range: 2022-09-01 00:00:00 to 2022-09-08 16:12:00
  Transactions: 4,062,676
  Laundering: 3,380 (0.083%)

Test Set:
  Date range: 2022-09-08 16:12:00 to 2022-09-18 16:18:00
  Transactions: 1,015,669
  Laundering: 1,797 (0.177%)
============================================================
Number of nodes: 515080
Number of edges: 4062676
Number of nodes: 515080
Number of edges: 1015669
Class weights: tensor([ 1., 80.], device='cuda:0')

============================================================
TRAINING
============================================================

Epoch   0 | Loss: 0.6908 | Acc: 0.8382
  Class 1 - P: 0.0025, R: 0.4822, F1: 0.0049
  Predicting class 1: 16.17995%
  Saved best model (F1: 0.0049)

Epoch   1 | Loss: 0.6811 | Acc: 0.9124
  Class 1 - P: 0.0033, R: 0.3450, F1: 0.0065
  Predicting class 1: 8.73050%
  Saved best model (F1: 0.0065)

Epoch   2 | Loss: 0.6727 | Acc: 0.9290
  Class 1 - P: 0.0035, R: 0.2970, F1: 0.0069
  Predicting class 1: 7.06724%
  Saved best model (F1: 0.0069)

Epoch   3 | Loss: 0.6649 | Acc: 0.9326
  Class 1 - P: 0.0036, R: 0.2902, F1: 0.0071
  Predicting class 1: 6.70196%
  Saved best model (F1: 0.0071)

Epoch   4 | Loss: 0.6576 | Acc: 0.9328
  Class 1 - P: 0.0038, R: 0.3033, F1: 0.0075
  Predicting class 1: 6.68865%
  Saved best model (F1: 0.0075)

Epoch   5 | Loss: 0.6507 | Acc: 0.9301
  Class 1 - P: 0.0039, R: 0.3251, F1: 0.0077
  Predicting class 1: 6.95859%
  Saved best model (F1: 0.0077)

Epoch   6 | Loss: 0.6441 | Acc: 0.9256
  Class 1 - P: 0.0040, R: 0.3530, F1: 0.0078
  Predicting class 1: 7.41268%
  Saved best model (F1: 0.0078)

Epoch   7 | Loss: 0.6366 | Acc: 0.9195
  Class 1 - P: 0.0040, R: 0.3876, F1: 0.0080
  Predicting class 1: 8.02730%
  Saved best model (F1: 0.0080)

Epoch   8 | Loss: 0.6286 | Acc: 0.9121
  Class 1 - P: 0.0040, R: 0.4254, F1: 0.0080
  Predicting class 1: 8.78138%
  Saved best model (F1: 0.0080)

Epoch   9 | Loss: 0.6217 | Acc: 0.9035
  Class 1 - P: 0.0039, R: 0.4559, F1: 0.0078
  Predicting class 1: 9.63766%

Epoch  10 | Loss: 0.6138 | Acc: 0.8937
  Class 1 - P: 0.0038, R: 0.4864, F1: 0.0076
  Predicting class 1: 10.62342%

Epoch  11 | Loss: 0.6061 | Acc: 0.8798
  Class 1 - P: 0.0036, R: 0.5240, F1: 0.0072
  Predicting class 1: 12.02183%

Epoch  12 | Loss: 0.5969 | Acc: 0.8627
  Class 1 - P: 0.0034, R: 0.5571, F1: 0.0067
  Predicting class 1: 13.73656%

Epoch  13 | Loss: 0.5888 | Acc: 0.8463
  Class 1 - P: 0.0032, R: 0.5944, F1: 0.0064
  Predicting class 1: 15.38912%

Epoch  14 | Loss: 0.5798 | Acc: 0.8335
  Class 1 - P: 0.0031, R: 0.6260, F1: 0.0062
  Predicting class 1: 16.67325%

Epoch  15 | Loss: 0.5702 | Acc: 0.8296
  Class 1 - P: 0.0031, R: 0.6432, F1: 0.0062
  Predicting class 1: 17.05989%

Epoch  16 | Loss: 0.5618 | Acc: 0.8277
  Class 1 - P: 0.0032, R: 0.6615, F1: 0.0063
  Predicting class 1: 17.25205%

Epoch  17 | Loss: 0.5525 | Acc: 0.8234
  Class 1 - P: 0.0032, R: 0.6775, F1: 0.0063
  Predicting class 1: 17.69223%

Epoch  18 | Loss: 0.5439 | Acc: 0.8171
  Class 1 - P: 0.0032, R: 0.6938, F1: 0.0063
  Predicting class 1: 18.32130%

Epoch  19 | Loss: 0.5333 | Acc: 0.8116
  Class 1 - P: 0.0031, R: 0.7092, F1: 0.0062
  Predicting class 1: 18.87645%

Epoch  20 | Loss: 0.5255 | Acc: 0.8083
  Class 1 - P: 0.0031, R: 0.7201, F1: 0.0062
  Predicting class 1: 19.20291%

Epoch  21 | Loss: 0.5170 | Acc: 0.8094
  Class 1 - P: 0.0032, R: 0.7275, F1: 0.0063
  Predicting class 1: 19.09697%

Epoch  22 | Loss: 0.5088 | Acc: 0.8139
  Class 1 - P: 0.0033, R: 0.7311, F1: 0.0065
  Predicting class 1: 18.64823%

Epoch  23 | Loss: 0.4986 | Acc: 0.8194
  Class 1 - P: 0.0033, R: 0.7263, F1: 0.0066
  Predicting class 1: 18.10088%

Epoch  24 | Loss: 0.4926 | Acc: 0.8230
  Class 1 - P: 0.0034, R: 0.7257, F1: 0.0068
  Predicting class 1: 17.73917%

Epoch  25 | Loss: 0.4842 | Acc: 0.8241
  Class 1 - P: 0.0034, R: 0.7257, F1: 0.0068
  Predicting class 1: 17.63082%

Epoch  26 | Loss: 0.4758 | Acc: 0.8237
  Class 1 - P: 0.0034, R: 0.7299, F1: 0.0068
  Predicting class 1: 17.66538%

Epoch  27 | Loss: 0.4695 | Acc: 0.8236
  Class 1 - P: 0.0035, R: 0.7349, F1: 0.0069
  Predicting class 1: 17.68258%

Epoch  28 | Loss: 0.4627 | Acc: 0.8250
  Class 1 - P: 0.0035, R: 0.7376, F1: 0.0070
  Predicting class 1: 17.53920%

Epoch  29 | Loss: 0.4576 | Acc: 0.8253
  Class 1 - P: 0.0035, R: 0.7459, F1: 0.0071
  Predicting class 1: 17.50659%

Epoch  30 | Loss: 0.4529 | Acc: 0.8242
  Class 1 - P: 0.0036, R: 0.7544, F1: 0.0071
  Predicting class 1: 17.62045%

Epoch  31 | Loss: 0.4457 | Acc: 0.8246
  Class 1 - P: 0.0036, R: 0.7609, F1: 0.0072
  Predicting class 1: 17.58287%

Epoch  32 | Loss: 0.4426 | Acc: 0.8243
  Class 1 - P: 0.0036, R: 0.7618, F1: 0.0072
  Predicting class 1: 17.61125%

Epoch  33 | Loss: 0.4370 | Acc: 0.8239
  Class 1 - P: 0.0036, R: 0.7675, F1: 0.0072
  Predicting class 1: 17.65322%

Epoch  34 | Loss: 0.4323 | Acc: 0.8245
  Class 1 - P: 0.0036, R: 0.7719, F1: 0.0073
  Predicting class 1: 17.59623%

Epoch  35 | Loss: 0.4281 | Acc: 0.8265
  Class 1 - P: 0.0037, R: 0.7728, F1: 0.0074
  Predicting class 1: 17.39386%

Epoch  36 | Loss: 0.4237 | Acc: 0.8276
  Class 1 - P: 0.0037, R: 0.7769, F1: 0.0074
  Predicting class 1: 17.28385%

Epoch  37 | Loss: 0.4210 | Acc: 0.8276
  Class 1 - P: 0.0038, R: 0.7814, F1: 0.0075
  Predicting class 1: 17.28289%

Epoch  38 | Loss: 0.4142 | Acc: 0.8323
  Class 1 - P: 0.0038, R: 0.7775, F1: 0.0077
  Predicting class 1: 16.81658%

Epoch  39 | Loss: 0.4111 | Acc: 0.8352
  Class 1 - P: 0.0039, R: 0.7793, F1: 0.0078
  Predicting class 1: 16.53142%

Epoch  40 | Loss: 0.4083 | Acc: 0.8361
  Class 1 - P: 0.0040, R: 0.7858, F1: 0.0079
  Predicting class 1: 16.43695%

Epoch  41 | Loss: 0.4040 | Acc: 0.8386
  Class 1 - P: 0.0041, R: 0.7896, F1: 0.0081
  Predicting class 1: 16.18601%
  Saved best model (F1: 0.0081)

Epoch  42 | Loss: 0.3990 | Acc: 0.8431
  Class 1 - P: 0.0042, R: 0.7908, F1: 0.0083
  Predicting class 1: 15.74285%
  Saved best model (F1: 0.0083)

Epoch  43 | Loss: 0.3942 | Acc: 0.8454
  Class 1 - P: 0.0042, R: 0.7917, F1: 0.0084
  Predicting class 1: 15.51148%
  Saved best model (F1: 0.0084)

Epoch  44 | Loss: 0.3918 | Acc: 0.8401
  Class 1 - P: 0.0042, R: 0.8098, F1: 0.0084
  Predicting class 1: 16.03837%

Epoch  45 | Loss: 0.3852 | Acc: 0.8457
  Class 1 - P: 0.0043, R: 0.8044, F1: 0.0086
  Predicting class 1: 15.47987%
  Saved best model (F1: 0.0086)

Epoch  46 | Loss: 0.3791 | Acc: 0.8513
  Class 1 - P: 0.0045, R: 0.8015, F1: 0.0089
  Predicting class 1: 14.92482%
  Saved best model (F1: 0.0089)

Epoch  47 | Loss: 0.3767 | Acc: 0.8478
  Class 1 - P: 0.0044, R: 0.8157, F1: 0.0088
  Predicting class 1: 15.26952%

Epoch  48 | Loss: 0.3728 | Acc: 0.8494
  Class 1 - P: 0.0045, R: 0.8222, F1: 0.0090
  Predicting class 1: 15.11688%
  Saved best model (F1: 0.0090)

Epoch  49 | Loss: 0.3658 | Acc: 0.8593
  Class 1 - P: 0.0048, R: 0.8062, F1: 0.0094
  Predicting class 1: 14.11670%
  Saved best model (F1: 0.0094)

Epoch  50 | Loss: 0.3617 | Acc: 0.8543
  Class 1 - P: 0.0047, R: 0.8266, F1: 0.0093
  Predicting class 1: 14.62777%

Epoch  51 | Loss: 0.3563 | Acc: 0.8556
  Class 1 - P: 0.0048, R: 0.8293, F1: 0.0095
  Predicting class 1: 14.49301%
  Saved best model (F1: 0.0095)

Epoch  52 | Loss: 0.3520 | Acc: 0.8613
  Class 1 - P: 0.0049, R: 0.8240, F1: 0.0098
  Predicting class 1: 13.92720%
  Saved best model (F1: 0.0098)

Epoch  53 | Loss: 0.3467 | Acc: 0.8565
  Class 1 - P: 0.0049, R: 0.8423, F1: 0.0097
  Predicting class 1: 14.40649%

Epoch  54 | Loss: 0.3429 | Acc: 0.8583
  Class 1 - P: 0.0049, R: 0.8459, F1: 0.0098
  Predicting class 1: 14.22594%
  Saved best model (F1: 0.0098)

Epoch  55 | Loss: 0.3394 | Acc: 0.8560
  Class 1 - P: 0.0049, R: 0.8586, F1: 0.0098
  Predicting class 1: 14.45660%

Epoch  56 | Loss: 0.3324 | Acc: 0.8628
  Class 1 - P: 0.0051, R: 0.8473, F1: 0.0102
  Predicting class 1: 13.78217%
  Saved best model (F1: 0.0102)

Epoch  57 | Loss: 0.3297 | Acc: 0.8504
  Class 1 - P: 0.0049, R: 0.8784, F1: 0.0097
  Predicting class 1: 15.02601%

Epoch  58 | Loss: 0.3233 | Acc: 0.8728
  Class 1 - P: 0.0054, R: 0.8337, F1: 0.0108
  Predicting class 1: 12.77697%
  Saved best model (F1: 0.0108)

Epoch  59 | Loss: 0.3202 | Acc: 0.8524
  Class 1 - P: 0.0050, R: 0.8861, F1: 0.0099
  Predicting class 1: 14.82776%

Epoch  60 | Loss: 0.3156 | Acc: 0.8584
  Class 1 - P: 0.0051, R: 0.8799, F1: 0.0102
  Predicting class 1: 14.22801%

Epoch  61 | Loss: 0.3117 | Acc: 0.8689
  Class 1 - P: 0.0054, R: 0.8604, F1: 0.0108
  Predicting class 1: 13.17284%
  Saved best model (F1: 0.0108)

Epoch  62 | Loss: 0.3057 | Acc: 0.8538
  Class 1 - P: 0.0051, R: 0.8997, F1: 0.0101
  Predicting class 1: 14.68754%

Epoch  63 | Loss: 0.3016 | Acc: 0.8625
  Class 1 - P: 0.0053, R: 0.8861, F1: 0.0106
  Predicting class 1: 13.81811%

Epoch  64 | Loss: 0.2984 | Acc: 0.8691
  Class 1 - P: 0.0055, R: 0.8760, F1: 0.0110
  Predicting class 1: 13.15628%
  Saved best model (F1: 0.0110)

Epoch  65 | Loss: 0.2955 | Acc: 0.8585
  Class 1 - P: 0.0053, R: 0.9065, F1: 0.0105
  Predicting class 1: 14.22011%

Epoch  66 | Loss: 0.2904 | Acc: 0.8754
  Class 1 - P: 0.0058, R: 0.8760, F1: 0.0116
  Predicting class 1: 12.52453%
  Saved best model (F1: 0.0116)

Epoch  67 | Loss: 0.2860 | Acc: 0.8699
  Class 1 - P: 0.0057, R: 0.8932, F1: 0.0113
  Predicting class 1: 13.08007%

Epoch  68 | Loss: 0.2811 | Acc: 0.8644
  Class 1 - P: 0.0055, R: 0.9089, F1: 0.0110
  Predicting class 1: 13.63298%

Epoch  69 | Loss: 0.2797 | Acc: 0.8704
  Class 1 - P: 0.0057, R: 0.9000, F1: 0.0114
  Predicting class 1: 13.03030%

Epoch  70 | Loss: 0.2729 | Acc: 0.8704
  Class 1 - P: 0.0058, R: 0.9027, F1: 0.0115
  Predicting class 1: 13.02331%

Epoch  71 | Loss: 0.2712 | Acc: 0.8611
  Class 1 - P: 0.0055, R: 0.9213, F1: 0.0109
  Predicting class 1: 13.96250%

Epoch  72 | Loss: 0.2668 | Acc: 0.8845
  Class 1 - P: 0.0063, R: 0.8793, F1: 0.0125
  Predicting class 1: 11.61141%
  Saved best model (F1: 0.0125)

Epoch  73 | Loss: 0.2665 | Acc: 0.8597
  Class 1 - P: 0.0055, R: 0.9311, F1: 0.0109
  Predicting class 1: 14.10294%

Epoch  74 | Loss: 0.2616 | Acc: 0.8774
  Class 1 - P: 0.0061, R: 0.9003, F1: 0.0121
  Predicting class 1: 12.32692%

Epoch  75 | Loss: 0.2568 | Acc: 0.8783
  Class 1 - P: 0.0061, R: 0.9000, F1: 0.0122
  Predicting class 1: 12.23937%

Epoch  76 | Loss: 0.2551 | Acc: 0.8595
  Class 1 - P: 0.0055, R: 0.9391, F1: 0.0110
  Predicting class 1: 14.12372%

Epoch  77 | Loss: 0.2508 | Acc: 0.8813
  Class 1 - P: 0.0063, R: 0.8973, F1: 0.0124
  Predicting class 1: 11.93750%

Epoch  78 | Loss: 0.2497 | Acc: 0.8736
  Class 1 - P: 0.0060, R: 0.9189, F1: 0.0119
  Predicting class 1: 12.71258%

Epoch  79 | Loss: 0.2444 | Acc: 0.8669
  Class 1 - P: 0.0058, R: 0.9320, F1: 0.0115
  Predicting class 1: 13.37773%

Epoch  80 | Loss: 0.2433 | Acc: 0.8824
  Class 1 - P: 0.0064, R: 0.9030, F1: 0.0126
  Predicting class 1: 11.82762%
  Saved best model (F1: 0.0126)

Epoch  81 | Loss: 0.2384 | Acc: 0.8719
  Class 1 - P: 0.0060, R: 0.9272, F1: 0.0119
  Predicting class 1: 12.88181%

Epoch  82 | Loss: 0.2342 | Acc: 0.8632
  Class 1 - P: 0.0057, R: 0.9447, F1: 0.0114
  Predicting class 1: 13.75790%

Epoch  83 | Loss: 0.2354 | Acc: 0.8740
  Class 1 - P: 0.0061, R: 0.9266, F1: 0.0121
  Predicting class 1: 12.67303%

Epoch  84 | Loss: 0.2310 | Acc: 0.8754
  Class 1 - P: 0.0062, R: 0.9299, F1: 0.0123
  Predicting class 1: 12.52731%

Epoch  85 | Loss: 0.2283 | Acc: 0.8776
  Class 1 - P: 0.0063, R: 0.9287, F1: 0.0125
  Predicting class 1: 12.31058%

Epoch  86 | Loss: 0.2281 | Acc: 0.8916
  Class 1 - P: 0.0069, R: 0.9065, F1: 0.0137
  Predicting class 1: 10.91027%
  Saved best model (F1: 0.0137)

Epoch  87 | Loss: 0.2260 | Acc: 0.8721
  Class 1 - P: 0.0061, R: 0.9444, F1: 0.0121
  Predicting class 1: 12.86499%

Epoch  88 | Loss: 0.2232 | Acc: 0.8723
  Class 1 - P: 0.0061, R: 0.9438, F1: 0.0121
  Predicting class 1: 12.84789%

Epoch  89 | Loss: 0.2217 | Acc: 0.8709
  Class 1 - P: 0.0061, R: 0.9473, F1: 0.0121
  Predicting class 1: 12.98459%

Epoch  90 | Loss: 0.2184 | Acc: 0.8688
  Class 1 - P: 0.0060, R: 0.9533, F1: 0.0119
  Predicting class 1: 13.19591%

Epoch  91 | Loss: 0.2169 | Acc: 0.8720
  Class 1 - P: 0.0061, R: 0.9485, F1: 0.0122
  Predicting class 1: 12.87383%

Epoch  92 | Loss: 0.2162 | Acc: 0.8842
  Class 1 - P: 0.0067, R: 0.9320, F1: 0.0132
  Predicting class 1: 11.65515%

Epoch  93 | Loss: 0.2148 | Acc: 0.8776
  Class 1 - P: 0.0064, R: 0.9420, F1: 0.0126
  Predicting class 1: 12.31004%

Epoch  94 | Loss: 0.2132 | Acc: 0.8864
  Class 1 - P: 0.0068, R: 0.9296, F1: 0.0134
  Predicting class 1: 11.43141%

Epoch  95 | Loss: 0.2127 | Acc: 0.8671
  Class 1 - P: 0.0060, R: 0.9609, F1: 0.0119
  Predicting class 1: 13.36553%

Epoch  96 | Loss: 0.2106 | Acc: 0.8749
  Class 1 - P: 0.0063, R: 0.9485, F1: 0.0125
  Predicting class 1: 12.58279%

Epoch  97 | Loss: 0.2084 | Acc: 0.8713
  Class 1 - P: 0.0061, R: 0.9565, F1: 0.0122
  Predicting class 1: 12.94868%

Epoch  98 | Loss: 0.2100 | Acc: 0.8721
  Class 1 - P: 0.0062, R: 0.9571, F1: 0.0123
  Predicting class 1: 12.86672%

Epoch  99 | Loss: 0.2067 | Acc: 0.8913
  Class 1 - P: 0.0070, R: 0.9249, F1: 0.0140
  Predicting class 1: 10.94225%
  Saved best model (F1: 0.0140)

Epoch 100 | Loss: 0.2055 | Acc: 0.8757
  Class 1 - P: 0.0063, R: 0.9518, F1: 0.0126
  Predicting class 1: 12.50796%

Epoch 101 | Loss: 0.2046 | Acc: 0.8850
  Class 1 - P: 0.0067, R: 0.9367, F1: 0.0134
  Predicting class 1: 11.57254%

Epoch 102 | Loss: 0.2017 | Acc: 0.8778
  Class 1 - P: 0.0064, R: 0.9488, F1: 0.0128
  Predicting class 1: 12.29899%

Epoch 103 | Loss: 0.2018 | Acc: 0.8716
  Class 1 - P: 0.0062, R: 0.9586, F1: 0.0123
  Predicting class 1: 12.91693%

Epoch 104 | Loss: 0.2003 | Acc: 0.8757
  Class 1 - P: 0.0063, R: 0.9533, F1: 0.0126
  Predicting class 1: 12.50392%

Epoch 105 | Loss: 0.2002 | Acc: 0.8694
  Class 1 - P: 0.0061, R: 0.9645, F1: 0.0121
  Predicting class 1: 13.13408%

Epoch 106 | Loss: 0.1982 | Acc: 0.8783
  Class 1 - P: 0.0065, R: 0.9512, F1: 0.0128
  Predicting class 1: 12.24675%

Epoch 107 | Loss: 0.1988 | Acc: 0.8710
  Class 1 - P: 0.0062, R: 0.9612, F1: 0.0122
  Predicting class 1: 12.97608%

Epoch 108 | Loss: 0.1984 | Acc: 0.8851
  Class 1 - P: 0.0068, R: 0.9429, F1: 0.0135
  Predicting class 1: 11.56767%

Epoch 109 | Loss: 0.1970 | Acc: 0.8737
  Class 1 - P: 0.0063, R: 0.9586, F1: 0.0125
  Predicting class 1: 12.70488%

Epoch 110 | Loss: 0.1974 | Acc: 0.8722
  Class 1 - P: 0.0062, R: 0.9621, F1: 0.0124
  Predicting class 1: 12.85542%

Epoch 111 | Loss: 0.1956 | Acc: 0.8799
  Class 1 - P: 0.0065, R: 0.9491, F1: 0.0130
  Predicting class 1: 12.08689%

Epoch 112 | Loss: 0.1954 | Acc: 0.8674
  Class 1 - P: 0.0060, R: 0.9698, F1: 0.0120
  Predicting class 1: 13.33756%

Epoch 113 | Loss: 0.1954 | Acc: 0.8869
  Class 1 - P: 0.0069, R: 0.9405, F1: 0.0136
  Predicting class 1: 11.38609%

Epoch 114 | Loss: 0.1904 | Acc: 0.8842
  Class 1 - P: 0.0068, R: 0.9473, F1: 0.0134
  Predicting class 1: 11.65087%

Epoch 115 | Loss: 0.1907 | Acc: 0.8693
  Class 1 - P: 0.0061, R: 0.9689, F1: 0.0122
  Predicting class 1: 13.14326%

Epoch 116 | Loss: 0.1929 | Acc: 0.8794
  Class 1 - P: 0.0065, R: 0.9538, F1: 0.0130
  Predicting class 1: 12.13493%

Epoch 117 | Loss: 0.1904 | Acc: 0.8765
  Class 1 - P: 0.0064, R: 0.9607, F1: 0.0128
  Predicting class 1: 12.42550%

Epoch 118 | Loss: 0.1899 | Acc: 0.8707
  Class 1 - P: 0.0062, R: 0.9686, F1: 0.0123
  Predicting class 1: 13.00315%

Epoch 119 | Loss: 0.1905 | Acc: 0.8919
  Class 1 - P: 0.0072, R: 0.9367, F1: 0.0142
  Predicting class 1: 10.88297%
  Saved best model (F1: 0.0142)

Epoch 120 | Loss: 0.1893 | Acc: 0.8787
  Class 1 - P: 0.0065, R: 0.9556, F1: 0.0129
  Predicting class 1: 12.20737%

Epoch 121 | Loss: 0.1899 | Acc: 0.8763
  Class 1 - P: 0.0064, R: 0.9595, F1: 0.0127
  Predicting class 1: 12.44697%

Epoch 122 | Loss: 0.1881 | Acc: 0.8829
  Class 1 - P: 0.0067, R: 0.9506, F1: 0.0133
  Predicting class 1: 11.78602%

Epoch 123 | Loss: 0.1887 | Acc: 0.8651
  Class 1 - P: 0.0060, R: 0.9778, F1: 0.0119
  Predicting class 1: 13.57066%

Epoch 124 | Loss: 0.1894 | Acc: 0.8729
  Class 1 - P: 0.0063, R: 0.9680, F1: 0.0125
  Predicting class 1: 12.79159%

Epoch 125 | Loss: 0.1877 | Acc: 0.8792
  Class 1 - P: 0.0066, R: 0.9574, F1: 0.0130
  Predicting class 1: 12.15689%

Epoch 126 | Loss: 0.1868 | Acc: 0.8716
  Class 1 - P: 0.0062, R: 0.9692, F1: 0.0124
  Predicting class 1: 12.92052%

Epoch 127 | Loss: 0.1862 | Acc: 0.8782
  Class 1 - P: 0.0065, R: 0.9589, F1: 0.0129
  Predicting class 1: 12.25591%

Epoch 128 | Loss: 0.1857 | Acc: 0.8848
  Class 1 - P: 0.0068, R: 0.9509, F1: 0.0135
  Predicting class 1: 11.59962%

Epoch 129 | Loss: 0.1837 | Acc: 0.8703
  Class 1 - P: 0.0062, R: 0.9728, F1: 0.0123
  Predicting class 1: 13.05095%

Epoch 130 | Loss: 0.1851 | Acc: 0.8731
  Class 1 - P: 0.0063, R: 0.9698, F1: 0.0126
  Predicting class 1: 12.76398%

Epoch 131 | Loss: 0.1849 | Acc: 0.8780
  Class 1 - P: 0.0065, R: 0.9612, F1: 0.0129
  Predicting class 1: 12.27221%

Epoch 132 | Loss: 0.1855 | Acc: 0.8688
  Class 1 - P: 0.0061, R: 0.9754, F1: 0.0122
  Predicting class 1: 13.20344%

Epoch 133 | Loss: 0.1847 | Acc: 0.8782
  Class 1 - P: 0.0065, R: 0.9612, F1: 0.0130
  Predicting class 1: 12.25402%

Epoch 134 | Loss: 0.1842 | Acc: 0.8891
  Class 1 - P: 0.0071, R: 0.9488, F1: 0.0140
  Predicting class 1: 11.16897%

Epoch 135 | Loss: 0.1835 | Acc: 0.8809
  Class 1 - P: 0.0067, R: 0.9598, F1: 0.0132
  Predicting class 1: 11.98429%

Epoch 136 | Loss: 0.1829 | Acc: 0.8793
  Class 1 - P: 0.0066, R: 0.9615, F1: 0.0131
  Predicting class 1: 12.15019%

Epoch 137 | Loss: 0.1832 | Acc: 0.8761
  Class 1 - P: 0.0065, R: 0.9683, F1: 0.0128
  Predicting class 1: 12.46582%

Epoch 138 | Loss: 0.1835 | Acc: 0.8721
  Class 1 - P: 0.0063, R: 0.9728, F1: 0.0125
  Predicting class 1: 12.86551%

Epoch 139 | Loss: 0.1812 | Acc: 0.8759
  Class 1 - P: 0.0065, R: 0.9683, F1: 0.0128
  Predicting class 1: 12.48901%

Epoch 140 | Loss: 0.1803 | Acc: 0.8838
  Class 1 - P: 0.0068, R: 0.9565, F1: 0.0135
  Predicting class 1: 11.69719%

Epoch 141 | Loss: 0.1811 | Acc: 0.8814
  Class 1 - P: 0.0067, R: 0.9607, F1: 0.0133
  Predicting class 1: 11.93179%

Epoch 142 | Loss: 0.1801 | Acc: 0.8806
  Class 1 - P: 0.0067, R: 0.9633, F1: 0.0133
  Predicting class 1: 12.01289%

Epoch 143 | Loss: 0.1789 | Acc: 0.8773
  Class 1 - P: 0.0065, R: 0.9701, F1: 0.0130
  Predicting class 1: 12.34888%

Epoch 144 | Loss: 0.1790 | Acc: 0.8738
  Class 1 - P: 0.0064, R: 0.9743, F1: 0.0127
  Predicting class 1: 12.69789%

Epoch 145 | Loss: 0.1779 | Acc: 0.8769
  Class 1 - P: 0.0065, R: 0.9689, F1: 0.0129
  Predicting class 1: 12.38748%

Epoch 146 | Loss: 0.1793 | Acc: 0.8813
  Class 1 - P: 0.0067, R: 0.9604, F1: 0.0133
  Predicting class 1: 11.95084%

Epoch 147 | Loss: 0.1783 | Acc: 0.8810
  Class 1 - P: 0.0067, R: 0.9615, F1: 0.0133
  Predicting class 1: 11.97777%

Epoch 148 | Loss: 0.1780 | Acc: 0.8783
  Class 1 - P: 0.0066, R: 0.9695, F1: 0.0131
  Predicting class 1: 12.24710%

Epoch 149 | Loss: 0.1773 | Acc: 0.8786
  Class 1 - P: 0.0066, R: 0.9698, F1: 0.0131
  Predicting class 1: 12.22012%

Epoch 150 | Loss: 0.1775 | Acc: 0.8762
  Class 1 - P: 0.0065, R: 0.9731, F1: 0.0129
  Predicting class 1: 12.46248%

Epoch 151 | Loss: 0.1763 | Acc: 0.8793
  Class 1 - P: 0.0066, R: 0.9680, F1: 0.0132
  Predicting class 1: 12.14458%

Epoch 152 | Loss: 0.1768 | Acc: 0.8836
  Class 1 - P: 0.0068, R: 0.9598, F1: 0.0135
  Predicting class 1: 11.71888%

Epoch 153 | Loss: 0.1758 | Acc: 0.8790
  Class 1 - P: 0.0066, R: 0.9698, F1: 0.0132
  Predicting class 1: 12.17887%

Epoch 154 | Loss: 0.1761 | Acc: 0.8788
  Class 1 - P: 0.0066, R: 0.9707, F1: 0.0131
  Predicting class 1: 12.20082%

Epoch 155 | Loss: 0.1763 | Acc: 0.8772
  Class 1 - P: 0.0065, R: 0.9719, F1: 0.0130
  Predicting class 1: 12.36330%

Epoch 156 | Loss: 0.1746 | Acc: 0.8793
  Class 1 - P: 0.0066, R: 0.9689, F1: 0.0132
  Predicting class 1: 12.15179%

Epoch 157 | Loss: 0.1747 | Acc: 0.8774
  Class 1 - P: 0.0066, R: 0.9728, F1: 0.0130
  Predicting class 1: 12.33404%

Epoch 158 | Loss: 0.1752 | Acc: 0.8849
  Class 1 - P: 0.0069, R: 0.9621, F1: 0.0137
  Predicting class 1: 11.58342%

Epoch 159 | Loss: 0.1745 | Acc: 0.8890
  Class 1 - P: 0.0071, R: 0.9580, F1: 0.0142
  Predicting class 1: 11.17746%

Epoch 160 | Loss: 0.1735 | Acc: 0.8821
  Class 1 - P: 0.0068, R: 0.9678, F1: 0.0135
  Predicting class 1: 11.87215%

Epoch 161 | Loss: 0.1726 | Acc: 0.8811
  Class 1 - P: 0.0067, R: 0.9692, F1: 0.0134
  Predicting class 1: 11.96519%

Epoch 162 | Loss: 0.1735 | Acc: 0.8824
  Class 1 - P: 0.0068, R: 0.9683, F1: 0.0135
  Predicting class 1: 11.84094%

Epoch 163 | Loss: 0.1741 | Acc: 0.8766
  Class 1 - P: 0.0065, R: 0.9775, F1: 0.0130
  Predicting class 1: 12.42117%

Epoch 164 | Loss: 0.1725 | Acc: 0.8918
  Class 1 - P: 0.0073, R: 0.9553, F1: 0.0145
  Predicting class 1: 10.89501%
  Saved best model (F1: 0.0145)

Epoch 165 | Loss: 0.1724 | Acc: 0.8876
  Class 1 - P: 0.0071, R: 0.9621, F1: 0.0140
  Predicting class 1: 11.32101%

Epoch 166 | Loss: 0.1731 | Acc: 0.8752
  Class 1 - P: 0.0065, R: 0.9784, F1: 0.0129
  Predicting class 1: 12.56098%

Epoch 167 | Loss: 0.1720 | Acc: 0.8831
  Class 1 - P: 0.0068, R: 0.9675, F1: 0.0136
  Predicting class 1: 11.76547%

Epoch 168 | Loss: 0.1724 | Acc: 0.8788
  Class 1 - P: 0.0066, R: 0.9737, F1: 0.0132
  Predicting class 1: 12.19790%

Epoch 169 | Loss: 0.1720 | Acc: 0.8752
  Class 1 - P: 0.0065, R: 0.9787, F1: 0.0129
  Predicting class 1: 12.56096%

Epoch 170 | Loss: 0.1713 | Acc: 0.8901
  Class 1 - P: 0.0072, R: 0.9615, F1: 0.0144
  Predicting class 1: 11.06320%

Epoch 171 | Loss: 0.1710 | Acc: 0.8904
  Class 1 - P: 0.0073, R: 0.9633, F1: 0.0144
  Predicting class 1: 11.03632%

Epoch 172 | Loss: 0.1697 | Acc: 0.8871
  Class 1 - P: 0.0071, R: 0.9672, F1: 0.0140
  Predicting class 1: 11.37270%

Epoch 173 | Loss: 0.1718 | Acc: 0.8837
  Class 1 - P: 0.0069, R: 0.9710, F1: 0.0137
  Predicting class 1: 11.71218%

Epoch 174 | Loss: 0.1714 | Acc: 0.8785
  Class 1 - P: 0.0066, R: 0.9757, F1: 0.0132
  Predicting class 1: 12.23184%

Epoch 175 | Loss: 0.1701 | Acc: 0.8791
  Class 1 - P: 0.0067, R: 0.9749, F1: 0.0132
  Predicting class 1: 12.17262%

Epoch 176 | Loss: 0.1702 | Acc: 0.8838
  Class 1 - P: 0.0069, R: 0.9725, F1: 0.0137
  Predicting class 1: 11.70204%

Epoch 177 | Loss: 0.1686 | Acc: 0.8859
  Class 1 - P: 0.0070, R: 0.9704, F1: 0.0140
  Predicting class 1: 11.48391%

Epoch 178 | Loss: 0.1688 | Acc: 0.8881
  Class 1 - P: 0.0071, R: 0.9678, F1: 0.0142
  Predicting class 1: 11.26935%

Epoch 179 | Loss: 0.1695 | Acc: 0.8826
  Class 1 - P: 0.0069, R: 0.9737, F1: 0.0136
  Predicting class 1: 11.81438%

Epoch 180 | Loss: 0.1683 | Acc: 0.8791
  Class 1 - P: 0.0067, R: 0.9769, F1: 0.0133
  Predicting class 1: 12.16824%

Epoch 181 | Loss: 0.1666 | Acc: 0.8841
  Class 1 - P: 0.0069, R: 0.9704, F1: 0.0137
  Predicting class 1: 11.66413%

Epoch 182 | Loss: 0.1693 | Acc: 0.8806
  Class 1 - P: 0.0068, R: 0.9769, F1: 0.0134
  Predicting class 1: 12.02323%

Epoch 183 | Loss: 0.1667 | Acc: 0.8903
  Class 1 - P: 0.0073, R: 0.9683, F1: 0.0145
  Predicting class 1: 11.04646%

Epoch 184 | Loss: 0.1673 | Acc: 0.8997
  Class 1 - P: 0.0079, R: 0.9541, F1: 0.0156
  Predicting class 1: 10.10536%
  Saved best model (F1: 0.0156)

Epoch 185 | Loss: 0.1668 | Acc: 0.8820
  Class 1 - P: 0.0068, R: 0.9766, F1: 0.0136
  Predicting class 1: 11.87779%

Epoch 186 | Loss: 0.1665 | Acc: 0.8804
  Class 1 - P: 0.0067, R: 0.9769, F1: 0.0134
  Predicting class 1: 12.04369%

Epoch 187 | Loss: 0.1660 | Acc: 0.8840
  Class 1 - P: 0.0069, R: 0.9722, F1: 0.0138
  Predicting class 1: 11.67733%

Epoch 188 | Loss: 0.1676 | Acc: 0.8833
  Class 1 - P: 0.0069, R: 0.9757, F1: 0.0137
  Predicting class 1: 11.75068%

Epoch 189 | Loss: 0.1656 | Acc: 0.8932
  Class 1 - P: 0.0075, R: 0.9660, F1: 0.0148
  Predicting class 1: 10.75471%

Epoch 190 | Loss: 0.1655 | Acc: 0.8897
  Class 1 - P: 0.0073, R: 0.9707, F1: 0.0144
  Predicting class 1: 11.11117%

Epoch 191 | Loss: 0.1659 | Acc: 0.8811
  Class 1 - P: 0.0068, R: 0.9793, F1: 0.0135
  Predicting class 1: 11.97351%

Epoch 192 | Loss: 0.1655 | Acc: 0.8819
  Class 1 - P: 0.0068, R: 0.9787, F1: 0.0136
  Predicting class 1: 11.88894%

Epoch 193 | Loss: 0.1648 | Acc: 0.8875
  Class 1 - P: 0.0071, R: 0.9731, F1: 0.0142
  Predicting class 1: 11.32975%

Epoch 194 | Loss: 0.1633 | Acc: 0.8863
  Class 1 - P: 0.0071, R: 0.9749, F1: 0.0141
  Predicting class 1: 11.44509%

Epoch 195 | Loss: 0.1633 | Acc: 0.8877
  Class 1 - P: 0.0072, R: 0.9743, F1: 0.0142
  Predicting class 1: 11.30828%

Epoch 196 | Loss: 0.1654 | Acc: 0.8895
  Class 1 - P: 0.0073, R: 0.9728, F1: 0.0144
  Predicting class 1: 11.12437%

Epoch 197 | Loss: 0.1647 | Acc: 0.8869
  Class 1 - P: 0.0071, R: 0.9749, F1: 0.0141
  Predicting class 1: 11.38996%

Epoch 198 | Loss: 0.1627 | Acc: 0.8832
  Class 1 - P: 0.0069, R: 0.9781, F1: 0.0137
  Predicting class 1: 11.75612%

Epoch 199 | Loss: 0.1635 | Acc: 0.8855
  Class 1 - P: 0.0070, R: 0.9763, F1: 0.0140
  Predicting class 1: 11.53213%

Epoch 200 | Loss: 0.1633 | Acc: 0.8913
  Class 1 - P: 0.0074, R: 0.9716, F1: 0.0147
  Predicting class 1: 10.94404%

Epoch 201 | Loss: 0.1630 | Acc: 0.8939
  Class 1 - P: 0.0076, R: 0.9713, F1: 0.0150
  Predicting class 1: 10.68549%

Epoch 202 | Loss: 0.1630 | Acc: 0.8912
  Class 1 - P: 0.0074, R: 0.9737, F1: 0.0147
  Predicting class 1: 10.96088%

Epoch 203 | Loss: 0.1636 | Acc: 0.8817
  Class 1 - P: 0.0068, R: 0.9796, F1: 0.0136
  Predicting class 1: 11.90991%

Epoch 204 | Loss: 0.1620 | Acc: 0.8813
  Class 1 - P: 0.0068, R: 0.9802, F1: 0.0136
  Predicting class 1: 11.95047%

Epoch 205 | Loss: 0.1632 | Acc: 0.8849
  Class 1 - P: 0.0070, R: 0.9772, F1: 0.0139
  Predicting class 1: 11.58881%

Epoch 206 | Loss: 0.1628 | Acc: 0.8965
  Class 1 - P: 0.0077, R: 0.9680, F1: 0.0153
  Predicting class 1: 10.42793%

Epoch 207 | Loss: 0.1614 | Acc: 0.9045
  Class 1 - P: 0.0083, R: 0.9592, F1: 0.0164
  Predicting class 1: 9.62683%
  Saved best model (F1: 0.0164)

Epoch 208 | Loss: 0.1622 | Acc: 0.8906
  Class 1 - P: 0.0074, R: 0.9749, F1: 0.0146
  Predicting class 1: 11.01688%

Epoch 209 | Loss: 0.1620 | Acc: 0.8839
  Class 1 - P: 0.0070, R: 0.9799, F1: 0.0138
  Predicting class 1: 11.69416%

Epoch 210 | Loss: 0.1602 | Acc: 0.8807
  Class 1 - P: 0.0068, R: 0.9831, F1: 0.0135
  Predicting class 1: 12.01385%

Epoch 211 | Loss: 0.1608 | Acc: 0.8856
  Class 1 - P: 0.0071, R: 0.9793, F1: 0.0140
  Predicting class 1: 11.52373%

Epoch 212 | Loss: 0.1600 | Acc: 0.8925
  Class 1 - P: 0.0075, R: 0.9743, F1: 0.0149
  Predicting class 1: 10.82454%

Epoch 213 | Loss: 0.1612 | Acc: 0.8964
  Class 1 - P: 0.0077, R: 0.9710, F1: 0.0154
  Predicting class 1: 10.43930%

Epoch 214 | Loss: 0.1604 | Acc: 0.8995
  Class 1 - P: 0.0080, R: 0.9683, F1: 0.0158
  Predicting class 1: 10.13152%

Epoch 215 | Loss: 0.1593 | Acc: 0.8907
  Class 1 - P: 0.0074, R: 0.9763, F1: 0.0146
  Predicting class 1: 11.01286%

Epoch 216 | Loss: 0.1592 | Acc: 0.8840
  Class 1 - P: 0.0070, R: 0.9828, F1: 0.0139
  Predicting class 1: 11.67981%

Epoch 217 | Loss: 0.1579 | Acc: 0.8822
  Class 1 - P: 0.0069, R: 0.9855, F1: 0.0137
  Predicting class 1: 11.85832%

Epoch 218 | Loss: 0.1574 | Acc: 0.8858
  Class 1 - P: 0.0071, R: 0.9796, F1: 0.0141
  Predicting class 1: 11.49981%

Epoch 219 | Loss: 0.1592 | Acc: 0.8941
  Class 1 - P: 0.0076, R: 0.9751, F1: 0.0151
  Predicting class 1: 10.66986%

Epoch 220 | Loss: 0.1574 | Acc: 0.9136
  Class 1 - P: 0.0090, R: 0.9482, F1: 0.0179
  Predicting class 1: 8.71719%
  Saved best model (F1: 0.0179)

Epoch 221 | Loss: 0.1579 | Acc: 0.9104
  Class 1 - P: 0.0088, R: 0.9530, F1: 0.0174
  Predicting class 1: 9.03424%

Epoch 222 | Loss: 0.1583 | Acc: 0.8926
  Class 1 - P: 0.0075, R: 0.9775, F1: 0.0149
  Predicting class 1: 10.81533%

Epoch 223 | Loss: 0.1569 | Acc: 0.8846
  Class 1 - P: 0.0070, R: 0.9834, F1: 0.0140
  Predicting class 1: 11.62113%

Epoch 224 | Loss: 0.1573 | Acc: 0.8820
  Class 1 - P: 0.0069, R: 0.9879, F1: 0.0137
  Predicting class 1: 11.87683%

Epoch 225 | Loss: 0.1568 | Acc: 0.8891
  Class 1 - P: 0.0073, R: 0.9811, F1: 0.0145
  Predicting class 1: 11.17236%

Epoch 226 | Loss: 0.1551 | Acc: 0.8949
  Class 1 - P: 0.0077, R: 0.9766, F1: 0.0152
  Predicting class 1: 10.58608%

Epoch 227 | Loss: 0.1574 | Acc: 0.8885
  Class 1 - P: 0.0073, R: 0.9840, F1: 0.0145
  Predicting class 1: 11.22657%

Epoch 228 | Loss: 0.1565 | Acc: 0.8901
  Class 1 - P: 0.0074, R: 0.9811, F1: 0.0146
  Predicting class 1: 11.07017%

Epoch 229 | Loss: 0.1558 | Acc: 0.8899
  Class 1 - P: 0.0074, R: 0.9808, F1: 0.0146
  Predicting class 1: 11.09025%

Epoch 230 | Loss: 0.1561 | Acc: 0.8859
  Class 1 - P: 0.0071, R: 0.9870, F1: 0.0142
  Predicting class 1: 11.49336%

Epoch 231 | Loss: 0.1545 | Acc: 0.8934
  Class 1 - P: 0.0076, R: 0.9790, F1: 0.0151
  Predicting class 1: 10.73886%

Epoch 232 | Loss: 0.1550 | Acc: 0.9017
  Class 1 - P: 0.0081, R: 0.9689, F1: 0.0161
  Predicting class 1: 9.90879%

Epoch 233 | Loss: 0.1546 | Acc: 0.8922
  Class 1 - P: 0.0075, R: 0.9817, F1: 0.0149
  Predicting class 1: 10.86082%

Epoch 234 | Loss: 0.1541 | Acc: 0.8871
  Class 1 - P: 0.0072, R: 0.9861, F1: 0.0143
  Predicting class 1: 11.37521%

Epoch 235 | Loss: 0.1550 | Acc: 0.8905
  Class 1 - P: 0.0074, R: 0.9793, F1: 0.0147
  Predicting class 1: 11.03219%

Epoch 236 | Loss: 0.1554 | Acc: 0.8864
  Class 1 - P: 0.0072, R: 0.9864, F1: 0.0142
  Predicting class 1: 11.44317%

Epoch 237 | Loss: 0.1530 | Acc: 0.8937
  Class 1 - P: 0.0076, R: 0.9802, F1: 0.0151
  Predicting class 1: 10.71314%

Epoch 238 | Loss: 0.1543 | Acc: 0.9034
  Class 1 - P: 0.0083, R: 0.9701, F1: 0.0164
  Predicting class 1: 9.73563%

Epoch 239 | Loss: 0.1527 | Acc: 0.8918
  Class 1 - P: 0.0075, R: 0.9846, F1: 0.0149
  Predicting class 1: 10.89769%

Epoch 240 | Loss: 0.1533 | Acc: 0.8872
  Class 1 - P: 0.0072, R: 0.9858, F1: 0.0143
  Predicting class 1: 11.36396%

Epoch 241 | Loss: 0.1532 | Acc: 0.8897
  Class 1 - P: 0.0074, R: 0.9837, F1: 0.0146
  Predicting class 1: 11.10706%

Epoch 242 | Loss: 0.1529 | Acc: 0.8956
  Class 1 - P: 0.0078, R: 0.9802, F1: 0.0154
  Predicting class 1: 10.52164%

Epoch 243 | Loss: 0.1523 | Acc: 0.9029
  Class 1 - P: 0.0083, R: 0.9710, F1: 0.0164
  Predicting class 1: 9.79042%

Epoch 244 | Loss: 0.1524 | Acc: 0.9024
  Class 1 - P: 0.0082, R: 0.9728, F1: 0.0163
  Predicting class 1: 9.83948%

Epoch 245 | Loss: 0.1526 | Acc: 0.8901
  Class 1 - P: 0.0074, R: 0.9852, F1: 0.0147
  Predicting class 1: 11.07376%

Epoch 246 | Loss: 0.1522 | Acc: 0.8887
  Class 1 - P: 0.0073, R: 0.9861, F1: 0.0145
  Predicting class 1: 11.21510%

Epoch 247 | Loss: 0.1521 | Acc: 0.8902
  Class 1 - P: 0.0074, R: 0.9855, F1: 0.0147
  Predicting class 1: 11.06012%

Epoch 248 | Loss: 0.1501 | Acc: 0.8988
  Class 1 - P: 0.0080, R: 0.9787, F1: 0.0158
  Predicting class 1: 10.19968%

Epoch 249 | Loss: 0.1508 | Acc: 0.8971
  Class 1 - P: 0.0079, R: 0.9817, F1: 0.0156
  Predicting class 1: 10.36861%

Epoch 250 | Loss: 0.1503 | Acc: 0.8933
  Class 1 - P: 0.0076, R: 0.9828, F1: 0.0151
  Predicting class 1: 10.75080%

Epoch 251 | Loss: 0.1502 | Acc: 0.8930
  Class 1 - P: 0.0076, R: 0.9828, F1: 0.0151
  Predicting class 1: 10.77767%

Epoch 252 | Loss: 0.1506 | Acc: 0.8946
  Class 1 - P: 0.0077, R: 0.9831, F1: 0.0153
  Predicting class 1: 10.62145%

Epoch 253 | Loss: 0.1505 | Acc: 0.8998
  Class 1 - P: 0.0081, R: 0.9772, F1: 0.0160
  Predicting class 1: 10.09578%

Epoch 254 | Loss: 0.1489 | Acc: 0.9019
  Class 1 - P: 0.0082, R: 0.9749, F1: 0.0163
  Predicting class 1: 9.88558%

Epoch 255 | Loss: 0.1503 | Acc: 0.8916
  Class 1 - P: 0.0075, R: 0.9876, F1: 0.0149
  Predicting class 1: 10.91830%

Epoch 256 | Loss: 0.1480 | Acc: 0.8896
  Class 1 - P: 0.0074, R: 0.9882, F1: 0.0147
  Predicting class 1: 11.11984%

Epoch 257 | Loss: 0.1499 | Acc: 0.8945
  Class 1 - P: 0.0077, R: 0.9843, F1: 0.0153
  Predicting class 1: 10.62819%

Epoch 258 | Loss: 0.1494 | Acc: 0.9019
  Class 1 - P: 0.0082, R: 0.9763, F1: 0.0163
  Predicting class 1: 9.88816%

Epoch 259 | Loss: 0.1486 | Acc: 0.8923
  Class 1 - P: 0.0076, R: 0.9891, F1: 0.0151
  Predicting class 1: 10.85053%

Epoch 260 | Loss: 0.1485 | Acc: 0.8983
  Class 1 - P: 0.0080, R: 0.9799, F1: 0.0158
  Predicting class 1: 10.24913%

Epoch 261 | Loss: 0.1479 | Acc: 0.9012
  Class 1 - P: 0.0082, R: 0.9775, F1: 0.0162
  Predicting class 1: 9.96168%

Epoch 262 | Loss: 0.1487 | Acc: 0.8926
  Class 1 - P: 0.0076, R: 0.9882, F1: 0.0151
  Predicting class 1: 10.82599%

Epoch 263 | Loss: 0.1487 | Acc: 0.9027
  Class 1 - P: 0.0083, R: 0.9784, F1: 0.0165
  Predicting class 1: 9.81060%

Epoch 264 | Loss: 0.1492 | Acc: 0.9081
  Class 1 - P: 0.0087, R: 0.9728, F1: 0.0173
  Predicting class 1: 9.26955%

Epoch 265 | Loss: 0.1472 | Acc: 0.8957
  Class 1 - P: 0.0078, R: 0.9861, F1: 0.0155
  Predicting class 1: 10.51108%

Epoch 266 | Loss: 0.1476 | Acc: 0.8941
  Class 1 - P: 0.0077, R: 0.9885, F1: 0.0153
  Predicting class 1: 10.66903%

Epoch 267 | Loss: 0.1464 | Acc: 0.8975
  Class 1 - P: 0.0079, R: 0.9858, F1: 0.0158
  Predicting class 1: 10.33127%

Epoch 268 | Loss: 0.1470 | Acc: 0.8968
  Class 1 - P: 0.0079, R: 0.9870, F1: 0.0157
  Predicting class 1: 10.40573%

Epoch 269 | Loss: 0.1446 | Acc: 0.8986
  Class 1 - P: 0.0080, R: 0.9846, F1: 0.0159
  Predicting class 1: 10.21967%

Epoch 270 | Loss: 0.1463 | Acc: 0.8967
  Class 1 - P: 0.0079, R: 0.9876, F1: 0.0157
  Predicting class 1: 10.41006%

Epoch 271 | Loss: 0.1456 | Acc: 0.8931
  Class 1 - P: 0.0076, R: 0.9896, F1: 0.0152
  Predicting class 1: 10.77283%

Epoch 272 | Loss: 0.1459 | Acc: 0.8973
  Class 1 - P: 0.0079, R: 0.9879, F1: 0.0158
  Predicting class 1: 10.35064%

Epoch 273 | Loss: 0.1464 | Acc: 0.9124
  Class 1 - P: 0.0091, R: 0.9695, F1: 0.0181
  Predicting class 1: 8.83324%
  Saved best model (F1: 0.0181)

Epoch 274 | Loss: 0.1450 | Acc: 0.9083
  Class 1 - P: 0.0088, R: 0.9757, F1: 0.0174
  Predicting class 1: 9.25252%

Epoch 275 | Loss: 0.1462 | Acc: 0.8952
  Class 1 - P: 0.0078, R: 0.9905, F1: 0.0155
  Predicting class 1: 10.56360%

Epoch 276 | Loss: 0.1450 | Acc: 0.8930
  Class 1 - P: 0.0076, R: 0.9899, F1: 0.0152
  Predicting class 1: 10.77930%

Epoch 277 | Loss: 0.1453 | Acc: 0.8924
  Class 1 - P: 0.0076, R: 0.9917, F1: 0.0151
  Predicting class 1: 10.84413%

Epoch 278 | Loss: 0.1459 | Acc: 0.9091
  Class 1 - P: 0.0089, R: 0.9763, F1: 0.0176
  Predicting class 1: 9.16883%

Epoch 279 | Loss: 0.1448 | Acc: 0.9244
  Class 1 - P: 0.0104, R: 0.9509, F1: 0.0205
  Predicting class 1: 7.63425%
  Saved best model (F1: 0.0205)

Epoch 280 | Loss: 0.1457 | Acc: 0.8953
  Class 1 - P: 0.0078, R: 0.9902, F1: 0.0155
  Predicting class 1: 10.55270%

Epoch 281 | Loss: 0.1435 | Acc: 0.8935
  Class 1 - P: 0.0077, R: 0.9899, F1: 0.0152
  Predicting class 1: 10.72749%

Epoch 282 | Loss: 0.1458 | Acc: 0.8959
  Class 1 - P: 0.0078, R: 0.9882, F1: 0.0156
  Predicting class 1: 10.48887%

Epoch 283 | Loss: 0.1447 | Acc: 0.8893
  Class 1 - P: 0.0074, R: 0.9935, F1: 0.0147
  Predicting class 1: 11.15132%

Epoch 284 | Loss: 0.1446 | Acc: 0.9080
  Class 1 - P: 0.0088, R: 0.9787, F1: 0.0174
  Predicting class 1: 9.28435%

Epoch 285 | Loss: 0.1425 | Acc: 0.9153
  Class 1 - P: 0.0094, R: 0.9701, F1: 0.0187
  Predicting class 1: 8.55116%

Epoch 286 | Loss: 0.1445 | Acc: 0.8940
  Class 1 - P: 0.0077, R: 0.9935, F1: 0.0154
  Predicting class 1: 10.67959%

Epoch 287 | Loss: 0.1436 | Acc: 0.8949
  Class 1 - P: 0.0078, R: 0.9923, F1: 0.0155
  Predicting class 1: 10.58834%

Epoch 288 | Loss: 0.1426 | Acc: 0.9080
  Class 1 - P: 0.0088, R: 0.9796, F1: 0.0174
  Predicting class 1: 9.28415%

Epoch 289 | Loss: 0.1457 | Acc: 0.8943
  Class 1 - P: 0.0078, R: 0.9926, F1: 0.0154
  Predicting class 1: 10.65007%

Epoch 290 | Loss: 0.1434 | Acc: 0.9058
  Class 1 - P: 0.0086, R: 0.9811, F1: 0.0170
  Predicting class 1: 9.49815%

Epoch 291 | Loss: 0.1434 | Acc: 0.9185
  Class 1 - P: 0.0098, R: 0.9672, F1: 0.0194
  Predicting class 1: 8.23204%

Epoch 292 | Loss: 0.1448 | Acc: 0.8937
  Class 1 - P: 0.0077, R: 0.9923, F1: 0.0153
  Predicting class 1: 10.71338%

Epoch 293 | Loss: 0.1420 | Acc: 0.8870
  Class 1 - P: 0.0073, R: 0.9970, F1: 0.0145
  Predicting class 1: 11.38139%

Epoch 294 | Loss: 0.1430 | Acc: 0.8950
  Class 1 - P: 0.0078, R: 0.9911, F1: 0.0155
  Predicting class 1: 10.58078%

Epoch 295 | Loss: 0.1419 | Acc: 0.9101
  Class 1 - P: 0.0090, R: 0.9808, F1: 0.0178
  Predicting class 1: 9.07399%

Epoch 296 | Loss: 0.1399 | Acc: 0.9167
  Class 1 - P: 0.0096, R: 0.9701, F1: 0.0190
  Predicting class 1: 8.41022%

Epoch 297 | Loss: 0.1412 | Acc: 0.9138
  Class 1 - P: 0.0093, R: 0.9737, F1: 0.0185
  Predicting class 1: 8.69725%

Epoch 298 | Loss: 0.1411 | Acc: 0.9009
  Class 1 - P: 0.0082, R: 0.9888, F1: 0.0163
  Predicting class 1: 9.98723%

Epoch 299 | Loss: 0.1410 | Acc: 0.8929
  Class 1 - P: 0.0077, R: 0.9935, F1: 0.0152
  Predicting class 1: 10.79604%

Epoch 300 | Loss: 0.1405 | Acc: 0.8917
  Class 1 - P: 0.0076, R: 0.9953, F1: 0.0151
  Predicting class 1: 10.91138%

Epoch 301 | Loss: 0.1403 | Acc: 0.9114
  Class 1 - P: 0.0091, R: 0.9796, F1: 0.0181
  Predicting class 1: 8.93945%

Epoch 302 | Loss: 0.1406 | Acc: 0.9276
  Class 1 - P: 0.0108, R: 0.9538, F1: 0.0215
  Predicting class 1: 7.31597%
  Saved best model (F1: 0.0215)

Epoch 303 | Loss: 0.1397 | Acc: 0.9084
  Class 1 - P: 0.0089, R: 0.9840, F1: 0.0176
  Predicting class 1: 9.23714%

Epoch 304 | Loss: 0.1392 | Acc: 0.8997
  Class 1 - P: 0.0082, R: 0.9914, F1: 0.0162
  Predicting class 1: 10.10922%

Epoch 305 | Loss: 0.1384 | Acc: 0.8960
  Class 1 - P: 0.0079, R: 0.9938, F1: 0.0156
  Predicting class 1: 10.48403%

Epoch 306 | Loss: 0.1399 | Acc: 0.8951
  Class 1 - P: 0.0078, R: 0.9935, F1: 0.0155
  Predicting class 1: 10.57387%

Epoch 307 | Loss: 0.1394 | Acc: 0.9064
  Class 1 - P: 0.0087, R: 0.9888, F1: 0.0173
  Predicting class 1: 9.43760%

Epoch 308 | Loss: 0.1396 | Acc: 0.9099
  Class 1 - P: 0.0090, R: 0.9837, F1: 0.0178
  Predicting class 1: 9.09204%

Epoch 309 | Loss: 0.1390 | Acc: 0.9030
  Class 1 - P: 0.0084, R: 0.9908, F1: 0.0167
  Predicting class 1: 9.77954%

Epoch 310 | Loss: 0.1389 | Acc: 0.9008
  Class 1 - P: 0.0083, R: 0.9917, F1: 0.0164
  Predicting class 1: 10.00026%

Epoch 311 | Loss: 0.1381 | Acc: 0.9040
  Class 1 - P: 0.0085, R: 0.9899, F1: 0.0169
  Predicting class 1: 9.68335%

Epoch 312 | Loss: 0.1377 | Acc: 0.9077
  Class 1 - P: 0.0088, R: 0.9870, F1: 0.0175
  Predicting class 1: 9.30628%

Epoch 313 | Loss: 0.1373 | Acc: 0.9083
  Class 1 - P: 0.0089, R: 0.9861, F1: 0.0176
  Predicting class 1: 9.25100%

Epoch 314 | Loss: 0.1380 | Acc: 0.9061
  Class 1 - P: 0.0087, R: 0.9891, F1: 0.0172
  Predicting class 1: 9.47063%

Epoch 315 | Loss: 0.1369 | Acc: 0.8984
  Class 1 - P: 0.0081, R: 0.9935, F1: 0.0160
  Predicting class 1: 10.24327%

Epoch 316 | Loss: 0.1368 | Acc: 0.8964
  Class 1 - P: 0.0079, R: 0.9950, F1: 0.0157
  Predicting class 1: 10.44602%

Epoch 317 | Loss: 0.1391 | Acc: 0.9042
  Class 1 - P: 0.0085, R: 0.9908, F1: 0.0169
  Predicting class 1: 9.65937%

Epoch 318 | Loss: 0.1368 | Acc: 0.9164
  Class 1 - P: 0.0096, R: 0.9778, F1: 0.0191
  Predicting class 1: 8.43914%

Epoch 319 | Loss: 0.1363 | Acc: 0.9201
  Class 1 - P: 0.0100, R: 0.9737, F1: 0.0199
  Predicting class 1: 8.06692%

Epoch 320 | Loss: 0.1366 | Acc: 0.9043
  Class 1 - P: 0.0086, R: 0.9926, F1: 0.0170
  Predicting class 1: 9.64837%

Epoch 321 | Loss: 0.1352 | Acc: 0.9000
  Class 1 - P: 0.0082, R: 0.9935, F1: 0.0163
  Predicting class 1: 10.08330%

Epoch 322 | Loss: 0.1356 | Acc: 0.9006
  Class 1 - P: 0.0083, R: 0.9938, F1: 0.0164
  Predicting class 1: 10.02061%

Epoch 323 | Loss: 0.1373 | Acc: 0.9108
  Class 1 - P: 0.0091, R: 0.9876, F1: 0.0181
  Predicting class 1: 8.99700%

Epoch 324 | Loss: 0.1365 | Acc: 0.9110
  Class 1 - P: 0.0091, R: 0.9867, F1: 0.0181
  Predicting class 1: 8.97881%

Epoch 325 | Loss: 0.1363 | Acc: 0.9015
  Class 1 - P: 0.0083, R: 0.9941, F1: 0.0165
  Predicting class 1: 9.92974%

Epoch 326 | Loss: 0.1363 | Acc: 0.9066
  Class 1 - P: 0.0087, R: 0.9893, F1: 0.0173
  Predicting class 1: 9.42044%

Epoch 327 | Loss: 0.1358 | Acc: 0.9089
  Class 1 - P: 0.0090, R: 0.9914, F1: 0.0178
  Predicting class 1: 9.19079%

Epoch 328 | Loss: 0.1352 | Acc: 0.9153
  Class 1 - P: 0.0095, R: 0.9799, F1: 0.0189
  Predicting class 1: 8.55040%

Epoch 329 | Loss: 0.1358 | Acc: 0.9084
  Class 1 - P: 0.0089, R: 0.9917, F1: 0.0177
  Predicting class 1: 9.24450%

Epoch 330 | Loss: 0.1336 | Acc: 0.9062
  Class 1 - P: 0.0087, R: 0.9917, F1: 0.0173
  Predicting class 1: 9.46620%

Epoch 331 | Loss: 0.1355 | Acc: 0.8965
  Class 1 - P: 0.0080, R: 0.9973, F1: 0.0158
  Predicting class 1: 10.42894%

Epoch 332 | Loss: 0.1350 | Acc: 0.8990
  Class 1 - P: 0.0081, R: 0.9962, F1: 0.0161
  Predicting class 1: 10.18755%

Epoch 333 | Loss: 0.1323 | Acc: 0.9252
  Class 1 - P: 0.0107, R: 0.9686, F1: 0.0211
  Predicting class 1: 7.55635%

Epoch 334 | Loss: 0.1356 | Acc: 0.9159
  Class 1 - P: 0.0096, R: 0.9817, F1: 0.0190
  Predicting class 1: 8.49196%

Epoch 335 | Loss: 0.1341 | Acc: 0.8963
  Class 1 - P: 0.0079, R: 0.9976, F1: 0.0158
  Predicting class 1: 10.45505%

Epoch 336 | Loss: 0.1346 | Acc: 0.9019
  Class 1 - P: 0.0084, R: 0.9950, F1: 0.0166
  Predicting class 1: 9.89082%

Epoch 337 | Loss: 0.1338 | Acc: 0.9106
  Class 1 - P: 0.0091, R: 0.9891, F1: 0.0181
  Predicting class 1: 9.02361%

Epoch 338 | Loss: 0.1341 | Acc: 0.9061
  Class 1 - P: 0.0087, R: 0.9917, F1: 0.0173
  Predicting class 1: 9.46809%

Epoch 339 | Loss: 0.1348 | Acc: 0.9200
  Class 1 - P: 0.0100, R: 0.9754, F1: 0.0199
  Predicting class 1: 8.08132%

Epoch 340 | Loss: 0.1351 | Acc: 0.9118
  Class 1 - P: 0.0093, R: 0.9896, F1: 0.0183
  Predicting class 1: 8.89931%

Epoch 341 | Loss: 0.1336 | Acc: 0.8997
  Class 1 - P: 0.0082, R: 0.9956, F1: 0.0162
  Predicting class 1: 10.11296%

Epoch 342 | Loss: 0.1339 | Acc: 0.8972
  Class 1 - P: 0.0080, R: 0.9970, F1: 0.0159
  Predicting class 1: 10.36607%

Epoch 343 | Loss: 0.1327 | Acc: 0.9146
  Class 1 - P: 0.0095, R: 0.9873, F1: 0.0189
  Predicting class 1: 8.62080%

Epoch 344 | Loss: 0.1326 | Acc: 0.9327
  Class 1 - P: 0.0117, R: 0.9580, F1: 0.0231
  Predicting class 1: 6.81034%
  Saved best model (F1: 0.0231)

Epoch 345 | Loss: 0.1349 | Acc: 0.9065
  Class 1 - P: 0.0088, R: 0.9929, F1: 0.0174
  Predicting class 1: 9.43043%

Epoch 346 | Loss: 0.1316 | Acc: 0.9006
  Class 1 - P: 0.0083, R: 0.9947, F1: 0.0164
  Predicting class 1: 10.02617%

Epoch 347 | Loss: 0.1326 | Acc: 0.9086
  Class 1 - P: 0.0089, R: 0.9917, F1: 0.0177
  Predicting class 1: 9.22345%

Epoch 348 | Loss: 0.1319 | Acc: 0.9148
  Class 1 - P: 0.0096, R: 0.9873, F1: 0.0189
  Predicting class 1: 8.59970%

Epoch 349 | Loss: 0.1323 | Acc: 0.9112
  Class 1 - P: 0.0092, R: 0.9885, F1: 0.0182
  Predicting class 1: 8.96269%

Epoch 350 | Loss: 0.1333 | Acc: 0.9221
  Class 1 - P: 0.0103, R: 0.9769, F1: 0.0205
  Predicting class 1: 7.86457%

Epoch 351 | Loss: 0.1315 | Acc: 0.9111
  Class 1 - P: 0.0092, R: 0.9905, F1: 0.0182
  Predicting class 1: 8.96818%

Epoch 352 | Loss: 0.1307 | Acc: 0.9013
  Class 1 - P: 0.0083, R: 0.9959, F1: 0.0165
  Predicting class 1: 9.95637%

Epoch 353 | Loss: 0.1318 | Acc: 0.9032
  Class 1 - P: 0.0085, R: 0.9956, F1: 0.0168
  Predicting class 1: 9.76125%

Epoch 354 | Loss: 0.1306 | Acc: 0.9305
  Class 1 - P: 0.0114, R: 0.9654, F1: 0.0226
  Predicting class 1: 7.02311%

Epoch 355 | Loss: 0.1322 | Acc: 0.9293
  Class 1 - P: 0.0113, R: 0.9669, F1: 0.0223
  Predicting class 1: 7.14527%

Epoch 356 | Loss: 0.1326 | Acc: 0.9006
  Class 1 - P: 0.0083, R: 0.9959, F1: 0.0164
  Predicting class 1: 10.02489%

Epoch 357 | Loss: 0.1326 | Acc: 0.9015
  Class 1 - P: 0.0083, R: 0.9956, F1: 0.0165
  Predicting class 1: 9.93050%

Epoch 358 | Loss: 0.1313 | Acc: 0.9192
  Class 1 - P: 0.0101, R: 0.9870, F1: 0.0199
  Predicting class 1: 8.16543%

Epoch 359 | Loss: 0.1316 | Acc: 0.9225
  Class 1 - P: 0.0104, R: 0.9784, F1: 0.0206
  Predicting class 1: 7.82548%

Epoch 360 | Loss: 0.1311 | Acc: 0.9063
  Class 1 - P: 0.0088, R: 0.9944, F1: 0.0174
  Predicting class 1: 9.45202%

Epoch 361 | Loss: 0.1308 | Acc: 0.9089
  Class 1 - P: 0.0090, R: 0.9947, F1: 0.0178
  Predicting class 1: 9.19278%

Epoch 362 | Loss: 0.1274 | Acc: 0.9199
  Class 1 - P: 0.0101, R: 0.9864, F1: 0.0201
  Predicting class 1: 8.08743%

Epoch 363 | Loss: 0.1301 | Acc: 0.9116
  Class 1 - P: 0.0093, R: 0.9926, F1: 0.0183
  Predicting class 1: 8.92038%

Epoch 364 | Loss: 0.1295 | Acc: 0.9129
  Class 1 - P: 0.0094, R: 0.9896, F1: 0.0186
  Predicting class 1: 8.78766%

Epoch 365 | Loss: 0.1310 | Acc: 0.9127
  Class 1 - P: 0.0094, R: 0.9932, F1: 0.0186
  Predicting class 1: 8.80909%

Epoch 366 | Loss: 0.1286 | Acc: 0.9191
  Class 1 - P: 0.0101, R: 0.9885, F1: 0.0199
  Predicting class 1: 8.16993%

Epoch 367 | Loss: 0.1304 | Acc: 0.9126
  Class 1 - P: 0.0094, R: 0.9929, F1: 0.0186
  Predicting class 1: 8.81837%

Epoch 368 | Loss: 0.1288 | Acc: 0.9097
  Class 1 - P: 0.0091, R: 0.9938, F1: 0.0180
  Predicting class 1: 9.11567%

Epoch 369 | Loss: 0.1297 | Acc: 0.9181
  Class 1 - P: 0.0099, R: 0.9876, F1: 0.0197
  Predicting class 1: 8.27492%

Epoch 370 | Loss: 0.1276 | Acc: 0.9119
  Class 1 - P: 0.0093, R: 0.9929, F1: 0.0184
  Predicting class 1: 8.89180%

Epoch 371 | Loss: 0.1278 | Acc: 0.9097
  Class 1 - P: 0.0091, R: 0.9947, F1: 0.0180
  Predicting class 1: 9.11466%

Epoch 372 | Loss: 0.1288 | Acc: 0.9061
  Class 1 - P: 0.0087, R: 0.9956, F1: 0.0173
  Predicting class 1: 9.47206%

Epoch 373 | Loss: 0.1283 | Acc: 0.9224
  Class 1 - P: 0.0104, R: 0.9814, F1: 0.0206
  Predicting class 1: 7.83996%

Epoch 374 | Loss: 0.1271 | Acc: 0.9363
  Class 1 - P: 0.0124, R: 0.9595, F1: 0.0245
  Predicting class 1: 6.44314%
  Saved best model (F1: 0.0245)

Epoch 375 | Loss: 0.1290 | Acc: 0.9136
  Class 1 - P: 0.0095, R: 0.9932, F1: 0.0188
  Predicting class 1: 8.72297%

Epoch 376 | Loss: 0.1269 | Acc: 0.9044
  Class 1 - P: 0.0086, R: 0.9970, F1: 0.0171
  Predicting class 1: 9.64217%

Epoch 377 | Loss: 0.1276 | Acc: 0.9105
  Class 1 - P: 0.0092, R: 0.9947, F1: 0.0181
  Predicting class 1: 9.03619%

Epoch 378 | Loss: 0.1268 | Acc: 0.9351
  Class 1 - P: 0.0122, R: 0.9630, F1: 0.0241
  Predicting class 1: 6.57032%

Epoch 379 | Loss: 0.1280 | Acc: 0.9330
  Class 1 - P: 0.0118, R: 0.9642, F1: 0.0234
  Predicting class 1: 6.77745%

Epoch 380 | Loss: 0.1274 | Acc: 0.9045
  Class 1 - P: 0.0086, R: 0.9964, F1: 0.0171
  Predicting class 1: 9.63345%

Epoch 381 | Loss: 0.1292 | Acc: 0.9016
  Class 1 - P: 0.0084, R: 0.9967, F1: 0.0166
  Predicting class 1: 9.92240%

Epoch 382 | Loss: 0.1283 | Acc: 0.9171
  Class 1 - P: 0.0099, R: 0.9926, F1: 0.0195
  Predicting class 1: 8.36715%

Epoch 383 | Loss: 0.1277 | Acc: 0.9277
  Class 1 - P: 0.0111, R: 0.9757, F1: 0.0220
  Predicting class 1: 7.30934%

Epoch 384 | Loss: 0.1260 | Acc: 0.9221
  Class 1 - P: 0.0104, R: 0.9805, F1: 0.0205
  Predicting class 1: 7.87156%

Epoch 385 | Loss: 0.1275 | Acc: 0.9143
  Class 1 - P: 0.0095, R: 0.9929, F1: 0.0189
  Predicting class 1: 8.65449%

Epoch 386 | Loss: 0.1266 | Acc: 0.9124
  Class 1 - P: 0.0093, R: 0.9935, F1: 0.0185
  Predicting class 1: 8.84282%

Epoch 387 | Loss: 0.1271 | Acc: 0.9112
  Class 1 - P: 0.0092, R: 0.9947, F1: 0.0183
  Predicting class 1: 8.96687%

Epoch 388 | Loss: 0.1270 | Acc: 0.9101
  Class 1 - P: 0.0091, R: 0.9956, F1: 0.0181
  Predicting class 1: 9.07552%

Epoch 389 | Loss: 0.1247 | Acc: 0.9208
  Class 1 - P: 0.0102, R: 0.9834, F1: 0.0202
  Predicting class 1: 7.99820%

Epoch 390 | Loss: 0.1261 | Acc: 0.9372
  Class 1 - P: 0.0126, R: 0.9609, F1: 0.0248
  Predicting class 1: 6.35768%
  Saved best model (F1: 0.0248)

Epoch 391 | Loss: 0.1272 | Acc: 0.9161
  Class 1 - P: 0.0097, R: 0.9920, F1: 0.0193
  Predicting class 1: 8.46740%

Epoch 392 | Loss: 0.1266 | Acc: 0.9024
  Class 1 - P: 0.0084, R: 0.9979, F1: 0.0167
  Predicting class 1: 9.83982%

Epoch 393 | Loss: 0.1274 | Acc: 0.9093
  Class 1 - P: 0.0091, R: 0.9962, F1: 0.0179
  Predicting class 1: 9.15136%

Epoch 394 | Loss: 0.1265 | Acc: 0.9396
  Class 1 - P: 0.0130, R: 0.9595, F1: 0.0257
  Predicting class 1: 6.11988%
  Saved best model (F1: 0.0257)

Epoch 395 | Loss: 0.1263 | Acc: 0.9402
  Class 1 - P: 0.0131, R: 0.9544, F1: 0.0259
  Predicting class 1: 6.05534%
  Saved best model (F1: 0.0259)

Epoch 396 | Loss: 0.1262 | Acc: 0.9102
  Class 1 - P: 0.0091, R: 0.9953, F1: 0.0181
  Predicting class 1: 9.06090%

Epoch 397 | Loss: 0.1246 | Acc: 0.9080
  Class 1 - P: 0.0089, R: 0.9967, F1: 0.0177
  Predicting class 1: 9.28713%

Epoch 398 | Loss: 0.1257 | Acc: 0.9178
  Class 1 - P: 0.0099, R: 0.9920, F1: 0.0197
  Predicting class 1: 8.30536%

Epoch 399 | Loss: 0.1238 | Acc: 0.9268
  Class 1 - P: 0.0111, R: 0.9837, F1: 0.0219
  Predicting class 1: 7.39668%

Epoch 400 | Loss: 0.1236 | Acc: 0.9323
  Class 1 - P: 0.0118, R: 0.9695, F1: 0.0233
  Predicting class 1: 6.85162%

Epoch 401 | Loss: 0.1239 | Acc: 0.9397
  Class 1 - P: 0.0130, R: 0.9577, F1: 0.0257
  Predicting class 1: 6.10625%

Epoch 402 | Loss: 0.1253 | Acc: 0.9264
  Class 1 - P: 0.0110, R: 0.9843, F1: 0.0218
  Predicting class 1: 7.44268%

Epoch 403 | Loss: 0.1244 | Acc: 0.9067
  Class 1 - P: 0.0088, R: 0.9970, F1: 0.0175
  Predicting class 1: 9.41293%

Epoch 404 | Loss: 0.1227 | Acc: 0.9045
  Class 1 - P: 0.0086, R: 0.9979, F1: 0.0171
  Predicting class 1: 9.63055%

Epoch 405 | Loss: 0.1252 | Acc: 0.9221
  Class 1 - P: 0.0105, R: 0.9896, F1: 0.0207
  Predicting class 1: 7.86740%

Epoch 406 | Loss: 0.1234 | Acc: 0.9401
  Class 1 - P: 0.0131, R: 0.9589, F1: 0.0259
  Predicting class 1: 6.07053%
  Saved best model (F1: 0.0259)

Epoch 407 | Loss: 0.1255 | Acc: 0.9237
  Class 1 - P: 0.0106, R: 0.9834, F1: 0.0210
  Predicting class 1: 7.70815%

Epoch 408 | Loss: 0.1248 | Acc: 0.9035
  Class 1 - P: 0.0085, R: 0.9979, F1: 0.0169
  Predicting class 1: 9.73664%

Epoch 409 | Loss: 0.1249 | Acc: 0.9096
  Class 1 - P: 0.0091, R: 0.9962, F1: 0.0180
  Predicting class 1: 9.12596%

Epoch 410 | Loss: 0.1246 | Acc: 0.9216
  Class 1 - P: 0.0104, R: 0.9899, F1: 0.0206
  Predicting class 1: 7.92096%

Epoch 411 | Loss: 0.1220 | Acc: 0.9278
  Class 1 - P: 0.0112, R: 0.9808, F1: 0.0221
  Predicting class 1: 7.29942%

Epoch 412 | Loss: 0.1245 | Acc: 0.9169
  Class 1 - P: 0.0098, R: 0.9911, F1: 0.0195
  Predicting class 1: 8.38917%

Epoch 413 | Loss: 0.1246 | Acc: 0.9135
  Class 1 - P: 0.0095, R: 0.9953, F1: 0.0188
  Predicting class 1: 8.73259%

Epoch 414 | Loss: 0.1224 | Acc: 0.9235
  Class 1 - P: 0.0106, R: 0.9896, F1: 0.0211
  Predicting class 1: 7.73502%

Epoch 415 | Loss: 0.1228 | Acc: 0.9242
  Class 1 - P: 0.0107, R: 0.9882, F1: 0.0212
  Predicting class 1: 7.65626%

Epoch 416 | Loss: 0.1232 | Acc: 0.9116
  Class 1 - P: 0.0093, R: 0.9950, F1: 0.0184
  Predicting class 1: 8.92306%

Epoch 417 | Loss: 0.1231 | Acc: 0.9167
  Class 1 - P: 0.0098, R: 0.9929, F1: 0.0195
  Predicting class 1: 8.40916%

Epoch 418 | Loss: 0.1227 | Acc: 0.9276
  Class 1 - P: 0.0112, R: 0.9870, F1: 0.0222
  Predicting class 1: 7.31845%

Epoch 419 | Loss: 0.1217 | Acc: 0.9310
  Class 1 - P: 0.0117, R: 0.9849, F1: 0.0232
  Predicting class 1: 6.98060%

Epoch 420 | Loss: 0.1232 | Acc: 0.9138
  Class 1 - P: 0.0095, R: 0.9950, F1: 0.0188
  Predicting class 1: 8.70183%

Epoch 421 | Loss: 0.1220 | Acc: 0.9155
  Class 1 - P: 0.0097, R: 0.9947, F1: 0.0192
  Predicting class 1: 8.53647%

Epoch 422 | Loss: 0.1225 | Acc: 0.9296
  Class 1 - P: 0.0115, R: 0.9828, F1: 0.0227
  Predicting class 1: 7.12444%

Epoch 423 | Loss: 0.1229 | Acc: 0.9276
  Class 1 - P: 0.0112, R: 0.9864, F1: 0.0222
  Predicting class 1: 7.32360%

Epoch 424 | Loss: 0.1221 | Acc: 0.9168
  Class 1 - P: 0.0099, R: 0.9950, F1: 0.0195
  Predicting class 1: 8.39877%

Epoch 425 | Loss: 0.1202 | Acc: 0.9110
  Class 1 - P: 0.0092, R: 0.9964, F1: 0.0183
  Predicting class 1: 8.97906%

Epoch 426 | Loss: 0.1226 | Acc: 0.9270
  Class 1 - P: 0.0111, R: 0.9855, F1: 0.0220
  Predicting class 1: 7.37782%

Epoch 427 | Loss: 0.1198 | Acc: 0.9383
  Class 1 - P: 0.0129, R: 0.9692, F1: 0.0255
  Predicting class 1: 6.24825%

Epoch 428 | Loss: 0.1233 | Acc: 0.9125
  Class 1 - P: 0.0094, R: 0.9964, F1: 0.0186
  Predicting class 1: 8.83526%

Epoch 429 | Loss: 0.1200 | Acc: 0.9043
  Class 1 - P: 0.0086, R: 0.9982, F1: 0.0171
  Predicting class 1: 9.65590%

Epoch 430 | Loss: 0.1230 | Acc: 0.9237
  Class 1 - P: 0.0107, R: 0.9902, F1: 0.0211
  Predicting class 1: 7.71363%

Epoch 431 | Loss: 0.1188 | Acc: 0.9514
  Class 1 - P: 0.0159, R: 0.9456, F1: 0.0314
  Predicting class 1: 4.93271%
  Saved best model (F1: 0.0314)

Epoch 432 | Loss: 0.1224 | Acc: 0.9322
  Class 1 - P: 0.0118, R: 0.9772, F1: 0.0234
  Predicting class 1: 6.86109%

Epoch 433 | Loss: 0.1224 | Acc: 0.9075
  Class 1 - P: 0.0089, R: 0.9979, F1: 0.0176
  Predicting class 1: 9.33119%

Epoch 434 | Loss: 0.1224 | Acc: 0.9126
  Class 1 - P: 0.0094, R: 0.9970, F1: 0.0186
  Predicting class 1: 8.82692%

Epoch 435 | Loss: 0.1204 | Acc: 0.9274
  Class 1 - P: 0.0112, R: 0.9893, F1: 0.0222
  Predicting class 1: 7.34555%

Epoch 436 | Loss: 0.1221 | Acc: 0.9231
  Class 1 - P: 0.0106, R: 0.9914, F1: 0.0210
  Predicting class 1: 7.76976%

Epoch 437 | Loss: 0.1196 | Acc: 0.9179
  Class 1 - P: 0.0100, R: 0.9926, F1: 0.0197
  Predicting class 1: 8.29355%

Epoch 438 | Loss: 0.1211 | Acc: 0.9236
  Class 1 - P: 0.0107, R: 0.9888, F1: 0.0211
  Predicting class 1: 7.72043%

Epoch 439 | Loss: 0.1205 | Acc: 0.9299
  Class 1 - P: 0.0116, R: 0.9849, F1: 0.0228
  Predicting class 1: 7.08983%

Epoch 440 | Loss: 0.1191 | Acc: 0.9213
  Class 1 - P: 0.0104, R: 0.9941, F1: 0.0206
  Predicting class 1: 7.95217%

Epoch 441 | Loss: 0.1200 | Acc: 0.9201
  Class 1 - P: 0.0102, R: 0.9941, F1: 0.0203
  Predicting class 1: 8.06941%

Epoch 442 | Loss: 0.1186 | Acc: 0.9284
  Class 1 - P: 0.0113, R: 0.9846, F1: 0.0224
  Predicting class 1: 7.23863%

Epoch 443 | Loss: 0.1184 | Acc: 0.9361
  Class 1 - P: 0.0125, R: 0.9757, F1: 0.0248
  Predicting class 1: 6.46869%

Epoch 444 | Loss: 0.1189 | Acc: 0.9239
  Class 1 - P: 0.0107, R: 0.9908, F1: 0.0212
  Predicting class 1: 7.68698%

Epoch 445 | Loss: 0.1187 | Acc: 0.9148
  Class 1 - P: 0.0096, R: 0.9962, F1: 0.0191
  Predicting class 1: 8.60256%

Epoch 446 | Loss: 0.1181 | Acc: 0.9215
  Class 1 - P: 0.0104, R: 0.9938, F1: 0.0206
  Predicting class 1: 7.93268%

Epoch 447 | Loss: 0.1177 | Acc: 0.9293
  Class 1 - P: 0.0115, R: 0.9873, F1: 0.0227
  Predicting class 1: 7.15080%

Epoch 448 | Loss: 0.1189 | Acc: 0.9281
  Class 1 - P: 0.0113, R: 0.9876, F1: 0.0223
  Predicting class 1: 7.27141%

Epoch 449 | Loss: 0.1176 | Acc: 0.9222
  Class 1 - P: 0.0105, R: 0.9920, F1: 0.0208
  Predicting class 1: 7.86142%

Epoch 450 | Loss: 0.1183 | Acc: 0.9206
  Class 1 - P: 0.0103, R: 0.9935, F1: 0.0204
  Predicting class 1: 8.01905%

Epoch 451 | Loss: 0.1188 | Acc: 0.9336
  Class 1 - P: 0.0122, R: 0.9831, F1: 0.0241
  Predicting class 1: 6.71612%

Epoch 452 | Loss: 0.1175 | Acc: 0.9359
  Class 1 - P: 0.0125, R: 0.9772, F1: 0.0247
  Predicting class 1: 6.48937%

Epoch 453 | Loss: 0.1180 | Acc: 0.9212
  Class 1 - P: 0.0104, R: 0.9929, F1: 0.0205
  Predicting class 1: 7.96125%

Epoch 454 | Loss: 0.1168 | Acc: 0.9176
  Class 1 - P: 0.0099, R: 0.9959, F1: 0.0197
  Predicting class 1: 8.32724%

Epoch 455 | Loss: 0.1161 | Acc: 0.9263
  Class 1 - P: 0.0111, R: 0.9905, F1: 0.0219
  Predicting class 1: 7.45445%

Epoch 456 | Loss: 0.1168 | Acc: 0.9261
  Class 1 - P: 0.0110, R: 0.9902, F1: 0.0218
  Predicting class 1: 7.46759%

Epoch 457 | Loss: 0.1166 | Acc: 0.9260
  Class 1 - P: 0.0110, R: 0.9893, F1: 0.0218
  Predicting class 1: 7.48132%

Epoch 458 | Loss: 0.1169 | Acc: 0.9228
  Class 1 - P: 0.0106, R: 0.9917, F1: 0.0209
  Predicting class 1: 7.80052%

Epoch 459 | Loss: 0.1180 | Acc: 0.9270
  Class 1 - P: 0.0111, R: 0.9896, F1: 0.0220
  Predicting class 1: 7.38602%

Epoch 460 | Loss: 0.1167 | Acc: 0.9324
  Class 1 - P: 0.0120, R: 0.9849, F1: 0.0237
  Predicting class 1: 6.84384%

Epoch 461 | Loss: 0.1175 | Acc: 0.9291
  Class 1 - P: 0.0114, R: 0.9867, F1: 0.0226
  Predicting class 1: 7.17281%

Epoch 462 | Loss: 0.1166 | Acc: 0.9231
  Class 1 - P: 0.0106, R: 0.9932, F1: 0.0210
  Predicting class 1: 7.77492%

Epoch 463 | Loss: 0.1168 | Acc: 0.9186
  Class 1 - P: 0.0101, R: 0.9956, F1: 0.0199
  Predicting class 1: 8.22441%

Epoch 464 | Loss: 0.1181 | Acc: 0.9340
  Class 1 - P: 0.0122, R: 0.9840, F1: 0.0242
  Predicting class 1: 6.68545%

Epoch 465 | Loss: 0.1164 | Acc: 0.9374
  Class 1 - P: 0.0128, R: 0.9784, F1: 0.0254
  Predicting class 1: 6.33728%

Epoch 466 | Loss: 0.1157 | Acc: 0.9239
  Class 1 - P: 0.0107, R: 0.9923, F1: 0.0212
  Predicting class 1: 7.69111%

Epoch 467 | Loss: 0.1164 | Acc: 0.9191
  Class 1 - P: 0.0101, R: 0.9953, F1: 0.0201
  Predicting class 1: 8.17368%

Epoch 468 | Loss: 0.1160 | Acc: 0.9326
  Class 1 - P: 0.0120, R: 0.9846, F1: 0.0237
  Predicting class 1: 6.81885%

Epoch 469 | Loss: 0.1153 | Acc: 0.9408
  Class 1 - P: 0.0135, R: 0.9749, F1: 0.0267
  Predicting class 1: 5.99573%

Epoch 470 | Loss: 0.1162 | Acc: 0.9206
  Class 1 - P: 0.0103, R: 0.9953, F1: 0.0204
  Predicting class 1: 8.02198%

Epoch 471 | Loss: 0.1152 | Acc: 0.9155
  Class 1 - P: 0.0097, R: 0.9973, F1: 0.0193
  Predicting class 1: 8.53172%

Epoch 472 | Loss: 0.1166 | Acc: 0.9362
  Class 1 - P: 0.0126, R: 0.9802, F1: 0.0249
  Predicting class 1: 6.46404%

Epoch 473 | Loss: 0.1167 | Acc: 0.9402
  Class 1 - P: 0.0134, R: 0.9743, F1: 0.0264
  Predicting class 1: 6.06169%

Epoch 474 | Loss: 0.1155 | Acc: 0.9256
  Class 1 - P: 0.0110, R: 0.9920, F1: 0.0217
  Predicting class 1: 7.52625%

Epoch 475 | Loss: 0.1146 | Acc: 0.9194
  Class 1 - P: 0.0102, R: 0.9962, F1: 0.0201
  Predicting class 1: 8.14724%

Epoch 476 | Loss: 0.1151 | Acc: 0.9168
  Class 1 - P: 0.0099, R: 0.9979, F1: 0.0196
  Predicting class 1: 8.39897%

Epoch 477 | Loss: 0.1157 | Acc: 0.9308
  Class 1 - P: 0.0118, R: 0.9888, F1: 0.0232
  Predicting class 1: 6.99817%

Epoch 478 | Loss: 0.1142 | Acc: 0.9412
  Class 1 - P: 0.0136, R: 0.9722, F1: 0.0268
  Predicting class 1: 5.96321%

Epoch 479 | Loss: 0.1172 | Acc: 0.9246
  Class 1 - P: 0.0108, R: 0.9926, F1: 0.0214
  Predicting class 1: 7.61764%

Epoch 480 | Loss: 0.1162 | Acc: 0.9259
  Class 1 - P: 0.0110, R: 0.9926, F1: 0.0218
  Predicting class 1: 7.49016%

Epoch 481 | Loss: 0.1143 | Acc: 0.9355
  Class 1 - P: 0.0126, R: 0.9858, F1: 0.0248
  Predicting class 1: 6.53473%

Epoch 482 | Loss: 0.1153 | Acc: 0.9298
  Class 1 - P: 0.0116, R: 0.9902, F1: 0.0229
  Predicting class 1: 7.09759%

Epoch 483 | Loss: 0.1129 | Acc: 0.9246
  Class 1 - P: 0.0108, R: 0.9938, F1: 0.0215
  Predicting class 1: 7.62062%

Epoch 484 | Loss: 0.1149 | Acc: 0.9373
  Class 1 - P: 0.0128, R: 0.9793, F1: 0.0253
  Predicting class 1: 6.34496%

Epoch 485 | Loss: 0.1144 | Acc: 0.9348
  Class 1 - P: 0.0124, R: 0.9849, F1: 0.0245
  Predicting class 1: 6.59900%

Epoch 486 | Loss: 0.1118 | Acc: 0.9236
  Class 1 - P: 0.0107, R: 0.9947, F1: 0.0212
  Predicting class 1: 7.72314%

Epoch 487 | Loss: 0.1139 | Acc: 0.9245
  Class 1 - P: 0.0108, R: 0.9950, F1: 0.0215
  Predicting class 1: 7.63295%

Epoch 488 | Loss: 0.1144 | Acc: 0.9277
  Class 1 - P: 0.0113, R: 0.9920, F1: 0.0223
  Predicting class 1: 7.31392%

Epoch 489 | Loss: 0.1124 | Acc: 0.9295
  Class 1 - P: 0.0116, R: 0.9902, F1: 0.0228
  Predicting class 1: 7.13229%

Epoch 490 | Loss: 0.1126 | Acc: 0.9333
  Class 1 - P: 0.0122, R: 0.9867, F1: 0.0240
  Predicting class 1: 6.74804%

Epoch 491 | Loss: 0.1145 | Acc: 0.9293
  Class 1 - P: 0.0115, R: 0.9905, F1: 0.0228
  Predicting class 1: 7.14741%

Epoch 492 | Loss: 0.1121 | Acc: 0.9318
  Class 1 - P: 0.0119, R: 0.9882, F1: 0.0236
  Predicting class 1: 6.89720%

Epoch 493 | Loss: 0.1112 | Acc: 0.9308
  Class 1 - P: 0.0118, R: 0.9893, F1: 0.0232
  Predicting class 1: 7.00437%

Epoch 494 | Loss: 0.1133 | Acc: 0.9331
  Class 1 - P: 0.0121, R: 0.9879, F1: 0.0240
  Predicting class 1: 6.77440%

Epoch 495 | Loss: 0.1132 | Acc: 0.9345
  Class 1 - P: 0.0124, R: 0.9873, F1: 0.0245
  Predicting class 1: 6.63304%

Epoch 496 | Loss: 0.1123 | Acc: 0.9246
  Class 1 - P: 0.0109, R: 0.9944, F1: 0.0215
  Predicting class 1: 7.62281%

Epoch 497 | Loss: 0.1116 | Acc: 0.9295
  Class 1 - P: 0.0116, R: 0.9911, F1: 0.0229
  Predicting class 1: 7.12735%

Epoch 498 | Loss: 0.1117 | Acc: 0.9279
  Class 1 - P: 0.0113, R: 0.9932, F1: 0.0224
  Predicting class 1: 7.28958%

Epoch 499 | Loss: 0.1124 | Acc: 0.9386
  Class 1 - P: 0.0131, R: 0.9814, F1: 0.0259
  Predicting class 1: 6.22215%

============================================================
TRAINING COMPLETE
============================================================
Class 0: 1013872 (99.82%)
Class 1: 1797 (0.18%)

============================================================
TEST SET RESULTS
============================================================
Overall Accuracy: 0.9596
AUC-ROC: 0.9646

Confusion Matrix:
  TN:  973298  FP:   40574
  FN:     444  TP:    1353

Class 0 (Legitimate):
  Precision: 0.9995
  Recall: 0.9600

Class 1 (Laundering):
  Precision: 0.0323
  Recall: 0.7529
  F1 Score: 0.0619
============================================================

============================================================
EVALUATION COMPLETE
============================================================
==========================================
Training completed successfully!
Output saved to: ./saved_models/
==========================================
Job completed at: Fri Nov 14 11:58:31 AM +08 2025
==========================================
