==========================================
Job ID: 284317
Job Name: dgl_gnn_train
Node: xgpi9
Start Time: Fri Nov 14 05:22:21 PM +08 2025
GPU Information:
Fri Nov 14 17:22:21 2025       
+-----------------------------------------------------------------------------------------+
| NVIDIA-SMI 575.57.08              Driver Version: 575.57.08      CUDA Version: 12.9     |
|-----------------------------------------+------------------------+----------------------+
| GPU  Name                 Persistence-M | Bus-Id          Disp.A | Volatile Uncorr. ECC |
| Fan  Temp   Perf          Pwr:Usage/Cap |           Memory-Usage | GPU-Util  Compute M. |
|                                         |                        |               MIG M. |
|=========================================+========================+======================|
|   0  NVIDIA H100 NVL                On  |   00000000:E3:00.0 Off |                    0 |
| N/A   42C    P0             69W /  400W |       0MiB /  95830MiB |      0%      Default |
|                                         |                        |             Disabled |
+-----------------------------------------+------------------------+----------------------+
                                                                                         
+-----------------------------------------------------------------------------------------+
| Processes:                                                                              |
|  GPU   GI   CI              PID   Type   Process name                        GPU Memory |
|        ID   ID                                                               Usage      |
|=========================================================================================|
|  No running processes found                                                             |
+-----------------------------------------------------------------------------------------+
==========================================
Conda environment 'aml_project_new' already exists. Activating it...
Working directory: /home/l/linchieh/AML-GNN-project/classifier_src_soc
==========================================
Starting fine-tuning...
Output directory: ./saved_models/
Epochs: 500
Learning rate: 1e-4
==========================================
Preparing dataset
Warning: Looks like you're using an outdated `kagglehub` version, please consider updating (latest version: 0.3.13)
Path to dataset files: /home/l/linchieh/.cache/kagglehub/datasets/ealtman2019/ibm-transactions-for-anti-money-laundering-aml/versions/8
Begin main loop
CUDA available: True
Loading HI-Small...


Loading transactions from: /home/l/linchieh/.cache/kagglehub/datasets/ealtman2019/ibm-transactions-for-anti-money-laundering-aml/versions/8/HI-Small_Trans.csv
File size: 453.6 MB

Loaded 5,078,345 transactions
Date range: 2022-09-01 00:00:00 to 2022-09-18 16:18:00
Laundering transactions: 5,177 (0.102%)
============================================================
TEMPORAL TRAIN/TEST SPLIT
============================================================

Train Set:
  Date range: 2022-09-01 00:00:00 to 2022-09-08 16:12:00
  Transactions: 4,062,676
  Laundering: 3,380 (0.083%)

Test Set:
  Date range: 2022-09-08 16:12:00 to 2022-09-18 16:18:00
  Transactions: 1,015,669
  Laundering: 1,797 (0.177%)
============================================================
Number of nodes: 515080
Number of edges: 4062676
Number of nodes: 515080
Number of edges: 1015669
Class weights: tensor([ 1., 80.], device='cuda:0')

============================================================
TRAINING
============================================================

Epoch   0 | Loss: 0.7048 | Acc: 0.2543
  Class 1 - P: 0.0008, R: 0.7370, F1: 0.0016
  Predicting class 1: 74.61045%
  Saved best model (F1: 0.0016)

Epoch   1 | Loss: 0.6944 | Acc: 0.7581
  Class 1 - P: 0.0017, R: 0.4808, F1: 0.0033
  Predicting class 1: 24.18635%
  Saved best model (F1: 0.0033)

Epoch   2 | Loss: 0.6859 | Acc: 0.8605
  Class 1 - P: 0.0021, R: 0.3521, F1: 0.0042
  Predicting class 1: 13.92828%
  Saved best model (F1: 0.0042)

Epoch   3 | Loss: 0.6786 | Acc: 0.9104
  Class 1 - P: 0.0027, R: 0.2947, F1: 0.0054
  Predicting class 1: 8.92161%
  Saved best model (F1: 0.0054)

Epoch   4 | Loss: 0.6714 | Acc: 0.9296
  Class 1 - P: 0.0032, R: 0.2669, F1: 0.0063
  Predicting class 1: 6.99716%
  Saved best model (F1: 0.0063)

Epoch   5 | Loss: 0.6642 | Acc: 0.9385
  Class 1 - P: 0.0036, R: 0.2618, F1: 0.0070
  Predicting class 1: 6.11368%
  Saved best model (F1: 0.0070)

Epoch   6 | Loss: 0.6576 | Acc: 0.9459
  Class 1 - P: 0.0042, R: 0.2713, F1: 0.0083
  Predicting class 1: 5.37028%
  Saved best model (F1: 0.0083)

Epoch   7 | Loss: 0.6508 | Acc: 0.9510
  Class 1 - P: 0.0050, R: 0.2950, F1: 0.0099
  Predicting class 1: 4.86440%
  Saved best model (F1: 0.0099)

Epoch   8 | Loss: 0.6437 | Acc: 0.9507
  Class 1 - P: 0.0054, R: 0.3186, F1: 0.0106
  Predicting class 1: 4.90349%
  Saved best model (F1: 0.0106)

Epoch   9 | Loss: 0.6357 | Acc: 0.9459
  Class 1 - P: 0.0054, R: 0.3488, F1: 0.0106
  Predicting class 1: 5.37985%

Epoch  10 | Loss: 0.6290 | Acc: 0.9373
  Class 1 - P: 0.0051, R: 0.3825, F1: 0.0101
  Predicting class 1: 6.25012%

Epoch  11 | Loss: 0.6207 | Acc: 0.9289
  Class 1 - P: 0.0049, R: 0.4210, F1: 0.0098
  Predicting class 1: 7.10143%

Epoch  12 | Loss: 0.6131 | Acc: 0.9164
  Class 1 - P: 0.0046, R: 0.4577, F1: 0.0090
  Predicting class 1: 8.35407%

Epoch  13 | Loss: 0.6051 | Acc: 0.8755
  Class 1 - P: 0.0036, R: 0.5391, F1: 0.0072
  Predicting class 1: 12.45716%

Epoch  14 | Loss: 0.5974 | Acc: 0.8252
  Class 1 - P: 0.0030, R: 0.6225, F1: 0.0059
  Predicting class 1: 17.50021%

Epoch  15 | Loss: 0.5887 | Acc: 0.8099
  Class 1 - P: 0.0028, R: 0.6515, F1: 0.0057
  Predicting class 1: 19.03536%

Epoch  16 | Loss: 0.5810 | Acc: 0.8043
  Class 1 - P: 0.0028, R: 0.6657, F1: 0.0056
  Predicting class 1: 19.59302%

Epoch  17 | Loss: 0.5732 | Acc: 0.8016
  Class 1 - P: 0.0028, R: 0.6757, F1: 0.0056
  Predicting class 1: 19.86942%

Epoch  18 | Loss: 0.5642 | Acc: 0.7994
  Class 1 - P: 0.0028, R: 0.6864, F1: 0.0057
  Predicting class 1: 20.08632%

Epoch  19 | Loss: 0.5574 | Acc: 0.7964
  Class 1 - P: 0.0028, R: 0.6950, F1: 0.0056
  Predicting class 1: 20.39540%

Epoch  20 | Loss: 0.5491 | Acc: 0.7921
  Class 1 - P: 0.0028, R: 0.7074, F1: 0.0056
  Predicting class 1: 20.82903%

Epoch  21 | Loss: 0.5393 | Acc: 0.7882
  Class 1 - P: 0.0028, R: 0.7198, F1: 0.0056
  Predicting class 1: 21.21291%

Epoch  22 | Loss: 0.5306 | Acc: 0.7871
  Class 1 - P: 0.0028, R: 0.7284, F1: 0.0057
  Predicting class 1: 21.33099%

Epoch  23 | Loss: 0.5236 | Acc: 0.7899
  Class 1 - P: 0.0029, R: 0.7293, F1: 0.0057
  Predicting class 1: 21.04431%

Epoch  24 | Loss: 0.5150 | Acc: 0.7977
  Class 1 - P: 0.0030, R: 0.7243, F1: 0.0059
  Predicting class 1: 20.27124%

Epoch  25 | Loss: 0.5078 | Acc: 0.8077
  Class 1 - P: 0.0031, R: 0.7166, F1: 0.0062
  Predicting class 1: 19.26161%

Epoch  26 | Loss: 0.4998 | Acc: 0.8150
  Class 1 - P: 0.0032, R: 0.7098, F1: 0.0063
  Predicting class 1: 18.53926%

Epoch  27 | Loss: 0.4931 | Acc: 0.8175
  Class 1 - P: 0.0032, R: 0.7107, F1: 0.0064
  Predicting class 1: 18.28482%

Epoch  28 | Loss: 0.4843 | Acc: 0.8156
  Class 1 - P: 0.0032, R: 0.7213, F1: 0.0065
  Predicting class 1: 18.47186%

Epoch  29 | Loss: 0.4774 | Acc: 0.8138
  Class 1 - P: 0.0033, R: 0.7290, F1: 0.0065
  Predicting class 1: 18.65684%

Epoch  30 | Loss: 0.4718 | Acc: 0.8144
  Class 1 - P: 0.0033, R: 0.7358, F1: 0.0066
  Predicting class 1: 18.59459%

Epoch  31 | Loss: 0.4680 | Acc: 0.8146
  Class 1 - P: 0.0033, R: 0.7417, F1: 0.0066
  Predicting class 1: 18.57783%

Epoch  32 | Loss: 0.4634 | Acc: 0.8135
  Class 1 - P: 0.0033, R: 0.7506, F1: 0.0067
  Predicting class 1: 18.68943%

Epoch  33 | Loss: 0.4585 | Acc: 0.8115
  Class 1 - P: 0.0033, R: 0.7592, F1: 0.0067
  Predicting class 1: 18.89811%

Epoch  34 | Loss: 0.4538 | Acc: 0.8135
  Class 1 - P: 0.0034, R: 0.7595, F1: 0.0067
  Predicting class 1: 18.69470%

Epoch  35 | Loss: 0.4489 | Acc: 0.8197
  Class 1 - P: 0.0035, R: 0.7533, F1: 0.0069
  Predicting class 1: 18.07503%

Epoch  36 | Loss: 0.4437 | Acc: 0.8232
  Class 1 - P: 0.0035, R: 0.7506, F1: 0.0070
  Predicting class 1: 17.72157%

Epoch  37 | Loss: 0.4412 | Acc: 0.8218
  Class 1 - P: 0.0035, R: 0.7556, F1: 0.0070
  Predicting class 1: 17.86726%

Epoch  38 | Loss: 0.4381 | Acc: 0.8249
  Class 1 - P: 0.0036, R: 0.7568, F1: 0.0071
  Predicting class 1: 17.54794%

Epoch  39 | Loss: 0.4353 | Acc: 0.8324
  Class 1 - P: 0.0037, R: 0.7506, F1: 0.0074
  Predicting class 1: 16.80604%

Epoch  40 | Loss: 0.4295 | Acc: 0.8329
  Class 1 - P: 0.0037, R: 0.7544, F1: 0.0075
  Predicting class 1: 16.74985%

Epoch  41 | Loss: 0.4252 | Acc: 0.8315
  Class 1 - P: 0.0037, R: 0.7601, F1: 0.0074
  Predicting class 1: 16.89261%

Epoch  42 | Loss: 0.4232 | Acc: 0.8342
  Class 1 - P: 0.0038, R: 0.7627, F1: 0.0076
  Predicting class 1: 16.62141%

Epoch  43 | Loss: 0.4193 | Acc: 0.8424
  Class 1 - P: 0.0040, R: 0.7556, F1: 0.0079
  Predicting class 1: 15.79951%

Epoch  44 | Loss: 0.4128 | Acc: 0.8465
  Class 1 - P: 0.0041, R: 0.7550, F1: 0.0081
  Predicting class 1: 15.39242%

Epoch  45 | Loss: 0.4117 | Acc: 0.8458
  Class 1 - P: 0.0041, R: 0.7645, F1: 0.0082
  Predicting class 1: 15.46301%

Epoch  46 | Loss: 0.4070 | Acc: 0.8515
  Class 1 - P: 0.0042, R: 0.7604, F1: 0.0085
  Predicting class 1: 14.88868%

Epoch  47 | Loss: 0.4023 | Acc: 0.8557
  Class 1 - P: 0.0043, R: 0.7565, F1: 0.0086
  Predicting class 1: 14.47580%

Epoch  48 | Loss: 0.3985 | Acc: 0.8495
  Class 1 - P: 0.0043, R: 0.7746, F1: 0.0085
  Predicting class 1: 15.09589%

Epoch  49 | Loss: 0.3948 | Acc: 0.8530
  Class 1 - P: 0.0044, R: 0.7710, F1: 0.0087
  Predicting class 1: 14.74594%

Epoch  50 | Loss: 0.3918 | Acc: 0.8560
  Class 1 - P: 0.0044, R: 0.7719, F1: 0.0088
  Predicting class 1: 14.44865%

Epoch  51 | Loss: 0.3885 | Acc: 0.8570
  Class 1 - P: 0.0045, R: 0.7757, F1: 0.0089
  Predicting class 1: 14.34577%

Epoch  52 | Loss: 0.3846 | Acc: 0.8586
  Class 1 - P: 0.0046, R: 0.7796, F1: 0.0091
  Predicting class 1: 14.18494%

Epoch  53 | Loss: 0.3788 | Acc: 0.8636
  Class 1 - P: 0.0047, R: 0.7757, F1: 0.0094
  Predicting class 1: 13.68170%

Epoch  54 | Loss: 0.3764 | Acc: 0.8555
  Class 1 - P: 0.0046, R: 0.7979, F1: 0.0091
  Predicting class 1: 14.49682%

Epoch  55 | Loss: 0.3734 | Acc: 0.8611
  Class 1 - P: 0.0047, R: 0.7896, F1: 0.0094
  Predicting class 1: 13.93855%

Epoch  56 | Loss: 0.3676 | Acc: 0.8564
  Class 1 - P: 0.0046, R: 0.8041, F1: 0.0092
  Predicting class 1: 14.40590%

Epoch  57 | Loss: 0.3634 | Acc: 0.8516
  Class 1 - P: 0.0046, R: 0.8186, F1: 0.0091
  Predicting class 1: 14.89796%

Epoch  58 | Loss: 0.3588 | Acc: 0.8597
  Class 1 - P: 0.0048, R: 0.8053, F1: 0.0095
  Predicting class 1: 14.08000%

Epoch  59 | Loss: 0.3573 | Acc: 0.8478
  Class 1 - P: 0.0046, R: 0.8370, F1: 0.0091
  Predicting class 1: 15.27707%

Epoch  60 | Loss: 0.3521 | Acc: 0.8610
  Class 1 - P: 0.0049, R: 0.8160, F1: 0.0097
  Predicting class 1: 13.95698%

Epoch  61 | Loss: 0.3495 | Acc: 0.8568
  Class 1 - P: 0.0048, R: 0.8284, F1: 0.0095
  Predicting class 1: 14.37924%

Epoch  62 | Loss: 0.3452 | Acc: 0.8526
  Class 1 - P: 0.0047, R: 0.8382, F1: 0.0094
  Predicting class 1: 14.79143%

Epoch  63 | Loss: 0.3417 | Acc: 0.8686
  Class 1 - P: 0.0051, R: 0.8124, F1: 0.0102
  Predicting class 1: 13.18796%

Epoch  64 | Loss: 0.3359 | Acc: 0.8431
  Class 1 - P: 0.0046, R: 0.8654, F1: 0.0091
  Predicting class 1: 15.74674%

Epoch  65 | Loss: 0.3350 | Acc: 0.8573
  Class 1 - P: 0.0049, R: 0.8426, F1: 0.0097
  Predicting class 1: 14.32876%

Epoch  66 | Loss: 0.3301 | Acc: 0.8583
  Class 1 - P: 0.0049, R: 0.8447, F1: 0.0098
  Predicting class 1: 14.22700%

Epoch  67 | Loss: 0.3276 | Acc: 0.8456
  Class 1 - P: 0.0047, R: 0.8740, F1: 0.0093
  Predicting class 1: 15.50581%

Epoch  68 | Loss: 0.3240 | Acc: 0.8737
  Class 1 - P: 0.0054, R: 0.8257, F1: 0.0108
  Predicting class 1: 12.68174%
  Saved best model (F1: 0.0108)

Epoch  69 | Loss: 0.3176 | Acc: 0.8599
  Class 1 - P: 0.0051, R: 0.8568, F1: 0.0101
  Predicting class 1: 14.06817%

Epoch  70 | Loss: 0.3149 | Acc: 0.8488
  Class 1 - P: 0.0048, R: 0.8781, F1: 0.0096
  Predicting class 1: 15.18731%

Epoch  71 | Loss: 0.3139 | Acc: 0.8743
  Class 1 - P: 0.0055, R: 0.8317, F1: 0.0109
  Predicting class 1: 12.62092%
  Saved best model (F1: 0.0109)

Epoch  72 | Loss: 0.3124 | Acc: 0.8527
  Class 1 - P: 0.0050, R: 0.8817, F1: 0.0099
  Predicting class 1: 14.78941%

Epoch  73 | Loss: 0.3045 | Acc: 0.8526
  Class 1 - P: 0.0050, R: 0.8861, F1: 0.0099
  Predicting class 1: 14.80015%

Epoch  74 | Loss: 0.3019 | Acc: 0.8741
  Class 1 - P: 0.0056, R: 0.8476, F1: 0.0111
  Predicting class 1: 12.64863%
  Saved best model (F1: 0.0111)

Epoch  75 | Loss: 0.2995 | Acc: 0.8604
  Class 1 - P: 0.0052, R: 0.8802, F1: 0.0104
  Predicting class 1: 14.02785%

Epoch  76 | Loss: 0.2948 | Acc: 0.8583
  Class 1 - P: 0.0052, R: 0.8888, F1: 0.0103
  Predicting class 1: 14.23192%

Epoch  77 | Loss: 0.2936 | Acc: 0.8803
  Class 1 - P: 0.0059, R: 0.8485, F1: 0.0117
  Predicting class 1: 12.03064%
  Saved best model (F1: 0.0117)

Epoch  78 | Loss: 0.2913 | Acc: 0.8605
  Class 1 - P: 0.0053, R: 0.8920, F1: 0.0105
  Predicting class 1: 14.01857%

Epoch  79 | Loss: 0.2879 | Acc: 0.8561
  Class 1 - P: 0.0052, R: 0.9041, F1: 0.0103
  Predicting class 1: 14.45700%

Epoch  80 | Loss: 0.2861 | Acc: 0.8733
  Class 1 - P: 0.0057, R: 0.8692, F1: 0.0113
  Predicting class 1: 12.72676%

Epoch  81 | Loss: 0.2841 | Acc: 0.8605
  Class 1 - P: 0.0053, R: 0.9012, F1: 0.0106
  Predicting class 1: 14.01980%

Epoch  82 | Loss: 0.2789 | Acc: 0.8618
  Class 1 - P: 0.0054, R: 0.9012, F1: 0.0107
  Predicting class 1: 13.88619%

Epoch  83 | Loss: 0.2762 | Acc: 0.8805
  Class 1 - P: 0.0060, R: 0.8672, F1: 0.0119
  Predicting class 1: 12.01600%
  Saved best model (F1: 0.0119)

Epoch  84 | Loss: 0.2768 | Acc: 0.8598
  Class 1 - P: 0.0054, R: 0.9098, F1: 0.0107
  Predicting class 1: 14.08621%

Epoch  85 | Loss: 0.2738 | Acc: 0.8612
  Class 1 - P: 0.0054, R: 0.9104, F1: 0.0108
  Predicting class 1: 13.94701%

Epoch  86 | Loss: 0.2691 | Acc: 0.8772
  Class 1 - P: 0.0059, R: 0.8808, F1: 0.0118
  Predicting class 1: 12.33849%

Epoch  87 | Loss: 0.2678 | Acc: 0.8611
  Class 1 - P: 0.0055, R: 0.9160, F1: 0.0109
  Predicting class 1: 13.95829%

Epoch  88 | Loss: 0.2650 | Acc: 0.8692
  Class 1 - P: 0.0057, R: 0.9041, F1: 0.0114
  Predicting class 1: 13.15222%

Epoch  89 | Loss: 0.2625 | Acc: 0.8858
  Class 1 - P: 0.0064, R: 0.8775, F1: 0.0126
  Predicting class 1: 11.47999%
  Saved best model (F1: 0.0126)

Epoch  90 | Loss: 0.2597 | Acc: 0.8659
  Class 1 - P: 0.0057, R: 0.9172, F1: 0.0113
  Predicting class 1: 13.47786%

Epoch  91 | Loss: 0.2571 | Acc: 0.8661
  Class 1 - P: 0.0057, R: 0.9163, F1: 0.0113
  Predicting class 1: 13.46172%

Epoch  92 | Loss: 0.2547 | Acc: 0.8748
  Class 1 - P: 0.0060, R: 0.9024, F1: 0.0119
  Predicting class 1: 12.58264%

Epoch  93 | Loss: 0.2527 | Acc: 0.8619
  Class 1 - P: 0.0056, R: 0.9311, F1: 0.0111
  Predicting class 1: 13.88321%

Epoch  94 | Loss: 0.2526 | Acc: 0.8728
  Class 1 - P: 0.0059, R: 0.9127, F1: 0.0118
  Predicting class 1: 12.78374%

Epoch  95 | Loss: 0.2491 | Acc: 0.8863
  Class 1 - P: 0.0065, R: 0.8923, F1: 0.0129
  Predicting class 1: 11.44012%
  Saved best model (F1: 0.0129)

Epoch  96 | Loss: 0.2448 | Acc: 0.8667
  Class 1 - P: 0.0058, R: 0.9278, F1: 0.0114
  Predicting class 1: 13.40424%

Epoch  97 | Loss: 0.2456 | Acc: 0.8718
  Class 1 - P: 0.0060, R: 0.9234, F1: 0.0118
  Predicting class 1: 12.88660%

Epoch  98 | Loss: 0.2435 | Acc: 0.8743
  Class 1 - P: 0.0061, R: 0.9195, F1: 0.0120
  Predicting class 1: 12.64312%

Epoch  99 | Loss: 0.2419 | Acc: 0.8700
  Class 1 - P: 0.0059, R: 0.9290, F1: 0.0117
  Predicting class 1: 13.07515%

Epoch 100 | Loss: 0.2397 | Acc: 0.8852
  Class 1 - P: 0.0065, R: 0.9027, F1: 0.0129
  Predicting class 1: 11.55165%
  Saved best model (F1: 0.0129)

Epoch 101 | Loss: 0.2365 | Acc: 0.8771
  Class 1 - P: 0.0062, R: 0.9207, F1: 0.0123
  Predicting class 1: 12.36498%

Epoch 102 | Loss: 0.2343 | Acc: 0.8694
  Class 1 - P: 0.0059, R: 0.9373, F1: 0.0118
  Predicting class 1: 13.13617%

Epoch 103 | Loss: 0.2340 | Acc: 0.8781
  Class 1 - P: 0.0062, R: 0.9201, F1: 0.0124
  Predicting class 1: 12.26155%

Epoch 104 | Loss: 0.2318 | Acc: 0.8659
  Class 1 - P: 0.0058, R: 0.9479, F1: 0.0116
  Predicting class 1: 13.48156%

Epoch 105 | Loss: 0.2328 | Acc: 0.8771
  Class 1 - P: 0.0062, R: 0.9254, F1: 0.0124
  Predicting class 1: 12.35927%

Epoch 106 | Loss: 0.2275 | Acc: 0.8810
  Class 1 - P: 0.0064, R: 0.9204, F1: 0.0127
  Predicting class 1: 11.96561%

Epoch 107 | Loss: 0.2255 | Acc: 0.8732
  Class 1 - P: 0.0061, R: 0.9370, F1: 0.0121
  Predicting class 1: 12.75039%

Epoch 108 | Loss: 0.2235 | Acc: 0.8881
  Class 1 - P: 0.0067, R: 0.9107, F1: 0.0134
  Predicting class 1: 11.26282%
  Saved best model (F1: 0.0134)

Epoch 109 | Loss: 0.2255 | Acc: 0.8668
  Class 1 - P: 0.0059, R: 0.9530, F1: 0.0118
  Predicting class 1: 13.39125%

Epoch 110 | Loss: 0.2241 | Acc: 0.8899
  Class 1 - P: 0.0069, R: 0.9139, F1: 0.0136
  Predicting class 1: 11.07770%
  Saved best model (F1: 0.0136)

Epoch 111 | Loss: 0.2207 | Acc: 0.8842
  Class 1 - P: 0.0066, R: 0.9257, F1: 0.0131
  Predicting class 1: 11.65328%

Epoch 112 | Loss: 0.2190 | Acc: 0.8736
  Class 1 - P: 0.0062, R: 0.9470, F1: 0.0123
  Predicting class 1: 12.71280%

Epoch 113 | Loss: 0.2160 | Acc: 0.8871
  Class 1 - P: 0.0067, R: 0.9201, F1: 0.0134
  Predicting class 1: 11.36002%

Epoch 114 | Loss: 0.2165 | Acc: 0.8692
  Class 1 - P: 0.0060, R: 0.9562, F1: 0.0120
  Predicting class 1: 13.15827%

Epoch 115 | Loss: 0.2158 | Acc: 0.8792
  Class 1 - P: 0.0064, R: 0.9414, F1: 0.0128
  Predicting class 1: 12.15110%

Epoch 116 | Loss: 0.2145 | Acc: 0.8951
  Class 1 - P: 0.0072, R: 0.9154, F1: 0.0143
  Predicting class 1: 10.55629%
  Saved best model (F1: 0.0143)

Epoch 117 | Loss: 0.2119 | Acc: 0.8768
  Class 1 - P: 0.0064, R: 0.9467, F1: 0.0126
  Predicting class 1: 12.39456%

Epoch 118 | Loss: 0.2114 | Acc: 0.8859
  Class 1 - P: 0.0068, R: 0.9328, F1: 0.0134
  Predicting class 1: 11.48425%

Epoch 119 | Loss: 0.2107 | Acc: 0.8788
  Class 1 - P: 0.0065, R: 0.9470, F1: 0.0128
  Predicting class 1: 12.19182%

Epoch 120 | Loss: 0.2090 | Acc: 0.8733
  Class 1 - P: 0.0063, R: 0.9577, F1: 0.0124
  Predicting class 1: 12.74756%

Epoch 121 | Loss: 0.2094 | Acc: 0.8861
  Class 1 - P: 0.0068, R: 0.9349, F1: 0.0135
  Predicting class 1: 11.46023%

Epoch 122 | Loss: 0.2054 | Acc: 0.8897
  Class 1 - P: 0.0070, R: 0.9322, F1: 0.0139
  Predicting class 1: 11.10418%

Epoch 123 | Loss: 0.2044 | Acc: 0.8791
  Class 1 - P: 0.0065, R: 0.9512, F1: 0.0129
  Predicting class 1: 12.16063%

Epoch 124 | Loss: 0.2036 | Acc: 0.8834
  Class 1 - P: 0.0067, R: 0.9435, F1: 0.0133
  Predicting class 1: 11.73559%

Epoch 125 | Loss: 0.2020 | Acc: 0.8805
  Class 1 - P: 0.0066, R: 0.9541, F1: 0.0131
  Predicting class 1: 12.02587%

Epoch 126 | Loss: 0.2014 | Acc: 0.8756
  Class 1 - P: 0.0064, R: 0.9612, F1: 0.0127
  Predicting class 1: 12.51803%

Epoch 127 | Loss: 0.2016 | Acc: 0.8857
  Class 1 - P: 0.0068, R: 0.9467, F1: 0.0136
  Predicting class 1: 11.50298%

Epoch 128 | Loss: 0.1984 | Acc: 0.8912
  Class 1 - P: 0.0071, R: 0.9361, F1: 0.0141
  Predicting class 1: 10.95266%

Epoch 129 | Loss: 0.2003 | Acc: 0.8767
  Class 1 - P: 0.0065, R: 0.9630, F1: 0.0128
  Predicting class 1: 12.41051%

Epoch 130 | Loss: 0.1995 | Acc: 0.8899
  Class 1 - P: 0.0070, R: 0.9385, F1: 0.0140
  Predicting class 1: 11.08592%

Epoch 131 | Loss: 0.1971 | Acc: 0.8753
  Class 1 - P: 0.0064, R: 0.9663, F1: 0.0127
  Predicting class 1: 12.54981%

Epoch 132 | Loss: 0.1971 | Acc: 0.8753
  Class 1 - P: 0.0064, R: 0.9657, F1: 0.0127
  Predicting class 1: 12.54779%

Epoch 133 | Loss: 0.1947 | Acc: 0.8847
  Class 1 - P: 0.0068, R: 0.9530, F1: 0.0136
  Predicting class 1: 11.60075%

Epoch 134 | Loss: 0.1948 | Acc: 0.8836
  Class 1 - P: 0.0068, R: 0.9547, F1: 0.0135
  Predicting class 1: 11.71541%

Epoch 135 | Loss: 0.1937 | Acc: 0.9044
  Class 1 - P: 0.0080, R: 0.9219, F1: 0.0158
  Predicting class 1: 9.63097%
  Saved best model (F1: 0.0158)

Epoch 136 | Loss: 0.1948 | Acc: 0.8901
  Class 1 - P: 0.0071, R: 0.9462, F1: 0.0141
  Predicting class 1: 11.06315%

Epoch 137 | Loss: 0.1919 | Acc: 0.8785
  Class 1 - P: 0.0066, R: 0.9645, F1: 0.0130
  Predicting class 1: 12.22620%

Epoch 138 | Loss: 0.1909 | Acc: 0.8787
  Class 1 - P: 0.0066, R: 0.9654, F1: 0.0131
  Predicting class 1: 12.20860%

Epoch 139 | Loss: 0.1919 | Acc: 0.8868
  Class 1 - P: 0.0070, R: 0.9562, F1: 0.0139
  Predicting class 1: 11.39761%

Epoch 140 | Loss: 0.1904 | Acc: 0.8890
  Class 1 - P: 0.0071, R: 0.9476, F1: 0.0140
  Predicting class 1: 11.17928%

Epoch 141 | Loss: 0.1903 | Acc: 0.8937
  Class 1 - P: 0.0073, R: 0.9438, F1: 0.0146
  Predicting class 1: 10.69911%

Epoch 142 | Loss: 0.1894 | Acc: 0.8767
  Class 1 - P: 0.0065, R: 0.9728, F1: 0.0130
  Predicting class 1: 12.40571%

Epoch 143 | Loss: 0.1892 | Acc: 0.8753
  Class 1 - P: 0.0065, R: 0.9743, F1: 0.0128
  Predicting class 1: 12.55175%

Epoch 144 | Loss: 0.1884 | Acc: 0.8930
  Class 1 - P: 0.0073, R: 0.9485, F1: 0.0145
  Predicting class 1: 10.77516%

Epoch 145 | Loss: 0.1862 | Acc: 0.9063
  Class 1 - P: 0.0082, R: 0.9284, F1: 0.0162
  Predicting class 1: 9.43637%
  Saved best model (F1: 0.0162)

Epoch 146 | Loss: 0.1858 | Acc: 0.8983
  Class 1 - P: 0.0076, R: 0.9408, F1: 0.0152
  Predicting class 1: 10.24165%

Epoch 147 | Loss: 0.1856 | Acc: 0.8943
  Class 1 - P: 0.0074, R: 0.9482, F1: 0.0147
  Predicting class 1: 10.64673%

Epoch 148 | Loss: 0.1838 | Acc: 0.8886
  Class 1 - P: 0.0071, R: 0.9592, F1: 0.0141
  Predicting class 1: 11.21475%

Epoch 149 | Loss: 0.1852 | Acc: 0.8738
  Class 1 - P: 0.0064, R: 0.9775, F1: 0.0127
  Predicting class 1: 12.70325%

Epoch 150 | Loss: 0.1852 | Acc: 0.8887
  Class 1 - P: 0.0071, R: 0.9568, F1: 0.0141
  Predicting class 1: 11.20126%

Epoch 151 | Loss: 0.1832 | Acc: 0.8807
  Class 1 - P: 0.0067, R: 0.9719, F1: 0.0134
  Predicting class 1: 12.00398%

Epoch 152 | Loss: 0.1830 | Acc: 0.8767
  Class 1 - P: 0.0065, R: 0.9760, F1: 0.0130
  Predicting class 1: 12.41214%

Epoch 153 | Loss: 0.1820 | Acc: 0.9032
  Class 1 - P: 0.0080, R: 0.9385, F1: 0.0159
  Predicting class 1: 9.75389%

Epoch 154 | Loss: 0.1834 | Acc: 0.8893
  Class 1 - P: 0.0072, R: 0.9592, F1: 0.0142
  Predicting class 1: 11.15093%

Epoch 155 | Loss: 0.1806 | Acc: 0.8776
  Class 1 - P: 0.0066, R: 0.9757, F1: 0.0131
  Predicting class 1: 12.32131%

Epoch 156 | Loss: 0.1808 | Acc: 0.8842
  Class 1 - P: 0.0069, R: 0.9680, F1: 0.0137
  Predicting class 1: 11.65638%

Epoch 157 | Loss: 0.1811 | Acc: 0.8825
  Class 1 - P: 0.0068, R: 0.9734, F1: 0.0136
  Predicting class 1: 11.83291%

Epoch 158 | Loss: 0.1784 | Acc: 0.8837
  Class 1 - P: 0.0069, R: 0.9716, F1: 0.0137
  Predicting class 1: 11.71016%

Epoch 159 | Loss: 0.1780 | Acc: 0.9170
  Class 1 - P: 0.0091, R: 0.9139, F1: 0.0180
  Predicting class 1: 8.36722%
  Saved best model (F1: 0.0180)

Epoch 160 | Loss: 0.1787 | Acc: 0.9161
  Class 1 - P: 0.0090, R: 0.9169, F1: 0.0179
  Predicting class 1: 8.45649%

Epoch 161 | Loss: 0.1795 | Acc: 0.8792
  Class 1 - P: 0.0067, R: 0.9778, F1: 0.0133
  Predicting class 1: 12.15898%

Epoch 162 | Loss: 0.1777 | Acc: 0.8846
  Class 1 - P: 0.0069, R: 0.9695, F1: 0.0138
  Predicting class 1: 11.61432%

Epoch 163 | Loss: 0.1773 | Acc: 0.8842
  Class 1 - P: 0.0069, R: 0.9701, F1: 0.0138
  Predicting class 1: 11.65618%

Epoch 164 | Loss: 0.1763 | Acc: 0.8733
  Class 1 - P: 0.0064, R: 0.9843, F1: 0.0128
  Predicting class 1: 12.75315%

Epoch 165 | Loss: 0.1777 | Acc: 0.8955
  Class 1 - P: 0.0076, R: 0.9568, F1: 0.0150
  Predicting class 1: 10.52863%

Epoch 166 | Loss: 0.1759 | Acc: 0.8969
  Class 1 - P: 0.0077, R: 0.9550, F1: 0.0152
  Predicting class 1: 10.38111%

Epoch 167 | Loss: 0.1732 | Acc: 0.8775
  Class 1 - P: 0.0066, R: 0.9822, F1: 0.0132
  Predicting class 1: 12.33064%

Epoch 168 | Loss: 0.1747 | Acc: 0.8846
  Class 1 - P: 0.0070, R: 0.9751, F1: 0.0139
  Predicting class 1: 11.61865%

Epoch 169 | Loss: 0.1727 | Acc: 0.8966
  Class 1 - P: 0.0076, R: 0.9565, F1: 0.0152
  Predicting class 1: 10.41538%

Epoch 170 | Loss: 0.1744 | Acc: 0.8926
  Class 1 - P: 0.0074, R: 0.9648, F1: 0.0147
  Predicting class 1: 10.81981%

Epoch 171 | Loss: 0.1730 | Acc: 0.8982
  Class 1 - P: 0.0078, R: 0.9571, F1: 0.0154
  Predicting class 1: 10.25809%

Epoch 172 | Loss: 0.1721 | Acc: 0.9016
  Class 1 - P: 0.0080, R: 0.9497, F1: 0.0158
  Predicting class 1: 9.91955%

Epoch 173 | Loss: 0.1720 | Acc: 0.8838
  Class 1 - P: 0.0069, R: 0.9769, F1: 0.0138
  Predicting class 1: 11.70362%

Epoch 174 | Loss: 0.1703 | Acc: 0.8813
  Class 1 - P: 0.0068, R: 0.9817, F1: 0.0136
  Predicting class 1: 11.94747%

Epoch 175 | Loss: 0.1705 | Acc: 0.8871
  Class 1 - P: 0.0071, R: 0.9734, F1: 0.0141
  Predicting class 1: 11.37034%

Epoch 176 | Loss: 0.1699 | Acc: 0.8874
  Class 1 - P: 0.0071, R: 0.9734, F1: 0.0142
  Predicting class 1: 11.34149%

Epoch 177 | Loss: 0.1703 | Acc: 0.8879
  Class 1 - P: 0.0072, R: 0.9757, F1: 0.0143
  Predicting class 1: 11.29042%

Epoch 178 | Loss: 0.1694 | Acc: 0.8949
  Class 1 - P: 0.0076, R: 0.9636, F1: 0.0150
  Predicting class 1: 10.58443%

Epoch 179 | Loss: 0.1680 | Acc: 0.8927
  Class 1 - P: 0.0075, R: 0.9678, F1: 0.0148
  Predicting class 1: 10.80583%

Epoch 180 | Loss: 0.1695 | Acc: 0.8834
  Class 1 - P: 0.0070, R: 0.9822, F1: 0.0138
  Predicting class 1: 11.73660%

Epoch 181 | Loss: 0.1692 | Acc: 0.8834
  Class 1 - P: 0.0070, R: 0.9814, F1: 0.0138
  Predicting class 1: 11.74297%

Epoch 182 | Loss: 0.1672 | Acc: 0.8900
  Class 1 - P: 0.0073, R: 0.9728, F1: 0.0145
  Predicting class 1: 11.07770%

Epoch 183 | Loss: 0.1668 | Acc: 0.8901
  Class 1 - P: 0.0073, R: 0.9746, F1: 0.0145
  Predicting class 1: 11.07118%

Epoch 184 | Loss: 0.1684 | Acc: 0.9018
  Class 1 - P: 0.0081, R: 0.9580, F1: 0.0160
  Predicting class 1: 9.89375%

Epoch 185 | Loss: 0.1666 | Acc: 0.9016
  Class 1 - P: 0.0080, R: 0.9586, F1: 0.0160
  Predicting class 1: 9.91216%

Epoch 186 | Loss: 0.1661 | Acc: 0.8865
  Class 1 - P: 0.0071, R: 0.9793, F1: 0.0141
  Predicting class 1: 11.43283%

Epoch 187 | Loss: 0.1661 | Acc: 0.8808
  Class 1 - P: 0.0068, R: 0.9855, F1: 0.0136
  Predicting class 1: 12.00563%

Epoch 188 | Loss: 0.1672 | Acc: 0.8873
  Class 1 - P: 0.0072, R: 0.9763, F1: 0.0142
  Predicting class 1: 11.35156%

Epoch 189 | Loss: 0.1665 | Acc: 0.8956
  Class 1 - P: 0.0076, R: 0.9666, F1: 0.0152
  Predicting class 1: 10.51708%

Epoch 190 | Loss: 0.1651 | Acc: 0.9050
  Class 1 - P: 0.0083, R: 0.9559, F1: 0.0165
  Predicting class 1: 9.57682%

Epoch 191 | Loss: 0.1656 | Acc: 0.8901
  Class 1 - P: 0.0073, R: 0.9766, F1: 0.0146
  Predicting class 1: 11.07103%

Epoch 192 | Loss: 0.1658 | Acc: 0.8810
  Class 1 - P: 0.0068, R: 0.9849, F1: 0.0136
  Predicting class 1: 11.98082%

Epoch 193 | Loss: 0.1669 | Acc: 0.8856
  Class 1 - P: 0.0071, R: 0.9802, F1: 0.0141
  Predicting class 1: 11.52447%

Epoch 194 | Loss: 0.1646 | Acc: 0.8895
  Class 1 - P: 0.0073, R: 0.9781, F1: 0.0145
  Predicting class 1: 11.12629%

Epoch 195 | Loss: 0.1636 | Acc: 0.9046
  Class 1 - P: 0.0083, R: 0.9586, F1: 0.0164
  Predicting class 1: 9.61300%

Epoch 196 | Loss: 0.1644 | Acc: 0.9014
  Class 1 - P: 0.0081, R: 0.9627, F1: 0.0160
  Predicting class 1: 9.93345%

Epoch 197 | Loss: 0.1637 | Acc: 0.8865
  Class 1 - P: 0.0072, R: 0.9820, F1: 0.0142
  Predicting class 1: 11.42555%

Epoch 198 | Loss: 0.1631 | Acc: 0.8819
  Class 1 - P: 0.0069, R: 0.9858, F1: 0.0137
  Predicting class 1: 11.88859%

Epoch 199 | Loss: 0.1628 | Acc: 0.8852
  Class 1 - P: 0.0071, R: 0.9846, F1: 0.0141
  Predicting class 1: 11.56036%

Epoch 200 | Loss: 0.1622 | Acc: 0.9053
  Class 1 - P: 0.0083, R: 0.9571, F1: 0.0165
  Predicting class 1: 9.54878%

Epoch 201 | Loss: 0.1601 | Acc: 0.9175
  Class 1 - P: 0.0094, R: 0.9396, F1: 0.0186
  Predicting class 1: 8.32633%
  Saved best model (F1: 0.0186)

Epoch 202 | Loss: 0.1625 | Acc: 0.8875
  Class 1 - P: 0.0072, R: 0.9843, F1: 0.0144
  Predicting class 1: 11.32744%

Epoch 203 | Loss: 0.1619 | Acc: 0.8875
  Class 1 - P: 0.0072, R: 0.9825, F1: 0.0143
  Predicting class 1: 11.33470%

Epoch 204 | Loss: 0.1626 | Acc: 0.8888
  Class 1 - P: 0.0073, R: 0.9820, F1: 0.0145
  Predicting class 1: 11.20102%

Epoch 205 | Loss: 0.1600 | Acc: 0.8837
  Class 1 - P: 0.0070, R: 0.9870, F1: 0.0139
  Predicting class 1: 11.70627%

Epoch 206 | Loss: 0.1607 | Acc: 0.9008
  Class 1 - P: 0.0080, R: 0.9660, F1: 0.0159
  Predicting class 1: 9.99634%

Epoch 207 | Loss: 0.1610 | Acc: 0.9058
  Class 1 - P: 0.0084, R: 0.9601, F1: 0.0167
  Predicting class 1: 9.49534%

Epoch 208 | Loss: 0.1605 | Acc: 0.8941
  Class 1 - P: 0.0076, R: 0.9775, F1: 0.0151
  Predicting class 1: 10.66789%

Epoch 209 | Loss: 0.1595 | Acc: 0.8938
  Class 1 - P: 0.0076, R: 0.9790, F1: 0.0151
  Predicting class 1: 10.69559%

Epoch 210 | Loss: 0.1574 | Acc: 0.8919
  Class 1 - P: 0.0075, R: 0.9805, F1: 0.0149
  Predicting class 1: 10.89048%

Epoch 211 | Loss: 0.1597 | Acc: 0.8892
  Class 1 - P: 0.0073, R: 0.9837, F1: 0.0146
  Predicting class 1: 11.16116%

Epoch 212 | Loss: 0.1587 | Acc: 0.8945
  Class 1 - P: 0.0077, R: 0.9778, F1: 0.0152
  Predicting class 1: 10.62580%

Epoch 213 | Loss: 0.1587 | Acc: 0.9058
  Class 1 - P: 0.0084, R: 0.9627, F1: 0.0167
  Predicting class 1: 9.49977%

Epoch 214 | Loss: 0.1591 | Acc: 0.8930
  Class 1 - P: 0.0076, R: 0.9811, F1: 0.0150
  Predicting class 1: 10.77551%

Epoch 215 | Loss: 0.1546 | Acc: 0.8872
  Class 1 - P: 0.0072, R: 0.9864, F1: 0.0143
  Predicting class 1: 11.36251%

Epoch 216 | Loss: 0.1590 | Acc: 0.8895
  Class 1 - P: 0.0074, R: 0.9837, F1: 0.0146
  Predicting class 1: 11.12875%

Epoch 217 | Loss: 0.1560 | Acc: 0.8966
  Class 1 - P: 0.0078, R: 0.9784, F1: 0.0155
  Predicting class 1: 10.42187%

Epoch 218 | Loss: 0.1570 | Acc: 0.9010
  Class 1 - P: 0.0081, R: 0.9710, F1: 0.0161
  Predicting class 1: 9.97596%

Epoch 219 | Loss: 0.1561 | Acc: 0.8903
  Class 1 - P: 0.0074, R: 0.9852, F1: 0.0147
  Predicting class 1: 11.05419%

Epoch 220 | Loss: 0.1557 | Acc: 0.8900
  Class 1 - P: 0.0074, R: 0.9855, F1: 0.0147
  Predicting class 1: 11.08338%

Epoch 221 | Loss: 0.1563 | Acc: 0.8858
  Class 1 - P: 0.0072, R: 0.9902, F1: 0.0142
  Predicting class 1: 11.50183%

Epoch 222 | Loss: 0.1552 | Acc: 0.8927
  Class 1 - P: 0.0076, R: 0.9849, F1: 0.0150
  Predicting class 1: 10.80992%

Epoch 223 | Loss: 0.1549 | Acc: 0.9047
  Class 1 - P: 0.0084, R: 0.9672, F1: 0.0166
  Predicting class 1: 9.61009%

Epoch 224 | Loss: 0.1553 | Acc: 0.8994
  Class 1 - P: 0.0080, R: 0.9766, F1: 0.0159
  Predicting class 1: 10.14063%

Epoch 225 | Loss: 0.1549 | Acc: 0.8897
  Class 1 - P: 0.0074, R: 0.9873, F1: 0.0147
  Predicting class 1: 11.10824%

Epoch 226 | Loss: 0.1550 | Acc: 0.8903
  Class 1 - P: 0.0074, R: 0.9858, F1: 0.0147
  Predicting class 1: 11.05168%

Epoch 227 | Loss: 0.1536 | Acc: 0.8921
  Class 1 - P: 0.0075, R: 0.9849, F1: 0.0150
  Predicting class 1: 10.86931%

Epoch 228 | Loss: 0.1530 | Acc: 0.8934
  Class 1 - P: 0.0076, R: 0.9849, F1: 0.0151
  Predicting class 1: 10.73898%

Epoch 229 | Loss: 0.1535 | Acc: 0.9102
  Class 1 - P: 0.0088, R: 0.9618, F1: 0.0175
  Predicting class 1: 9.06026%

Epoch 230 | Loss: 0.1534 | Acc: 0.9005
  Class 1 - P: 0.0081, R: 0.9769, F1: 0.0161
  Predicting class 1: 10.03349%

Epoch 231 | Loss: 0.1534 | Acc: 0.8879
  Class 1 - P: 0.0073, R: 0.9899, F1: 0.0145
  Predicting class 1: 11.29024%

Epoch 232 | Loss: 0.1528 | Acc: 0.8932
  Class 1 - P: 0.0076, R: 0.9846, F1: 0.0151
  Predicting class 1: 10.76305%

Epoch 233 | Loss: 0.1513 | Acc: 0.8965
  Class 1 - P: 0.0078, R: 0.9822, F1: 0.0155
  Predicting class 1: 10.43059%

Epoch 234 | Loss: 0.1519 | Acc: 0.8976
  Class 1 - P: 0.0079, R: 0.9811, F1: 0.0157
  Predicting class 1: 10.32219%

Epoch 235 | Loss: 0.1505 | Acc: 0.9069
  Class 1 - P: 0.0086, R: 0.9689, F1: 0.0170
  Predicting class 1: 9.38576%

Epoch 236 | Loss: 0.1527 | Acc: 0.8959
  Class 1 - P: 0.0078, R: 0.9825, F1: 0.0155
  Predicting class 1: 10.49262%

Epoch 237 | Loss: 0.1512 | Acc: 0.8893
  Class 1 - P: 0.0074, R: 0.9896, F1: 0.0147
  Predicting class 1: 11.14760%

Epoch 238 | Loss: 0.1504 | Acc: 0.8929
  Class 1 - P: 0.0076, R: 0.9873, F1: 0.0151
  Predicting class 1: 10.78678%

Epoch 239 | Loss: 0.1484 | Acc: 0.9043
  Class 1 - P: 0.0084, R: 0.9728, F1: 0.0166
  Predicting class 1: 9.65246%

Epoch 240 | Loss: 0.1499 | Acc: 0.8981
  Class 1 - P: 0.0080, R: 0.9814, F1: 0.0158
  Predicting class 1: 10.26580%

Epoch 241 | Loss: 0.1492 | Acc: 0.8954
  Class 1 - P: 0.0078, R: 0.9846, F1: 0.0154
  Predicting class 1: 10.53604%

Epoch 242 | Loss: 0.1489 | Acc: 0.9015
  Class 1 - P: 0.0082, R: 0.9775, F1: 0.0162
  Predicting class 1: 9.93289%

Epoch 243 | Loss: 0.1512 | Acc: 0.8923
  Class 1 - P: 0.0076, R: 0.9905, F1: 0.0151
  Predicting class 1: 10.85093%

Epoch 244 | Loss: 0.1484 | Acc: 0.8902
  Class 1 - P: 0.0075, R: 0.9911, F1: 0.0148
  Predicting class 1: 11.06389%

Epoch 245 | Loss: 0.1490 | Acc: 0.9034
  Class 1 - P: 0.0083, R: 0.9751, F1: 0.0165
  Predicting class 1: 9.74259%

Epoch 246 | Loss: 0.1501 | Acc: 0.8920
  Class 1 - P: 0.0076, R: 0.9905, F1: 0.0150
  Predicting class 1: 10.88556%

Epoch 247 | Loss: 0.1492 | Acc: 0.8888
  Class 1 - P: 0.0074, R: 0.9929, F1: 0.0146
  Predicting class 1: 11.20299%

Epoch 248 | Loss: 0.1478 | Acc: 0.9114
  Class 1 - P: 0.0090, R: 0.9654, F1: 0.0178
  Predicting class 1: 8.94036%

Epoch 249 | Loss: 0.1489 | Acc: 0.9041
  Class 1 - P: 0.0084, R: 0.9784, F1: 0.0167
  Predicting class 1: 9.67141%

Epoch 250 | Loss: 0.1482 | Acc: 0.8877
  Class 1 - P: 0.0073, R: 0.9938, F1: 0.0145
  Predicting class 1: 11.31697%

Epoch 251 | Loss: 0.1498 | Acc: 0.8987
  Class 1 - P: 0.0080, R: 0.9846, F1: 0.0159
  Predicting class 1: 10.20891%

Epoch 252 | Loss: 0.1477 | Acc: 0.9199
  Class 1 - P: 0.0098, R: 0.9521, F1: 0.0194
  Predicting class 1: 8.08794%
  Saved best model (F1: 0.0194)

Epoch 253 | Loss: 0.1490 | Acc: 0.8905
  Class 1 - P: 0.0075, R: 0.9929, F1: 0.0149
  Predicting class 1: 11.03292%

Epoch 254 | Loss: 0.1486 | Acc: 0.8901
  Class 1 - P: 0.0075, R: 0.9938, F1: 0.0148
  Predicting class 1: 11.07211%

Epoch 255 | Loss: 0.1480 | Acc: 0.9088
  Class 1 - P: 0.0088, R: 0.9725, F1: 0.0174
  Predicting class 1: 9.19677%

Epoch 256 | Loss: 0.1481 | Acc: 0.8996
  Class 1 - P: 0.0081, R: 0.9849, F1: 0.0161
  Predicting class 1: 10.12293%

Epoch 257 | Loss: 0.1467 | Acc: 0.8917
  Class 1 - P: 0.0076, R: 0.9911, F1: 0.0150
  Predicting class 1: 10.90995%

Epoch 258 | Loss: 0.1472 | Acc: 0.9129
  Class 1 - P: 0.0092, R: 0.9680, F1: 0.0182
  Predicting class 1: 8.78763%

Epoch 259 | Loss: 0.1456 | Acc: 0.9163
  Class 1 - P: 0.0095, R: 0.9627, F1: 0.0188
  Predicting class 1: 8.44296%

Epoch 260 | Loss: 0.1466 | Acc: 0.8989
  Class 1 - P: 0.0081, R: 0.9870, F1: 0.0160
  Predicting class 1: 10.19520%

Epoch 261 | Loss: 0.1455 | Acc: 0.8959
  Class 1 - P: 0.0079, R: 0.9896, F1: 0.0156
  Predicting class 1: 10.48737%

Epoch 262 | Loss: 0.1454 | Acc: 0.9020
  Class 1 - P: 0.0083, R: 0.9840, F1: 0.0164
  Predicting class 1: 9.88533%

Epoch 263 | Loss: 0.1450 | Acc: 0.8983
  Class 1 - P: 0.0080, R: 0.9885, F1: 0.0159
  Predicting class 1: 10.25061%

Epoch 264 | Loss: 0.1445 | Acc: 0.8992
  Class 1 - P: 0.0081, R: 0.9879, F1: 0.0160
  Predicting class 1: 10.16113%

Epoch 265 | Loss: 0.1443 | Acc: 0.9071
  Class 1 - P: 0.0087, R: 0.9790, F1: 0.0172
  Predicting class 1: 9.36624%

Epoch 266 | Loss: 0.1450 | Acc: 0.9038
  Class 1 - P: 0.0084, R: 0.9831, F1: 0.0167
  Predicting class 1: 9.70360%

Epoch 267 | Loss: 0.1427 | Acc: 0.8987
  Class 1 - P: 0.0081, R: 0.9902, F1: 0.0160
  Predicting class 1: 10.21425%

Epoch 268 | Loss: 0.1436 | Acc: 0.8950
  Class 1 - P: 0.0078, R: 0.9920, F1: 0.0155
  Predicting class 1: 10.57906%

Epoch 269 | Loss: 0.1431 | Acc: 0.8942
  Class 1 - P: 0.0077, R: 0.9926, F1: 0.0154
  Predicting class 1: 10.65714%

Epoch 270 | Loss: 0.1431 | Acc: 0.8998
  Class 1 - P: 0.0081, R: 0.9876, F1: 0.0161
  Predicting class 1: 10.10051%

Epoch 271 | Loss: 0.1433 | Acc: 0.9127
  Class 1 - P: 0.0092, R: 0.9731, F1: 0.0182
  Predicting class 1: 8.81158%

Epoch 272 | Loss: 0.1436 | Acc: 0.9036
  Class 1 - P: 0.0084, R: 0.9852, F1: 0.0167
  Predicting class 1: 9.72147%

Epoch 273 | Loss: 0.1436 | Acc: 0.8950
  Class 1 - P: 0.0078, R: 0.9929, F1: 0.0155
  Predicting class 1: 10.57891%

Epoch 274 | Loss: 0.1422 | Acc: 0.9033
  Class 1 - P: 0.0084, R: 0.9867, F1: 0.0167
  Predicting class 1: 9.74764%

Epoch 275 | Loss: 0.1426 | Acc: 0.9091
  Class 1 - P: 0.0089, R: 0.9784, F1: 0.0176
  Predicting class 1: 9.17280%

Epoch 276 | Loss: 0.1425 | Acc: 0.9082
  Class 1 - P: 0.0088, R: 0.9787, F1: 0.0174
  Predicting class 1: 9.25493%

Epoch 277 | Loss: 0.1407 | Acc: 0.8966
  Class 1 - P: 0.0079, R: 0.9923, F1: 0.0157
  Predicting class 1: 10.42655%

Epoch 278 | Loss: 0.1418 | Acc: 0.8924
  Class 1 - P: 0.0076, R: 0.9938, F1: 0.0151
  Predicting class 1: 10.83997%

Epoch 279 | Loss: 0.1425 | Acc: 0.8970
  Class 1 - P: 0.0079, R: 0.9914, F1: 0.0158
  Predicting class 1: 10.38520%

Epoch 280 | Loss: 0.1412 | Acc: 0.9141
  Class 1 - P: 0.0093, R: 0.9728, F1: 0.0185
  Predicting class 1: 8.66943%

Epoch 281 | Loss: 0.1410 | Acc: 0.9049
  Class 1 - P: 0.0085, R: 0.9822, F1: 0.0169
  Predicting class 1: 9.58836%

Epoch 282 | Loss: 0.1404 | Acc: 0.8978
  Class 1 - P: 0.0080, R: 0.9917, F1: 0.0159
  Predicting class 1: 10.30508%

Epoch 283 | Loss: 0.1401 | Acc: 0.8969
  Class 1 - P: 0.0079, R: 0.9923, F1: 0.0158
  Predicting class 1: 10.39076%

Epoch 284 | Loss: 0.1411 | Acc: 0.8998
  Class 1 - P: 0.0082, R: 0.9902, F1: 0.0162
  Predicting class 1: 10.09770%

Epoch 285 | Loss: 0.1415 | Acc: 0.9251
  Class 1 - P: 0.0105, R: 0.9556, F1: 0.0208
  Predicting class 1: 7.56738%
  Saved best model (F1: 0.0208)

Epoch 286 | Loss: 0.1408 | Acc: 0.9150
  Class 1 - P: 0.0094, R: 0.9701, F1: 0.0186
  Predicting class 1: 8.57944%

Epoch 287 | Loss: 0.1406 | Acc: 0.8948
  Class 1 - P: 0.0078, R: 0.9950, F1: 0.0155
  Predicting class 1: 10.59961%

Epoch 288 | Loss: 0.1389 | Acc: 0.8917
  Class 1 - P: 0.0076, R: 0.9967, F1: 0.0151
  Predicting class 1: 10.91069%

Epoch 289 | Loss: 0.1418 | Acc: 0.8986
  Class 1 - P: 0.0081, R: 0.9926, F1: 0.0160
  Predicting class 1: 10.22590%

Epoch 290 | Loss: 0.1396 | Acc: 0.9184
  Class 1 - P: 0.0098, R: 0.9686, F1: 0.0194
  Predicting class 1: 8.24041%

Epoch 291 | Loss: 0.1388 | Acc: 0.9314
  Class 1 - P: 0.0114, R: 0.9462, F1: 0.0224
  Predicting class 1: 6.93144%
  Saved best model (F1: 0.0224)

Epoch 292 | Loss: 0.1397 | Acc: 0.9113
  Class 1 - P: 0.0091, R: 0.9784, F1: 0.0180
  Predicting class 1: 8.95137%

Epoch 293 | Loss: 0.1388 | Acc: 0.8938
  Class 1 - P: 0.0077, R: 0.9953, F1: 0.0154
  Predicting class 1: 10.69851%

Epoch 294 | Loss: 0.1410 | Acc: 0.8941
  Class 1 - P: 0.0078, R: 0.9950, F1: 0.0154
  Predicting class 1: 10.66969%

Epoch 295 | Loss: 0.1392 | Acc: 0.9102
  Class 1 - P: 0.0090, R: 0.9820, F1: 0.0179
  Predicting class 1: 9.05883%

Epoch 296 | Loss: 0.1381 | Acc: 0.9429
  Class 1 - P: 0.0134, R: 0.9284, F1: 0.0263
  Predicting class 1: 5.78294%
  Saved best model (F1: 0.0263)

Epoch 297 | Loss: 0.1405 | Acc: 0.9197
  Class 1 - P: 0.0099, R: 0.9675, F1: 0.0197
  Predicting class 1: 8.10665%

Epoch 298 | Loss: 0.1385 | Acc: 0.8924
  Class 1 - P: 0.0076, R: 0.9962, F1: 0.0152
  Predicting class 1: 10.84706%

Epoch 299 | Loss: 0.1383 | Acc: 0.8943
  Class 1 - P: 0.0078, R: 0.9956, F1: 0.0154
  Predicting class 1: 10.65128%

Epoch 300 | Loss: 0.1381 | Acc: 0.9024
  Class 1 - P: 0.0084, R: 0.9914, F1: 0.0166
  Predicting class 1: 9.83879%

Epoch 301 | Loss: 0.1393 | Acc: 0.9106
  Class 1 - P: 0.0090, R: 0.9805, F1: 0.0179
  Predicting class 1: 9.02410%

Epoch 302 | Loss: 0.1388 | Acc: 0.9341
  Class 1 - P: 0.0118, R: 0.9438, F1: 0.0233
  Predicting class 1: 6.66275%

Epoch 303 | Loss: 0.1382 | Acc: 0.9235
  Class 1 - P: 0.0104, R: 0.9654, F1: 0.0206
  Predicting class 1: 7.73229%

Epoch 304 | Loss: 0.1380 | Acc: 0.8944
  Class 1 - P: 0.0078, R: 0.9964, F1: 0.0155
  Predicting class 1: 10.64271%

Epoch 305 | Loss: 0.1380 | Acc: 0.8939
  Class 1 - P: 0.0078, R: 0.9962, F1: 0.0154
  Predicting class 1: 10.68896%

Epoch 306 | Loss: 0.1388 | Acc: 0.9094
  Class 1 - P: 0.0089, R: 0.9834, F1: 0.0177
  Predicting class 1: 9.14402%

Epoch 307 | Loss: 0.1347 | Acc: 0.9248
  Class 1 - P: 0.0106, R: 0.9651, F1: 0.0209
  Predicting class 1: 7.60221%

Epoch 308 | Loss: 0.1364 | Acc: 0.9217
  Class 1 - P: 0.0102, R: 0.9666, F1: 0.0201
  Predicting class 1: 7.90570%

Epoch 309 | Loss: 0.1358 | Acc: 0.9134
  Class 1 - P: 0.0093, R: 0.9778, F1: 0.0184
  Predicting class 1: 8.74178%

Epoch 310 | Loss: 0.1355 | Acc: 0.9057
  Class 1 - P: 0.0086, R: 0.9882, F1: 0.0171
  Predicting class 1: 9.51260%

Epoch 311 | Loss: 0.1354 | Acc: 0.9017
  Class 1 - P: 0.0083, R: 0.9905, F1: 0.0165
  Predicting class 1: 9.90783%

Epoch 312 | Loss: 0.1350 | Acc: 0.9068
  Class 1 - P: 0.0087, R: 0.9861, F1: 0.0173
  Predicting class 1: 9.39883%

Epoch 313 | Loss: 0.1339 | Acc: 0.9268
  Class 1 - P: 0.0108, R: 0.9633, F1: 0.0214
  Predicting class 1: 7.39591%

Epoch 314 | Loss: 0.1368 | Acc: 0.9090
  Class 1 - P: 0.0089, R: 0.9837, F1: 0.0177
  Predicting class 1: 9.18402%

Epoch 315 | Loss: 0.1357 | Acc: 0.9061
  Class 1 - P: 0.0087, R: 0.9873, F1: 0.0172
  Predicting class 1: 9.46905%

Epoch 316 | Loss: 0.1343 | Acc: 0.9047
  Class 1 - P: 0.0086, R: 0.9905, F1: 0.0170
  Predicting class 1: 9.60901%

Epoch 317 | Loss: 0.1333 | Acc: 0.9066
  Class 1 - P: 0.0087, R: 0.9879, F1: 0.0173
  Predicting class 1: 9.42175%

Epoch 318 | Loss: 0.1340 | Acc: 0.9039
  Class 1 - P: 0.0085, R: 0.9893, F1: 0.0168
  Predicting class 1: 9.68719%

Epoch 319 | Loss: 0.1347 | Acc: 0.9144
  Class 1 - P: 0.0094, R: 0.9793, F1: 0.0187
  Predicting class 1: 8.64295%

Epoch 320 | Loss: 0.1333 | Acc: 0.9224
  Class 1 - P: 0.0103, R: 0.9716, F1: 0.0204
  Predicting class 1: 7.83779%

Epoch 321 | Loss: 0.1324 | Acc: 0.9081
  Class 1 - P: 0.0088, R: 0.9858, F1: 0.0175
  Predicting class 1: 9.26805%

Epoch 322 | Loss: 0.1338 | Acc: 0.8998
  Class 1 - P: 0.0082, R: 0.9950, F1: 0.0163
  Predicting class 1: 10.10469%

Epoch 323 | Loss: 0.1328 | Acc: 0.9126
  Class 1 - P: 0.0092, R: 0.9811, F1: 0.0183
  Predicting class 1: 8.82404%

Epoch 324 | Loss: 0.1344 | Acc: 0.9312
  Class 1 - P: 0.0115, R: 0.9583, F1: 0.0227
  Predicting class 1: 6.95426%

Epoch 325 | Loss: 0.1324 | Acc: 0.9252
  Class 1 - P: 0.0106, R: 0.9675, F1: 0.0211
  Predicting class 1: 7.55884%

Epoch 326 | Loss: 0.1341 | Acc: 0.9022
  Class 1 - P: 0.0084, R: 0.9923, F1: 0.0166
  Predicting class 1: 9.86409%

Epoch 327 | Loss: 0.1331 | Acc: 0.9053
  Class 1 - P: 0.0086, R: 0.9914, F1: 0.0171
  Predicting class 1: 9.55218%

Epoch 328 | Loss: 0.1318 | Acc: 0.9095
  Class 1 - P: 0.0090, R: 0.9864, F1: 0.0178
  Predicting class 1: 9.13007%

Epoch 329 | Loss: 0.1346 | Acc: 0.9016
  Class 1 - P: 0.0083, R: 0.9935, F1: 0.0165
  Predicting class 1: 9.91772%

Epoch 330 | Loss: 0.1333 | Acc: 0.9228
  Class 1 - P: 0.0104, R: 0.9701, F1: 0.0205
  Predicting class 1: 7.79538%

Epoch 331 | Loss: 0.1327 | Acc: 0.9510
  Class 1 - P: 0.0155, R: 0.9251, F1: 0.0304
  Predicting class 1: 4.97278%
  Saved best model (F1: 0.0304)

Epoch 332 | Loss: 0.1363 | Acc: 0.9032
  Class 1 - P: 0.0085, R: 0.9932, F1: 0.0168
  Predicting class 1: 9.76487%

Epoch 333 | Loss: 0.1336 | Acc: 0.8910
  Class 1 - P: 0.0076, R: 0.9991, F1: 0.0150
  Predicting class 1: 10.98542%

Epoch 334 | Loss: 0.1366 | Acc: 0.9044
  Class 1 - P: 0.0086, R: 0.9923, F1: 0.0170
  Predicting class 1: 9.64177%

Epoch 335 | Loss: 0.1317 | Acc: 0.9421
  Class 1 - P: 0.0134, R: 0.9438, F1: 0.0264
  Predicting class 1: 5.86269%

Epoch 336 | Loss: 0.1333 | Acc: 0.9334
  Class 1 - P: 0.0118, R: 0.9527, F1: 0.0233
  Predicting class 1: 6.73374%

Epoch 337 | Loss: 0.1337 | Acc: 0.9102
  Class 1 - P: 0.0090, R: 0.9825, F1: 0.0179
  Predicting class 1: 9.05829%

Epoch 338 | Loss: 0.1339 | Acc: 0.9087
  Class 1 - P: 0.0089, R: 0.9908, F1: 0.0177
  Predicting class 1: 9.21297%

Epoch 339 | Loss: 0.1319 | Acc: 0.9085
  Class 1 - P: 0.0089, R: 0.9899, F1: 0.0177
  Predicting class 1: 9.23101%

Epoch 340 | Loss: 0.1333 | Acc: 0.8979
  Class 1 - P: 0.0081, R: 0.9962, F1: 0.0160
  Predicting class 1: 10.29056%

Epoch 341 | Loss: 0.1326 | Acc: 0.8978
  Class 1 - P: 0.0080, R: 0.9950, F1: 0.0159
  Predicting class 1: 10.30422%

Epoch 342 | Loss: 0.1328 | Acc: 0.9320
  Class 1 - P: 0.0116, R: 0.9607, F1: 0.0230
  Predicting class 1: 6.87530%

Epoch 343 | Loss: 0.1307 | Acc: 0.9440
  Class 1 - P: 0.0138, R: 0.9417, F1: 0.0272
  Predicting class 1: 5.67168%

Epoch 344 | Loss: 0.1327 | Acc: 0.9054
  Class 1 - P: 0.0087, R: 0.9926, F1: 0.0172
  Predicting class 1: 9.53805%

Epoch 345 | Loss: 0.1301 | Acc: 0.8924
  Class 1 - P: 0.0077, R: 0.9991, F1: 0.0152
  Predicting class 1: 10.83933%

Epoch 346 | Loss: 0.1329 | Acc: 0.9027
  Class 1 - P: 0.0084, R: 0.9941, F1: 0.0167
  Predicting class 1: 9.80812%

Epoch 347 | Loss: 0.1316 | Acc: 0.9307
  Class 1 - P: 0.0115, R: 0.9657, F1: 0.0227
  Predicting class 1: 7.00464%

Epoch 348 | Loss: 0.1316 | Acc: 0.9283
  Class 1 - P: 0.0111, R: 0.9645, F1: 0.0219
  Predicting class 1: 7.24424%

Epoch 349 | Loss: 0.1307 | Acc: 0.9136
  Class 1 - P: 0.0094, R: 0.9805, F1: 0.0185
  Predicting class 1: 8.71655%

Epoch 350 | Loss: 0.1333 | Acc: 0.9088
  Class 1 - P: 0.0090, R: 0.9896, F1: 0.0177
  Predicting class 1: 9.19795%

Epoch 351 | Loss: 0.1283 | Acc: 0.9094
  Class 1 - P: 0.0090, R: 0.9893, F1: 0.0178
  Predicting class 1: 9.14274%

Epoch 352 | Loss: 0.1317 | Acc: 0.9061
  Class 1 - P: 0.0087, R: 0.9920, F1: 0.0173
  Predicting class 1: 9.47499%

Epoch 353 | Loss: 0.1297 | Acc: 0.9053
  Class 1 - P: 0.0086, R: 0.9905, F1: 0.0171
  Predicting class 1: 9.54848%

Epoch 354 | Loss: 0.1309 | Acc: 0.9205
  Class 1 - P: 0.0101, R: 0.9757, F1: 0.0200
  Predicting class 1: 8.02892%

Epoch 355 | Loss: 0.1293 | Acc: 0.9451
  Class 1 - P: 0.0140, R: 0.9385, F1: 0.0277
  Predicting class 1: 5.56311%

Epoch 356 | Loss: 0.1299 | Acc: 0.9204
  Class 1 - P: 0.0101, R: 0.9784, F1: 0.0200
  Predicting class 1: 8.03648%

Epoch 357 | Loss: 0.1310 | Acc: 0.8950
  Class 1 - P: 0.0079, R: 0.9994, F1: 0.0156
  Predicting class 1: 10.58108%

Epoch 358 | Loss: 0.1312 | Acc: 0.8988
  Class 1 - P: 0.0081, R: 0.9979, F1: 0.0161
  Predicting class 1: 10.20502%

Epoch 359 | Loss: 0.1279 | Acc: 0.9229
  Class 1 - P: 0.0104, R: 0.9763, F1: 0.0206
  Predicting class 1: 7.78932%

Epoch 360 | Loss: 0.1302 | Acc: 0.9351
  Class 1 - P: 0.0122, R: 0.9607, F1: 0.0240
  Predicting class 1: 6.56811%

Epoch 361 | Loss: 0.1274 | Acc: 0.9247
  Class 1 - P: 0.0106, R: 0.9725, F1: 0.0210
  Predicting class 1: 7.61053%

Epoch 362 | Loss: 0.1283 | Acc: 0.9117
  Class 1 - P: 0.0092, R: 0.9855, F1: 0.0182
  Predicting class 1: 8.90982%

Epoch 363 | Loss: 0.1283 | Acc: 0.9085
  Class 1 - P: 0.0089, R: 0.9935, F1: 0.0177
  Predicting class 1: 9.23615%

Epoch 364 | Loss: 0.1283 | Acc: 0.9159
  Class 1 - P: 0.0097, R: 0.9861, F1: 0.0191
  Predicting class 1: 8.48931%

Epoch 365 | Loss: 0.1285 | Acc: 0.9182
  Class 1 - P: 0.0099, R: 0.9802, F1: 0.0195
  Predicting class 1: 8.26020%

Epoch 366 | Loss: 0.1264 | Acc: 0.9156
  Class 1 - P: 0.0096, R: 0.9820, F1: 0.0190
  Predicting class 1: 8.52118%

Epoch 367 | Loss: 0.1277 | Acc: 0.9163
  Class 1 - P: 0.0097, R: 0.9820, F1: 0.0191
  Predicting class 1: 8.45450%

Epoch 368 | Loss: 0.1279 | Acc: 0.9228
  Class 1 - P: 0.0104, R: 0.9784, F1: 0.0206
  Predicting class 1: 7.80451%

Epoch 369 | Loss: 0.1273 | Acc: 0.9173
  Class 1 - P: 0.0098, R: 0.9849, F1: 0.0194
  Predicting class 1: 8.35289%

Epoch 370 | Loss: 0.1280 | Acc: 0.9046
  Class 1 - P: 0.0086, R: 0.9944, F1: 0.0170
  Predicting class 1: 9.62634%

Epoch 371 | Loss: 0.1260 | Acc: 0.9090
  Class 1 - P: 0.0090, R: 0.9929, F1: 0.0178
  Predicting class 1: 9.18658%

Epoch 372 | Loss: 0.1262 | Acc: 0.9235
  Class 1 - P: 0.0105, R: 0.9772, F1: 0.0208
  Predicting class 1: 7.72995%

Epoch 373 | Loss: 0.1250 | Acc: 0.9291
  Class 1 - P: 0.0113, R: 0.9716, F1: 0.0223
  Predicting class 1: 7.16739%

Epoch 374 | Loss: 0.1265 | Acc: 0.9173
  Class 1 - P: 0.0098, R: 0.9831, F1: 0.0194
  Predicting class 1: 8.34790%

Epoch 375 | Loss: 0.1245 | Acc: 0.9072
  Class 1 - P: 0.0088, R: 0.9941, F1: 0.0175
  Predicting class 1: 9.35910%

Epoch 376 | Loss: 0.1260 | Acc: 0.9166
  Class 1 - P: 0.0097, R: 0.9846, F1: 0.0193
  Predicting class 1: 8.42203%

Epoch 377 | Loss: 0.1259 | Acc: 0.9288
  Class 1 - P: 0.0112, R: 0.9728, F1: 0.0222
  Predicting class 1: 7.19526%

Epoch 378 | Loss: 0.1260 | Acc: 0.9154
  Class 1 - P: 0.0096, R: 0.9858, F1: 0.0190
  Predicting class 1: 8.53846%

Epoch 379 | Loss: 0.1257 | Acc: 0.9065
  Class 1 - P: 0.0088, R: 0.9938, F1: 0.0174
  Predicting class 1: 9.42893%

Epoch 380 | Loss: 0.1251 | Acc: 0.9160
  Class 1 - P: 0.0097, R: 0.9864, F1: 0.0192
  Predicting class 1: 8.47877%

Epoch 381 | Loss: 0.1241 | Acc: 0.9283
  Class 1 - P: 0.0112, R: 0.9754, F1: 0.0221
  Predicting class 1: 7.25219%

Epoch 382 | Loss: 0.1250 | Acc: 0.9202
  Class 1 - P: 0.0101, R: 0.9808, F1: 0.0201
  Predicting class 1: 8.05597%

Epoch 383 | Loss: 0.1250 | Acc: 0.9192
  Class 1 - P: 0.0100, R: 0.9808, F1: 0.0198
  Predicting class 1: 8.16329%

Epoch 384 | Loss: 0.1255 | Acc: 0.9241
  Class 1 - P: 0.0106, R: 0.9775, F1: 0.0210
  Predicting class 1: 7.66798%

Epoch 385 | Loss: 0.1246 | Acc: 0.9230
  Class 1 - P: 0.0105, R: 0.9787, F1: 0.0207
  Predicting class 1: 7.77785%

Epoch 386 | Loss: 0.1242 | Acc: 0.9160
  Class 1 - P: 0.0097, R: 0.9867, F1: 0.0192
  Predicting class 1: 8.47850%

Epoch 387 | Loss: 0.1247 | Acc: 0.9225
  Class 1 - P: 0.0104, R: 0.9799, F1: 0.0206
  Predicting class 1: 7.83208%

Epoch 388 | Loss: 0.1252 | Acc: 0.9204
  Class 1 - P: 0.0102, R: 0.9811, F1: 0.0201
  Predicting class 1: 8.03522%

Epoch 389 | Loss: 0.1255 | Acc: 0.9234
  Class 1 - P: 0.0105, R: 0.9793, F1: 0.0208
  Predicting class 1: 7.74189%

Epoch 390 | Loss: 0.1238 | Acc: 0.9175
  Class 1 - P: 0.0098, R: 0.9864, F1: 0.0195
  Predicting class 1: 8.33145%

Epoch 391 | Loss: 0.1238 | Acc: 0.9234
  Class 1 - P: 0.0105, R: 0.9799, F1: 0.0208
  Predicting class 1: 7.74354%

Epoch 392 | Loss: 0.1231 | Acc: 0.9207
  Class 1 - P: 0.0102, R: 0.9834, F1: 0.0202
  Predicting class 1: 8.00903%

Epoch 393 | Loss: 0.1242 | Acc: 0.9156
  Class 1 - P: 0.0096, R: 0.9882, F1: 0.0191
  Predicting class 1: 8.52588%

Epoch 394 | Loss: 0.1229 | Acc: 0.9250
  Class 1 - P: 0.0107, R: 0.9784, F1: 0.0212
  Predicting class 1: 7.58025%

Epoch 395 | Loss: 0.1240 | Acc: 0.9241
  Class 1 - P: 0.0106, R: 0.9805, F1: 0.0210
  Predicting class 1: 7.67162%

Epoch 396 | Loss: 0.1234 | Acc: 0.9170
  Class 1 - P: 0.0098, R: 0.9876, F1: 0.0194
  Predicting class 1: 8.37689%

Epoch 397 | Loss: 0.1228 | Acc: 0.9233
  Class 1 - P: 0.0105, R: 0.9825, F1: 0.0209
  Predicting class 1: 7.75430%

Epoch 398 | Loss: 0.1226 | Acc: 0.9158
  Class 1 - P: 0.0097, R: 0.9885, F1: 0.0192
  Predicting class 1: 8.50262%

Epoch 399 | Loss: 0.1220 | Acc: 0.9074
  Class 1 - P: 0.0089, R: 0.9962, F1: 0.0176
  Predicting class 1: 9.34318%

Epoch 400 | Loss: 0.1225 | Acc: 0.9208
  Class 1 - P: 0.0102, R: 0.9846, F1: 0.0203
  Predicting class 1: 8.00204%

Epoch 401 | Loss: 0.1222 | Acc: 0.9393
  Class 1 - P: 0.0130, R: 0.9612, F1: 0.0257
  Predicting class 1: 6.14688%

Epoch 402 | Loss: 0.1239 | Acc: 0.9213
  Class 1 - P: 0.0103, R: 0.9817, F1: 0.0203
  Predicting class 1: 7.94811%

Epoch 403 | Loss: 0.1215 | Acc: 0.9107
  Class 1 - P: 0.0092, R: 0.9932, F1: 0.0182
  Predicting class 1: 9.01706%

Epoch 404 | Loss: 0.1224 | Acc: 0.9273
  Class 1 - P: 0.0111, R: 0.9799, F1: 0.0219
  Predicting class 1: 7.35193%

Epoch 405 | Loss: 0.1224 | Acc: 0.9416
  Class 1 - P: 0.0135, R: 0.9615, F1: 0.0266
  Predicting class 1: 5.92105%

Epoch 406 | Loss: 0.1236 | Acc: 0.9154
  Class 1 - P: 0.0096, R: 0.9899, F1: 0.0191
  Predicting class 1: 8.54237%

Epoch 407 | Loss: 0.1220 | Acc: 0.9129
  Class 1 - P: 0.0094, R: 0.9908, F1: 0.0186
  Predicting class 1: 8.79588%

Epoch 408 | Loss: 0.1228 | Acc: 0.9311
  Class 1 - P: 0.0117, R: 0.9766, F1: 0.0230
  Predicting class 1: 6.96863%

Epoch 409 | Loss: 0.1213 | Acc: 0.9336
  Class 1 - P: 0.0121, R: 0.9749, F1: 0.0238
  Predicting class 1: 6.72155%

Epoch 410 | Loss: 0.1226 | Acc: 0.9095
  Class 1 - P: 0.0091, R: 0.9964, F1: 0.0180
  Predicting class 1: 9.13750%

Epoch 411 | Loss: 0.1218 | Acc: 0.9080
  Class 1 - P: 0.0089, R: 0.9964, F1: 0.0177
  Predicting class 1: 9.28354%

Epoch 412 | Loss: 0.1206 | Acc: 0.9266
  Class 1 - P: 0.0110, R: 0.9817, F1: 0.0218
  Predicting class 1: 7.41895%

Epoch 413 | Loss: 0.1209 | Acc: 0.9562
  Class 1 - P: 0.0175, R: 0.9361, F1: 0.0343
  Predicting class 1: 4.45679%
  Saved best model (F1: 0.0343)

Epoch 414 | Loss: 0.1233 | Acc: 0.9224
  Class 1 - P: 0.0104, R: 0.9846, F1: 0.0207
  Predicting class 1: 7.83946%

Epoch 415 | Loss: 0.1210 | Acc: 0.9025
  Class 1 - P: 0.0084, R: 0.9979, F1: 0.0167
  Predicting class 1: 9.83731%

Epoch 416 | Loss: 0.1238 | Acc: 0.9216
  Class 1 - P: 0.0104, R: 0.9870, F1: 0.0205
  Predicting class 1: 7.92145%

Epoch 417 | Loss: 0.1200 | Acc: 0.9564
  Class 1 - P: 0.0176, R: 0.9358, F1: 0.0345
  Predicting class 1: 4.43136%
  Saved best model (F1: 0.0345)

Epoch 418 | Loss: 0.1269 | Acc: 0.9166
  Class 1 - P: 0.0098, R: 0.9905, F1: 0.0194
  Predicting class 1: 8.41733%

Epoch 419 | Loss: 0.1200 | Acc: 0.9044
  Class 1 - P: 0.0086, R: 0.9976, F1: 0.0171
  Predicting class 1: 9.64401%

Epoch 420 | Loss: 0.1233 | Acc: 0.9170
  Class 1 - P: 0.0098, R: 0.9917, F1: 0.0195
  Predicting class 1: 8.37903%

Epoch 421 | Loss: 0.1204 | Acc: 0.9518
  Class 1 - P: 0.0160, R: 0.9438, F1: 0.0315
  Predicting class 1: 4.89658%

Epoch 422 | Loss: 0.1237 | Acc: 0.9339
  Class 1 - P: 0.0121, R: 0.9740, F1: 0.0239
  Predicting class 1: 6.69253%

Epoch 423 | Loss: 0.1196 | Acc: 0.9047
  Class 1 - P: 0.0086, R: 0.9979, F1: 0.0171
  Predicting class 1: 9.61551%

Epoch 424 | Loss: 0.1227 | Acc: 0.9137
  Class 1 - P: 0.0095, R: 0.9947, F1: 0.0188
  Predicting class 1: 8.71315%

Epoch 425 | Loss: 0.1202 | Acc: 0.9339
  Class 1 - P: 0.0121, R: 0.9760, F1: 0.0240
  Predicting class 1: 6.69029%

Epoch 426 | Loss: 0.1204 | Acc: 0.9298
  Class 1 - P: 0.0115, R: 0.9799, F1: 0.0227
  Predicting class 1: 7.10374%

Epoch 427 | Loss: 0.1192 | Acc: 0.9132
  Class 1 - P: 0.0094, R: 0.9944, F1: 0.0187
  Predicting class 1: 8.75733%

Epoch 428 | Loss: 0.1205 | Acc: 0.9137
  Class 1 - P: 0.0095, R: 0.9941, F1: 0.0188
  Predicting class 1: 8.71221%

Epoch 429 | Loss: 0.1193 | Acc: 0.9403
  Class 1 - P: 0.0133, R: 0.9657, F1: 0.0262
  Predicting class 1: 6.05192%

Epoch 430 | Loss: 0.1200 | Acc: 0.9383
  Class 1 - P: 0.0129, R: 0.9692, F1: 0.0255
  Predicting class 1: 6.24566%

Epoch 431 | Loss: 0.1198 | Acc: 0.9131
  Class 1 - P: 0.0094, R: 0.9947, F1: 0.0187
  Predicting class 1: 8.77345%

Epoch 432 | Loss: 0.1198 | Acc: 0.9078
  Class 1 - P: 0.0089, R: 0.9973, F1: 0.0177
  Predicting class 1: 9.30593%

Epoch 433 | Loss: 0.1218 | Acc: 0.9326
  Class 1 - P: 0.0119, R: 0.9781, F1: 0.0236
  Predicting class 1: 6.81497%

Epoch 434 | Loss: 0.1187 | Acc: 0.9527
  Class 1 - P: 0.0164, R: 0.9438, F1: 0.0322
  Predicting class 1: 4.80075%

Epoch 435 | Loss: 0.1206 | Acc: 0.9191
  Class 1 - P: 0.0101, R: 0.9902, F1: 0.0200
  Predicting class 1: 8.16659%

Epoch 436 | Loss: 0.1190 | Acc: 0.9081
  Class 1 - P: 0.0089, R: 0.9973, F1: 0.0177
  Predicting class 1: 9.27207%

Epoch 437 | Loss: 0.1205 | Acc: 0.9235
  Class 1 - P: 0.0106, R: 0.9873, F1: 0.0210
  Predicting class 1: 7.72848%

Epoch 438 | Loss: 0.1183 | Acc: 0.9431
  Class 1 - P: 0.0139, R: 0.9633, F1: 0.0274
  Predicting class 1: 5.76265%

Epoch 439 | Loss: 0.1190 | Acc: 0.9259
  Class 1 - P: 0.0109, R: 0.9852, F1: 0.0216
  Predicting class 1: 7.48992%

Epoch 440 | Loss: 0.1179 | Acc: 0.9120
  Class 1 - P: 0.0093, R: 0.9956, F1: 0.0185
  Predicting class 1: 8.87885%

Epoch 441 | Loss: 0.1201 | Acc: 0.9218
  Class 1 - P: 0.0104, R: 0.9899, F1: 0.0206
  Predicting class 1: 7.90422%

Epoch 442 | Loss: 0.1172 | Acc: 0.9295
  Class 1 - P: 0.0115, R: 0.9820, F1: 0.0226
  Predicting class 1: 7.13431%

Epoch 443 | Loss: 0.1165 | Acc: 0.9246
  Class 1 - P: 0.0108, R: 0.9873, F1: 0.0213
  Predicting class 1: 7.61978%

Epoch 444 | Loss: 0.1185 | Acc: 0.9150
  Class 1 - P: 0.0096, R: 0.9944, F1: 0.0191
  Predicting class 1: 8.58725%

Epoch 445 | Loss: 0.1176 | Acc: 0.9290
  Class 1 - P: 0.0114, R: 0.9799, F1: 0.0225
  Predicting class 1: 7.17918%

Epoch 446 | Loss: 0.1185 | Acc: 0.9253
  Class 1 - P: 0.0109, R: 0.9864, F1: 0.0215
  Predicting class 1: 7.55389%

Epoch 447 | Loss: 0.1166 | Acc: 0.9278
  Class 1 - P: 0.0112, R: 0.9849, F1: 0.0222
  Predicting class 1: 7.30203%

Epoch 448 | Loss: 0.1161 | Acc: 0.9269
  Class 1 - P: 0.0111, R: 0.9861, F1: 0.0219
  Predicting class 1: 7.39518%

Epoch 449 | Loss: 0.1176 | Acc: 0.9200
  Class 1 - P: 0.0102, R: 0.9905, F1: 0.0202
  Predicting class 1: 8.07975%

Epoch 450 | Loss: 0.1167 | Acc: 0.9238
  Class 1 - P: 0.0107, R: 0.9879, F1: 0.0211
  Predicting class 1: 7.70093%

Epoch 451 | Loss: 0.1170 | Acc: 0.9290
  Class 1 - P: 0.0114, R: 0.9822, F1: 0.0225
  Predicting class 1: 7.18357%

Epoch 452 | Loss: 0.1160 | Acc: 0.9272
  Class 1 - P: 0.0111, R: 0.9855, F1: 0.0220
  Predicting class 1: 7.36492%

Epoch 453 | Loss: 0.1159 | Acc: 0.9245
  Class 1 - P: 0.0108, R: 0.9893, F1: 0.0213
  Predicting class 1: 7.63472%

Epoch 454 | Loss: 0.1154 | Acc: 0.9279
  Class 1 - P: 0.0112, R: 0.9846, F1: 0.0222
  Predicting class 1: 7.28690%

Epoch 455 | Loss: 0.1159 | Acc: 0.9382
  Class 1 - P: 0.0129, R: 0.9704, F1: 0.0254
  Predicting class 1: 6.26282%

Epoch 456 | Loss: 0.1163 | Acc: 0.9269
  Class 1 - P: 0.0111, R: 0.9861, F1: 0.0219
  Predicting class 1: 7.39476%

Epoch 457 | Loss: 0.1158 | Acc: 0.9198
  Class 1 - P: 0.0102, R: 0.9926, F1: 0.0202
  Predicting class 1: 8.10476%

Epoch 458 | Loss: 0.1168 | Acc: 0.9256
  Class 1 - P: 0.0109, R: 0.9888, F1: 0.0216
  Predicting class 1: 7.52324%

Epoch 459 | Loss: 0.1164 | Acc: 0.9355
  Class 1 - P: 0.0125, R: 0.9781, F1: 0.0246
  Predicting class 1: 6.53156%

Epoch 460 | Loss: 0.1136 | Acc: 0.9318
  Class 1 - P: 0.0118, R: 0.9811, F1: 0.0234
  Predicting class 1: 6.89649%

Epoch 461 | Loss: 0.1150 | Acc: 0.9173
  Class 1 - P: 0.0099, R: 0.9941, F1: 0.0196
  Predicting class 1: 8.35331%

Epoch 462 | Loss: 0.1163 | Acc: 0.9256
  Class 1 - P: 0.0109, R: 0.9882, F1: 0.0216
  Predicting class 1: 7.52371%

Epoch 463 | Loss: 0.1153 | Acc: 0.9306
  Class 1 - P: 0.0117, R: 0.9849, F1: 0.0231
  Predicting class 1: 7.02067%

Epoch 464 | Loss: 0.1152 | Acc: 0.9387
  Class 1 - P: 0.0131, R: 0.9749, F1: 0.0258
  Predicting class 1: 6.20753%

Epoch 465 | Loss: 0.1159 | Acc: 0.9178
  Class 1 - P: 0.0100, R: 0.9944, F1: 0.0197
  Predicting class 1: 8.30059%

Epoch 466 | Loss: 0.1144 | Acc: 0.9245
  Class 1 - P: 0.0108, R: 0.9911, F1: 0.0214
  Predicting class 1: 7.63113%

Epoch 467 | Loss: 0.1145 | Acc: 0.9359
  Class 1 - P: 0.0126, R: 0.9787, F1: 0.0248
  Predicting class 1: 6.48737%

Epoch 468 | Loss: 0.1150 | Acc: 0.9378
  Class 1 - P: 0.0129, R: 0.9749, F1: 0.0254
  Predicting class 1: 6.29563%

Epoch 469 | Loss: 0.1152 | Acc: 0.9248
  Class 1 - P: 0.0108, R: 0.9905, F1: 0.0214
  Predicting class 1: 7.60587%

Epoch 470 | Loss: 0.1142 | Acc: 0.9316
  Class 1 - P: 0.0118, R: 0.9822, F1: 0.0234
  Predicting class 1: 6.91630%

Epoch 471 | Loss: 0.1148 | Acc: 0.9362
  Class 1 - P: 0.0126, R: 0.9784, F1: 0.0249
  Predicting class 1: 6.46303%

Epoch 472 | Loss: 0.1140 | Acc: 0.9288
  Class 1 - P: 0.0114, R: 0.9885, F1: 0.0226
  Predicting class 1: 7.20099%

Epoch 473 | Loss: 0.1136 | Acc: 0.9198
  Class 1 - P: 0.0102, R: 0.9947, F1: 0.0202
  Predicting class 1: 8.10141%

Epoch 474 | Loss: 0.1142 | Acc: 0.9328
  Class 1 - P: 0.0120, R: 0.9834, F1: 0.0238
  Predicting class 1: 6.79884%

Epoch 475 | Loss: 0.1132 | Acc: 0.9377
  Class 1 - P: 0.0129, R: 0.9769, F1: 0.0254
  Predicting class 1: 6.30668%

Epoch 476 | Loss: 0.1141 | Acc: 0.9269
  Class 1 - P: 0.0111, R: 0.9885, F1: 0.0220
  Predicting class 1: 7.39175%

Epoch 477 | Loss: 0.1133 | Acc: 0.9287
  Class 1 - P: 0.0114, R: 0.9870, F1: 0.0225
  Predicting class 1: 7.21283%

Epoch 478 | Loss: 0.1116 | Acc: 0.9337
  Class 1 - P: 0.0122, R: 0.9828, F1: 0.0241
  Predicting class 1: 6.71513%

Epoch 479 | Loss: 0.1140 | Acc: 0.9293
  Class 1 - P: 0.0115, R: 0.9867, F1: 0.0227
  Predicting class 1: 7.15098%

Epoch 480 | Loss: 0.1125 | Acc: 0.9285
  Class 1 - P: 0.0114, R: 0.9891, F1: 0.0225
  Predicting class 1: 7.23558%

Epoch 481 | Loss: 0.1131 | Acc: 0.9370
  Class 1 - P: 0.0128, R: 0.9799, F1: 0.0252
  Predicting class 1: 6.38156%

Epoch 482 | Loss: 0.1121 | Acc: 0.9318
  Class 1 - P: 0.0119, R: 0.9852, F1: 0.0235
  Predicting class 1: 6.89875%

Epoch 483 | Loss: 0.1122 | Acc: 0.9315
  Class 1 - P: 0.0118, R: 0.9861, F1: 0.0234
  Predicting class 1: 6.92896%

Epoch 484 | Loss: 0.1126 | Acc: 0.9240
  Class 1 - P: 0.0108, R: 0.9932, F1: 0.0213
  Predicting class 1: 7.67957%

Epoch 485 | Loss: 0.1124 | Acc: 0.9204
  Class 1 - P: 0.0103, R: 0.9953, F1: 0.0204
  Predicting class 1: 8.04093%

Epoch 486 | Loss: 0.1121 | Acc: 0.9287
  Class 1 - P: 0.0114, R: 0.9908, F1: 0.0226
  Predicting class 1: 7.20759%

Epoch 487 | Loss: 0.1138 | Acc: 0.9191
  Class 1 - P: 0.0101, R: 0.9964, F1: 0.0201
  Predicting class 1: 8.17277%

Epoch 488 | Loss: 0.1134 | Acc: 0.9405
  Class 1 - P: 0.0135, R: 0.9760, F1: 0.0266
  Predicting class 1: 6.02526%

Epoch 489 | Loss: 0.1141 | Acc: 0.9280
  Class 1 - P: 0.0113, R: 0.9905, F1: 0.0224
  Predicting class 1: 7.27680%

Epoch 490 | Loss: 0.1112 | Acc: 0.9203
  Class 1 - P: 0.0103, R: 0.9964, F1: 0.0204
  Predicting class 1: 8.05435%

Epoch 491 | Loss: 0.1125 | Acc: 0.9394
  Class 1 - P: 0.0133, R: 0.9787, F1: 0.0262
  Predicting class 1: 6.13502%

Epoch 492 | Loss: 0.1125 | Acc: 0.9414
  Class 1 - P: 0.0137, R: 0.9763, F1: 0.0270
  Predicting class 1: 5.93870%

Epoch 493 | Loss: 0.1117 | Acc: 0.9243
  Class 1 - P: 0.0108, R: 0.9938, F1: 0.0214
  Predicting class 1: 7.65606%

Epoch 494 | Loss: 0.1117 | Acc: 0.9358
  Class 1 - P: 0.0126, R: 0.9834, F1: 0.0248
  Predicting class 1: 6.50451%

Epoch 495 | Loss: 0.1109 | Acc: 0.9482
  Class 1 - P: 0.0153, R: 0.9680, F1: 0.0302
  Predicting class 1: 5.25550%

Epoch 496 | Loss: 0.1133 | Acc: 0.9212
  Class 1 - P: 0.0104, R: 0.9962, F1: 0.0206
  Predicting class 1: 7.96633%

Epoch 497 | Loss: 0.1108 | Acc: 0.9197
  Class 1 - P: 0.0102, R: 0.9967, F1: 0.0202
  Predicting class 1: 8.11359%

Epoch 498 | Loss: 0.1124 | Acc: 0.9332
  Class 1 - P: 0.0122, R: 0.9870, F1: 0.0240
  Predicting class 1: 6.75798%

Epoch 499 | Loss: 0.1103 | Acc: 0.9418
  Class 1 - P: 0.0138, R: 0.9778, F1: 0.0272
  Predicting class 1: 5.90106%

============================================================
TRAINING COMPLETE
============================================================
Class 0: 1013872 (99.82%)
Class 1: 1797 (0.18%)

============================================================
TEST SET RESULTS
============================================================
Overall Accuracy: 0.9307
AUC-ROC: 0.9620

Confusion Matrix:
  TN:  943903  FP:   69969
  FN:     382  TP:    1415

Class 0 (Legitimate):
  Precision: 0.9996
  Recall: 0.9310

Class 1 (Laundering):
  Precision: 0.0198
  Recall: 0.7874
  F1 Score: 0.0387
============================================================

============================================================
EVALUATION COMPLETE
============================================================
==========================================
Training completed successfully!
Output saved to: ./saved_models/
==========================================
Job completed at: Fri Nov 14 06:01:09 PM +08 2025
==========================================
