==========================================
Job ID: 286039
Job Name: transformer
Node: xgpk0
Start Time: Sun Nov 16 09:52:26 PM +08 2025
GPU Information:
Sun Nov 16 21:52:26 2025       
+-----------------------------------------------------------------------------------------+
| NVIDIA-SMI 575.57.08              Driver Version: 575.57.08      CUDA Version: 12.9     |
|-----------------------------------------+------------------------+----------------------+
| GPU  Name                 Persistence-M | Bus-Id          Disp.A | Volatile Uncorr. ECC |
| Fan  Temp   Perf          Pwr:Usage/Cap |           Memory-Usage | GPU-Util  Compute M. |
|                                         |                        |               MIG M. |
|=========================================+========================+======================|
|   0  NVIDIA H200 NVL                On  |   00000000:61:00.0 Off |                    0 |
| N/A   30C    P0             69W /  600W |       0MiB / 143771MiB |      0%      Default |
|                                         |                        |             Disabled |
+-----------------------------------------+------------------------+----------------------+
                                                                                         
+-----------------------------------------------------------------------------------------+
| Processes:                                                                              |
|  GPU   GI   CI              PID   Type   Process name                        GPU Memory |
|        ID   ID                                                               Usage      |
|=========================================================================================|
|  No running processes found                                                             |
+-----------------------------------------------------------------------------------------+
==========================================
Conda environment 'aml_project_new' already exists. Activating it...
Working directory: /home/l/linchieh/AML-GNN-project/classifier_src_soc
==========================================
Starting fine-tuning...
Output directory: ./saved_models/
Epochs: 1000
Learning rate: 1e-4
==========================================
